[2025-03-20T01:10:45.657+0000] {local_task_job_runner.py:123} INFO - ::group::Pre task execution logs
[2025-03-20T01:10:45.697+0000] {taskinstance.py:2614} INFO - Dependencies all met for dep_context=non-requeueable deps ti=<TaskInstance: exchange_rate_etl.send_email scheduled__2025-03-18T22:00:00+00:00 [queued]>
[2025-03-20T01:10:45.721+0000] {taskinstance.py:2614} INFO - Dependencies all met for dep_context=requeueable deps ti=<TaskInstance: exchange_rate_etl.send_email scheduled__2025-03-18T22:00:00+00:00 [queued]>
[2025-03-20T01:10:45.728+0000] {taskinstance.py:2867} INFO - Starting attempt 1 of 3
[2025-03-20T01:10:45.821+0000] {taskinstance.py:2890} INFO - Executing <Task(EmailOperator): send_email> on 2025-03-18 22:00:00+00:00
[2025-03-20T01:10:45.835+0000] {standard_task_runner.py:104} INFO - Running: ['airflow', 'tasks', 'run', 'exchange_rate_etl', 'send_email', 'scheduled__2025-03-18T22:00:00+00:00', '--job-id', '110', '--raw', '--subdir', 'DAGS_FOLDER/exchange_rate_pipeline.py', '--cfg-path', '/tmp/tmpu937fes8']
[2025-03-20T01:10:45.844+0000] {standard_task_runner.py:105} INFO - Job 110: Subtask send_email
[2025-03-20T01:10:45.848+0000] {logging_mixin.py:190} WARNING - /home/airflow/.local/lib/python3.12/site-packages/airflow/task/task_runner/standard_task_runner.py:70 DeprecationWarning: This process (pid=199) is multi-threaded, use of fork() may lead to deadlocks in the child.
[2025-03-20T01:10:45.849+0000] {standard_task_runner.py:72} INFO - Started process 217 to run task
[2025-03-20T01:10:46.005+0000] {task_command.py:467} INFO - Running <TaskInstance: exchange_rate_etl.send_email scheduled__2025-03-18T22:00:00+00:00 [running]> on host e3789c96a6c5
[2025-03-20T01:10:46.283+0000] {taskinstance.py:3134} INFO - Exporting env vars: AIRFLOW_CTX_DAG_OWNER='airflow' AIRFLOW_CTX_DAG_ID='exchange_rate_etl' AIRFLOW_CTX_TASK_ID='send_email' AIRFLOW_CTX_EXECUTION_DATE='2025-03-18T22:00:00+00:00' AIRFLOW_CTX_TRY_NUMBER='1' AIRFLOW_CTX_DAG_RUN_ID='scheduled__2025-03-18T22:00:00+00:00'
[2025-03-20T01:10:46.286+0000] {taskinstance.py:732} INFO - ::endgroup::
[2025-03-20T01:10:46.356+0000] {logging_mixin.py:190} WARNING - /home/airflow/.local/lib/python3.12/site-packages/airflow/utils/email.py:155 RemovedInAirflow3Warning: Fetching SMTP credentials from configuration variables will be deprecated in a future release. Please set credentials using a connection instead.
[2025-03-20T01:10:46.357+0000] {configuration.py:1074} WARNING - section/key [smtp/smtp_password] not found in config
[2025-03-20T01:10:46.358+0000] {email.py:272} INFO - Email alerting: attempt 1
[2025-03-20T01:10:46.362+0000] {email.py:283} INFO - Sent an alert email to ['minhbpham2003@gmail.com']
[2025-03-20T01:10:46.413+0000] {taskinstance.py:341} INFO - ::group::Post task execution logs
[2025-03-20T01:10:46.414+0000] {taskinstance.py:353} INFO - Marking task as SUCCESS. dag_id=exchange_rate_etl, task_id=send_email, run_id=scheduled__2025-03-18T22:00:00+00:00, execution_date=20250318T220000, start_date=20250320T011045, end_date=20250320T011046
[2025-03-20T01:10:46.755+0000] {local_task_job_runner.py:266} INFO - Task exited with return code 0
[2025-03-20T01:10:46.802+0000] {taskinstance.py:3901} INFO - 0 downstream tasks scheduled from follow-on schedule check
[2025-03-20T01:10:46.805+0000] {local_task_job_runner.py:245} INFO - ::endgroup::
