[2025-03-17T04:05:52.090+0000] {local_task_job_runner.py:123} INFO - ::group::Pre task execution logs
[2025-03-17T04:05:52.124+0000] {taskinstance.py:2614} INFO - Dependencies all met for dep_context=non-requeueable deps ti=<TaskInstance: exchange_rate_etl.download_file manual__2025-03-17T04:05:36.437682+00:00 [queued]>
[2025-03-17T04:05:52.144+0000] {taskinstance.py:2614} INFO - Dependencies all met for dep_context=requeueable deps ti=<TaskInstance: exchange_rate_etl.download_file manual__2025-03-17T04:05:36.437682+00:00 [queued]>
[2025-03-17T04:05:52.145+0000] {taskinstance.py:2867} INFO - Starting attempt 1 of 3
[2025-03-17T04:05:52.191+0000] {taskinstance.py:2890} INFO - Executing <Task(BashOperator): download_file> on 2025-03-17 04:05:36.437682+00:00
[2025-03-17T04:05:52.210+0000] {standard_task_runner.py:104} INFO - Running: ['airflow', 'tasks', 'run', 'exchange_rate_etl', 'download_file', 'manual__2025-03-17T04:05:36.437682+00:00', '--job-id', '26', '--raw', '--subdir', 'DAGS_FOLDER/exchange_rate_pipeline.py', '--cfg-path', '/tmp/tmpgk1wv6lh']
[2025-03-17T04:05:52.218+0000] {standard_task_runner.py:105} INFO - Job 26: Subtask download_file
[2025-03-17T04:05:52.218+0000] {logging_mixin.py:190} WARNING - /home/airflow/.local/lib/python3.12/site-packages/airflow/task/task_runner/standard_task_runner.py:70 DeprecationWarning: This process (pid=139) is multi-threaded, use of fork() may lead to deadlocks in the child.
[2025-03-17T04:05:52.219+0000] {standard_task_runner.py:72} INFO - Started process 157 to run task
[2025-03-17T04:05:52.334+0000] {task_command.py:467} INFO - Running <TaskInstance: exchange_rate_etl.download_file manual__2025-03-17T04:05:36.437682+00:00 [running]> on host 8ae3f6e178cd
[2025-03-17T04:05:52.518+0000] {taskinstance.py:3134} INFO - Exporting env vars: AIRFLOW_CTX_DAG_OWNER='airflow' AIRFLOW_CTX_DAG_ID='exchange_rate_etl' AIRFLOW_CTX_TASK_ID='download_file' AIRFLOW_CTX_EXECUTION_DATE='2025-03-17T04:05:36.437682+00:00' AIRFLOW_CTX_TRY_NUMBER='1' AIRFLOW_CTX_DAG_RUN_ID='manual__2025-03-17T04:05:36.437682+00:00'
[2025-03-17T04:05:52.520+0000] {taskinstance.py:732} INFO - ::endgroup::
[2025-03-17T04:05:52.552+0000] {subprocess.py:78} INFO - Tmp dir root location: /tmp
[2025-03-17T04:05:52.554+0000] {subprocess.py:88} INFO - Running command: ['/usr/bin/bash', '-c', 'curl -o xrate.csv http://personal.tcu.edu/kylewalker/data/cd_population.csv']
[2025-03-17T04:05:52.568+0000] {subprocess.py:99} INFO - Output:
[2025-03-17T04:05:52.586+0000] {subprocess.py:106} INFO -   % Total    % Received % Xferd  Average Speed   Time    Time     Time  Current
[2025-03-17T04:05:52.586+0000] {subprocess.py:106} INFO -                                  Dload  Upload   Total   Spent    Left  Speed
[2025-03-17T04:05:52.655+0000] {subprocess.py:106} INFO -   0     0    0     0    0     0      0      0 --:--:-- --:--:-- --:--:--     0  0     0    0     0    0     0      0      0 --:--:-- --:--:-- --:--:--     0
[2025-03-17T04:05:52.657+0000] {subprocess.py:110} INFO - Command exited with return code 0
[2025-03-17T04:05:52.737+0000] {taskinstance.py:341} INFO - ::group::Post task execution logs
[2025-03-17T04:05:52.739+0000] {taskinstance.py:353} INFO - Marking task as SUCCESS. dag_id=exchange_rate_etl, task_id=download_file, run_id=manual__2025-03-17T04:05:36.437682+00:00, execution_date=20250317T040536, start_date=20250317T040552, end_date=20250317T040552
[2025-03-17T04:05:52.878+0000] {local_task_job_runner.py:266} INFO - Task exited with return code 0
[2025-03-17T04:05:52.949+0000] {taskinstance.py:3901} INFO - 1 downstream tasks scheduled from follow-on schedule check
[2025-03-17T04:05:52.971+0000] {local_task_job_runner.py:245} INFO - ::endgroup::
