[2025-03-19T05:12:15.907+0000] {local_task_job_runner.py:123} INFO - ::group::Pre task execution logs
[2025-03-19T05:12:15.939+0000] {taskinstance.py:2614} INFO - Dependencies all met for dep_context=non-requeueable deps ti=<TaskInstance: exchange_rate_etl.download_file manual__2025-03-19T05:12:08.459314+00:00 [queued]>
[2025-03-19T05:12:15.984+0000] {taskinstance.py:2614} INFO - Dependencies all met for dep_context=requeueable deps ti=<TaskInstance: exchange_rate_etl.download_file manual__2025-03-19T05:12:08.459314+00:00 [queued]>
[2025-03-19T05:12:15.985+0000] {taskinstance.py:2867} INFO - Starting attempt 1 of 3
[2025-03-19T05:12:16.074+0000] {taskinstance.py:2890} INFO - Executing <Task(BashOperator): download_file> on 2025-03-19 05:12:08.459314+00:00
[2025-03-19T05:12:16.090+0000] {standard_task_runner.py:104} INFO - Running: ['airflow', 'tasks', 'run', 'exchange_rate_etl', 'download_file', 'manual__2025-03-19T05:12:08.459314+00:00', '--job-id', '99', '--raw', '--subdir', 'DAGS_FOLDER/exchange_rate_pipeline.py', '--cfg-path', '/tmp/tmp8364r9ge']
[2025-03-19T05:12:16.098+0000] {standard_task_runner.py:105} INFO - Job 99: Subtask download_file
[2025-03-19T05:12:16.099+0000] {logging_mixin.py:190} WARNING - /home/airflow/.local/lib/python3.12/site-packages/airflow/task/task_runner/standard_task_runner.py:70 DeprecationWarning: This process (pid=273) is multi-threaded, use of fork() may lead to deadlocks in the child.
[2025-03-19T05:12:16.101+0000] {standard_task_runner.py:72} INFO - Started process 291 to run task
[2025-03-19T05:12:16.334+0000] {task_command.py:467} INFO - Running <TaskInstance: exchange_rate_etl.download_file manual__2025-03-19T05:12:08.459314+00:00 [running]> on host d7214be6158c
[2025-03-19T05:12:16.648+0000] {taskinstance.py:3134} INFO - Exporting env vars: AIRFLOW_CTX_DAG_OWNER='airflow' AIRFLOW_CTX_DAG_ID='exchange_rate_etl' AIRFLOW_CTX_TASK_ID='download_file' AIRFLOW_CTX_EXECUTION_DATE='2025-03-19T05:12:08.459314+00:00' AIRFLOW_CTX_TRY_NUMBER='1' AIRFLOW_CTX_DAG_RUN_ID='manual__2025-03-19T05:12:08.459314+00:00'
[2025-03-19T05:12:16.650+0000] {taskinstance.py:732} INFO - ::endgroup::
[2025-03-19T05:12:16.669+0000] {subprocess.py:78} INFO - Tmp dir root location: /tmp
[2025-03-19T05:12:16.670+0000] {subprocess.py:88} INFO - Running command: ['/usr/bin/bash', '-c', 'mkdir -p /tmp && curl -L -f -o /tmp/cd_population.csv http://personal.tcu.edu/kylewalker/data/cd_population.csv || echo "Download failed, check the URL or network connection."']
[2025-03-19T05:12:16.678+0000] {subprocess.py:99} INFO - Output:
[2025-03-19T05:12:16.696+0000] {subprocess.py:106} INFO -   % Total    % Received % Xferd  Average Speed   Time    Time     Time  Current
[2025-03-19T05:12:16.697+0000] {subprocess.py:106} INFO -                                  Dload  Upload   Total   Spent    Left  Speed
[2025-03-19T05:12:16.909+0000] {subprocess.py:106} INFO -   0     0    0     0    0     0      0      0 --:--:-- --:--:-- --:--:--     0  0     0    0     0    0     0      0      0 --:--:-- --:--:-- --:--:--     0
[2025-03-19T05:12:17.115+0000] {subprocess.py:106} INFO - 100   227  100   227    0     0    542      0 --:--:-- --:--:-- --:--:--   542
[2025-03-19T05:12:17.120+0000] {subprocess.py:110} INFO - Command exited with return code 0
[2025-03-19T05:12:17.213+0000] {taskinstance.py:341} INFO - ::group::Post task execution logs
[2025-03-19T05:12:17.214+0000] {taskinstance.py:353} INFO - Marking task as SUCCESS. dag_id=exchange_rate_etl, task_id=download_file, run_id=manual__2025-03-19T05:12:08.459314+00:00, execution_date=20250319T051208, start_date=20250319T051215, end_date=20250319T051217
[2025-03-19T05:12:17.327+0000] {local_task_job_runner.py:266} INFO - Task exited with return code 0
[2025-03-19T05:12:17.402+0000] {taskinstance.py:3901} INFO - 1 downstream tasks scheduled from follow-on schedule check
[2025-03-19T05:12:17.421+0000] {local_task_job_runner.py:245} INFO - ::endgroup::
