[2025-03-19T04:48:19.482+0000] {local_task_job_runner.py:123} INFO - ::group::Pre task execution logs
[2025-03-19T04:48:19.529+0000] {taskinstance.py:2614} INFO - Dependencies all met for dep_context=non-requeueable deps ti=<TaskInstance: exchange_rate_etl.download_file scheduled__2025-03-17T22:00:00+00:00 [queued]>
[2025-03-19T04:48:19.564+0000] {taskinstance.py:2614} INFO - Dependencies all met for dep_context=requeueable deps ti=<TaskInstance: exchange_rate_etl.download_file scheduled__2025-03-17T22:00:00+00:00 [queued]>
[2025-03-19T04:48:19.566+0000] {taskinstance.py:2867} INFO - Starting attempt 1 of 3
[2025-03-19T04:48:19.663+0000] {taskinstance.py:2890} INFO - Executing <Task(BashOperator): download_file> on 2025-03-17 22:00:00+00:00
[2025-03-19T04:48:19.675+0000] {standard_task_runner.py:104} INFO - Running: ['airflow', 'tasks', 'run', 'exchange_rate_etl', 'download_file', 'scheduled__2025-03-17T22:00:00+00:00', '--job-id', '84', '--raw', '--subdir', 'DAGS_FOLDER/exchange_rate_pipeline.py', '--cfg-path', '/tmp/tmp32g2wynq']
[2025-03-19T04:48:19.680+0000] {standard_task_runner.py:105} INFO - Job 84: Subtask download_file
[2025-03-19T04:48:19.682+0000] {logging_mixin.py:190} WARNING - /home/airflow/.local/lib/python3.12/site-packages/airflow/task/task_runner/standard_task_runner.py:70 DeprecationWarning: This process (pid=86) is multi-threaded, use of fork() may lead to deadlocks in the child.
[2025-03-19T04:48:19.683+0000] {standard_task_runner.py:72} INFO - Started process 121 to run task
[2025-03-19T04:48:19.877+0000] {task_command.py:467} INFO - Running <TaskInstance: exchange_rate_etl.download_file scheduled__2025-03-17T22:00:00+00:00 [running]> on host b842fe21beb2
[2025-03-19T04:48:20.172+0000] {taskinstance.py:3134} INFO - Exporting env vars: AIRFLOW_CTX_DAG_OWNER='airflow' AIRFLOW_CTX_DAG_ID='exchange_rate_etl' AIRFLOW_CTX_TASK_ID='download_file' AIRFLOW_CTX_EXECUTION_DATE='2025-03-17T22:00:00+00:00' AIRFLOW_CTX_TRY_NUMBER='1' AIRFLOW_CTX_DAG_RUN_ID='scheduled__2025-03-17T22:00:00+00:00'
[2025-03-19T04:48:20.174+0000] {taskinstance.py:732} INFO - ::endgroup::
[2025-03-19T04:48:20.221+0000] {subprocess.py:78} INFO - Tmp dir root location: /tmp
[2025-03-19T04:48:20.223+0000] {subprocess.py:88} INFO - Running command: ['/usr/bin/bash', '-c', 'mkdir -p /tmp && curl -L -f -o /tmp/cd_population.csv http://personal.tcu.edu/kylewalker/data/cd_population.csv || echo "Download failed, check the URL or network connection."']
[2025-03-19T04:48:20.234+0000] {subprocess.py:99} INFO - Output:
[2025-03-19T04:48:20.287+0000] {subprocess.py:106} INFO -   % Total    % Received % Xferd  Average Speed   Time    Time     Time  Current
[2025-03-19T04:48:20.288+0000] {subprocess.py:106} INFO -                                  Dload  Upload   Total   Spent    Left  Speed
[2025-03-19T04:48:20.517+0000] {subprocess.py:106} INFO -   0     0    0     0    0     0      0      0 --:--:-- --:--:-- --:--:--     0  0     0    0     0    0     0      0      0 --:--:-- --:--:-- --:--:--     0  0     0    0     0    0     0      0      0 --:--:-- --:--:-- --:--:--     0
[2025-03-19T04:48:20.652+0000] {subprocess.py:106} INFO - 100   227  100   227    0     0    620      0 --:--:-- --:--:-- --:--:--   620
[2025-03-19T04:48:20.658+0000] {subprocess.py:110} INFO - Command exited with return code 0
[2025-03-19T04:48:20.754+0000] {taskinstance.py:341} INFO - ::group::Post task execution logs
[2025-03-19T04:48:20.755+0000] {taskinstance.py:353} INFO - Marking task as SUCCESS. dag_id=exchange_rate_etl, task_id=download_file, run_id=scheduled__2025-03-17T22:00:00+00:00, execution_date=20250317T220000, start_date=20250319T044819, end_date=20250319T044820
[2025-03-19T04:48:20.908+0000] {local_task_job_runner.py:266} INFO - Task exited with return code 0
[2025-03-19T04:48:20.990+0000] {taskinstance.py:3901} INFO - 1 downstream tasks scheduled from follow-on schedule check
[2025-03-19T04:48:21.014+0000] {local_task_job_runner.py:245} INFO - ::endgroup::
