[2025-03-19T04:48:47.512+0000] {processor.py:186} INFO - Started process (PID=199) to work on /opt/airflow/dags/exchange_rate_pipeline.py
[2025-03-19T04:48:47.514+0000] {processor.py:914} INFO - Processing file /opt/airflow/dags/exchange_rate_pipeline.py for tasks to queue
[2025-03-19T04:48:47.518+0000] {logging_mixin.py:190} INFO - [2025-03-19T04:48:47.517+0000] {dagbag.py:588} INFO - Filling up the DagBag from /opt/airflow/dags/exchange_rate_pipeline.py
[2025-03-19T04:48:47.557+0000] {processor.py:925} INFO - DAG(s) 'exchange_rate_etl' retrieved from /opt/airflow/dags/exchange_rate_pipeline.py
[2025-03-19T04:48:47.593+0000] {logging_mixin.py:190} INFO - [2025-03-19T04:48:47.593+0000] {dag.py:3239} INFO - Sync 1 DAGs
[2025-03-19T04:48:47.629+0000] {logging_mixin.py:190} INFO - [2025-03-19T04:48:47.628+0000] {dag.py:4180} INFO - Setting next_dagrun for exchange_rate_etl to 2025-03-18 22:00:00+00:00, run_after=2025-03-19 22:00:00+00:00
[2025-03-19T04:48:47.779+0000] {processor.py:208} INFO - Processing /opt/airflow/dags/exchange_rate_pipeline.py took 0.276 seconds
[2025-03-19T04:49:19.076+0000] {processor.py:186} INFO - Started process (PID=243) to work on /opt/airflow/dags/exchange_rate_pipeline.py
[2025-03-19T04:49:19.077+0000] {processor.py:914} INFO - Processing file /opt/airflow/dags/exchange_rate_pipeline.py for tasks to queue
[2025-03-19T04:49:19.081+0000] {logging_mixin.py:190} INFO - [2025-03-19T04:49:19.081+0000] {dagbag.py:588} INFO - Filling up the DagBag from /opt/airflow/dags/exchange_rate_pipeline.py
[2025-03-19T04:49:19.148+0000] {processor.py:925} INFO - DAG(s) 'exchange_rate_etl' retrieved from /opt/airflow/dags/exchange_rate_pipeline.py
[2025-03-19T04:49:19.196+0000] {logging_mixin.py:190} INFO - [2025-03-19T04:49:19.196+0000] {dag.py:3239} INFO - Sync 1 DAGs
[2025-03-19T04:49:19.240+0000] {logging_mixin.py:190} INFO - [2025-03-19T04:49:19.240+0000] {dag.py:4180} INFO - Setting next_dagrun for exchange_rate_etl to 2025-03-18 22:00:00+00:00, run_after=2025-03-19 22:00:00+00:00
[2025-03-19T04:49:19.346+0000] {processor.py:208} INFO - Processing /opt/airflow/dags/exchange_rate_pipeline.py took 0.279 seconds
[2025-03-19T04:49:49.709+0000] {processor.py:186} INFO - Started process (PID=247) to work on /opt/airflow/dags/exchange_rate_pipeline.py
[2025-03-19T04:49:49.711+0000] {processor.py:914} INFO - Processing file /opt/airflow/dags/exchange_rate_pipeline.py for tasks to queue
[2025-03-19T04:49:49.717+0000] {logging_mixin.py:190} INFO - [2025-03-19T04:49:49.716+0000] {dagbag.py:588} INFO - Filling up the DagBag from /opt/airflow/dags/exchange_rate_pipeline.py
[2025-03-19T04:49:49.774+0000] {processor.py:925} INFO - DAG(s) 'exchange_rate_etl' retrieved from /opt/airflow/dags/exchange_rate_pipeline.py
[2025-03-19T04:49:49.829+0000] {logging_mixin.py:190} INFO - [2025-03-19T04:49:49.828+0000] {dag.py:3239} INFO - Sync 1 DAGs
[2025-03-19T04:49:49.874+0000] {logging_mixin.py:190} INFO - [2025-03-19T04:49:49.874+0000] {dag.py:4180} INFO - Setting next_dagrun for exchange_rate_etl to 2025-03-18 22:00:00+00:00, run_after=2025-03-19 22:00:00+00:00
[2025-03-19T04:49:50.015+0000] {processor.py:208} INFO - Processing /opt/airflow/dags/exchange_rate_pipeline.py took 0.314 seconds
[2025-03-19T04:50:20.329+0000] {processor.py:186} INFO - Started process (PID=251) to work on /opt/airflow/dags/exchange_rate_pipeline.py
[2025-03-19T04:50:20.331+0000] {processor.py:914} INFO - Processing file /opt/airflow/dags/exchange_rate_pipeline.py for tasks to queue
[2025-03-19T04:50:20.335+0000] {logging_mixin.py:190} INFO - [2025-03-19T04:50:20.334+0000] {dagbag.py:588} INFO - Filling up the DagBag from /opt/airflow/dags/exchange_rate_pipeline.py
[2025-03-19T04:50:20.378+0000] {processor.py:925} INFO - DAG(s) 'exchange_rate_etl' retrieved from /opt/airflow/dags/exchange_rate_pipeline.py
[2025-03-19T04:50:20.432+0000] {logging_mixin.py:190} INFO - [2025-03-19T04:50:20.432+0000] {dag.py:3239} INFO - Sync 1 DAGs
[2025-03-19T04:50:20.494+0000] {logging_mixin.py:190} INFO - [2025-03-19T04:50:20.494+0000] {dag.py:4180} INFO - Setting next_dagrun for exchange_rate_etl to 2025-03-18 22:00:00+00:00, run_after=2025-03-19 22:00:00+00:00
[2025-03-19T04:50:20.601+0000] {processor.py:208} INFO - Processing /opt/airflow/dags/exchange_rate_pipeline.py took 0.282 seconds
[2025-03-19T04:50:51.565+0000] {processor.py:186} INFO - Started process (PID=255) to work on /opt/airflow/dags/exchange_rate_pipeline.py
[2025-03-19T04:50:51.567+0000] {processor.py:914} INFO - Processing file /opt/airflow/dags/exchange_rate_pipeline.py for tasks to queue
[2025-03-19T04:50:51.571+0000] {logging_mixin.py:190} INFO - [2025-03-19T04:50:51.570+0000] {dagbag.py:588} INFO - Filling up the DagBag from /opt/airflow/dags/exchange_rate_pipeline.py
[2025-03-19T04:50:51.616+0000] {processor.py:925} INFO - DAG(s) 'exchange_rate_etl' retrieved from /opt/airflow/dags/exchange_rate_pipeline.py
[2025-03-19T04:50:51.665+0000] {logging_mixin.py:190} INFO - [2025-03-19T04:50:51.665+0000] {dag.py:3239} INFO - Sync 1 DAGs
[2025-03-19T04:50:51.722+0000] {logging_mixin.py:190} INFO - [2025-03-19T04:50:51.722+0000] {dag.py:4180} INFO - Setting next_dagrun for exchange_rate_etl to 2025-03-18 22:00:00+00:00, run_after=2025-03-19 22:00:00+00:00
[2025-03-19T04:50:51.820+0000] {processor.py:208} INFO - Processing /opt/airflow/dags/exchange_rate_pipeline.py took 0.263 seconds
[2025-03-19T04:51:23.039+0000] {processor.py:186} INFO - Started process (PID=259) to work on /opt/airflow/dags/exchange_rate_pipeline.py
[2025-03-19T04:51:23.041+0000] {processor.py:914} INFO - Processing file /opt/airflow/dags/exchange_rate_pipeline.py for tasks to queue
[2025-03-19T04:51:23.046+0000] {logging_mixin.py:190} INFO - [2025-03-19T04:51:23.045+0000] {dagbag.py:588} INFO - Filling up the DagBag from /opt/airflow/dags/exchange_rate_pipeline.py
[2025-03-19T04:51:23.095+0000] {processor.py:925} INFO - DAG(s) 'exchange_rate_etl' retrieved from /opt/airflow/dags/exchange_rate_pipeline.py
[2025-03-19T04:51:23.158+0000] {logging_mixin.py:190} INFO - [2025-03-19T04:51:23.158+0000] {dag.py:3239} INFO - Sync 1 DAGs
[2025-03-19T04:51:23.230+0000] {logging_mixin.py:190} INFO - [2025-03-19T04:51:23.228+0000] {dag.py:4180} INFO - Setting next_dagrun for exchange_rate_etl to 2025-03-18 22:00:00+00:00, run_after=2025-03-19 22:00:00+00:00
[2025-03-19T04:51:23.360+0000] {processor.py:208} INFO - Processing /opt/airflow/dags/exchange_rate_pipeline.py took 0.329 seconds
[2025-03-19T04:51:53.800+0000] {processor.py:186} INFO - Started process (PID=263) to work on /opt/airflow/dags/exchange_rate_pipeline.py
[2025-03-19T04:51:53.802+0000] {processor.py:914} INFO - Processing file /opt/airflow/dags/exchange_rate_pipeline.py for tasks to queue
[2025-03-19T04:51:53.807+0000] {logging_mixin.py:190} INFO - [2025-03-19T04:51:53.806+0000] {dagbag.py:588} INFO - Filling up the DagBag from /opt/airflow/dags/exchange_rate_pipeline.py
[2025-03-19T04:51:53.870+0000] {processor.py:925} INFO - DAG(s) 'exchange_rate_etl' retrieved from /opt/airflow/dags/exchange_rate_pipeline.py
[2025-03-19T04:51:53.939+0000] {logging_mixin.py:190} INFO - [2025-03-19T04:51:53.939+0000] {dag.py:3239} INFO - Sync 1 DAGs
[2025-03-19T04:51:53.994+0000] {logging_mixin.py:190} INFO - [2025-03-19T04:51:53.993+0000] {dag.py:4180} INFO - Setting next_dagrun for exchange_rate_etl to 2025-03-18 22:00:00+00:00, run_after=2025-03-19 22:00:00+00:00
[2025-03-19T04:51:54.091+0000] {processor.py:208} INFO - Processing /opt/airflow/dags/exchange_rate_pipeline.py took 0.301 seconds
[2025-03-19T04:52:31.185+0000] {processor.py:186} INFO - Started process (PID=105) to work on /opt/airflow/dags/exchange_rate_pipeline.py
[2025-03-19T04:52:31.187+0000] {processor.py:914} INFO - Processing file /opt/airflow/dags/exchange_rate_pipeline.py for tasks to queue
[2025-03-19T04:52:31.190+0000] {logging_mixin.py:190} INFO - [2025-03-19T04:52:31.190+0000] {dagbag.py:588} INFO - Filling up the DagBag from /opt/airflow/dags/exchange_rate_pipeline.py
[2025-03-19T04:52:31.304+0000] {processor.py:925} INFO - DAG(s) 'exchange_rate_etl' retrieved from /opt/airflow/dags/exchange_rate_pipeline.py
[2025-03-19T04:52:31.382+0000] {logging_mixin.py:190} INFO - [2025-03-19T04:52:31.382+0000] {dag.py:3239} INFO - Sync 1 DAGs
[2025-03-19T04:52:31.435+0000] {logging_mixin.py:190} INFO - [2025-03-19T04:52:31.434+0000] {dag.py:4180} INFO - Setting next_dagrun for exchange_rate_etl to 2025-03-18 22:00:00+00:00, run_after=2025-03-19 22:00:00+00:00
[2025-03-19T04:52:31.576+0000] {processor.py:208} INFO - Processing /opt/airflow/dags/exchange_rate_pipeline.py took 0.397 seconds
[2025-03-19T04:53:03.023+0000] {processor.py:186} INFO - Started process (PID=120) to work on /opt/airflow/dags/exchange_rate_pipeline.py
[2025-03-19T04:53:03.024+0000] {processor.py:914} INFO - Processing file /opt/airflow/dags/exchange_rate_pipeline.py for tasks to queue
[2025-03-19T04:53:03.027+0000] {logging_mixin.py:190} INFO - [2025-03-19T04:53:03.027+0000] {dagbag.py:588} INFO - Filling up the DagBag from /opt/airflow/dags/exchange_rate_pipeline.py
[2025-03-19T04:53:03.074+0000] {processor.py:925} INFO - DAG(s) 'exchange_rate_etl' retrieved from /opt/airflow/dags/exchange_rate_pipeline.py
[2025-03-19T04:53:03.118+0000] {logging_mixin.py:190} INFO - [2025-03-19T04:53:03.118+0000] {dag.py:3239} INFO - Sync 1 DAGs
[2025-03-19T04:53:03.146+0000] {logging_mixin.py:190} INFO - [2025-03-19T04:53:03.146+0000] {dag.py:4180} INFO - Setting next_dagrun for exchange_rate_etl to 2025-03-18 22:00:00+00:00, run_after=2025-03-19 22:00:00+00:00
[2025-03-19T04:53:03.222+0000] {processor.py:208} INFO - Processing /opt/airflow/dags/exchange_rate_pipeline.py took 0.208 seconds
[2025-03-19T04:53:34.298+0000] {processor.py:186} INFO - Started process (PID=125) to work on /opt/airflow/dags/exchange_rate_pipeline.py
[2025-03-19T04:53:34.299+0000] {processor.py:914} INFO - Processing file /opt/airflow/dags/exchange_rate_pipeline.py for tasks to queue
[2025-03-19T04:53:34.302+0000] {logging_mixin.py:190} INFO - [2025-03-19T04:53:34.302+0000] {dagbag.py:588} INFO - Filling up the DagBag from /opt/airflow/dags/exchange_rate_pipeline.py
[2025-03-19T04:53:34.376+0000] {processor.py:925} INFO - DAG(s) 'exchange_rate_etl' retrieved from /opt/airflow/dags/exchange_rate_pipeline.py
[2025-03-19T04:53:34.426+0000] {logging_mixin.py:190} INFO - [2025-03-19T04:53:34.426+0000] {dag.py:3239} INFO - Sync 1 DAGs
[2025-03-19T04:53:34.481+0000] {logging_mixin.py:190} INFO - [2025-03-19T04:53:34.481+0000] {dag.py:4180} INFO - Setting next_dagrun for exchange_rate_etl to 2025-03-18 22:00:00+00:00, run_after=2025-03-19 22:00:00+00:00
[2025-03-19T04:53:34.588+0000] {processor.py:208} INFO - Processing /opt/airflow/dags/exchange_rate_pipeline.py took 0.297 seconds
[2025-03-19T04:54:05.571+0000] {processor.py:186} INFO - Started process (PID=130) to work on /opt/airflow/dags/exchange_rate_pipeline.py
[2025-03-19T04:54:05.573+0000] {processor.py:914} INFO - Processing file /opt/airflow/dags/exchange_rate_pipeline.py for tasks to queue
[2025-03-19T04:54:05.578+0000] {logging_mixin.py:190} INFO - [2025-03-19T04:54:05.577+0000] {dagbag.py:588} INFO - Filling up the DagBag from /opt/airflow/dags/exchange_rate_pipeline.py
[2025-03-19T04:54:05.638+0000] {processor.py:925} INFO - DAG(s) 'exchange_rate_etl' retrieved from /opt/airflow/dags/exchange_rate_pipeline.py
[2025-03-19T04:54:05.700+0000] {logging_mixin.py:190} INFO - [2025-03-19T04:54:05.700+0000] {dag.py:3239} INFO - Sync 1 DAGs
[2025-03-19T04:54:05.757+0000] {logging_mixin.py:190} INFO - [2025-03-19T04:54:05.757+0000] {dag.py:4180} INFO - Setting next_dagrun for exchange_rate_etl to 2025-03-18 22:00:00+00:00, run_after=2025-03-19 22:00:00+00:00
[2025-03-19T04:54:05.900+0000] {processor.py:208} INFO - Processing /opt/airflow/dags/exchange_rate_pipeline.py took 0.347 seconds
[2025-03-19T04:54:36.106+0000] {processor.py:186} INFO - Started process (PID=135) to work on /opt/airflow/dags/exchange_rate_pipeline.py
[2025-03-19T04:54:36.110+0000] {processor.py:914} INFO - Processing file /opt/airflow/dags/exchange_rate_pipeline.py for tasks to queue
[2025-03-19T04:54:36.117+0000] {logging_mixin.py:190} INFO - [2025-03-19T04:54:36.116+0000] {dagbag.py:588} INFO - Filling up the DagBag from /opt/airflow/dags/exchange_rate_pipeline.py
[2025-03-19T04:54:36.168+0000] {processor.py:925} INFO - DAG(s) 'exchange_rate_etl' retrieved from /opt/airflow/dags/exchange_rate_pipeline.py
[2025-03-19T04:54:36.215+0000] {logging_mixin.py:190} INFO - [2025-03-19T04:54:36.215+0000] {dag.py:3239} INFO - Sync 1 DAGs
[2025-03-19T04:54:36.260+0000] {logging_mixin.py:190} INFO - [2025-03-19T04:54:36.260+0000] {dag.py:4180} INFO - Setting next_dagrun for exchange_rate_etl to 2025-03-18 22:00:00+00:00, run_after=2025-03-19 22:00:00+00:00
[2025-03-19T04:54:36.350+0000] {processor.py:208} INFO - Processing /opt/airflow/dags/exchange_rate_pipeline.py took 0.254 seconds
[2025-03-19T04:55:07.601+0000] {processor.py:186} INFO - Started process (PID=140) to work on /opt/airflow/dags/exchange_rate_pipeline.py
[2025-03-19T04:55:07.602+0000] {processor.py:914} INFO - Processing file /opt/airflow/dags/exchange_rate_pipeline.py for tasks to queue
[2025-03-19T04:55:07.606+0000] {logging_mixin.py:190} INFO - [2025-03-19T04:55:07.606+0000] {dagbag.py:588} INFO - Filling up the DagBag from /opt/airflow/dags/exchange_rate_pipeline.py
[2025-03-19T04:55:07.659+0000] {processor.py:925} INFO - DAG(s) 'exchange_rate_etl' retrieved from /opt/airflow/dags/exchange_rate_pipeline.py
[2025-03-19T04:55:07.722+0000] {logging_mixin.py:190} INFO - [2025-03-19T04:55:07.721+0000] {dag.py:3239} INFO - Sync 1 DAGs
[2025-03-19T04:55:07.775+0000] {logging_mixin.py:190} INFO - [2025-03-19T04:55:07.774+0000] {dag.py:4180} INFO - Setting next_dagrun for exchange_rate_etl to 2025-03-18 22:00:00+00:00, run_after=2025-03-19 22:00:00+00:00
[2025-03-19T04:55:07.868+0000] {processor.py:208} INFO - Processing /opt/airflow/dags/exchange_rate_pipeline.py took 0.273 seconds
[2025-03-19T04:55:38.329+0000] {processor.py:186} INFO - Started process (PID=145) to work on /opt/airflow/dags/exchange_rate_pipeline.py
[2025-03-19T04:55:38.330+0000] {processor.py:914} INFO - Processing file /opt/airflow/dags/exchange_rate_pipeline.py for tasks to queue
[2025-03-19T04:55:38.333+0000] {logging_mixin.py:190} INFO - [2025-03-19T04:55:38.333+0000] {dagbag.py:588} INFO - Filling up the DagBag from /opt/airflow/dags/exchange_rate_pipeline.py
[2025-03-19T04:55:38.374+0000] {processor.py:925} INFO - DAG(s) 'exchange_rate_etl' retrieved from /opt/airflow/dags/exchange_rate_pipeline.py
[2025-03-19T04:55:38.422+0000] {logging_mixin.py:190} INFO - [2025-03-19T04:55:38.422+0000] {dag.py:3239} INFO - Sync 1 DAGs
[2025-03-19T04:55:38.458+0000] {logging_mixin.py:190} INFO - [2025-03-19T04:55:38.457+0000] {dag.py:4180} INFO - Setting next_dagrun for exchange_rate_etl to 2025-03-18 22:00:00+00:00, run_after=2025-03-19 22:00:00+00:00
[2025-03-19T04:55:38.531+0000] {processor.py:208} INFO - Processing /opt/airflow/dags/exchange_rate_pipeline.py took 0.207 seconds
[2025-03-19T04:56:09.762+0000] {processor.py:186} INFO - Started process (PID=151) to work on /opt/airflow/dags/exchange_rate_pipeline.py
[2025-03-19T04:56:09.764+0000] {processor.py:914} INFO - Processing file /opt/airflow/dags/exchange_rate_pipeline.py for tasks to queue
[2025-03-19T04:56:09.767+0000] {logging_mixin.py:190} INFO - [2025-03-19T04:56:09.767+0000] {dagbag.py:588} INFO - Filling up the DagBag from /opt/airflow/dags/exchange_rate_pipeline.py
[2025-03-19T04:56:09.816+0000] {processor.py:925} INFO - DAG(s) 'exchange_rate_etl' retrieved from /opt/airflow/dags/exchange_rate_pipeline.py
[2025-03-19T04:56:09.861+0000] {logging_mixin.py:190} INFO - [2025-03-19T04:56:09.860+0000] {dag.py:3239} INFO - Sync 1 DAGs
[2025-03-19T04:56:09.901+0000] {logging_mixin.py:190} INFO - [2025-03-19T04:56:09.900+0000] {dag.py:4180} INFO - Setting next_dagrun for exchange_rate_etl to 2025-03-18 22:00:00+00:00, run_after=2025-03-19 22:00:00+00:00
[2025-03-19T04:56:09.992+0000] {processor.py:208} INFO - Processing /opt/airflow/dags/exchange_rate_pipeline.py took 0.236 seconds
[2025-03-19T04:56:41.170+0000] {processor.py:186} INFO - Started process (PID=156) to work on /opt/airflow/dags/exchange_rate_pipeline.py
[2025-03-19T04:56:41.171+0000] {processor.py:914} INFO - Processing file /opt/airflow/dags/exchange_rate_pipeline.py for tasks to queue
[2025-03-19T04:56:41.174+0000] {logging_mixin.py:190} INFO - [2025-03-19T04:56:41.174+0000] {dagbag.py:588} INFO - Filling up the DagBag from /opt/airflow/dags/exchange_rate_pipeline.py
[2025-03-19T04:56:41.216+0000] {processor.py:925} INFO - DAG(s) 'exchange_rate_etl' retrieved from /opt/airflow/dags/exchange_rate_pipeline.py
[2025-03-19T04:56:41.273+0000] {logging_mixin.py:190} INFO - [2025-03-19T04:56:41.273+0000] {dag.py:3239} INFO - Sync 1 DAGs
[2025-03-19T04:56:41.310+0000] {logging_mixin.py:190} INFO - [2025-03-19T04:56:41.310+0000] {dag.py:4180} INFO - Setting next_dagrun for exchange_rate_etl to 2025-03-18 22:00:00+00:00, run_after=2025-03-19 22:00:00+00:00
[2025-03-19T04:56:41.406+0000] {processor.py:208} INFO - Processing /opt/airflow/dags/exchange_rate_pipeline.py took 0.242 seconds
[2025-03-19T04:57:12.042+0000] {processor.py:186} INFO - Started process (PID=161) to work on /opt/airflow/dags/exchange_rate_pipeline.py
[2025-03-19T04:57:12.043+0000] {processor.py:914} INFO - Processing file /opt/airflow/dags/exchange_rate_pipeline.py for tasks to queue
[2025-03-19T04:57:12.048+0000] {logging_mixin.py:190} INFO - [2025-03-19T04:57:12.047+0000] {dagbag.py:588} INFO - Filling up the DagBag from /opt/airflow/dags/exchange_rate_pipeline.py
[2025-03-19T04:57:12.094+0000] {processor.py:925} INFO - DAG(s) 'exchange_rate_etl' retrieved from /opt/airflow/dags/exchange_rate_pipeline.py
[2025-03-19T04:57:12.139+0000] {logging_mixin.py:190} INFO - [2025-03-19T04:57:12.139+0000] {dag.py:3239} INFO - Sync 1 DAGs
[2025-03-19T04:57:12.180+0000] {logging_mixin.py:190} INFO - [2025-03-19T04:57:12.180+0000] {dag.py:4180} INFO - Setting next_dagrun for exchange_rate_etl to 2025-03-18 22:00:00+00:00, run_after=2025-03-19 22:00:00+00:00
[2025-03-19T04:57:12.263+0000] {processor.py:208} INFO - Processing /opt/airflow/dags/exchange_rate_pipeline.py took 0.231 seconds
[2025-03-19T04:57:44.034+0000] {processor.py:186} INFO - Started process (PID=167) to work on /opt/airflow/dags/exchange_rate_pipeline.py
[2025-03-19T04:57:44.036+0000] {processor.py:914} INFO - Processing file /opt/airflow/dags/exchange_rate_pipeline.py for tasks to queue
[2025-03-19T04:57:44.039+0000] {logging_mixin.py:190} INFO - [2025-03-19T04:57:44.039+0000] {dagbag.py:588} INFO - Filling up the DagBag from /opt/airflow/dags/exchange_rate_pipeline.py
[2025-03-19T04:57:44.074+0000] {processor.py:925} INFO - DAG(s) 'exchange_rate_etl' retrieved from /opt/airflow/dags/exchange_rate_pipeline.py
[2025-03-19T04:57:44.117+0000] {logging_mixin.py:190} INFO - [2025-03-19T04:57:44.116+0000] {dag.py:3239} INFO - Sync 1 DAGs
[2025-03-19T04:57:44.164+0000] {logging_mixin.py:190} INFO - [2025-03-19T04:57:44.163+0000] {dag.py:4180} INFO - Setting next_dagrun for exchange_rate_etl to 2025-03-18 22:00:00+00:00, run_after=2025-03-19 22:00:00+00:00
[2025-03-19T04:57:44.272+0000] {processor.py:208} INFO - Processing /opt/airflow/dags/exchange_rate_pipeline.py took 0.248 seconds
[2025-03-19T04:58:14.730+0000] {processor.py:186} INFO - Started process (PID=172) to work on /opt/airflow/dags/exchange_rate_pipeline.py
[2025-03-19T04:58:14.733+0000] {processor.py:914} INFO - Processing file /opt/airflow/dags/exchange_rate_pipeline.py for tasks to queue
[2025-03-19T04:58:14.737+0000] {logging_mixin.py:190} INFO - [2025-03-19T04:58:14.737+0000] {dagbag.py:588} INFO - Filling up the DagBag from /opt/airflow/dags/exchange_rate_pipeline.py
[2025-03-19T04:58:14.807+0000] {processor.py:925} INFO - DAG(s) 'exchange_rate_etl' retrieved from /opt/airflow/dags/exchange_rate_pipeline.py
[2025-03-19T04:58:14.869+0000] {logging_mixin.py:190} INFO - [2025-03-19T04:58:14.869+0000] {dag.py:3239} INFO - Sync 1 DAGs
[2025-03-19T04:58:14.939+0000] {logging_mixin.py:190} INFO - [2025-03-19T04:58:14.938+0000] {dag.py:4180} INFO - Setting next_dagrun for exchange_rate_etl to 2025-03-18 22:00:00+00:00, run_after=2025-03-19 22:00:00+00:00
[2025-03-19T04:58:15.028+0000] {processor.py:208} INFO - Processing /opt/airflow/dags/exchange_rate_pipeline.py took 0.306 seconds
[2025-03-19T04:59:16.992+0000] {processor.py:186} INFO - Started process (PID=105) to work on /opt/airflow/dags/exchange_rate_pipeline.py
[2025-03-19T04:59:16.993+0000] {processor.py:914} INFO - Processing file /opt/airflow/dags/exchange_rate_pipeline.py for tasks to queue
[2025-03-19T04:59:16.996+0000] {logging_mixin.py:190} INFO - [2025-03-19T04:59:16.995+0000] {dagbag.py:588} INFO - Filling up the DagBag from /opt/airflow/dags/exchange_rate_pipeline.py
[2025-03-19T04:59:17.040+0000] {processor.py:925} INFO - DAG(s) 'exchange_rate_etl' retrieved from /opt/airflow/dags/exchange_rate_pipeline.py
[2025-03-19T04:59:17.079+0000] {logging_mixin.py:190} INFO - [2025-03-19T04:59:17.079+0000] {dag.py:3239} INFO - Sync 1 DAGs
[2025-03-19T04:59:17.110+0000] {logging_mixin.py:190} INFO - [2025-03-19T04:59:17.109+0000] {dag.py:4180} INFO - Setting next_dagrun for exchange_rate_etl to 2025-03-18 22:00:00+00:00, run_after=2025-03-19 22:00:00+00:00
[2025-03-19T04:59:17.175+0000] {processor.py:208} INFO - Processing /opt/airflow/dags/exchange_rate_pipeline.py took 0.190 seconds
[2025-03-19T04:59:48.527+0000] {processor.py:186} INFO - Started process (PID=120) to work on /opt/airflow/dags/exchange_rate_pipeline.py
[2025-03-19T04:59:48.529+0000] {processor.py:914} INFO - Processing file /opt/airflow/dags/exchange_rate_pipeline.py for tasks to queue
[2025-03-19T04:59:48.531+0000] {logging_mixin.py:190} INFO - [2025-03-19T04:59:48.531+0000] {dagbag.py:588} INFO - Filling up the DagBag from /opt/airflow/dags/exchange_rate_pipeline.py
[2025-03-19T04:59:48.573+0000] {processor.py:925} INFO - DAG(s) 'exchange_rate_etl' retrieved from /opt/airflow/dags/exchange_rate_pipeline.py
[2025-03-19T04:59:48.619+0000] {logging_mixin.py:190} INFO - [2025-03-19T04:59:48.618+0000] {dag.py:3239} INFO - Sync 1 DAGs
[2025-03-19T04:59:48.657+0000] {logging_mixin.py:190} INFO - [2025-03-19T04:59:48.656+0000] {dag.py:4180} INFO - Setting next_dagrun for exchange_rate_etl to 2025-03-18 22:00:00+00:00, run_after=2025-03-19 22:00:00+00:00
[2025-03-19T04:59:48.745+0000] {processor.py:208} INFO - Processing /opt/airflow/dags/exchange_rate_pipeline.py took 0.224 seconds
[2025-03-19T05:00:20.225+0000] {processor.py:186} INFO - Started process (PID=125) to work on /opt/airflow/dags/exchange_rate_pipeline.py
[2025-03-19T05:00:20.226+0000] {processor.py:914} INFO - Processing file /opt/airflow/dags/exchange_rate_pipeline.py for tasks to queue
[2025-03-19T05:00:20.228+0000] {logging_mixin.py:190} INFO - [2025-03-19T05:00:20.228+0000] {dagbag.py:588} INFO - Filling up the DagBag from /opt/airflow/dags/exchange_rate_pipeline.py
[2025-03-19T05:00:20.281+0000] {processor.py:925} INFO - DAG(s) 'exchange_rate_etl' retrieved from /opt/airflow/dags/exchange_rate_pipeline.py
[2025-03-19T05:00:20.345+0000] {logging_mixin.py:190} INFO - [2025-03-19T05:00:20.344+0000] {dag.py:3239} INFO - Sync 1 DAGs
[2025-03-19T05:00:20.404+0000] {logging_mixin.py:190} INFO - [2025-03-19T05:00:20.404+0000] {dag.py:4180} INFO - Setting next_dagrun for exchange_rate_etl to 2025-03-18 22:00:00+00:00, run_after=2025-03-19 22:00:00+00:00
[2025-03-19T05:00:20.533+0000] {processor.py:208} INFO - Processing /opt/airflow/dags/exchange_rate_pipeline.py took 0.314 seconds
[2025-03-19T05:00:51.863+0000] {processor.py:186} INFO - Started process (PID=130) to work on /opt/airflow/dags/exchange_rate_pipeline.py
[2025-03-19T05:00:51.865+0000] {processor.py:914} INFO - Processing file /opt/airflow/dags/exchange_rate_pipeline.py for tasks to queue
[2025-03-19T05:00:51.868+0000] {logging_mixin.py:190} INFO - [2025-03-19T05:00:51.868+0000] {dagbag.py:588} INFO - Filling up the DagBag from /opt/airflow/dags/exchange_rate_pipeline.py
[2025-03-19T05:00:51.908+0000] {processor.py:925} INFO - DAG(s) 'exchange_rate_etl' retrieved from /opt/airflow/dags/exchange_rate_pipeline.py
[2025-03-19T05:00:51.950+0000] {logging_mixin.py:190} INFO - [2025-03-19T05:00:51.950+0000] {dag.py:3239} INFO - Sync 1 DAGs
[2025-03-19T05:00:52.002+0000] {logging_mixin.py:190} INFO - [2025-03-19T05:00:52.001+0000] {dag.py:4180} INFO - Setting next_dagrun for exchange_rate_etl to 2025-03-18 22:00:00+00:00, run_after=2025-03-19 22:00:00+00:00
[2025-03-19T05:00:52.107+0000] {processor.py:208} INFO - Processing /opt/airflow/dags/exchange_rate_pipeline.py took 0.251 seconds
[2025-03-19T05:02:10.838+0000] {processor.py:186} INFO - Started process (PID=105) to work on /opt/airflow/dags/exchange_rate_pipeline.py
[2025-03-19T05:02:10.839+0000] {processor.py:914} INFO - Processing file /opt/airflow/dags/exchange_rate_pipeline.py for tasks to queue
[2025-03-19T05:02:10.842+0000] {logging_mixin.py:190} INFO - [2025-03-19T05:02:10.841+0000] {dagbag.py:588} INFO - Filling up the DagBag from /opt/airflow/dags/exchange_rate_pipeline.py
[2025-03-19T05:02:10.890+0000] {processor.py:925} INFO - DAG(s) 'exchange_rate_etl' retrieved from /opt/airflow/dags/exchange_rate_pipeline.py
[2025-03-19T05:02:10.937+0000] {logging_mixin.py:190} INFO - [2025-03-19T05:02:10.937+0000] {dag.py:3239} INFO - Sync 1 DAGs
[2025-03-19T05:02:10.977+0000] {logging_mixin.py:190} INFO - [2025-03-19T05:02:10.976+0000] {dag.py:4180} INFO - Setting next_dagrun for exchange_rate_etl to 2025-03-18 22:00:00+00:00, run_after=2025-03-19 22:00:00+00:00
[2025-03-19T05:02:11.096+0000] {processor.py:208} INFO - Processing /opt/airflow/dags/exchange_rate_pipeline.py took 0.265 seconds
[2025-03-19T05:02:42.075+0000] {processor.py:186} INFO - Started process (PID=120) to work on /opt/airflow/dags/exchange_rate_pipeline.py
[2025-03-19T05:02:42.076+0000] {processor.py:914} INFO - Processing file /opt/airflow/dags/exchange_rate_pipeline.py for tasks to queue
[2025-03-19T05:02:42.079+0000] {logging_mixin.py:190} INFO - [2025-03-19T05:02:42.078+0000] {dagbag.py:588} INFO - Filling up the DagBag from /opt/airflow/dags/exchange_rate_pipeline.py
[2025-03-19T05:02:42.120+0000] {processor.py:925} INFO - DAG(s) 'exchange_rate_etl' retrieved from /opt/airflow/dags/exchange_rate_pipeline.py
[2025-03-19T05:02:42.154+0000] {logging_mixin.py:190} INFO - [2025-03-19T05:02:42.154+0000] {dag.py:3239} INFO - Sync 1 DAGs
[2025-03-19T05:02:42.183+0000] {logging_mixin.py:190} INFO - [2025-03-19T05:02:42.183+0000] {dag.py:4180} INFO - Setting next_dagrun for exchange_rate_etl to 2025-03-18 22:00:00+00:00, run_after=2025-03-19 22:00:00+00:00
[2025-03-19T05:02:42.269+0000] {processor.py:208} INFO - Processing /opt/airflow/dags/exchange_rate_pipeline.py took 0.200 seconds
[2025-03-19T05:03:13.516+0000] {processor.py:186} INFO - Started process (PID=125) to work on /opt/airflow/dags/exchange_rate_pipeline.py
[2025-03-19T05:03:13.518+0000] {processor.py:914} INFO - Processing file /opt/airflow/dags/exchange_rate_pipeline.py for tasks to queue
[2025-03-19T05:03:13.524+0000] {logging_mixin.py:190} INFO - [2025-03-19T05:03:13.524+0000] {dagbag.py:588} INFO - Filling up the DagBag from /opt/airflow/dags/exchange_rate_pipeline.py
[2025-03-19T05:03:13.574+0000] {processor.py:925} INFO - DAG(s) 'exchange_rate_etl' retrieved from /opt/airflow/dags/exchange_rate_pipeline.py
[2025-03-19T05:03:13.620+0000] {logging_mixin.py:190} INFO - [2025-03-19T05:03:13.620+0000] {dag.py:3239} INFO - Sync 1 DAGs
[2025-03-19T05:03:13.661+0000] {logging_mixin.py:190} INFO - [2025-03-19T05:03:13.661+0000] {dag.py:4180} INFO - Setting next_dagrun for exchange_rate_etl to 2025-03-18 22:00:00+00:00, run_after=2025-03-19 22:00:00+00:00
[2025-03-19T05:03:13.751+0000] {processor.py:208} INFO - Processing /opt/airflow/dags/exchange_rate_pipeline.py took 0.241 seconds
[2025-03-19T05:03:43.944+0000] {processor.py:186} INFO - Started process (PID=130) to work on /opt/airflow/dags/exchange_rate_pipeline.py
[2025-03-19T05:03:43.946+0000] {processor.py:914} INFO - Processing file /opt/airflow/dags/exchange_rate_pipeline.py for tasks to queue
[2025-03-19T05:03:43.950+0000] {logging_mixin.py:190} INFO - [2025-03-19T05:03:43.950+0000] {dagbag.py:588} INFO - Filling up the DagBag from /opt/airflow/dags/exchange_rate_pipeline.py
[2025-03-19T05:03:43.996+0000] {processor.py:925} INFO - DAG(s) 'exchange_rate_etl' retrieved from /opt/airflow/dags/exchange_rate_pipeline.py
[2025-03-19T05:03:44.051+0000] {logging_mixin.py:190} INFO - [2025-03-19T05:03:44.051+0000] {dag.py:3239} INFO - Sync 1 DAGs
[2025-03-19T05:03:44.097+0000] {logging_mixin.py:190} INFO - [2025-03-19T05:03:44.096+0000] {dag.py:4180} INFO - Setting next_dagrun for exchange_rate_etl to 2025-03-18 22:00:00+00:00, run_after=2025-03-19 22:00:00+00:00
[2025-03-19T05:03:44.231+0000] {processor.py:208} INFO - Processing /opt/airflow/dags/exchange_rate_pipeline.py took 0.293 seconds
[2025-03-19T05:04:15.112+0000] {processor.py:186} INFO - Started process (PID=135) to work on /opt/airflow/dags/exchange_rate_pipeline.py
[2025-03-19T05:04:15.114+0000] {processor.py:914} INFO - Processing file /opt/airflow/dags/exchange_rate_pipeline.py for tasks to queue
[2025-03-19T05:04:15.117+0000] {logging_mixin.py:190} INFO - [2025-03-19T05:04:15.117+0000] {dagbag.py:588} INFO - Filling up the DagBag from /opt/airflow/dags/exchange_rate_pipeline.py
[2025-03-19T05:04:15.171+0000] {processor.py:925} INFO - DAG(s) 'exchange_rate_etl' retrieved from /opt/airflow/dags/exchange_rate_pipeline.py
[2025-03-19T05:04:15.233+0000] {logging_mixin.py:190} INFO - [2025-03-19T05:04:15.233+0000] {dag.py:3239} INFO - Sync 1 DAGs
[2025-03-19T05:04:15.336+0000] {logging_mixin.py:190} INFO - [2025-03-19T05:04:15.336+0000] {dag.py:4180} INFO - Setting next_dagrun for exchange_rate_etl to 2025-03-18 22:00:00+00:00, run_after=2025-03-19 22:00:00+00:00
[2025-03-19T05:04:15.483+0000] {processor.py:208} INFO - Processing /opt/airflow/dags/exchange_rate_pipeline.py took 0.377 seconds
[2025-03-19T05:04:46.608+0000] {processor.py:186} INFO - Started process (PID=140) to work on /opt/airflow/dags/exchange_rate_pipeline.py
[2025-03-19T05:04:46.611+0000] {processor.py:914} INFO - Processing file /opt/airflow/dags/exchange_rate_pipeline.py for tasks to queue
[2025-03-19T05:04:46.617+0000] {logging_mixin.py:190} INFO - [2025-03-19T05:04:46.616+0000] {dagbag.py:588} INFO - Filling up the DagBag from /opt/airflow/dags/exchange_rate_pipeline.py
[2025-03-19T05:04:46.667+0000] {processor.py:925} INFO - DAG(s) 'exchange_rate_etl' retrieved from /opt/airflow/dags/exchange_rate_pipeline.py
[2025-03-19T05:04:46.707+0000] {logging_mixin.py:190} INFO - [2025-03-19T05:04:46.707+0000] {dag.py:3239} INFO - Sync 1 DAGs
[2025-03-19T05:04:46.742+0000] {logging_mixin.py:190} INFO - [2025-03-19T05:04:46.741+0000] {dag.py:4180} INFO - Setting next_dagrun for exchange_rate_etl to 2025-03-18 22:00:00+00:00, run_after=2025-03-19 22:00:00+00:00
[2025-03-19T05:04:46.831+0000] {processor.py:208} INFO - Processing /opt/airflow/dags/exchange_rate_pipeline.py took 0.245 seconds
[2025-03-19T05:05:17.312+0000] {processor.py:186} INFO - Started process (PID=145) to work on /opt/airflow/dags/exchange_rate_pipeline.py
[2025-03-19T05:05:17.314+0000] {processor.py:914} INFO - Processing file /opt/airflow/dags/exchange_rate_pipeline.py for tasks to queue
[2025-03-19T05:05:17.317+0000] {logging_mixin.py:190} INFO - [2025-03-19T05:05:17.317+0000] {dagbag.py:588} INFO - Filling up the DagBag from /opt/airflow/dags/exchange_rate_pipeline.py
[2025-03-19T05:05:17.375+0000] {processor.py:925} INFO - DAG(s) 'exchange_rate_etl' retrieved from /opt/airflow/dags/exchange_rate_pipeline.py
[2025-03-19T05:05:17.421+0000] {logging_mixin.py:190} INFO - [2025-03-19T05:05:17.421+0000] {dag.py:3239} INFO - Sync 1 DAGs
[2025-03-19T05:05:17.460+0000] {logging_mixin.py:190} INFO - [2025-03-19T05:05:17.459+0000] {dag.py:4180} INFO - Setting next_dagrun for exchange_rate_etl to 2025-03-18 22:00:00+00:00, run_after=2025-03-19 22:00:00+00:00
[2025-03-19T05:05:17.552+0000] {processor.py:208} INFO - Processing /opt/airflow/dags/exchange_rate_pipeline.py took 0.251 seconds
[2025-03-19T05:05:47.913+0000] {processor.py:186} INFO - Started process (PID=150) to work on /opt/airflow/dags/exchange_rate_pipeline.py
[2025-03-19T05:05:47.915+0000] {processor.py:914} INFO - Processing file /opt/airflow/dags/exchange_rate_pipeline.py for tasks to queue
[2025-03-19T05:05:47.920+0000] {logging_mixin.py:190} INFO - [2025-03-19T05:05:47.919+0000] {dagbag.py:588} INFO - Filling up the DagBag from /opt/airflow/dags/exchange_rate_pipeline.py
[2025-03-19T05:05:47.960+0000] {processor.py:925} INFO - DAG(s) 'exchange_rate_etl' retrieved from /opt/airflow/dags/exchange_rate_pipeline.py
[2025-03-19T05:05:47.998+0000] {logging_mixin.py:190} INFO - [2025-03-19T05:05:47.998+0000] {dag.py:3239} INFO - Sync 1 DAGs
[2025-03-19T05:05:48.027+0000] {logging_mixin.py:190} INFO - [2025-03-19T05:05:48.027+0000] {dag.py:4180} INFO - Setting next_dagrun for exchange_rate_etl to 2025-03-18 22:00:00+00:00, run_after=2025-03-19 22:00:00+00:00
[2025-03-19T05:05:48.115+0000] {processor.py:208} INFO - Processing /opt/airflow/dags/exchange_rate_pipeline.py took 0.212 seconds
[2025-03-19T05:06:19.044+0000] {processor.py:186} INFO - Started process (PID=155) to work on /opt/airflow/dags/exchange_rate_pipeline.py
[2025-03-19T05:06:19.046+0000] {processor.py:914} INFO - Processing file /opt/airflow/dags/exchange_rate_pipeline.py for tasks to queue
[2025-03-19T05:06:19.050+0000] {logging_mixin.py:190} INFO - [2025-03-19T05:06:19.050+0000] {dagbag.py:588} INFO - Filling up the DagBag from /opt/airflow/dags/exchange_rate_pipeline.py
[2025-03-19T05:06:19.096+0000] {processor.py:925} INFO - DAG(s) 'exchange_rate_etl' retrieved from /opt/airflow/dags/exchange_rate_pipeline.py
[2025-03-19T05:06:19.138+0000] {logging_mixin.py:190} INFO - [2025-03-19T05:06:19.137+0000] {dag.py:3239} INFO - Sync 1 DAGs
[2025-03-19T05:06:19.179+0000] {logging_mixin.py:190} INFO - [2025-03-19T05:06:19.178+0000] {dag.py:4180} INFO - Setting next_dagrun for exchange_rate_etl to 2025-03-18 22:00:00+00:00, run_after=2025-03-19 22:00:00+00:00
[2025-03-19T05:06:19.259+0000] {processor.py:208} INFO - Processing /opt/airflow/dags/exchange_rate_pipeline.py took 0.224 seconds
[2025-03-19T05:06:27.721+0000] {processor.py:186} INFO - Started process (PID=157) to work on /opt/airflow/dags/exchange_rate_pipeline.py
[2025-03-19T05:06:27.723+0000] {processor.py:914} INFO - Processing file /opt/airflow/dags/exchange_rate_pipeline.py for tasks to queue
[2025-03-19T05:06:27.726+0000] {logging_mixin.py:190} INFO - [2025-03-19T05:06:27.725+0000] {dagbag.py:588} INFO - Filling up the DagBag from /opt/airflow/dags/exchange_rate_pipeline.py
[2025-03-19T05:06:27.802+0000] {processor.py:925} INFO - DAG(s) 'exchange_rate_etl' retrieved from /opt/airflow/dags/exchange_rate_pipeline.py
[2025-03-19T05:06:28.053+0000] {logging_mixin.py:190} INFO - [2025-03-19T05:06:28.053+0000] {dag.py:3239} INFO - Sync 1 DAGs
[2025-03-19T05:06:28.094+0000] {logging_mixin.py:190} INFO - [2025-03-19T05:06:28.094+0000] {dag.py:4180} INFO - Setting next_dagrun for exchange_rate_etl to 2025-03-18 22:00:00+00:00, run_after=2025-03-19 22:00:00+00:00
[2025-03-19T05:06:28.198+0000] {processor.py:208} INFO - Processing /opt/airflow/dags/exchange_rate_pipeline.py took 0.483 seconds
[2025-03-19T05:06:58.423+0000] {processor.py:186} INFO - Started process (PID=162) to work on /opt/airflow/dags/exchange_rate_pipeline.py
[2025-03-19T05:06:58.425+0000] {processor.py:914} INFO - Processing file /opt/airflow/dags/exchange_rate_pipeline.py for tasks to queue
[2025-03-19T05:06:58.428+0000] {logging_mixin.py:190} INFO - [2025-03-19T05:06:58.428+0000] {dagbag.py:588} INFO - Filling up the DagBag from /opt/airflow/dags/exchange_rate_pipeline.py
[2025-03-19T05:06:58.479+0000] {processor.py:925} INFO - DAG(s) 'exchange_rate_etl' retrieved from /opt/airflow/dags/exchange_rate_pipeline.py
[2025-03-19T05:06:58.541+0000] {logging_mixin.py:190} INFO - [2025-03-19T05:06:58.540+0000] {dag.py:3239} INFO - Sync 1 DAGs
[2025-03-19T05:06:58.592+0000] {logging_mixin.py:190} INFO - [2025-03-19T05:06:58.591+0000] {dag.py:4180} INFO - Setting next_dagrun for exchange_rate_etl to 2025-03-18 22:00:00+00:00, run_after=2025-03-19 22:00:00+00:00
[2025-03-19T05:06:58.736+0000] {processor.py:208} INFO - Processing /opt/airflow/dags/exchange_rate_pipeline.py took 0.320 seconds
[2025-03-19T05:07:29.947+0000] {processor.py:186} INFO - Started process (PID=167) to work on /opt/airflow/dags/exchange_rate_pipeline.py
[2025-03-19T05:07:29.948+0000] {processor.py:914} INFO - Processing file /opt/airflow/dags/exchange_rate_pipeline.py for tasks to queue
[2025-03-19T05:07:29.952+0000] {logging_mixin.py:190} INFO - [2025-03-19T05:07:29.951+0000] {dagbag.py:588} INFO - Filling up the DagBag from /opt/airflow/dags/exchange_rate_pipeline.py
[2025-03-19T05:07:30.028+0000] {processor.py:925} INFO - DAG(s) 'exchange_rate_etl' retrieved from /opt/airflow/dags/exchange_rate_pipeline.py
[2025-03-19T05:07:30.091+0000] {logging_mixin.py:190} INFO - [2025-03-19T05:07:30.090+0000] {dag.py:3239} INFO - Sync 1 DAGs
[2025-03-19T05:07:30.135+0000] {logging_mixin.py:190} INFO - [2025-03-19T05:07:30.135+0000] {dag.py:4180} INFO - Setting next_dagrun for exchange_rate_etl to 2025-03-18 22:00:00+00:00, run_after=2025-03-19 22:00:00+00:00
[2025-03-19T05:07:30.223+0000] {processor.py:208} INFO - Processing /opt/airflow/dags/exchange_rate_pipeline.py took 0.281 seconds
[2025-03-19T05:08:00.959+0000] {processor.py:186} INFO - Started process (PID=172) to work on /opt/airflow/dags/exchange_rate_pipeline.py
[2025-03-19T05:08:00.961+0000] {processor.py:914} INFO - Processing file /opt/airflow/dags/exchange_rate_pipeline.py for tasks to queue
[2025-03-19T05:08:00.963+0000] {logging_mixin.py:190} INFO - [2025-03-19T05:08:00.963+0000] {dagbag.py:588} INFO - Filling up the DagBag from /opt/airflow/dags/exchange_rate_pipeline.py
[2025-03-19T05:08:01.021+0000] {processor.py:925} INFO - DAG(s) 'exchange_rate_etl' retrieved from /opt/airflow/dags/exchange_rate_pipeline.py
[2025-03-19T05:08:01.057+0000] {logging_mixin.py:190} INFO - [2025-03-19T05:08:01.057+0000] {dag.py:3239} INFO - Sync 1 DAGs
[2025-03-19T05:08:01.100+0000] {logging_mixin.py:190} INFO - [2025-03-19T05:08:01.099+0000] {dag.py:4180} INFO - Setting next_dagrun for exchange_rate_etl to 2025-03-18 22:00:00+00:00, run_after=2025-03-19 22:00:00+00:00
[2025-03-19T05:08:01.185+0000] {processor.py:208} INFO - Processing /opt/airflow/dags/exchange_rate_pipeline.py took 0.231 seconds
[2025-03-19T05:08:33.176+0000] {processor.py:186} INFO - Started process (PID=241) to work on /opt/airflow/dags/exchange_rate_pipeline.py
[2025-03-19T05:08:33.178+0000] {processor.py:914} INFO - Processing file /opt/airflow/dags/exchange_rate_pipeline.py for tasks to queue
[2025-03-19T05:08:33.183+0000] {logging_mixin.py:190} INFO - [2025-03-19T05:08:33.182+0000] {dagbag.py:588} INFO - Filling up the DagBag from /opt/airflow/dags/exchange_rate_pipeline.py
[2025-03-19T05:08:33.272+0000] {processor.py:925} INFO - DAG(s) 'exchange_rate_etl' retrieved from /opt/airflow/dags/exchange_rate_pipeline.py
[2025-03-19T05:08:33.351+0000] {logging_mixin.py:190} INFO - [2025-03-19T05:08:33.350+0000] {dag.py:3239} INFO - Sync 1 DAGs
[2025-03-19T05:08:33.399+0000] {logging_mixin.py:190} INFO - [2025-03-19T05:08:33.399+0000] {dag.py:4180} INFO - Setting next_dagrun for exchange_rate_etl to 2025-03-18 22:00:00+00:00, run_after=2025-03-19 22:00:00+00:00
[2025-03-19T05:08:33.520+0000] {processor.py:208} INFO - Processing /opt/airflow/dags/exchange_rate_pipeline.py took 0.355 seconds
[2025-03-19T05:09:04.412+0000] {processor.py:186} INFO - Started process (PID=246) to work on /opt/airflow/dags/exchange_rate_pipeline.py
[2025-03-19T05:09:04.414+0000] {processor.py:914} INFO - Processing file /opt/airflow/dags/exchange_rate_pipeline.py for tasks to queue
[2025-03-19T05:09:04.419+0000] {logging_mixin.py:190} INFO - [2025-03-19T05:09:04.418+0000] {dagbag.py:588} INFO - Filling up the DagBag from /opt/airflow/dags/exchange_rate_pipeline.py
[2025-03-19T05:09:04.472+0000] {processor.py:925} INFO - DAG(s) 'exchange_rate_etl' retrieved from /opt/airflow/dags/exchange_rate_pipeline.py
[2025-03-19T05:09:04.521+0000] {logging_mixin.py:190} INFO - [2025-03-19T05:09:04.521+0000] {dag.py:3239} INFO - Sync 1 DAGs
[2025-03-19T05:09:04.551+0000] {logging_mixin.py:190} INFO - [2025-03-19T05:09:04.551+0000] {dag.py:4180} INFO - Setting next_dagrun for exchange_rate_etl to 2025-03-18 22:00:00+00:00, run_after=2025-03-19 22:00:00+00:00
[2025-03-19T05:09:04.656+0000] {processor.py:208} INFO - Processing /opt/airflow/dags/exchange_rate_pipeline.py took 0.252 seconds
[2025-03-19T05:09:34.840+0000] {processor.py:186} INFO - Started process (PID=251) to work on /opt/airflow/dags/exchange_rate_pipeline.py
[2025-03-19T05:09:34.841+0000] {processor.py:914} INFO - Processing file /opt/airflow/dags/exchange_rate_pipeline.py for tasks to queue
[2025-03-19T05:09:34.842+0000] {logging_mixin.py:190} INFO - [2025-03-19T05:09:34.842+0000] {dagbag.py:588} INFO - Filling up the DagBag from /opt/airflow/dags/exchange_rate_pipeline.py
[2025-03-19T05:09:34.900+0000] {processor.py:925} INFO - DAG(s) 'exchange_rate_etl' retrieved from /opt/airflow/dags/exchange_rate_pipeline.py
[2025-03-19T05:09:34.962+0000] {logging_mixin.py:190} INFO - [2025-03-19T05:09:34.962+0000] {dag.py:3239} INFO - Sync 1 DAGs
[2025-03-19T05:09:35.001+0000] {logging_mixin.py:190} INFO - [2025-03-19T05:09:35.001+0000] {dag.py:4180} INFO - Setting next_dagrun for exchange_rate_etl to 2025-03-18 22:00:00+00:00, run_after=2025-03-19 22:00:00+00:00
[2025-03-19T05:09:35.103+0000] {processor.py:208} INFO - Processing /opt/airflow/dags/exchange_rate_pipeline.py took 0.269 seconds
[2025-03-19T05:09:41.682+0000] {processor.py:186} INFO - Started process (PID=254) to work on /opt/airflow/dags/exchange_rate_pipeline.py
[2025-03-19T05:09:41.684+0000] {processor.py:914} INFO - Processing file /opt/airflow/dags/exchange_rate_pipeline.py for tasks to queue
[2025-03-19T05:09:41.686+0000] {logging_mixin.py:190} INFO - [2025-03-19T05:09:41.685+0000] {dagbag.py:588} INFO - Filling up the DagBag from /opt/airflow/dags/exchange_rate_pipeline.py
[2025-03-19T05:09:41.761+0000] {processor.py:925} INFO - DAG(s) 'exchange_rate_etl' retrieved from /opt/airflow/dags/exchange_rate_pipeline.py
[2025-03-19T05:09:41.799+0000] {logging_mixin.py:190} INFO - [2025-03-19T05:09:41.799+0000] {dag.py:3239} INFO - Sync 1 DAGs
[2025-03-19T05:09:41.837+0000] {logging_mixin.py:190} INFO - [2025-03-19T05:09:41.836+0000] {dag.py:4180} INFO - Setting next_dagrun for exchange_rate_etl to 2025-03-18 22:00:00+00:00, run_after=2025-03-19 22:00:00+00:00
[2025-03-19T05:09:41.923+0000] {processor.py:208} INFO - Processing /opt/airflow/dags/exchange_rate_pipeline.py took 0.246 seconds
[2025-03-19T05:10:12.783+0000] {processor.py:186} INFO - Started process (PID=258) to work on /opt/airflow/dags/exchange_rate_pipeline.py
[2025-03-19T05:10:12.785+0000] {processor.py:914} INFO - Processing file /opt/airflow/dags/exchange_rate_pipeline.py for tasks to queue
[2025-03-19T05:10:12.789+0000] {logging_mixin.py:190} INFO - [2025-03-19T05:10:12.787+0000] {dagbag.py:588} INFO - Filling up the DagBag from /opt/airflow/dags/exchange_rate_pipeline.py
[2025-03-19T05:10:12.838+0000] {processor.py:925} INFO - DAG(s) 'exchange_rate_etl' retrieved from /opt/airflow/dags/exchange_rate_pipeline.py
[2025-03-19T05:10:12.880+0000] {logging_mixin.py:190} INFO - [2025-03-19T05:10:12.880+0000] {dag.py:3239} INFO - Sync 1 DAGs
[2025-03-19T05:10:12.917+0000] {logging_mixin.py:190} INFO - [2025-03-19T05:10:12.916+0000] {dag.py:4180} INFO - Setting next_dagrun for exchange_rate_etl to 2025-03-18 22:00:00+00:00, run_after=2025-03-19 22:00:00+00:00
[2025-03-19T05:10:12.968+0000] {processor.py:208} INFO - Processing /opt/airflow/dags/exchange_rate_pipeline.py took 0.194 seconds
[2025-03-19T05:10:27.392+0000] {processor.py:186} INFO - Started process (PID=259) to work on /opt/airflow/dags/exchange_rate_pipeline.py
[2025-03-19T05:10:27.394+0000] {processor.py:914} INFO - Processing file /opt/airflow/dags/exchange_rate_pipeline.py for tasks to queue
[2025-03-19T05:10:27.396+0000] {logging_mixin.py:190} INFO - [2025-03-19T05:10:27.396+0000] {dagbag.py:588} INFO - Filling up the DagBag from /opt/airflow/dags/exchange_rate_pipeline.py
[2025-03-19T05:10:27.487+0000] {processor.py:925} INFO - DAG(s) 'exchange_rate_etl' retrieved from /opt/airflow/dags/exchange_rate_pipeline.py
[2025-03-19T05:10:27.713+0000] {logging_mixin.py:190} INFO - [2025-03-19T05:10:27.712+0000] {dag.py:3239} INFO - Sync 1 DAGs
[2025-03-19T05:10:27.748+0000] {logging_mixin.py:190} INFO - [2025-03-19T05:10:27.747+0000] {dag.py:4180} INFO - Setting next_dagrun for exchange_rate_etl to 2025-03-18 22:00:00+00:00, run_after=2025-03-19 22:00:00+00:00
[2025-03-19T05:10:27.850+0000] {processor.py:208} INFO - Processing /opt/airflow/dags/exchange_rate_pipeline.py took 0.465 seconds
[2025-03-19T05:10:58.105+0000] {processor.py:186} INFO - Started process (PID=263) to work on /opt/airflow/dags/exchange_rate_pipeline.py
[2025-03-19T05:10:58.107+0000] {processor.py:914} INFO - Processing file /opt/airflow/dags/exchange_rate_pipeline.py for tasks to queue
[2025-03-19T05:10:58.109+0000] {logging_mixin.py:190} INFO - [2025-03-19T05:10:58.108+0000] {dagbag.py:588} INFO - Filling up the DagBag from /opt/airflow/dags/exchange_rate_pipeline.py
[2025-03-19T05:10:58.165+0000] {processor.py:925} INFO - DAG(s) 'exchange_rate_etl' retrieved from /opt/airflow/dags/exchange_rate_pipeline.py
[2025-03-19T05:10:58.219+0000] {logging_mixin.py:190} INFO - [2025-03-19T05:10:58.219+0000] {dag.py:3239} INFO - Sync 1 DAGs
[2025-03-19T05:10:58.271+0000] {logging_mixin.py:190} INFO - [2025-03-19T05:10:58.271+0000] {dag.py:4180} INFO - Setting next_dagrun for exchange_rate_etl to 2025-03-18 22:00:00+00:00, run_after=2025-03-19 22:00:00+00:00
[2025-03-19T05:10:58.370+0000] {processor.py:208} INFO - Processing /opt/airflow/dags/exchange_rate_pipeline.py took 0.275 seconds
[2025-03-19T05:11:28.650+0000] {processor.py:186} INFO - Started process (PID=267) to work on /opt/airflow/dags/exchange_rate_pipeline.py
[2025-03-19T05:11:28.652+0000] {processor.py:914} INFO - Processing file /opt/airflow/dags/exchange_rate_pipeline.py for tasks to queue
[2025-03-19T05:11:28.656+0000] {logging_mixin.py:190} INFO - [2025-03-19T05:11:28.655+0000] {dagbag.py:588} INFO - Filling up the DagBag from /opt/airflow/dags/exchange_rate_pipeline.py
[2025-03-19T05:11:28.706+0000] {processor.py:925} INFO - DAG(s) 'exchange_rate_etl' retrieved from /opt/airflow/dags/exchange_rate_pipeline.py
[2025-03-19T05:11:28.744+0000] {logging_mixin.py:190} INFO - [2025-03-19T05:11:28.744+0000] {dag.py:3239} INFO - Sync 1 DAGs
[2025-03-19T05:11:28.780+0000] {logging_mixin.py:190} INFO - [2025-03-19T05:11:28.779+0000] {dag.py:4180} INFO - Setting next_dagrun for exchange_rate_etl to 2025-03-18 22:00:00+00:00, run_after=2025-03-19 22:00:00+00:00
[2025-03-19T05:11:28.862+0000] {processor.py:208} INFO - Processing /opt/airflow/dags/exchange_rate_pipeline.py took 0.222 seconds
[2025-03-19T05:11:43.303+0000] {processor.py:186} INFO - Started process (PID=271) to work on /opt/airflow/dags/exchange_rate_pipeline.py
[2025-03-19T05:11:43.305+0000] {processor.py:914} INFO - Processing file /opt/airflow/dags/exchange_rate_pipeline.py for tasks to queue
[2025-03-19T05:11:43.306+0000] {logging_mixin.py:190} INFO - [2025-03-19T05:11:43.306+0000] {dagbag.py:588} INFO - Filling up the DagBag from /opt/airflow/dags/exchange_rate_pipeline.py
[2025-03-19T05:11:43.391+0000] {processor.py:925} INFO - DAG(s) 'exchange_rate_etl' retrieved from /opt/airflow/dags/exchange_rate_pipeline.py
[2025-03-19T05:11:43.637+0000] {logging_mixin.py:190} INFO - [2025-03-19T05:11:43.636+0000] {dag.py:3239} INFO - Sync 1 DAGs
[2025-03-19T05:11:43.677+0000] {logging_mixin.py:190} INFO - [2025-03-19T05:11:43.677+0000] {dag.py:4180} INFO - Setting next_dagrun for exchange_rate_etl to 2025-03-18 22:00:00+00:00, run_after=2025-03-19 22:00:00+00:00
[2025-03-19T05:11:43.819+0000] {processor.py:208} INFO - Processing /opt/airflow/dags/exchange_rate_pipeline.py took 0.522 seconds
[2025-03-19T05:12:18.302+0000] {processor.py:186} INFO - Started process (PID=298) to work on /opt/airflow/dags/exchange_rate_pipeline.py
[2025-03-19T05:12:18.303+0000] {processor.py:914} INFO - Processing file /opt/airflow/dags/exchange_rate_pipeline.py for tasks to queue
[2025-03-19T05:12:18.305+0000] {logging_mixin.py:190} INFO - [2025-03-19T05:12:18.305+0000] {dagbag.py:588} INFO - Filling up the DagBag from /opt/airflow/dags/exchange_rate_pipeline.py
[2025-03-19T05:12:18.354+0000] {processor.py:925} INFO - DAG(s) 'exchange_rate_etl' retrieved from /opt/airflow/dags/exchange_rate_pipeline.py
[2025-03-19T05:12:18.397+0000] {logging_mixin.py:190} INFO - [2025-03-19T05:12:18.397+0000] {dag.py:3239} INFO - Sync 1 DAGs
[2025-03-19T05:12:18.458+0000] {logging_mixin.py:190} INFO - [2025-03-19T05:12:18.458+0000] {dag.py:4180} INFO - Setting next_dagrun for exchange_rate_etl to 2025-03-18 22:00:00+00:00, run_after=2025-03-19 22:00:00+00:00
[2025-03-19T05:12:18.558+0000] {processor.py:208} INFO - Processing /opt/airflow/dags/exchange_rate_pipeline.py took 0.262 seconds
[2025-03-19T05:12:49.092+0000] {processor.py:186} INFO - Started process (PID=342) to work on /opt/airflow/dags/exchange_rate_pipeline.py
[2025-03-19T05:12:49.093+0000] {processor.py:914} INFO - Processing file /opt/airflow/dags/exchange_rate_pipeline.py for tasks to queue
[2025-03-19T05:12:49.095+0000] {logging_mixin.py:190} INFO - [2025-03-19T05:12:49.094+0000] {dagbag.py:588} INFO - Filling up the DagBag from /opt/airflow/dags/exchange_rate_pipeline.py
[2025-03-19T05:12:49.137+0000] {processor.py:925} INFO - DAG(s) 'exchange_rate_etl' retrieved from /opt/airflow/dags/exchange_rate_pipeline.py
[2025-03-19T05:12:49.200+0000] {logging_mixin.py:190} INFO - [2025-03-19T05:12:49.200+0000] {dag.py:3239} INFO - Sync 1 DAGs
[2025-03-19T05:12:49.292+0000] {logging_mixin.py:190} INFO - [2025-03-19T05:12:49.291+0000] {dag.py:4180} INFO - Setting next_dagrun for exchange_rate_etl to 2025-03-18 22:00:00+00:00, run_after=2025-03-19 22:00:00+00:00
[2025-03-19T05:12:49.407+0000] {processor.py:208} INFO - Processing /opt/airflow/dags/exchange_rate_pipeline.py took 0.322 seconds
[2025-03-19T05:13:19.665+0000] {processor.py:186} INFO - Started process (PID=346) to work on /opt/airflow/dags/exchange_rate_pipeline.py
[2025-03-19T05:13:19.667+0000] {processor.py:914} INFO - Processing file /opt/airflow/dags/exchange_rate_pipeline.py for tasks to queue
[2025-03-19T05:13:19.669+0000] {logging_mixin.py:190} INFO - [2025-03-19T05:13:19.668+0000] {dagbag.py:588} INFO - Filling up the DagBag from /opt/airflow/dags/exchange_rate_pipeline.py
[2025-03-19T05:13:19.723+0000] {processor.py:925} INFO - DAG(s) 'exchange_rate_etl' retrieved from /opt/airflow/dags/exchange_rate_pipeline.py
[2025-03-19T05:13:19.777+0000] {logging_mixin.py:190} INFO - [2025-03-19T05:13:19.776+0000] {dag.py:3239} INFO - Sync 1 DAGs
[2025-03-19T05:13:19.822+0000] {logging_mixin.py:190} INFO - [2025-03-19T05:13:19.822+0000] {dag.py:4180} INFO - Setting next_dagrun for exchange_rate_etl to 2025-03-18 22:00:00+00:00, run_after=2025-03-19 22:00:00+00:00
[2025-03-19T05:13:19.944+0000] {processor.py:208} INFO - Processing /opt/airflow/dags/exchange_rate_pipeline.py took 0.286 seconds
[2025-03-19T05:13:50.972+0000] {processor.py:186} INFO - Started process (PID=350) to work on /opt/airflow/dags/exchange_rate_pipeline.py
[2025-03-19T05:13:50.974+0000] {processor.py:914} INFO - Processing file /opt/airflow/dags/exchange_rate_pipeline.py for tasks to queue
[2025-03-19T05:13:50.976+0000] {logging_mixin.py:190} INFO - [2025-03-19T05:13:50.975+0000] {dagbag.py:588} INFO - Filling up the DagBag from /opt/airflow/dags/exchange_rate_pipeline.py
[2025-03-19T05:13:51.030+0000] {processor.py:925} INFO - DAG(s) 'exchange_rate_etl' retrieved from /opt/airflow/dags/exchange_rate_pipeline.py
[2025-03-19T05:13:51.081+0000] {logging_mixin.py:190} INFO - [2025-03-19T05:13:51.080+0000] {dag.py:3239} INFO - Sync 1 DAGs
[2025-03-19T05:13:51.121+0000] {logging_mixin.py:190} INFO - [2025-03-19T05:13:51.120+0000] {dag.py:4180} INFO - Setting next_dagrun for exchange_rate_etl to 2025-03-18 22:00:00+00:00, run_after=2025-03-19 22:00:00+00:00
[2025-03-19T05:13:51.213+0000] {processor.py:208} INFO - Processing /opt/airflow/dags/exchange_rate_pipeline.py took 0.248 seconds
[2025-03-19T05:14:21.859+0000] {processor.py:186} INFO - Started process (PID=354) to work on /opt/airflow/dags/exchange_rate_pipeline.py
[2025-03-19T05:14:21.861+0000] {processor.py:914} INFO - Processing file /opt/airflow/dags/exchange_rate_pipeline.py for tasks to queue
[2025-03-19T05:14:21.862+0000] {logging_mixin.py:190} INFO - [2025-03-19T05:14:21.862+0000] {dagbag.py:588} INFO - Filling up the DagBag from /opt/airflow/dags/exchange_rate_pipeline.py
[2025-03-19T05:14:21.903+0000] {processor.py:925} INFO - DAG(s) 'exchange_rate_etl' retrieved from /opt/airflow/dags/exchange_rate_pipeline.py
[2025-03-19T05:14:21.940+0000] {logging_mixin.py:190} INFO - [2025-03-19T05:14:21.940+0000] {dag.py:3239} INFO - Sync 1 DAGs
[2025-03-19T05:14:21.970+0000] {logging_mixin.py:190} INFO - [2025-03-19T05:14:21.970+0000] {dag.py:4180} INFO - Setting next_dagrun for exchange_rate_etl to 2025-03-18 22:00:00+00:00, run_after=2025-03-19 22:00:00+00:00
[2025-03-19T05:14:22.084+0000] {processor.py:208} INFO - Processing /opt/airflow/dags/exchange_rate_pipeline.py took 0.231 seconds
[2025-03-19T05:14:53.106+0000] {processor.py:186} INFO - Started process (PID=358) to work on /opt/airflow/dags/exchange_rate_pipeline.py
[2025-03-19T05:14:53.108+0000] {processor.py:914} INFO - Processing file /opt/airflow/dags/exchange_rate_pipeline.py for tasks to queue
[2025-03-19T05:14:53.110+0000] {logging_mixin.py:190} INFO - [2025-03-19T05:14:53.110+0000] {dagbag.py:588} INFO - Filling up the DagBag from /opt/airflow/dags/exchange_rate_pipeline.py
[2025-03-19T05:14:53.156+0000] {processor.py:925} INFO - DAG(s) 'exchange_rate_etl' retrieved from /opt/airflow/dags/exchange_rate_pipeline.py
[2025-03-19T05:14:53.209+0000] {logging_mixin.py:190} INFO - [2025-03-19T05:14:53.209+0000] {dag.py:3239} INFO - Sync 1 DAGs
[2025-03-19T05:14:53.277+0000] {logging_mixin.py:190} INFO - [2025-03-19T05:14:53.276+0000] {dag.py:4180} INFO - Setting next_dagrun for exchange_rate_etl to 2025-03-18 22:00:00+00:00, run_after=2025-03-19 22:00:00+00:00
[2025-03-19T05:14:53.379+0000] {processor.py:208} INFO - Processing /opt/airflow/dags/exchange_rate_pipeline.py took 0.280 seconds
[2025-03-19T05:15:24.035+0000] {processor.py:186} INFO - Started process (PID=362) to work on /opt/airflow/dags/exchange_rate_pipeline.py
[2025-03-19T05:15:24.037+0000] {processor.py:914} INFO - Processing file /opt/airflow/dags/exchange_rate_pipeline.py for tasks to queue
[2025-03-19T05:15:24.040+0000] {logging_mixin.py:190} INFO - [2025-03-19T05:15:24.039+0000] {dagbag.py:588} INFO - Filling up the DagBag from /opt/airflow/dags/exchange_rate_pipeline.py
[2025-03-19T05:15:24.115+0000] {processor.py:925} INFO - DAG(s) 'exchange_rate_etl' retrieved from /opt/airflow/dags/exchange_rate_pipeline.py
[2025-03-19T05:15:24.150+0000] {logging_mixin.py:190} INFO - [2025-03-19T05:15:24.150+0000] {dag.py:3239} INFO - Sync 1 DAGs
[2025-03-19T05:15:24.182+0000] {logging_mixin.py:190} INFO - [2025-03-19T05:15:24.182+0000] {dag.py:4180} INFO - Setting next_dagrun for exchange_rate_etl to 2025-03-18 22:00:00+00:00, run_after=2025-03-19 22:00:00+00:00
[2025-03-19T05:15:24.275+0000] {processor.py:208} INFO - Processing /opt/airflow/dags/exchange_rate_pipeline.py took 0.247 seconds
[2025-03-19T05:15:55.326+0000] {processor.py:186} INFO - Started process (PID=366) to work on /opt/airflow/dags/exchange_rate_pipeline.py
[2025-03-19T05:15:55.329+0000] {processor.py:914} INFO - Processing file /opt/airflow/dags/exchange_rate_pipeline.py for tasks to queue
[2025-03-19T05:15:55.331+0000] {logging_mixin.py:190} INFO - [2025-03-19T05:15:55.331+0000] {dagbag.py:588} INFO - Filling up the DagBag from /opt/airflow/dags/exchange_rate_pipeline.py
[2025-03-19T05:15:55.377+0000] {processor.py:925} INFO - DAG(s) 'exchange_rate_etl' retrieved from /opt/airflow/dags/exchange_rate_pipeline.py
[2025-03-19T05:15:55.418+0000] {logging_mixin.py:190} INFO - [2025-03-19T05:15:55.418+0000] {dag.py:3239} INFO - Sync 1 DAGs
[2025-03-19T05:15:55.474+0000] {logging_mixin.py:190} INFO - [2025-03-19T05:15:55.474+0000] {dag.py:4180} INFO - Setting next_dagrun for exchange_rate_etl to 2025-03-18 22:00:00+00:00, run_after=2025-03-19 22:00:00+00:00
[2025-03-19T05:15:55.576+0000] {processor.py:208} INFO - Processing /opt/airflow/dags/exchange_rate_pipeline.py took 0.257 seconds
[2025-03-19T05:16:26.774+0000] {processor.py:186} INFO - Started process (PID=370) to work on /opt/airflow/dags/exchange_rate_pipeline.py
[2025-03-19T05:16:26.776+0000] {processor.py:914} INFO - Processing file /opt/airflow/dags/exchange_rate_pipeline.py for tasks to queue
[2025-03-19T05:16:26.778+0000] {logging_mixin.py:190} INFO - [2025-03-19T05:16:26.778+0000] {dagbag.py:588} INFO - Filling up the DagBag from /opt/airflow/dags/exchange_rate_pipeline.py
[2025-03-19T05:16:26.824+0000] {processor.py:925} INFO - DAG(s) 'exchange_rate_etl' retrieved from /opt/airflow/dags/exchange_rate_pipeline.py
[2025-03-19T05:16:26.891+0000] {logging_mixin.py:190} INFO - [2025-03-19T05:16:26.891+0000] {dag.py:3239} INFO - Sync 1 DAGs
[2025-03-19T05:16:26.930+0000] {logging_mixin.py:190} INFO - [2025-03-19T05:16:26.929+0000] {dag.py:4180} INFO - Setting next_dagrun for exchange_rate_etl to 2025-03-18 22:00:00+00:00, run_after=2025-03-19 22:00:00+00:00
[2025-03-19T05:16:27.030+0000] {processor.py:208} INFO - Processing /opt/airflow/dags/exchange_rate_pipeline.py took 0.262 seconds
[2025-03-19T05:16:58.080+0000] {processor.py:186} INFO - Started process (PID=374) to work on /opt/airflow/dags/exchange_rate_pipeline.py
[2025-03-19T05:16:58.082+0000] {processor.py:914} INFO - Processing file /opt/airflow/dags/exchange_rate_pipeline.py for tasks to queue
[2025-03-19T05:16:58.084+0000] {logging_mixin.py:190} INFO - [2025-03-19T05:16:58.083+0000] {dagbag.py:588} INFO - Filling up the DagBag from /opt/airflow/dags/exchange_rate_pipeline.py
[2025-03-19T05:16:58.145+0000] {processor.py:925} INFO - DAG(s) 'exchange_rate_etl' retrieved from /opt/airflow/dags/exchange_rate_pipeline.py
[2025-03-19T05:16:58.198+0000] {logging_mixin.py:190} INFO - [2025-03-19T05:16:58.198+0000] {dag.py:3239} INFO - Sync 1 DAGs
[2025-03-19T05:16:58.241+0000] {logging_mixin.py:190} INFO - [2025-03-19T05:16:58.240+0000] {dag.py:4180} INFO - Setting next_dagrun for exchange_rate_etl to 2025-03-18 22:00:00+00:00, run_after=2025-03-19 22:00:00+00:00
[2025-03-19T05:16:58.378+0000] {processor.py:208} INFO - Processing /opt/airflow/dags/exchange_rate_pipeline.py took 0.310 seconds
[2025-03-19T05:17:28.560+0000] {processor.py:186} INFO - Started process (PID=378) to work on /opt/airflow/dags/exchange_rate_pipeline.py
[2025-03-19T05:17:28.562+0000] {processor.py:914} INFO - Processing file /opt/airflow/dags/exchange_rate_pipeline.py for tasks to queue
[2025-03-19T05:17:28.565+0000] {logging_mixin.py:190} INFO - [2025-03-19T05:17:28.564+0000] {dagbag.py:588} INFO - Filling up the DagBag from /opt/airflow/dags/exchange_rate_pipeline.py
[2025-03-19T05:17:28.626+0000] {processor.py:925} INFO - DAG(s) 'exchange_rate_etl' retrieved from /opt/airflow/dags/exchange_rate_pipeline.py
[2025-03-19T05:17:28.666+0000] {logging_mixin.py:190} INFO - [2025-03-19T05:17:28.666+0000] {dag.py:3239} INFO - Sync 1 DAGs
[2025-03-19T05:17:28.701+0000] {logging_mixin.py:190} INFO - [2025-03-19T05:17:28.700+0000] {dag.py:4180} INFO - Setting next_dagrun for exchange_rate_etl to 2025-03-18 22:00:00+00:00, run_after=2025-03-19 22:00:00+00:00
[2025-03-19T05:17:28.781+0000] {processor.py:208} INFO - Processing /opt/airflow/dags/exchange_rate_pipeline.py took 0.230 seconds
[2025-03-19T05:17:59.416+0000] {processor.py:186} INFO - Started process (PID=382) to work on /opt/airflow/dags/exchange_rate_pipeline.py
[2025-03-19T05:17:59.418+0000] {processor.py:914} INFO - Processing file /opt/airflow/dags/exchange_rate_pipeline.py for tasks to queue
[2025-03-19T05:17:59.419+0000] {logging_mixin.py:190} INFO - [2025-03-19T05:17:59.419+0000] {dagbag.py:588} INFO - Filling up the DagBag from /opt/airflow/dags/exchange_rate_pipeline.py
[2025-03-19T05:17:59.490+0000] {processor.py:925} INFO - DAG(s) 'exchange_rate_etl' retrieved from /opt/airflow/dags/exchange_rate_pipeline.py
[2025-03-19T05:17:59.535+0000] {logging_mixin.py:190} INFO - [2025-03-19T05:17:59.535+0000] {dag.py:3239} INFO - Sync 1 DAGs
[2025-03-19T05:17:59.579+0000] {logging_mixin.py:190} INFO - [2025-03-19T05:17:59.579+0000] {dag.py:4180} INFO - Setting next_dagrun for exchange_rate_etl to 2025-03-18 22:00:00+00:00, run_after=2025-03-19 22:00:00+00:00
[2025-03-19T05:17:59.672+0000] {processor.py:208} INFO - Processing /opt/airflow/dags/exchange_rate_pipeline.py took 0.261 seconds
[2025-03-19T05:18:29.905+0000] {processor.py:186} INFO - Started process (PID=385) to work on /opt/airflow/dags/exchange_rate_pipeline.py
[2025-03-19T05:18:29.908+0000] {processor.py:914} INFO - Processing file /opt/airflow/dags/exchange_rate_pipeline.py for tasks to queue
[2025-03-19T05:18:29.910+0000] {logging_mixin.py:190} INFO - [2025-03-19T05:18:29.909+0000] {dagbag.py:588} INFO - Filling up the DagBag from /opt/airflow/dags/exchange_rate_pipeline.py
[2025-03-19T05:18:29.967+0000] {processor.py:925} INFO - DAG(s) 'exchange_rate_etl' retrieved from /opt/airflow/dags/exchange_rate_pipeline.py
[2025-03-19T05:18:30.012+0000] {logging_mixin.py:190} INFO - [2025-03-19T05:18:30.011+0000] {dag.py:3239} INFO - Sync 1 DAGs
[2025-03-19T05:18:30.049+0000] {logging_mixin.py:190} INFO - [2025-03-19T05:18:30.048+0000] {dag.py:4180} INFO - Setting next_dagrun for exchange_rate_etl to 2025-03-18 22:00:00+00:00, run_after=2025-03-19 22:00:00+00:00
[2025-03-19T05:18:30.137+0000] {processor.py:208} INFO - Processing /opt/airflow/dags/exchange_rate_pipeline.py took 0.240 seconds
[2025-03-19T05:19:00.433+0000] {processor.py:186} INFO - Started process (PID=388) to work on /opt/airflow/dags/exchange_rate_pipeline.py
[2025-03-19T05:19:00.436+0000] {processor.py:914} INFO - Processing file /opt/airflow/dags/exchange_rate_pipeline.py for tasks to queue
[2025-03-19T05:19:00.441+0000] {logging_mixin.py:190} INFO - [2025-03-19T05:19:00.441+0000] {dagbag.py:588} INFO - Filling up the DagBag from /opt/airflow/dags/exchange_rate_pipeline.py
[2025-03-19T05:19:00.502+0000] {processor.py:925} INFO - DAG(s) 'exchange_rate_etl' retrieved from /opt/airflow/dags/exchange_rate_pipeline.py
[2025-03-19T05:19:00.560+0000] {logging_mixin.py:190} INFO - [2025-03-19T05:19:00.560+0000] {dag.py:3239} INFO - Sync 1 DAGs
[2025-03-19T05:19:00.617+0000] {logging_mixin.py:190} INFO - [2025-03-19T05:19:00.616+0000] {dag.py:4180} INFO - Setting next_dagrun for exchange_rate_etl to 2025-03-18 22:00:00+00:00, run_after=2025-03-19 22:00:00+00:00
[2025-03-19T05:19:00.807+0000] {processor.py:208} INFO - Processing /opt/airflow/dags/exchange_rate_pipeline.py took 0.387 seconds
[2025-03-19T05:19:31.708+0000] {processor.py:186} INFO - Started process (PID=391) to work on /opt/airflow/dags/exchange_rate_pipeline.py
[2025-03-19T05:19:31.710+0000] {processor.py:914} INFO - Processing file /opt/airflow/dags/exchange_rate_pipeline.py for tasks to queue
[2025-03-19T05:19:31.713+0000] {logging_mixin.py:190} INFO - [2025-03-19T05:19:31.712+0000] {dagbag.py:588} INFO - Filling up the DagBag from /opt/airflow/dags/exchange_rate_pipeline.py
[2025-03-19T05:19:31.765+0000] {processor.py:925} INFO - DAG(s) 'exchange_rate_etl' retrieved from /opt/airflow/dags/exchange_rate_pipeline.py
[2025-03-19T05:19:31.850+0000] {logging_mixin.py:190} INFO - [2025-03-19T05:19:31.850+0000] {dag.py:3239} INFO - Sync 1 DAGs
[2025-03-19T05:19:31.886+0000] {logging_mixin.py:190} INFO - [2025-03-19T05:19:31.885+0000] {dag.py:4180} INFO - Setting next_dagrun for exchange_rate_etl to 2025-03-18 22:00:00+00:00, run_after=2025-03-19 22:00:00+00:00
[2025-03-19T05:19:31.963+0000] {processor.py:208} INFO - Processing /opt/airflow/dags/exchange_rate_pipeline.py took 0.268 seconds
[2025-03-19T05:20:02.149+0000] {processor.py:186} INFO - Started process (PID=394) to work on /opt/airflow/dags/exchange_rate_pipeline.py
[2025-03-19T05:20:02.156+0000] {processor.py:914} INFO - Processing file /opt/airflow/dags/exchange_rate_pipeline.py for tasks to queue
[2025-03-19T05:20:02.160+0000] {logging_mixin.py:190} INFO - [2025-03-19T05:20:02.158+0000] {dagbag.py:588} INFO - Filling up the DagBag from /opt/airflow/dags/exchange_rate_pipeline.py
[2025-03-19T05:20:02.224+0000] {processor.py:925} INFO - DAG(s) 'exchange_rate_etl' retrieved from /opt/airflow/dags/exchange_rate_pipeline.py
[2025-03-19T05:20:02.267+0000] {logging_mixin.py:190} INFO - [2025-03-19T05:20:02.266+0000] {dag.py:3239} INFO - Sync 1 DAGs
[2025-03-19T05:20:02.297+0000] {logging_mixin.py:190} INFO - [2025-03-19T05:20:02.297+0000] {dag.py:4180} INFO - Setting next_dagrun for exchange_rate_etl to 2025-03-18 22:00:00+00:00, run_after=2025-03-19 22:00:00+00:00
[2025-03-19T05:20:02.378+0000] {processor.py:208} INFO - Processing /opt/airflow/dags/exchange_rate_pipeline.py took 0.242 seconds
[2025-03-19T05:20:32.884+0000] {processor.py:186} INFO - Started process (PID=397) to work on /opt/airflow/dags/exchange_rate_pipeline.py
[2025-03-19T05:20:32.886+0000] {processor.py:914} INFO - Processing file /opt/airflow/dags/exchange_rate_pipeline.py for tasks to queue
[2025-03-19T05:20:32.888+0000] {logging_mixin.py:190} INFO - [2025-03-19T05:20:32.887+0000] {dagbag.py:588} INFO - Filling up the DagBag from /opt/airflow/dags/exchange_rate_pipeline.py
[2025-03-19T05:20:32.940+0000] {processor.py:925} INFO - DAG(s) 'exchange_rate_etl' retrieved from /opt/airflow/dags/exchange_rate_pipeline.py
[2025-03-19T05:20:32.982+0000] {logging_mixin.py:190} INFO - [2025-03-19T05:20:32.982+0000] {dag.py:3239} INFO - Sync 1 DAGs
[2025-03-19T05:20:33.027+0000] {logging_mixin.py:190} INFO - [2025-03-19T05:20:33.027+0000] {dag.py:4180} INFO - Setting next_dagrun for exchange_rate_etl to 2025-03-18 22:00:00+00:00, run_after=2025-03-19 22:00:00+00:00
[2025-03-19T05:20:33.175+0000] {processor.py:208} INFO - Processing /opt/airflow/dags/exchange_rate_pipeline.py took 0.299 seconds
[2025-03-19T05:21:03.755+0000] {processor.py:186} INFO - Started process (PID=400) to work on /opt/airflow/dags/exchange_rate_pipeline.py
[2025-03-19T05:21:03.759+0000] {processor.py:914} INFO - Processing file /opt/airflow/dags/exchange_rate_pipeline.py for tasks to queue
[2025-03-19T05:21:03.761+0000] {logging_mixin.py:190} INFO - [2025-03-19T05:21:03.760+0000] {dagbag.py:588} INFO - Filling up the DagBag from /opt/airflow/dags/exchange_rate_pipeline.py
[2025-03-19T05:21:03.833+0000] {processor.py:925} INFO - DAG(s) 'exchange_rate_etl' retrieved from /opt/airflow/dags/exchange_rate_pipeline.py
[2025-03-19T05:21:03.911+0000] {logging_mixin.py:190} INFO - [2025-03-19T05:21:03.911+0000] {dag.py:3239} INFO - Sync 1 DAGs
[2025-03-19T05:21:03.975+0000] {logging_mixin.py:190} INFO - [2025-03-19T05:21:03.975+0000] {dag.py:4180} INFO - Setting next_dagrun for exchange_rate_etl to 2025-03-18 22:00:00+00:00, run_after=2025-03-19 22:00:00+00:00
[2025-03-19T05:21:04.106+0000] {processor.py:208} INFO - Processing /opt/airflow/dags/exchange_rate_pipeline.py took 0.364 seconds
[2025-03-19T05:21:34.530+0000] {processor.py:186} INFO - Started process (PID=403) to work on /opt/airflow/dags/exchange_rate_pipeline.py
[2025-03-19T05:21:34.532+0000] {processor.py:914} INFO - Processing file /opt/airflow/dags/exchange_rate_pipeline.py for tasks to queue
[2025-03-19T05:21:34.535+0000] {logging_mixin.py:190} INFO - [2025-03-19T05:21:34.534+0000] {dagbag.py:588} INFO - Filling up the DagBag from /opt/airflow/dags/exchange_rate_pipeline.py
[2025-03-19T05:21:34.593+0000] {processor.py:925} INFO - DAG(s) 'exchange_rate_etl' retrieved from /opt/airflow/dags/exchange_rate_pipeline.py
[2025-03-19T05:21:34.676+0000] {logging_mixin.py:190} INFO - [2025-03-19T05:21:34.675+0000] {dag.py:3239} INFO - Sync 1 DAGs
[2025-03-19T05:21:34.724+0000] {logging_mixin.py:190} INFO - [2025-03-19T05:21:34.724+0000] {dag.py:4180} INFO - Setting next_dagrun for exchange_rate_etl to 2025-03-18 22:00:00+00:00, run_after=2025-03-19 22:00:00+00:00
[2025-03-19T05:21:34.815+0000] {processor.py:208} INFO - Processing /opt/airflow/dags/exchange_rate_pipeline.py took 0.296 seconds
[2025-03-19T05:22:42.746+0000] {processor.py:186} INFO - Started process (PID=87) to work on /opt/airflow/dags/exchange_rate_pipeline.py
[2025-03-19T05:22:42.748+0000] {processor.py:914} INFO - Processing file /opt/airflow/dags/exchange_rate_pipeline.py for tasks to queue
[2025-03-19T05:22:42.751+0000] {logging_mixin.py:190} INFO - [2025-03-19T05:22:42.751+0000] {dagbag.py:588} INFO - Filling up the DagBag from /opt/airflow/dags/exchange_rate_pipeline.py
[2025-03-19T05:22:42.886+0000] {processor.py:925} INFO - DAG(s) 'exchange_rate_etl' retrieved from /opt/airflow/dags/exchange_rate_pipeline.py
[2025-03-19T05:22:42.968+0000] {logging_mixin.py:190} INFO - [2025-03-19T05:22:42.968+0000] {dag.py:3239} INFO - Sync 1 DAGs
[2025-03-19T05:22:43.012+0000] {logging_mixin.py:190} INFO - [2025-03-19T05:22:43.012+0000] {dag.py:4180} INFO - Setting next_dagrun for exchange_rate_etl to 2025-03-18 22:00:00+00:00, run_after=2025-03-19 22:00:00+00:00
[2025-03-19T05:22:43.093+0000] {processor.py:208} INFO - Processing /opt/airflow/dags/exchange_rate_pipeline.py took 0.356 seconds
[2025-03-19T05:23:13.612+0000] {processor.py:186} INFO - Started process (PID=117) to work on /opt/airflow/dags/exchange_rate_pipeline.py
[2025-03-19T05:23:13.614+0000] {processor.py:914} INFO - Processing file /opt/airflow/dags/exchange_rate_pipeline.py for tasks to queue
[2025-03-19T05:23:13.620+0000] {logging_mixin.py:190} INFO - [2025-03-19T05:23:13.619+0000] {dagbag.py:588} INFO - Filling up the DagBag from /opt/airflow/dags/exchange_rate_pipeline.py
[2025-03-19T05:23:13.663+0000] {processor.py:925} INFO - DAG(s) 'exchange_rate_etl' retrieved from /opt/airflow/dags/exchange_rate_pipeline.py
[2025-03-19T05:23:13.694+0000] {logging_mixin.py:190} INFO - [2025-03-19T05:23:13.693+0000] {dag.py:3239} INFO - Sync 1 DAGs
[2025-03-19T05:23:13.734+0000] {logging_mixin.py:190} INFO - [2025-03-19T05:23:13.734+0000] {dag.py:4180} INFO - Setting next_dagrun for exchange_rate_etl to 2025-03-18 22:00:00+00:00, run_after=2025-03-19 22:00:00+00:00
[2025-03-19T05:23:13.816+0000] {processor.py:208} INFO - Processing /opt/airflow/dags/exchange_rate_pipeline.py took 0.212 seconds
[2025-03-19T05:23:44.864+0000] {processor.py:186} INFO - Started process (PID=121) to work on /opt/airflow/dags/exchange_rate_pipeline.py
[2025-03-19T05:23:44.865+0000] {processor.py:914} INFO - Processing file /opt/airflow/dags/exchange_rate_pipeline.py for tasks to queue
[2025-03-19T05:23:44.868+0000] {logging_mixin.py:190} INFO - [2025-03-19T05:23:44.867+0000] {dagbag.py:588} INFO - Filling up the DagBag from /opt/airflow/dags/exchange_rate_pipeline.py
[2025-03-19T05:23:44.903+0000] {processor.py:925} INFO - DAG(s) 'exchange_rate_etl' retrieved from /opt/airflow/dags/exchange_rate_pipeline.py
[2025-03-19T05:23:44.947+0000] {logging_mixin.py:190} INFO - [2025-03-19T05:23:44.947+0000] {dag.py:3239} INFO - Sync 1 DAGs
[2025-03-19T05:23:45.018+0000] {logging_mixin.py:190} INFO - [2025-03-19T05:23:45.017+0000] {dag.py:4180} INFO - Setting next_dagrun for exchange_rate_etl to 2025-03-18 22:00:00+00:00, run_after=2025-03-19 22:00:00+00:00
[2025-03-19T05:23:45.101+0000] {processor.py:208} INFO - Processing /opt/airflow/dags/exchange_rate_pipeline.py took 0.242 seconds
