[2025-03-19T04:48:29.877+0000] {processor.py:186} INFO - Started process (PID=148) to work on /opt/airflow/dags/git_repo_dag.py
[2025-03-19T04:48:29.879+0000] {processor.py:914} INFO - Processing file /opt/airflow/dags/git_repo_dag.py for tasks to queue
[2025-03-19T04:48:29.884+0000] {logging_mixin.py:190} INFO - [2025-03-19T04:48:29.883+0000] {dagbag.py:588} INFO - Filling up the DagBag from /opt/airflow/dags/git_repo_dag.py
[2025-03-19T04:48:29.935+0000] {processor.py:925} INFO - DAG(s) 'git_repo_dag' retrieved from /opt/airflow/dags/git_repo_dag.py
[2025-03-19T04:48:30.259+0000] {logging_mixin.py:190} INFO - [2025-03-19T04:48:30.259+0000] {dag.py:3239} INFO - Sync 1 DAGs
[2025-03-19T04:48:30.311+0000] {logging_mixin.py:190} INFO - [2025-03-19T04:48:30.311+0000] {dag.py:4180} INFO - Setting next_dagrun for git_repo_dag to 2025-03-18 21:00:00+00:00, run_after=2025-03-19 21:00:00+00:00
[2025-03-19T04:48:30.465+0000] {processor.py:208} INFO - Processing /opt/airflow/dags/git_repo_dag.py took 0.598 seconds
[2025-03-19T04:49:03.895+0000] {processor.py:186} INFO - Started process (PID=242) to work on /opt/airflow/dags/git_repo_dag.py
[2025-03-19T04:49:03.896+0000] {processor.py:914} INFO - Processing file /opt/airflow/dags/git_repo_dag.py for tasks to queue
[2025-03-19T04:49:03.899+0000] {logging_mixin.py:190} INFO - [2025-03-19T04:49:03.899+0000] {dagbag.py:588} INFO - Filling up the DagBag from /opt/airflow/dags/git_repo_dag.py
[2025-03-19T04:49:03.928+0000] {processor.py:925} INFO - DAG(s) 'git_repo_dag' retrieved from /opt/airflow/dags/git_repo_dag.py
[2025-03-19T04:49:03.966+0000] {logging_mixin.py:190} INFO - [2025-03-19T04:49:03.966+0000] {dag.py:3239} INFO - Sync 1 DAGs
[2025-03-19T04:49:03.991+0000] {logging_mixin.py:190} INFO - [2025-03-19T04:49:03.991+0000] {dag.py:4180} INFO - Setting next_dagrun for git_repo_dag to 2025-03-18 21:00:00+00:00, run_after=2025-03-19 21:00:00+00:00
[2025-03-19T04:49:04.131+0000] {processor.py:208} INFO - Processing /opt/airflow/dags/git_repo_dag.py took 0.241 seconds
[2025-03-19T04:49:34.510+0000] {processor.py:186} INFO - Started process (PID=246) to work on /opt/airflow/dags/git_repo_dag.py
[2025-03-19T04:49:34.511+0000] {processor.py:914} INFO - Processing file /opt/airflow/dags/git_repo_dag.py for tasks to queue
[2025-03-19T04:49:34.515+0000] {logging_mixin.py:190} INFO - [2025-03-19T04:49:34.514+0000] {dagbag.py:588} INFO - Filling up the DagBag from /opt/airflow/dags/git_repo_dag.py
[2025-03-19T04:49:34.553+0000] {processor.py:925} INFO - DAG(s) 'git_repo_dag' retrieved from /opt/airflow/dags/git_repo_dag.py
[2025-03-19T04:49:34.615+0000] {logging_mixin.py:190} INFO - [2025-03-19T04:49:34.614+0000] {dag.py:3239} INFO - Sync 1 DAGs
[2025-03-19T04:49:34.660+0000] {logging_mixin.py:190} INFO - [2025-03-19T04:49:34.660+0000] {dag.py:4180} INFO - Setting next_dagrun for git_repo_dag to 2025-03-18 21:00:00+00:00, run_after=2025-03-19 21:00:00+00:00
[2025-03-19T04:49:34.758+0000] {processor.py:208} INFO - Processing /opt/airflow/dags/git_repo_dag.py took 0.254 seconds
[2025-03-19T04:50:04.863+0000] {processor.py:186} INFO - Started process (PID=250) to work on /opt/airflow/dags/git_repo_dag.py
[2025-03-19T04:50:04.865+0000] {processor.py:914} INFO - Processing file /opt/airflow/dags/git_repo_dag.py for tasks to queue
[2025-03-19T04:50:04.873+0000] {logging_mixin.py:190} INFO - [2025-03-19T04:50:04.873+0000] {dagbag.py:588} INFO - Filling up the DagBag from /opt/airflow/dags/git_repo_dag.py
[2025-03-19T04:50:04.908+0000] {processor.py:925} INFO - DAG(s) 'git_repo_dag' retrieved from /opt/airflow/dags/git_repo_dag.py
[2025-03-19T04:50:04.958+0000] {logging_mixin.py:190} INFO - [2025-03-19T04:50:04.958+0000] {dag.py:3239} INFO - Sync 1 DAGs
[2025-03-19T04:50:05.005+0000] {logging_mixin.py:190} INFO - [2025-03-19T04:50:05.005+0000] {dag.py:4180} INFO - Setting next_dagrun for git_repo_dag to 2025-03-18 21:00:00+00:00, run_after=2025-03-19 21:00:00+00:00
[2025-03-19T04:50:05.079+0000] {processor.py:208} INFO - Processing /opt/airflow/dags/git_repo_dag.py took 0.226 seconds
[2025-03-19T04:50:35.961+0000] {processor.py:186} INFO - Started process (PID=254) to work on /opt/airflow/dags/git_repo_dag.py
[2025-03-19T04:50:35.963+0000] {processor.py:914} INFO - Processing file /opt/airflow/dags/git_repo_dag.py for tasks to queue
[2025-03-19T04:50:35.968+0000] {logging_mixin.py:190} INFO - [2025-03-19T04:50:35.967+0000] {dagbag.py:588} INFO - Filling up the DagBag from /opt/airflow/dags/git_repo_dag.py
[2025-03-19T04:50:36.033+0000] {processor.py:925} INFO - DAG(s) 'git_repo_dag' retrieved from /opt/airflow/dags/git_repo_dag.py
[2025-03-19T04:50:36.080+0000] {logging_mixin.py:190} INFO - [2025-03-19T04:50:36.080+0000] {dag.py:3239} INFO - Sync 1 DAGs
[2025-03-19T04:50:36.118+0000] {logging_mixin.py:190} INFO - [2025-03-19T04:50:36.118+0000] {dag.py:4180} INFO - Setting next_dagrun for git_repo_dag to 2025-03-18 21:00:00+00:00, run_after=2025-03-19 21:00:00+00:00
[2025-03-19T04:50:36.187+0000] {processor.py:208} INFO - Processing /opt/airflow/dags/git_repo_dag.py took 0.234 seconds
[2025-03-19T04:51:07.222+0000] {processor.py:186} INFO - Started process (PID=258) to work on /opt/airflow/dags/git_repo_dag.py
[2025-03-19T04:51:07.224+0000] {processor.py:914} INFO - Processing file /opt/airflow/dags/git_repo_dag.py for tasks to queue
[2025-03-19T04:51:07.228+0000] {logging_mixin.py:190} INFO - [2025-03-19T04:51:07.227+0000] {dagbag.py:588} INFO - Filling up the DagBag from /opt/airflow/dags/git_repo_dag.py
[2025-03-19T04:51:07.262+0000] {processor.py:925} INFO - DAG(s) 'git_repo_dag' retrieved from /opt/airflow/dags/git_repo_dag.py
[2025-03-19T04:51:07.319+0000] {logging_mixin.py:190} INFO - [2025-03-19T04:51:07.318+0000] {dag.py:3239} INFO - Sync 1 DAGs
[2025-03-19T04:51:07.358+0000] {logging_mixin.py:190} INFO - [2025-03-19T04:51:07.358+0000] {dag.py:4180} INFO - Setting next_dagrun for git_repo_dag to 2025-03-18 21:00:00+00:00, run_after=2025-03-19 21:00:00+00:00
[2025-03-19T04:51:07.440+0000] {processor.py:208} INFO - Processing /opt/airflow/dags/git_repo_dag.py took 0.226 seconds
[2025-03-19T04:51:37.667+0000] {processor.py:186} INFO - Started process (PID=262) to work on /opt/airflow/dags/git_repo_dag.py
[2025-03-19T04:51:37.668+0000] {processor.py:914} INFO - Processing file /opt/airflow/dags/git_repo_dag.py for tasks to queue
[2025-03-19T04:51:37.671+0000] {logging_mixin.py:190} INFO - [2025-03-19T04:51:37.671+0000] {dagbag.py:588} INFO - Filling up the DagBag from /opt/airflow/dags/git_repo_dag.py
[2025-03-19T04:51:37.707+0000] {processor.py:925} INFO - DAG(s) 'git_repo_dag' retrieved from /opt/airflow/dags/git_repo_dag.py
[2025-03-19T04:51:37.755+0000] {logging_mixin.py:190} INFO - [2025-03-19T04:51:37.754+0000] {dag.py:3239} INFO - Sync 1 DAGs
[2025-03-19T04:51:37.802+0000] {logging_mixin.py:190} INFO - [2025-03-19T04:51:37.801+0000] {dag.py:4180} INFO - Setting next_dagrun for git_repo_dag to 2025-03-18 21:00:00+00:00, run_after=2025-03-19 21:00:00+00:00
[2025-03-19T04:51:37.913+0000] {processor.py:208} INFO - Processing /opt/airflow/dags/git_repo_dag.py took 0.252 seconds
[2025-03-19T04:52:29.584+0000] {processor.py:186} INFO - Started process (PID=88) to work on /opt/airflow/dags/git_repo_dag.py
[2025-03-19T04:52:29.586+0000] {processor.py:914} INFO - Processing file /opt/airflow/dags/git_repo_dag.py for tasks to queue
[2025-03-19T04:52:29.591+0000] {logging_mixin.py:190} INFO - [2025-03-19T04:52:29.590+0000] {dagbag.py:588} INFO - Filling up the DagBag from /opt/airflow/dags/git_repo_dag.py
[2025-03-19T04:52:29.638+0000] {processor.py:925} INFO - DAG(s) 'git_repo_dag' retrieved from /opt/airflow/dags/git_repo_dag.py
[2025-03-19T04:52:29.706+0000] {logging_mixin.py:190} INFO - [2025-03-19T04:52:29.706+0000] {dag.py:3239} INFO - Sync 1 DAGs
[2025-03-19T04:52:29.754+0000] {logging_mixin.py:190} INFO - [2025-03-19T04:52:29.753+0000] {dag.py:4180} INFO - Setting next_dagrun for git_repo_dag to 2025-03-18 21:00:00+00:00, run_after=2025-03-19 21:00:00+00:00
[2025-03-19T04:52:29.882+0000] {processor.py:208} INFO - Processing /opt/airflow/dags/git_repo_dag.py took 0.307 seconds
[2025-03-19T04:53:01.292+0000] {processor.py:186} INFO - Started process (PID=119) to work on /opt/airflow/dags/git_repo_dag.py
[2025-03-19T04:53:01.294+0000] {processor.py:914} INFO - Processing file /opt/airflow/dags/git_repo_dag.py for tasks to queue
[2025-03-19T04:53:01.301+0000] {logging_mixin.py:190} INFO - [2025-03-19T04:53:01.300+0000] {dagbag.py:588} INFO - Filling up the DagBag from /opt/airflow/dags/git_repo_dag.py
[2025-03-19T04:53:01.350+0000] {processor.py:925} INFO - DAG(s) 'git_repo_dag' retrieved from /opt/airflow/dags/git_repo_dag.py
[2025-03-19T04:53:01.424+0000] {logging_mixin.py:190} INFO - [2025-03-19T04:53:01.424+0000] {dag.py:3239} INFO - Sync 1 DAGs
[2025-03-19T04:53:01.533+0000] {logging_mixin.py:190} INFO - [2025-03-19T04:53:01.533+0000] {dag.py:4180} INFO - Setting next_dagrun for git_repo_dag to 2025-03-18 21:00:00+00:00, run_after=2025-03-19 21:00:00+00:00
[2025-03-19T04:53:01.652+0000] {processor.py:208} INFO - Processing /opt/airflow/dags/git_repo_dag.py took 0.370 seconds
[2025-03-19T04:53:32.168+0000] {processor.py:186} INFO - Started process (PID=124) to work on /opt/airflow/dags/git_repo_dag.py
[2025-03-19T04:53:32.169+0000] {processor.py:914} INFO - Processing file /opt/airflow/dags/git_repo_dag.py for tasks to queue
[2025-03-19T04:53:32.171+0000] {logging_mixin.py:190} INFO - [2025-03-19T04:53:32.171+0000] {dagbag.py:588} INFO - Filling up the DagBag from /opt/airflow/dags/git_repo_dag.py
[2025-03-19T04:53:32.202+0000] {processor.py:925} INFO - DAG(s) 'git_repo_dag' retrieved from /opt/airflow/dags/git_repo_dag.py
[2025-03-19T04:53:32.241+0000] {logging_mixin.py:190} INFO - [2025-03-19T04:53:32.241+0000] {dag.py:3239} INFO - Sync 1 DAGs
[2025-03-19T04:53:32.269+0000] {logging_mixin.py:190} INFO - [2025-03-19T04:53:32.269+0000] {dag.py:4180} INFO - Setting next_dagrun for git_repo_dag to 2025-03-18 21:00:00+00:00, run_after=2025-03-19 21:00:00+00:00
[2025-03-19T04:53:32.339+0000] {processor.py:208} INFO - Processing /opt/airflow/dags/git_repo_dag.py took 0.179 seconds
[2025-03-19T04:54:03.320+0000] {processor.py:186} INFO - Started process (PID=129) to work on /opt/airflow/dags/git_repo_dag.py
[2025-03-19T04:54:03.321+0000] {processor.py:914} INFO - Processing file /opt/airflow/dags/git_repo_dag.py for tasks to queue
[2025-03-19T04:54:03.324+0000] {logging_mixin.py:190} INFO - [2025-03-19T04:54:03.324+0000] {dagbag.py:588} INFO - Filling up the DagBag from /opt/airflow/dags/git_repo_dag.py
[2025-03-19T04:54:03.364+0000] {processor.py:925} INFO - DAG(s) 'git_repo_dag' retrieved from /opt/airflow/dags/git_repo_dag.py
[2025-03-19T04:54:03.408+0000] {logging_mixin.py:190} INFO - [2025-03-19T04:54:03.407+0000] {dag.py:3239} INFO - Sync 1 DAGs
[2025-03-19T04:54:03.437+0000] {logging_mixin.py:190} INFO - [2025-03-19T04:54:03.437+0000] {dag.py:4180} INFO - Setting next_dagrun for git_repo_dag to 2025-03-18 21:00:00+00:00, run_after=2025-03-19 21:00:00+00:00
[2025-03-19T04:54:03.524+0000] {processor.py:208} INFO - Processing /opt/airflow/dags/git_repo_dag.py took 0.209 seconds
[2025-03-19T04:54:34.835+0000] {processor.py:186} INFO - Started process (PID=134) to work on /opt/airflow/dags/git_repo_dag.py
[2025-03-19T04:54:34.837+0000] {processor.py:914} INFO - Processing file /opt/airflow/dags/git_repo_dag.py for tasks to queue
[2025-03-19T04:54:34.842+0000] {logging_mixin.py:190} INFO - [2025-03-19T04:54:34.841+0000] {dagbag.py:588} INFO - Filling up the DagBag from /opt/airflow/dags/git_repo_dag.py
[2025-03-19T04:54:34.884+0000] {processor.py:925} INFO - DAG(s) 'git_repo_dag' retrieved from /opt/airflow/dags/git_repo_dag.py
[2025-03-19T04:54:34.963+0000] {logging_mixin.py:190} INFO - [2025-03-19T04:54:34.962+0000] {dag.py:3239} INFO - Sync 1 DAGs
[2025-03-19T04:54:34.997+0000] {logging_mixin.py:190} INFO - [2025-03-19T04:54:34.997+0000] {dag.py:4180} INFO - Setting next_dagrun for git_repo_dag to 2025-03-18 21:00:00+00:00, run_after=2025-03-19 21:00:00+00:00
[2025-03-19T04:54:35.075+0000] {processor.py:208} INFO - Processing /opt/airflow/dags/git_repo_dag.py took 0.251 seconds
[2025-03-19T04:55:06.103+0000] {processor.py:186} INFO - Started process (PID=139) to work on /opt/airflow/dags/git_repo_dag.py
[2025-03-19T04:55:06.105+0000] {processor.py:914} INFO - Processing file /opt/airflow/dags/git_repo_dag.py for tasks to queue
[2025-03-19T04:55:06.109+0000] {logging_mixin.py:190} INFO - [2025-03-19T04:55:06.109+0000] {dagbag.py:588} INFO - Filling up the DagBag from /opt/airflow/dags/git_repo_dag.py
[2025-03-19T04:55:06.156+0000] {processor.py:925} INFO - DAG(s) 'git_repo_dag' retrieved from /opt/airflow/dags/git_repo_dag.py
[2025-03-19T04:55:06.193+0000] {logging_mixin.py:190} INFO - [2025-03-19T04:55:06.193+0000] {dag.py:3239} INFO - Sync 1 DAGs
[2025-03-19T04:55:06.225+0000] {logging_mixin.py:190} INFO - [2025-03-19T04:55:06.225+0000] {dag.py:4180} INFO - Setting next_dagrun for git_repo_dag to 2025-03-18 21:00:00+00:00, run_after=2025-03-19 21:00:00+00:00
[2025-03-19T04:55:06.319+0000] {processor.py:208} INFO - Processing /opt/airflow/dags/git_repo_dag.py took 0.223 seconds
[2025-03-19T04:55:36.868+0000] {processor.py:186} INFO - Started process (PID=144) to work on /opt/airflow/dags/git_repo_dag.py
[2025-03-19T04:55:36.869+0000] {processor.py:914} INFO - Processing file /opt/airflow/dags/git_repo_dag.py for tasks to queue
[2025-03-19T04:55:36.871+0000] {logging_mixin.py:190} INFO - [2025-03-19T04:55:36.871+0000] {dagbag.py:588} INFO - Filling up the DagBag from /opt/airflow/dags/git_repo_dag.py
[2025-03-19T04:55:36.901+0000] {processor.py:925} INFO - DAG(s) 'git_repo_dag' retrieved from /opt/airflow/dags/git_repo_dag.py
[2025-03-19T04:55:36.942+0000] {logging_mixin.py:190} INFO - [2025-03-19T04:55:36.942+0000] {dag.py:3239} INFO - Sync 1 DAGs
[2025-03-19T04:55:36.972+0000] {logging_mixin.py:190} INFO - [2025-03-19T04:55:36.972+0000] {dag.py:4180} INFO - Setting next_dagrun for git_repo_dag to 2025-03-18 21:00:00+00:00, run_after=2025-03-19 21:00:00+00:00
[2025-03-19T04:55:37.079+0000] {processor.py:208} INFO - Processing /opt/airflow/dags/git_repo_dag.py took 0.217 seconds
[2025-03-19T04:56:08.259+0000] {processor.py:186} INFO - Started process (PID=150) to work on /opt/airflow/dags/git_repo_dag.py
[2025-03-19T04:56:08.261+0000] {processor.py:914} INFO - Processing file /opt/airflow/dags/git_repo_dag.py for tasks to queue
[2025-03-19T04:56:08.265+0000] {logging_mixin.py:190} INFO - [2025-03-19T04:56:08.265+0000] {dagbag.py:588} INFO - Filling up the DagBag from /opt/airflow/dags/git_repo_dag.py
[2025-03-19T04:56:08.300+0000] {processor.py:925} INFO - DAG(s) 'git_repo_dag' retrieved from /opt/airflow/dags/git_repo_dag.py
[2025-03-19T04:56:08.344+0000] {logging_mixin.py:190} INFO - [2025-03-19T04:56:08.344+0000] {dag.py:3239} INFO - Sync 1 DAGs
[2025-03-19T04:56:08.387+0000] {logging_mixin.py:190} INFO - [2025-03-19T04:56:08.387+0000] {dag.py:4180} INFO - Setting next_dagrun for git_repo_dag to 2025-03-18 21:00:00+00:00, run_after=2025-03-19 21:00:00+00:00
[2025-03-19T04:56:08.527+0000] {processor.py:208} INFO - Processing /opt/airflow/dags/git_repo_dag.py took 0.277 seconds
[2025-03-19T04:56:39.701+0000] {processor.py:186} INFO - Started process (PID=155) to work on /opt/airflow/dags/git_repo_dag.py
[2025-03-19T04:56:39.702+0000] {processor.py:914} INFO - Processing file /opt/airflow/dags/git_repo_dag.py for tasks to queue
[2025-03-19T04:56:39.710+0000] {logging_mixin.py:190} INFO - [2025-03-19T04:56:39.709+0000] {dagbag.py:588} INFO - Filling up the DagBag from /opt/airflow/dags/git_repo_dag.py
[2025-03-19T04:56:39.747+0000] {processor.py:925} INFO - DAG(s) 'git_repo_dag' retrieved from /opt/airflow/dags/git_repo_dag.py
[2025-03-19T04:56:39.797+0000] {logging_mixin.py:190} INFO - [2025-03-19T04:56:39.797+0000] {dag.py:3239} INFO - Sync 1 DAGs
[2025-03-19T04:56:39.829+0000] {logging_mixin.py:190} INFO - [2025-03-19T04:56:39.829+0000] {dag.py:4180} INFO - Setting next_dagrun for git_repo_dag to 2025-03-18 21:00:00+00:00, run_after=2025-03-19 21:00:00+00:00
[2025-03-19T04:56:39.946+0000] {processor.py:208} INFO - Processing /opt/airflow/dags/git_repo_dag.py took 0.251 seconds
[2025-03-19T04:57:11.183+0000] {processor.py:186} INFO - Started process (PID=160) to work on /opt/airflow/dags/git_repo_dag.py
[2025-03-19T04:57:11.185+0000] {processor.py:914} INFO - Processing file /opt/airflow/dags/git_repo_dag.py for tasks to queue
[2025-03-19T04:57:11.188+0000] {logging_mixin.py:190} INFO - [2025-03-19T04:57:11.187+0000] {dagbag.py:588} INFO - Filling up the DagBag from /opt/airflow/dags/git_repo_dag.py
[2025-03-19T04:57:11.222+0000] {processor.py:925} INFO - DAG(s) 'git_repo_dag' retrieved from /opt/airflow/dags/git_repo_dag.py
[2025-03-19T04:57:11.320+0000] {logging_mixin.py:190} INFO - [2025-03-19T04:57:11.320+0000] {dag.py:3239} INFO - Sync 1 DAGs
[2025-03-19T04:57:11.378+0000] {logging_mixin.py:190} INFO - [2025-03-19T04:57:11.378+0000] {dag.py:4180} INFO - Setting next_dagrun for git_repo_dag to 2025-03-18 21:00:00+00:00, run_after=2025-03-19 21:00:00+00:00
[2025-03-19T04:57:11.471+0000] {processor.py:208} INFO - Processing /opt/airflow/dags/git_repo_dag.py took 0.294 seconds
[2025-03-19T04:57:42.797+0000] {processor.py:186} INFO - Started process (PID=166) to work on /opt/airflow/dags/git_repo_dag.py
[2025-03-19T04:57:42.798+0000] {processor.py:914} INFO - Processing file /opt/airflow/dags/git_repo_dag.py for tasks to queue
[2025-03-19T04:57:42.801+0000] {logging_mixin.py:190} INFO - [2025-03-19T04:57:42.800+0000] {dagbag.py:588} INFO - Filling up the DagBag from /opt/airflow/dags/git_repo_dag.py
[2025-03-19T04:57:42.824+0000] {processor.py:925} INFO - DAG(s) 'git_repo_dag' retrieved from /opt/airflow/dags/git_repo_dag.py
[2025-03-19T04:57:42.880+0000] {logging_mixin.py:190} INFO - [2025-03-19T04:57:42.880+0000] {dag.py:3239} INFO - Sync 1 DAGs
[2025-03-19T04:57:42.940+0000] {logging_mixin.py:190} INFO - [2025-03-19T04:57:42.940+0000] {dag.py:4180} INFO - Setting next_dagrun for git_repo_dag to 2025-03-18 21:00:00+00:00, run_after=2025-03-19 21:00:00+00:00
[2025-03-19T04:57:43.038+0000] {processor.py:208} INFO - Processing /opt/airflow/dags/git_repo_dag.py took 0.246 seconds
[2025-03-19T04:58:13.199+0000] {processor.py:186} INFO - Started process (PID=171) to work on /opt/airflow/dags/git_repo_dag.py
[2025-03-19T04:58:13.201+0000] {processor.py:914} INFO - Processing file /opt/airflow/dags/git_repo_dag.py for tasks to queue
[2025-03-19T04:58:13.204+0000] {logging_mixin.py:190} INFO - [2025-03-19T04:58:13.204+0000] {dagbag.py:588} INFO - Filling up the DagBag from /opt/airflow/dags/git_repo_dag.py
[2025-03-19T04:58:13.240+0000] {processor.py:925} INFO - DAG(s) 'git_repo_dag' retrieved from /opt/airflow/dags/git_repo_dag.py
[2025-03-19T04:58:13.305+0000] {logging_mixin.py:190} INFO - [2025-03-19T04:58:13.305+0000] {dag.py:3239} INFO - Sync 1 DAGs
[2025-03-19T04:58:13.366+0000] {logging_mixin.py:190} INFO - [2025-03-19T04:58:13.365+0000] {dag.py:4180} INFO - Setting next_dagrun for git_repo_dag to 2025-03-18 21:00:00+00:00, run_after=2025-03-19 21:00:00+00:00
[2025-03-19T04:58:13.479+0000] {processor.py:208} INFO - Processing /opt/airflow/dags/git_repo_dag.py took 0.285 seconds
[2025-03-19T04:59:15.481+0000] {processor.py:186} INFO - Started process (PID=88) to work on /opt/airflow/dags/git_repo_dag.py
[2025-03-19T04:59:15.483+0000] {processor.py:914} INFO - Processing file /opt/airflow/dags/git_repo_dag.py for tasks to queue
[2025-03-19T04:59:15.486+0000] {logging_mixin.py:190} INFO - [2025-03-19T04:59:15.485+0000] {dagbag.py:588} INFO - Filling up the DagBag from /opt/airflow/dags/git_repo_dag.py
[2025-03-19T04:59:15.528+0000] {processor.py:925} INFO - DAG(s) 'git_repo_dag' retrieved from /opt/airflow/dags/git_repo_dag.py
[2025-03-19T04:59:15.590+0000] {logging_mixin.py:190} INFO - [2025-03-19T04:59:15.590+0000] {dag.py:3239} INFO - Sync 1 DAGs
[2025-03-19T04:59:15.636+0000] {logging_mixin.py:190} INFO - [2025-03-19T04:59:15.636+0000] {dag.py:4180} INFO - Setting next_dagrun for git_repo_dag to 2025-03-18 21:00:00+00:00, run_after=2025-03-19 21:00:00+00:00
[2025-03-19T04:59:15.741+0000] {processor.py:208} INFO - Processing /opt/airflow/dags/git_repo_dag.py took 0.267 seconds
[2025-03-19T04:59:46.960+0000] {processor.py:186} INFO - Started process (PID=119) to work on /opt/airflow/dags/git_repo_dag.py
[2025-03-19T04:59:46.962+0000] {processor.py:914} INFO - Processing file /opt/airflow/dags/git_repo_dag.py for tasks to queue
[2025-03-19T04:59:46.965+0000] {logging_mixin.py:190} INFO - [2025-03-19T04:59:46.964+0000] {dagbag.py:588} INFO - Filling up the DagBag from /opt/airflow/dags/git_repo_dag.py
[2025-03-19T04:59:47.031+0000] {processor.py:925} INFO - DAG(s) 'git_repo_dag' retrieved from /opt/airflow/dags/git_repo_dag.py
[2025-03-19T04:59:47.076+0000] {logging_mixin.py:190} INFO - [2025-03-19T04:59:47.076+0000] {dag.py:3239} INFO - Sync 1 DAGs
[2025-03-19T04:59:47.111+0000] {logging_mixin.py:190} INFO - [2025-03-19T04:59:47.110+0000] {dag.py:4180} INFO - Setting next_dagrun for git_repo_dag to 2025-03-18 21:00:00+00:00, run_after=2025-03-19 21:00:00+00:00
[2025-03-19T04:59:47.206+0000] {processor.py:208} INFO - Processing /opt/airflow/dags/git_repo_dag.py took 0.252 seconds
[2025-03-19T05:00:18.665+0000] {processor.py:186} INFO - Started process (PID=124) to work on /opt/airflow/dags/git_repo_dag.py
[2025-03-19T05:00:18.667+0000] {processor.py:914} INFO - Processing file /opt/airflow/dags/git_repo_dag.py for tasks to queue
[2025-03-19T05:00:18.670+0000] {logging_mixin.py:190} INFO - [2025-03-19T05:00:18.669+0000] {dagbag.py:588} INFO - Filling up the DagBag from /opt/airflow/dags/git_repo_dag.py
[2025-03-19T05:00:18.717+0000] {processor.py:925} INFO - DAG(s) 'git_repo_dag' retrieved from /opt/airflow/dags/git_repo_dag.py
[2025-03-19T05:00:18.756+0000] {logging_mixin.py:190} INFO - [2025-03-19T05:00:18.756+0000] {dag.py:3239} INFO - Sync 1 DAGs
[2025-03-19T05:00:18.787+0000] {logging_mixin.py:190} INFO - [2025-03-19T05:00:18.787+0000] {dag.py:4180} INFO - Setting next_dagrun for git_repo_dag to 2025-03-18 21:00:00+00:00, run_after=2025-03-19 21:00:00+00:00
[2025-03-19T05:00:18.890+0000] {processor.py:208} INFO - Processing /opt/airflow/dags/git_repo_dag.py took 0.233 seconds
[2025-03-19T05:00:50.197+0000] {processor.py:186} INFO - Started process (PID=129) to work on /opt/airflow/dags/git_repo_dag.py
[2025-03-19T05:00:50.199+0000] {processor.py:914} INFO - Processing file /opt/airflow/dags/git_repo_dag.py for tasks to queue
[2025-03-19T05:00:50.202+0000] {logging_mixin.py:190} INFO - [2025-03-19T05:00:50.201+0000] {dagbag.py:588} INFO - Filling up the DagBag from /opt/airflow/dags/git_repo_dag.py
[2025-03-19T05:00:50.248+0000] {processor.py:925} INFO - DAG(s) 'git_repo_dag' retrieved from /opt/airflow/dags/git_repo_dag.py
[2025-03-19T05:00:50.293+0000] {logging_mixin.py:190} INFO - [2025-03-19T05:00:50.293+0000] {dag.py:3239} INFO - Sync 1 DAGs
[2025-03-19T05:00:50.333+0000] {logging_mixin.py:190} INFO - [2025-03-19T05:00:50.333+0000] {dag.py:4180} INFO - Setting next_dagrun for git_repo_dag to 2025-03-18 21:00:00+00:00, run_after=2025-03-19 21:00:00+00:00
[2025-03-19T05:00:50.477+0000] {processor.py:208} INFO - Processing /opt/airflow/dags/git_repo_dag.py took 0.287 seconds
[2025-03-19T05:01:20.919+0000] {processor.py:186} INFO - Started process (PID=134) to work on /opt/airflow/dags/git_repo_dag.py
[2025-03-19T05:01:20.921+0000] {processor.py:914} INFO - Processing file /opt/airflow/dags/git_repo_dag.py for tasks to queue
[2025-03-19T05:01:20.925+0000] {logging_mixin.py:190} INFO - [2025-03-19T05:01:20.924+0000] {dagbag.py:588} INFO - Filling up the DagBag from /opt/airflow/dags/git_repo_dag.py
[2025-03-19T05:01:20.969+0000] {processor.py:925} INFO - DAG(s) 'git_repo_dag' retrieved from /opt/airflow/dags/git_repo_dag.py
[2025-03-19T05:01:21.058+0000] {logging_mixin.py:190} INFO - [2025-03-19T05:01:21.057+0000] {dag.py:3239} INFO - Sync 1 DAGs
[2025-03-19T05:01:21.104+0000] {logging_mixin.py:190} INFO - [2025-03-19T05:01:21.104+0000] {dag.py:4180} INFO - Setting next_dagrun for git_repo_dag to 2025-03-18 21:00:00+00:00, run_after=2025-03-19 21:00:00+00:00
[2025-03-19T05:01:21.197+0000] {processor.py:208} INFO - Processing /opt/airflow/dags/git_repo_dag.py took 0.287 seconds
[2025-03-19T05:02:09.493+0000] {processor.py:186} INFO - Started process (PID=88) to work on /opt/airflow/dags/git_repo_dag.py
[2025-03-19T05:02:09.494+0000] {processor.py:914} INFO - Processing file /opt/airflow/dags/git_repo_dag.py for tasks to queue
[2025-03-19T05:02:09.496+0000] {logging_mixin.py:190} INFO - [2025-03-19T05:02:09.496+0000] {dagbag.py:588} INFO - Filling up the DagBag from /opt/airflow/dags/git_repo_dag.py
[2025-03-19T05:02:09.516+0000] {processor.py:925} INFO - DAG(s) 'git_repo_dag' retrieved from /opt/airflow/dags/git_repo_dag.py
[2025-03-19T05:02:09.545+0000] {logging_mixin.py:190} INFO - [2025-03-19T05:02:09.544+0000] {dag.py:3239} INFO - Sync 1 DAGs
[2025-03-19T05:02:09.573+0000] {logging_mixin.py:190} INFO - [2025-03-19T05:02:09.573+0000] {dag.py:4180} INFO - Setting next_dagrun for git_repo_dag to 2025-03-18 21:00:00+00:00, run_after=2025-03-19 21:00:00+00:00
[2025-03-19T05:02:09.642+0000] {processor.py:208} INFO - Processing /opt/airflow/dags/git_repo_dag.py took 0.155 seconds
[2025-03-19T05:02:39.989+0000] {processor.py:186} INFO - Started process (PID=119) to work on /opt/airflow/dags/git_repo_dag.py
[2025-03-19T05:02:39.991+0000] {processor.py:914} INFO - Processing file /opt/airflow/dags/git_repo_dag.py for tasks to queue
[2025-03-19T05:02:39.995+0000] {logging_mixin.py:190} INFO - [2025-03-19T05:02:39.995+0000] {dagbag.py:588} INFO - Filling up the DagBag from /opt/airflow/dags/git_repo_dag.py
[2025-03-19T05:02:40.044+0000] {processor.py:925} INFO - DAG(s) 'git_repo_dag' retrieved from /opt/airflow/dags/git_repo_dag.py
[2025-03-19T05:02:40.107+0000] {logging_mixin.py:190} INFO - [2025-03-19T05:02:40.107+0000] {dag.py:3239} INFO - Sync 1 DAGs
[2025-03-19T05:02:40.153+0000] {logging_mixin.py:190} INFO - [2025-03-19T05:02:40.152+0000] {dag.py:4180} INFO - Setting next_dagrun for git_repo_dag to 2025-03-18 21:00:00+00:00, run_after=2025-03-19 21:00:00+00:00
[2025-03-19T05:02:40.269+0000] {processor.py:208} INFO - Processing /opt/airflow/dags/git_repo_dag.py took 0.292 seconds
[2025-03-19T05:03:10.989+0000] {processor.py:186} INFO - Started process (PID=124) to work on /opt/airflow/dags/git_repo_dag.py
[2025-03-19T05:03:10.991+0000] {processor.py:914} INFO - Processing file /opt/airflow/dags/git_repo_dag.py for tasks to queue
[2025-03-19T05:03:10.995+0000] {logging_mixin.py:190} INFO - [2025-03-19T05:03:10.995+0000] {dagbag.py:588} INFO - Filling up the DagBag from /opt/airflow/dags/git_repo_dag.py
[2025-03-19T05:03:11.028+0000] {processor.py:925} INFO - DAG(s) 'git_repo_dag' retrieved from /opt/airflow/dags/git_repo_dag.py
[2025-03-19T05:03:11.082+0000] {logging_mixin.py:190} INFO - [2025-03-19T05:03:11.082+0000] {dag.py:3239} INFO - Sync 1 DAGs
[2025-03-19T05:03:11.130+0000] {logging_mixin.py:190} INFO - [2025-03-19T05:03:11.130+0000] {dag.py:4180} INFO - Setting next_dagrun for git_repo_dag to 2025-03-18 21:00:00+00:00, run_after=2025-03-19 21:00:00+00:00
[2025-03-19T05:03:11.209+0000] {processor.py:208} INFO - Processing /opt/airflow/dags/git_repo_dag.py took 0.225 seconds
[2025-03-19T05:03:41.532+0000] {processor.py:186} INFO - Started process (PID=129) to work on /opt/airflow/dags/git_repo_dag.py
[2025-03-19T05:03:41.534+0000] {processor.py:914} INFO - Processing file /opt/airflow/dags/git_repo_dag.py for tasks to queue
[2025-03-19T05:03:41.539+0000] {logging_mixin.py:190} INFO - [2025-03-19T05:03:41.538+0000] {dagbag.py:588} INFO - Filling up the DagBag from /opt/airflow/dags/git_repo_dag.py
[2025-03-19T05:03:41.576+0000] {processor.py:925} INFO - DAG(s) 'git_repo_dag' retrieved from /opt/airflow/dags/git_repo_dag.py
[2025-03-19T05:03:41.617+0000] {logging_mixin.py:190} INFO - [2025-03-19T05:03:41.616+0000] {dag.py:3239} INFO - Sync 1 DAGs
[2025-03-19T05:03:41.664+0000] {logging_mixin.py:190} INFO - [2025-03-19T05:03:41.664+0000] {dag.py:4180} INFO - Setting next_dagrun for git_repo_dag to 2025-03-18 21:00:00+00:00, run_after=2025-03-19 21:00:00+00:00
[2025-03-19T05:03:41.750+0000] {processor.py:208} INFO - Processing /opt/airflow/dags/git_repo_dag.py took 0.225 seconds
[2025-03-19T05:04:12.501+0000] {processor.py:186} INFO - Started process (PID=134) to work on /opt/airflow/dags/git_repo_dag.py
[2025-03-19T05:04:12.502+0000] {processor.py:914} INFO - Processing file /opt/airflow/dags/git_repo_dag.py for tasks to queue
[2025-03-19T05:04:12.505+0000] {logging_mixin.py:190} INFO - [2025-03-19T05:04:12.505+0000] {dagbag.py:588} INFO - Filling up the DagBag from /opt/airflow/dags/git_repo_dag.py
[2025-03-19T05:04:12.530+0000] {processor.py:925} INFO - DAG(s) 'git_repo_dag' retrieved from /opt/airflow/dags/git_repo_dag.py
[2025-03-19T05:04:12.561+0000] {logging_mixin.py:190} INFO - [2025-03-19T05:04:12.561+0000] {dag.py:3239} INFO - Sync 1 DAGs
[2025-03-19T05:04:12.591+0000] {logging_mixin.py:190} INFO - [2025-03-19T05:04:12.591+0000] {dag.py:4180} INFO - Setting next_dagrun for git_repo_dag to 2025-03-18 21:00:00+00:00, run_after=2025-03-19 21:00:00+00:00
[2025-03-19T05:04:12.666+0000] {processor.py:208} INFO - Processing /opt/airflow/dags/git_repo_dag.py took 0.173 seconds
[2025-03-19T05:04:43.846+0000] {processor.py:186} INFO - Started process (PID=139) to work on /opt/airflow/dags/git_repo_dag.py
[2025-03-19T05:04:43.849+0000] {processor.py:914} INFO - Processing file /opt/airflow/dags/git_repo_dag.py for tasks to queue
[2025-03-19T05:04:43.855+0000] {logging_mixin.py:190} INFO - [2025-03-19T05:04:43.854+0000] {dagbag.py:588} INFO - Filling up the DagBag from /opt/airflow/dags/git_repo_dag.py
[2025-03-19T05:04:43.905+0000] {processor.py:925} INFO - DAG(s) 'git_repo_dag' retrieved from /opt/airflow/dags/git_repo_dag.py
[2025-03-19T05:04:43.956+0000] {logging_mixin.py:190} INFO - [2025-03-19T05:04:43.955+0000] {dag.py:3239} INFO - Sync 1 DAGs
[2025-03-19T05:04:44.004+0000] {logging_mixin.py:190} INFO - [2025-03-19T05:04:44.004+0000] {dag.py:4180} INFO - Setting next_dagrun for git_repo_dag to 2025-03-18 21:00:00+00:00, run_after=2025-03-19 21:00:00+00:00
[2025-03-19T05:04:44.092+0000] {processor.py:208} INFO - Processing /opt/airflow/dags/git_repo_dag.py took 0.259 seconds
[2025-03-19T05:05:14.328+0000] {processor.py:186} INFO - Started process (PID=144) to work on /opt/airflow/dags/git_repo_dag.py
[2025-03-19T05:05:14.330+0000] {processor.py:914} INFO - Processing file /opt/airflow/dags/git_repo_dag.py for tasks to queue
[2025-03-19T05:05:14.334+0000] {logging_mixin.py:190} INFO - [2025-03-19T05:05:14.334+0000] {dagbag.py:588} INFO - Filling up the DagBag from /opt/airflow/dags/git_repo_dag.py
[2025-03-19T05:05:14.381+0000] {processor.py:925} INFO - DAG(s) 'git_repo_dag' retrieved from /opt/airflow/dags/git_repo_dag.py
[2025-03-19T05:05:14.431+0000] {logging_mixin.py:190} INFO - [2025-03-19T05:05:14.431+0000] {dag.py:3239} INFO - Sync 1 DAGs
[2025-03-19T05:05:14.471+0000] {logging_mixin.py:190} INFO - [2025-03-19T05:05:14.471+0000] {dag.py:4180} INFO - Setting next_dagrun for git_repo_dag to 2025-03-18 21:00:00+00:00, run_after=2025-03-19 21:00:00+00:00
[2025-03-19T05:05:14.546+0000] {processor.py:208} INFO - Processing /opt/airflow/dags/git_repo_dag.py took 0.228 seconds
[2025-03-19T05:05:45.312+0000] {processor.py:186} INFO - Started process (PID=149) to work on /opt/airflow/dags/git_repo_dag.py
[2025-03-19T05:05:45.314+0000] {processor.py:914} INFO - Processing file /opt/airflow/dags/git_repo_dag.py for tasks to queue
[2025-03-19T05:05:45.318+0000] {logging_mixin.py:190} INFO - [2025-03-19T05:05:45.318+0000] {dagbag.py:588} INFO - Filling up the DagBag from /opt/airflow/dags/git_repo_dag.py
[2025-03-19T05:05:45.355+0000] {processor.py:925} INFO - DAG(s) 'git_repo_dag' retrieved from /opt/airflow/dags/git_repo_dag.py
[2025-03-19T05:05:45.421+0000] {logging_mixin.py:190} INFO - [2025-03-19T05:05:45.420+0000] {dag.py:3239} INFO - Sync 1 DAGs
[2025-03-19T05:05:45.461+0000] {logging_mixin.py:190} INFO - [2025-03-19T05:05:45.461+0000] {dag.py:4180} INFO - Setting next_dagrun for git_repo_dag to 2025-03-18 21:00:00+00:00, run_after=2025-03-19 21:00:00+00:00
[2025-03-19T05:05:45.560+0000] {processor.py:208} INFO - Processing /opt/airflow/dags/git_repo_dag.py took 0.257 seconds
[2025-03-19T05:06:16.480+0000] {processor.py:186} INFO - Started process (PID=154) to work on /opt/airflow/dags/git_repo_dag.py
[2025-03-19T05:06:16.483+0000] {processor.py:914} INFO - Processing file /opt/airflow/dags/git_repo_dag.py for tasks to queue
[2025-03-19T05:06:16.487+0000] {logging_mixin.py:190} INFO - [2025-03-19T05:06:16.486+0000] {dagbag.py:588} INFO - Filling up the DagBag from /opt/airflow/dags/git_repo_dag.py
[2025-03-19T05:06:16.525+0000] {processor.py:925} INFO - DAG(s) 'git_repo_dag' retrieved from /opt/airflow/dags/git_repo_dag.py
[2025-03-19T05:06:16.567+0000] {logging_mixin.py:190} INFO - [2025-03-19T05:06:16.567+0000] {dag.py:3239} INFO - Sync 1 DAGs
[2025-03-19T05:06:16.606+0000] {logging_mixin.py:190} INFO - [2025-03-19T05:06:16.606+0000] {dag.py:4180} INFO - Setting next_dagrun for git_repo_dag to 2025-03-18 21:00:00+00:00, run_after=2025-03-19 21:00:00+00:00
[2025-03-19T05:06:16.700+0000] {processor.py:208} INFO - Processing /opt/airflow/dags/git_repo_dag.py took 0.230 seconds
[2025-03-19T05:06:47.155+0000] {processor.py:186} INFO - Started process (PID=160) to work on /opt/airflow/dags/git_repo_dag.py
[2025-03-19T05:06:47.156+0000] {processor.py:914} INFO - Processing file /opt/airflow/dags/git_repo_dag.py for tasks to queue
[2025-03-19T05:06:47.159+0000] {logging_mixin.py:190} INFO - [2025-03-19T05:06:47.159+0000] {dagbag.py:588} INFO - Filling up the DagBag from /opt/airflow/dags/git_repo_dag.py
[2025-03-19T05:06:47.196+0000] {processor.py:925} INFO - DAG(s) 'git_repo_dag' retrieved from /opt/airflow/dags/git_repo_dag.py
[2025-03-19T05:06:47.228+0000] {logging_mixin.py:190} INFO - [2025-03-19T05:06:47.228+0000] {dag.py:3239} INFO - Sync 1 DAGs
[2025-03-19T05:06:47.266+0000] {logging_mixin.py:190} INFO - [2025-03-19T05:06:47.265+0000] {dag.py:4180} INFO - Setting next_dagrun for git_repo_dag to 2025-03-18 21:00:00+00:00, run_after=2025-03-19 21:00:00+00:00
[2025-03-19T05:06:47.371+0000] {processor.py:208} INFO - Processing /opt/airflow/dags/git_repo_dag.py took 0.222 seconds
[2025-03-19T05:07:18.078+0000] {processor.py:186} INFO - Started process (PID=165) to work on /opt/airflow/dags/git_repo_dag.py
[2025-03-19T05:07:18.079+0000] {processor.py:914} INFO - Processing file /opt/airflow/dags/git_repo_dag.py for tasks to queue
[2025-03-19T05:07:18.082+0000] {logging_mixin.py:190} INFO - [2025-03-19T05:07:18.082+0000] {dagbag.py:588} INFO - Filling up the DagBag from /opt/airflow/dags/git_repo_dag.py
[2025-03-19T05:07:18.117+0000] {processor.py:925} INFO - DAG(s) 'git_repo_dag' retrieved from /opt/airflow/dags/git_repo_dag.py
[2025-03-19T05:07:18.166+0000] {logging_mixin.py:190} INFO - [2025-03-19T05:07:18.165+0000] {dag.py:3239} INFO - Sync 1 DAGs
[2025-03-19T05:07:18.216+0000] {logging_mixin.py:190} INFO - [2025-03-19T05:07:18.215+0000] {dag.py:4180} INFO - Setting next_dagrun for git_repo_dag to 2025-03-18 21:00:00+00:00, run_after=2025-03-19 21:00:00+00:00
[2025-03-19T05:07:18.322+0000] {processor.py:208} INFO - Processing /opt/airflow/dags/git_repo_dag.py took 0.250 seconds
[2025-03-19T05:07:49.637+0000] {processor.py:186} INFO - Started process (PID=170) to work on /opt/airflow/dags/git_repo_dag.py
[2025-03-19T05:07:49.638+0000] {processor.py:914} INFO - Processing file /opt/airflow/dags/git_repo_dag.py for tasks to queue
[2025-03-19T05:07:49.642+0000] {logging_mixin.py:190} INFO - [2025-03-19T05:07:49.641+0000] {dagbag.py:588} INFO - Filling up the DagBag from /opt/airflow/dags/git_repo_dag.py
[2025-03-19T05:07:49.690+0000] {processor.py:925} INFO - DAG(s) 'git_repo_dag' retrieved from /opt/airflow/dags/git_repo_dag.py
[2025-03-19T05:07:49.746+0000] {logging_mixin.py:190} INFO - [2025-03-19T05:07:49.745+0000] {dag.py:3239} INFO - Sync 1 DAGs
[2025-03-19T05:07:49.788+0000] {logging_mixin.py:190} INFO - [2025-03-19T05:07:49.788+0000] {dag.py:4180} INFO - Setting next_dagrun for git_repo_dag to 2025-03-18 21:00:00+00:00, run_after=2025-03-19 21:00:00+00:00
[2025-03-19T05:07:49.954+0000] {processor.py:208} INFO - Processing /opt/airflow/dags/git_repo_dag.py took 0.322 seconds
[2025-03-19T05:08:31.283+0000] {processor.py:186} INFO - Started process (PID=240) to work on /opt/airflow/dags/git_repo_dag.py
[2025-03-19T05:08:31.286+0000] {processor.py:914} INFO - Processing file /opt/airflow/dags/git_repo_dag.py for tasks to queue
[2025-03-19T05:08:31.291+0000] {logging_mixin.py:190} INFO - [2025-03-19T05:08:31.290+0000] {dagbag.py:588} INFO - Filling up the DagBag from /opt/airflow/dags/git_repo_dag.py
[2025-03-19T05:08:31.334+0000] {processor.py:925} INFO - DAG(s) 'git_repo_dag' retrieved from /opt/airflow/dags/git_repo_dag.py
[2025-03-19T05:08:31.393+0000] {logging_mixin.py:190} INFO - [2025-03-19T05:08:31.393+0000] {dag.py:3239} INFO - Sync 1 DAGs
[2025-03-19T05:08:31.463+0000] {logging_mixin.py:190} INFO - [2025-03-19T05:08:31.462+0000] {dag.py:4180} INFO - Setting next_dagrun for git_repo_dag to 2025-03-18 21:00:00+00:00, run_after=2025-03-19 21:00:00+00:00
[2025-03-19T05:08:31.704+0000] {processor.py:208} INFO - Processing /opt/airflow/dags/git_repo_dag.py took 0.429 seconds
[2025-03-19T05:09:02.775+0000] {processor.py:186} INFO - Started process (PID=245) to work on /opt/airflow/dags/git_repo_dag.py
[2025-03-19T05:09:02.776+0000] {processor.py:914} INFO - Processing file /opt/airflow/dags/git_repo_dag.py for tasks to queue
[2025-03-19T05:09:02.781+0000] {logging_mixin.py:190} INFO - [2025-03-19T05:09:02.780+0000] {dagbag.py:588} INFO - Filling up the DagBag from /opt/airflow/dags/git_repo_dag.py
[2025-03-19T05:09:02.832+0000] {processor.py:925} INFO - DAG(s) 'git_repo_dag' retrieved from /opt/airflow/dags/git_repo_dag.py
[2025-03-19T05:09:02.881+0000] {logging_mixin.py:190} INFO - [2025-03-19T05:09:02.881+0000] {dag.py:3239} INFO - Sync 1 DAGs
[2025-03-19T05:09:02.916+0000] {logging_mixin.py:190} INFO - [2025-03-19T05:09:02.915+0000] {dag.py:4180} INFO - Setting next_dagrun for git_repo_dag to 2025-03-18 21:00:00+00:00, run_after=2025-03-19 21:00:00+00:00
[2025-03-19T05:09:02.996+0000] {processor.py:208} INFO - Processing /opt/airflow/dags/git_repo_dag.py took 0.232 seconds
[2025-03-19T05:09:33.339+0000] {processor.py:186} INFO - Started process (PID=250) to work on /opt/airflow/dags/git_repo_dag.py
[2025-03-19T05:09:33.341+0000] {processor.py:914} INFO - Processing file /opt/airflow/dags/git_repo_dag.py for tasks to queue
[2025-03-19T05:09:33.343+0000] {logging_mixin.py:190} INFO - [2025-03-19T05:09:33.343+0000] {dagbag.py:588} INFO - Filling up the DagBag from /opt/airflow/dags/git_repo_dag.py
[2025-03-19T05:09:33.369+0000] {processor.py:925} INFO - DAG(s) 'git_repo_dag' retrieved from /opt/airflow/dags/git_repo_dag.py
[2025-03-19T05:09:33.423+0000] {logging_mixin.py:190} INFO - [2025-03-19T05:09:33.423+0000] {dag.py:3239} INFO - Sync 1 DAGs
[2025-03-19T05:09:33.460+0000] {logging_mixin.py:190} INFO - [2025-03-19T05:09:33.459+0000] {dag.py:4180} INFO - Setting next_dagrun for git_repo_dag to 2025-03-18 21:00:00+00:00, run_after=2025-03-19 21:00:00+00:00
[2025-03-19T05:09:33.563+0000] {processor.py:208} INFO - Processing /opt/airflow/dags/git_repo_dag.py took 0.230 seconds
[2025-03-19T05:10:03.799+0000] {processor.py:186} INFO - Started process (PID=255) to work on /opt/airflow/dags/git_repo_dag.py
[2025-03-19T05:10:03.801+0000] {processor.py:914} INFO - Processing file /opt/airflow/dags/git_repo_dag.py for tasks to queue
[2025-03-19T05:10:03.803+0000] {logging_mixin.py:190} INFO - [2025-03-19T05:10:03.803+0000] {dagbag.py:588} INFO - Filling up the DagBag from /opt/airflow/dags/git_repo_dag.py
[2025-03-19T05:10:03.838+0000] {processor.py:925} INFO - DAG(s) 'git_repo_dag' retrieved from /opt/airflow/dags/git_repo_dag.py
[2025-03-19T05:10:03.887+0000] {logging_mixin.py:190} INFO - [2025-03-19T05:10:03.887+0000] {dag.py:3239} INFO - Sync 1 DAGs
[2025-03-19T05:10:03.926+0000] {logging_mixin.py:190} INFO - [2025-03-19T05:10:03.926+0000] {dag.py:4180} INFO - Setting next_dagrun for git_repo_dag to 2025-03-18 21:00:00+00:00, run_after=2025-03-19 21:00:00+00:00
[2025-03-19T05:10:04.027+0000] {processor.py:208} INFO - Processing /opt/airflow/dags/git_repo_dag.py took 0.239 seconds
[2025-03-19T05:10:34.664+0000] {processor.py:186} INFO - Started process (PID=260) to work on /opt/airflow/dags/git_repo_dag.py
[2025-03-19T05:10:34.666+0000] {processor.py:914} INFO - Processing file /opt/airflow/dags/git_repo_dag.py for tasks to queue
[2025-03-19T05:10:34.668+0000] {logging_mixin.py:190} INFO - [2025-03-19T05:10:34.667+0000] {dagbag.py:588} INFO - Filling up the DagBag from /opt/airflow/dags/git_repo_dag.py
[2025-03-19T05:10:34.743+0000] {processor.py:925} INFO - DAG(s) 'git_repo_dag' retrieved from /opt/airflow/dags/git_repo_dag.py
[2025-03-19T05:10:34.788+0000] {logging_mixin.py:190} INFO - [2025-03-19T05:10:34.787+0000] {dag.py:3239} INFO - Sync 1 DAGs
[2025-03-19T05:10:34.827+0000] {logging_mixin.py:190} INFO - [2025-03-19T05:10:34.826+0000] {dag.py:4180} INFO - Setting next_dagrun for git_repo_dag to 2025-03-18 21:00:00+00:00, run_after=2025-03-19 21:00:00+00:00
[2025-03-19T05:10:34.959+0000] {processor.py:208} INFO - Processing /opt/airflow/dags/git_repo_dag.py took 0.301 seconds
[2025-03-19T05:11:06.216+0000] {processor.py:186} INFO - Started process (PID=264) to work on /opt/airflow/dags/git_repo_dag.py
[2025-03-19T05:11:06.219+0000] {processor.py:914} INFO - Processing file /opt/airflow/dags/git_repo_dag.py for tasks to queue
[2025-03-19T05:11:06.223+0000] {logging_mixin.py:190} INFO - [2025-03-19T05:11:06.222+0000] {dagbag.py:588} INFO - Filling up the DagBag from /opt/airflow/dags/git_repo_dag.py
[2025-03-19T05:11:06.278+0000] {processor.py:925} INFO - DAG(s) 'git_repo_dag' retrieved from /opt/airflow/dags/git_repo_dag.py
[2025-03-19T05:11:06.330+0000] {logging_mixin.py:190} INFO - [2025-03-19T05:11:06.330+0000] {dag.py:3239} INFO - Sync 1 DAGs
[2025-03-19T05:11:06.396+0000] {logging_mixin.py:190} INFO - [2025-03-19T05:11:06.395+0000] {dag.py:4180} INFO - Setting next_dagrun for git_repo_dag to 2025-03-18 21:00:00+00:00, run_after=2025-03-19 21:00:00+00:00
[2025-03-19T05:11:06.494+0000] {processor.py:208} INFO - Processing /opt/airflow/dags/git_repo_dag.py took 0.285 seconds
[2025-03-19T05:11:37.843+0000] {processor.py:186} INFO - Started process (PID=268) to work on /opt/airflow/dags/git_repo_dag.py
[2025-03-19T05:11:37.845+0000] {processor.py:914} INFO - Processing file /opt/airflow/dags/git_repo_dag.py for tasks to queue
[2025-03-19T05:11:37.847+0000] {logging_mixin.py:190} INFO - [2025-03-19T05:11:37.847+0000] {dagbag.py:588} INFO - Filling up the DagBag from /opt/airflow/dags/git_repo_dag.py
[2025-03-19T05:11:37.894+0000] {processor.py:925} INFO - DAG(s) 'git_repo_dag' retrieved from /opt/airflow/dags/git_repo_dag.py
[2025-03-19T05:11:37.961+0000] {logging_mixin.py:190} INFO - [2025-03-19T05:11:37.960+0000] {dag.py:3239} INFO - Sync 1 DAGs
[2025-03-19T05:11:38.006+0000] {logging_mixin.py:190} INFO - [2025-03-19T05:11:38.006+0000] {dag.py:4180} INFO - Setting next_dagrun for git_repo_dag to 2025-03-18 21:00:00+00:00, run_after=2025-03-19 21:00:00+00:00
[2025-03-19T05:11:38.091+0000] {processor.py:208} INFO - Processing /opt/airflow/dags/git_repo_dag.py took 0.260 seconds
[2025-03-19T05:12:08.344+0000] {processor.py:186} INFO - Started process (PID=272) to work on /opt/airflow/dags/git_repo_dag.py
[2025-03-19T05:12:08.345+0000] {processor.py:914} INFO - Processing file /opt/airflow/dags/git_repo_dag.py for tasks to queue
[2025-03-19T05:12:08.347+0000] {logging_mixin.py:190} INFO - [2025-03-19T05:12:08.346+0000] {dagbag.py:588} INFO - Filling up the DagBag from /opt/airflow/dags/git_repo_dag.py
[2025-03-19T05:12:08.372+0000] {processor.py:925} INFO - DAG(s) 'git_repo_dag' retrieved from /opt/airflow/dags/git_repo_dag.py
[2025-03-19T05:12:08.413+0000] {logging_mixin.py:190} INFO - [2025-03-19T05:12:08.412+0000] {dag.py:3239} INFO - Sync 1 DAGs
[2025-03-19T05:12:08.447+0000] {logging_mixin.py:190} INFO - [2025-03-19T05:12:08.447+0000] {dag.py:4180} INFO - Setting next_dagrun for git_repo_dag to 2025-03-18 21:00:00+00:00, run_after=2025-03-19 21:00:00+00:00
[2025-03-19T05:12:08.569+0000] {processor.py:208} INFO - Processing /opt/airflow/dags/git_repo_dag.py took 0.231 seconds
[2025-03-19T05:12:38.878+0000] {processor.py:186} INFO - Started process (PID=341) to work on /opt/airflow/dags/git_repo_dag.py
[2025-03-19T05:12:38.880+0000] {processor.py:914} INFO - Processing file /opt/airflow/dags/git_repo_dag.py for tasks to queue
[2025-03-19T05:12:38.882+0000] {logging_mixin.py:190} INFO - [2025-03-19T05:12:38.882+0000] {dagbag.py:588} INFO - Filling up the DagBag from /opt/airflow/dags/git_repo_dag.py
[2025-03-19T05:12:38.909+0000] {processor.py:925} INFO - DAG(s) 'git_repo_dag' retrieved from /opt/airflow/dags/git_repo_dag.py
[2025-03-19T05:12:38.950+0000] {logging_mixin.py:190} INFO - [2025-03-19T05:12:38.950+0000] {dag.py:3239} INFO - Sync 1 DAGs
[2025-03-19T05:12:38.988+0000] {logging_mixin.py:190} INFO - [2025-03-19T05:12:38.988+0000] {dag.py:4180} INFO - Setting next_dagrun for git_repo_dag to 2025-03-18 21:00:00+00:00, run_after=2025-03-19 21:00:00+00:00
[2025-03-19T05:12:39.122+0000] {processor.py:208} INFO - Processing /opt/airflow/dags/git_repo_dag.py took 0.249 seconds
[2025-03-19T05:13:09.417+0000] {processor.py:186} INFO - Started process (PID=345) to work on /opt/airflow/dags/git_repo_dag.py
[2025-03-19T05:13:09.418+0000] {processor.py:914} INFO - Processing file /opt/airflow/dags/git_repo_dag.py for tasks to queue
[2025-03-19T05:13:09.419+0000] {logging_mixin.py:190} INFO - [2025-03-19T05:13:09.419+0000] {dagbag.py:588} INFO - Filling up the DagBag from /opt/airflow/dags/git_repo_dag.py
[2025-03-19T05:13:09.450+0000] {processor.py:925} INFO - DAG(s) 'git_repo_dag' retrieved from /opt/airflow/dags/git_repo_dag.py
[2025-03-19T05:13:09.502+0000] {logging_mixin.py:190} INFO - [2025-03-19T05:13:09.502+0000] {dag.py:3239} INFO - Sync 1 DAGs
[2025-03-19T05:13:09.546+0000] {logging_mixin.py:190} INFO - [2025-03-19T05:13:09.546+0000] {dag.py:4180} INFO - Setting next_dagrun for git_repo_dag to 2025-03-18 21:00:00+00:00, run_after=2025-03-19 21:00:00+00:00
[2025-03-19T05:13:09.644+0000] {processor.py:208} INFO - Processing /opt/airflow/dags/git_repo_dag.py took 0.233 seconds
[2025-03-19T05:13:40.766+0000] {processor.py:186} INFO - Started process (PID=349) to work on /opt/airflow/dags/git_repo_dag.py
[2025-03-19T05:13:40.768+0000] {processor.py:914} INFO - Processing file /opt/airflow/dags/git_repo_dag.py for tasks to queue
[2025-03-19T05:13:40.770+0000] {logging_mixin.py:190} INFO - [2025-03-19T05:13:40.770+0000] {dagbag.py:588} INFO - Filling up the DagBag from /opt/airflow/dags/git_repo_dag.py
[2025-03-19T05:13:40.809+0000] {processor.py:925} INFO - DAG(s) 'git_repo_dag' retrieved from /opt/airflow/dags/git_repo_dag.py
[2025-03-19T05:13:40.852+0000] {logging_mixin.py:190} INFO - [2025-03-19T05:13:40.852+0000] {dag.py:3239} INFO - Sync 1 DAGs
[2025-03-19T05:13:40.887+0000] {logging_mixin.py:190} INFO - [2025-03-19T05:13:40.887+0000] {dag.py:4180} INFO - Setting next_dagrun for git_repo_dag to 2025-03-18 21:00:00+00:00, run_after=2025-03-19 21:00:00+00:00
[2025-03-19T05:13:40.970+0000] {processor.py:208} INFO - Processing /opt/airflow/dags/git_repo_dag.py took 0.213 seconds
[2025-03-19T05:14:11.538+0000] {processor.py:186} INFO - Started process (PID=353) to work on /opt/airflow/dags/git_repo_dag.py
[2025-03-19T05:14:11.539+0000] {processor.py:914} INFO - Processing file /opt/airflow/dags/git_repo_dag.py for tasks to queue
[2025-03-19T05:14:11.541+0000] {logging_mixin.py:190} INFO - [2025-03-19T05:14:11.541+0000] {dagbag.py:588} INFO - Filling up the DagBag from /opt/airflow/dags/git_repo_dag.py
[2025-03-19T05:14:11.581+0000] {processor.py:925} INFO - DAG(s) 'git_repo_dag' retrieved from /opt/airflow/dags/git_repo_dag.py
[2025-03-19T05:14:11.619+0000] {logging_mixin.py:190} INFO - [2025-03-19T05:14:11.619+0000] {dag.py:3239} INFO - Sync 1 DAGs
[2025-03-19T05:14:11.661+0000] {logging_mixin.py:190} INFO - [2025-03-19T05:14:11.660+0000] {dag.py:4180} INFO - Setting next_dagrun for git_repo_dag to 2025-03-18 21:00:00+00:00, run_after=2025-03-19 21:00:00+00:00
[2025-03-19T05:14:11.763+0000] {processor.py:208} INFO - Processing /opt/airflow/dags/git_repo_dag.py took 0.231 seconds
[2025-03-19T05:14:42.712+0000] {processor.py:186} INFO - Started process (PID=357) to work on /opt/airflow/dags/git_repo_dag.py
[2025-03-19T05:14:42.714+0000] {processor.py:914} INFO - Processing file /opt/airflow/dags/git_repo_dag.py for tasks to queue
[2025-03-19T05:14:42.717+0000] {logging_mixin.py:190} INFO - [2025-03-19T05:14:42.715+0000] {dagbag.py:588} INFO - Filling up the DagBag from /opt/airflow/dags/git_repo_dag.py
[2025-03-19T05:14:42.747+0000] {processor.py:925} INFO - DAG(s) 'git_repo_dag' retrieved from /opt/airflow/dags/git_repo_dag.py
[2025-03-19T05:14:42.793+0000] {logging_mixin.py:190} INFO - [2025-03-19T05:14:42.792+0000] {dag.py:3239} INFO - Sync 1 DAGs
[2025-03-19T05:14:42.831+0000] {logging_mixin.py:190} INFO - [2025-03-19T05:14:42.830+0000] {dag.py:4180} INFO - Setting next_dagrun for git_repo_dag to 2025-03-18 21:00:00+00:00, run_after=2025-03-19 21:00:00+00:00
[2025-03-19T05:14:42.920+0000] {processor.py:208} INFO - Processing /opt/airflow/dags/git_repo_dag.py took 0.213 seconds
[2025-03-19T05:15:13.719+0000] {processor.py:186} INFO - Started process (PID=361) to work on /opt/airflow/dags/git_repo_dag.py
[2025-03-19T05:15:13.720+0000] {processor.py:914} INFO - Processing file /opt/airflow/dags/git_repo_dag.py for tasks to queue
[2025-03-19T05:15:13.721+0000] {logging_mixin.py:190} INFO - [2025-03-19T05:15:13.721+0000] {dagbag.py:588} INFO - Filling up the DagBag from /opt/airflow/dags/git_repo_dag.py
[2025-03-19T05:15:13.752+0000] {processor.py:925} INFO - DAG(s) 'git_repo_dag' retrieved from /opt/airflow/dags/git_repo_dag.py
[2025-03-19T05:15:13.796+0000] {logging_mixin.py:190} INFO - [2025-03-19T05:15:13.796+0000] {dag.py:3239} INFO - Sync 1 DAGs
[2025-03-19T05:15:13.832+0000] {logging_mixin.py:190} INFO - [2025-03-19T05:15:13.832+0000] {dag.py:4180} INFO - Setting next_dagrun for git_repo_dag to 2025-03-18 21:00:00+00:00, run_after=2025-03-19 21:00:00+00:00
[2025-03-19T05:15:13.928+0000] {processor.py:208} INFO - Processing /opt/airflow/dags/git_repo_dag.py took 0.215 seconds
[2025-03-19T05:15:44.391+0000] {processor.py:186} INFO - Started process (PID=365) to work on /opt/airflow/dags/git_repo_dag.py
[2025-03-19T05:15:44.393+0000] {processor.py:914} INFO - Processing file /opt/airflow/dags/git_repo_dag.py for tasks to queue
[2025-03-19T05:15:44.394+0000] {logging_mixin.py:190} INFO - [2025-03-19T05:15:44.394+0000] {dagbag.py:588} INFO - Filling up the DagBag from /opt/airflow/dags/git_repo_dag.py
[2025-03-19T05:15:44.434+0000] {processor.py:925} INFO - DAG(s) 'git_repo_dag' retrieved from /opt/airflow/dags/git_repo_dag.py
[2025-03-19T05:15:44.488+0000] {logging_mixin.py:190} INFO - [2025-03-19T05:15:44.487+0000] {dag.py:3239} INFO - Sync 1 DAGs
[2025-03-19T05:15:44.527+0000] {logging_mixin.py:190} INFO - [2025-03-19T05:15:44.526+0000] {dag.py:4180} INFO - Setting next_dagrun for git_repo_dag to 2025-03-18 21:00:00+00:00, run_after=2025-03-19 21:00:00+00:00
[2025-03-19T05:15:44.624+0000] {processor.py:208} INFO - Processing /opt/airflow/dags/git_repo_dag.py took 0.239 seconds
[2025-03-19T05:16:15.073+0000] {processor.py:186} INFO - Started process (PID=369) to work on /opt/airflow/dags/git_repo_dag.py
[2025-03-19T05:16:15.075+0000] {processor.py:914} INFO - Processing file /opt/airflow/dags/git_repo_dag.py for tasks to queue
[2025-03-19T05:16:15.077+0000] {logging_mixin.py:190} INFO - [2025-03-19T05:16:15.076+0000] {dagbag.py:588} INFO - Filling up the DagBag from /opt/airflow/dags/git_repo_dag.py
[2025-03-19T05:16:15.145+0000] {processor.py:925} INFO - DAG(s) 'git_repo_dag' retrieved from /opt/airflow/dags/git_repo_dag.py
[2025-03-19T05:16:15.205+0000] {logging_mixin.py:190} INFO - [2025-03-19T05:16:15.205+0000] {dag.py:3239} INFO - Sync 1 DAGs
[2025-03-19T05:16:15.252+0000] {logging_mixin.py:190} INFO - [2025-03-19T05:16:15.251+0000] {dag.py:4180} INFO - Setting next_dagrun for git_repo_dag to 2025-03-18 21:00:00+00:00, run_after=2025-03-19 21:00:00+00:00
[2025-03-19T05:16:15.343+0000] {processor.py:208} INFO - Processing /opt/airflow/dags/git_repo_dag.py took 0.277 seconds
[2025-03-19T05:16:45.847+0000] {processor.py:186} INFO - Started process (PID=373) to work on /opt/airflow/dags/git_repo_dag.py
[2025-03-19T05:16:45.856+0000] {processor.py:914} INFO - Processing file /opt/airflow/dags/git_repo_dag.py for tasks to queue
[2025-03-19T05:16:45.858+0000] {logging_mixin.py:190} INFO - [2025-03-19T05:16:45.858+0000] {dagbag.py:588} INFO - Filling up the DagBag from /opt/airflow/dags/git_repo_dag.py
[2025-03-19T05:16:45.904+0000] {processor.py:925} INFO - DAG(s) 'git_repo_dag' retrieved from /opt/airflow/dags/git_repo_dag.py
[2025-03-19T05:16:45.947+0000] {logging_mixin.py:190} INFO - [2025-03-19T05:16:45.947+0000] {dag.py:3239} INFO - Sync 1 DAGs
[2025-03-19T05:16:45.989+0000] {logging_mixin.py:190} INFO - [2025-03-19T05:16:45.989+0000] {dag.py:4180} INFO - Setting next_dagrun for git_repo_dag to 2025-03-18 21:00:00+00:00, run_after=2025-03-19 21:00:00+00:00
[2025-03-19T05:16:46.086+0000] {processor.py:208} INFO - Processing /opt/airflow/dags/git_repo_dag.py took 0.246 seconds
[2025-03-19T05:17:16.539+0000] {processor.py:186} INFO - Started process (PID=377) to work on /opt/airflow/dags/git_repo_dag.py
[2025-03-19T05:17:16.540+0000] {processor.py:914} INFO - Processing file /opt/airflow/dags/git_repo_dag.py for tasks to queue
[2025-03-19T05:17:16.543+0000] {logging_mixin.py:190} INFO - [2025-03-19T05:17:16.542+0000] {dagbag.py:588} INFO - Filling up the DagBag from /opt/airflow/dags/git_repo_dag.py
[2025-03-19T05:17:16.580+0000] {processor.py:925} INFO - DAG(s) 'git_repo_dag' retrieved from /opt/airflow/dags/git_repo_dag.py
[2025-03-19T05:17:16.618+0000] {logging_mixin.py:190} INFO - [2025-03-19T05:17:16.618+0000] {dag.py:3239} INFO - Sync 1 DAGs
[2025-03-19T05:17:16.653+0000] {logging_mixin.py:190} INFO - [2025-03-19T05:17:16.653+0000] {dag.py:4180} INFO - Setting next_dagrun for git_repo_dag to 2025-03-18 21:00:00+00:00, run_after=2025-03-19 21:00:00+00:00
[2025-03-19T05:17:16.750+0000] {processor.py:208} INFO - Processing /opt/airflow/dags/git_repo_dag.py took 0.217 seconds
[2025-03-19T05:17:47.200+0000] {processor.py:186} INFO - Started process (PID=381) to work on /opt/airflow/dags/git_repo_dag.py
[2025-03-19T05:17:47.201+0000] {processor.py:914} INFO - Processing file /opt/airflow/dags/git_repo_dag.py for tasks to queue
[2025-03-19T05:17:47.203+0000] {logging_mixin.py:190} INFO - [2025-03-19T05:17:47.203+0000] {dagbag.py:588} INFO - Filling up the DagBag from /opt/airflow/dags/git_repo_dag.py
[2025-03-19T05:17:47.239+0000] {processor.py:925} INFO - DAG(s) 'git_repo_dag' retrieved from /opt/airflow/dags/git_repo_dag.py
[2025-03-19T05:17:47.278+0000] {logging_mixin.py:190} INFO - [2025-03-19T05:17:47.278+0000] {dag.py:3239} INFO - Sync 1 DAGs
[2025-03-19T05:17:47.311+0000] {logging_mixin.py:190} INFO - [2025-03-19T05:17:47.311+0000] {dag.py:4180} INFO - Setting next_dagrun for git_repo_dag to 2025-03-18 21:00:00+00:00, run_after=2025-03-19 21:00:00+00:00
[2025-03-19T05:17:47.386+0000] {processor.py:208} INFO - Processing /opt/airflow/dags/git_repo_dag.py took 0.191 seconds
[2025-03-19T05:18:17.806+0000] {processor.py:186} INFO - Started process (PID=384) to work on /opt/airflow/dags/git_repo_dag.py
[2025-03-19T05:18:17.808+0000] {processor.py:914} INFO - Processing file /opt/airflow/dags/git_repo_dag.py for tasks to queue
[2025-03-19T05:18:17.809+0000] {logging_mixin.py:190} INFO - [2025-03-19T05:18:17.809+0000] {dagbag.py:588} INFO - Filling up the DagBag from /opt/airflow/dags/git_repo_dag.py
[2025-03-19T05:18:17.848+0000] {processor.py:925} INFO - DAG(s) 'git_repo_dag' retrieved from /opt/airflow/dags/git_repo_dag.py
[2025-03-19T05:18:17.895+0000] {logging_mixin.py:190} INFO - [2025-03-19T05:18:17.895+0000] {dag.py:3239} INFO - Sync 1 DAGs
[2025-03-19T05:18:17.927+0000] {logging_mixin.py:190} INFO - [2025-03-19T05:18:17.927+0000] {dag.py:4180} INFO - Setting next_dagrun for git_repo_dag to 2025-03-18 21:00:00+00:00, run_after=2025-03-19 21:00:00+00:00
[2025-03-19T05:18:18.020+0000] {processor.py:208} INFO - Processing /opt/airflow/dags/git_repo_dag.py took 0.222 seconds
[2025-03-19T05:18:48.675+0000] {processor.py:186} INFO - Started process (PID=387) to work on /opt/airflow/dags/git_repo_dag.py
[2025-03-19T05:18:48.677+0000] {processor.py:914} INFO - Processing file /opt/airflow/dags/git_repo_dag.py for tasks to queue
[2025-03-19T05:18:48.680+0000] {logging_mixin.py:190} INFO - [2025-03-19T05:18:48.679+0000] {dagbag.py:588} INFO - Filling up the DagBag from /opt/airflow/dags/git_repo_dag.py
[2025-03-19T05:18:48.753+0000] {processor.py:925} INFO - DAG(s) 'git_repo_dag' retrieved from /opt/airflow/dags/git_repo_dag.py
[2025-03-19T05:18:48.821+0000] {logging_mixin.py:190} INFO - [2025-03-19T05:18:48.821+0000] {dag.py:3239} INFO - Sync 1 DAGs
[2025-03-19T05:18:48.862+0000] {logging_mixin.py:190} INFO - [2025-03-19T05:18:48.862+0000] {dag.py:4180} INFO - Setting next_dagrun for git_repo_dag to 2025-03-18 21:00:00+00:00, run_after=2025-03-19 21:00:00+00:00
[2025-03-19T05:18:49.034+0000] {processor.py:208} INFO - Processing /opt/airflow/dags/git_repo_dag.py took 0.369 seconds
[2025-03-19T05:19:19.499+0000] {processor.py:186} INFO - Started process (PID=390) to work on /opt/airflow/dags/git_repo_dag.py
[2025-03-19T05:19:19.501+0000] {processor.py:914} INFO - Processing file /opt/airflow/dags/git_repo_dag.py for tasks to queue
[2025-03-19T05:19:19.504+0000] {logging_mixin.py:190} INFO - [2025-03-19T05:19:19.503+0000] {dagbag.py:588} INFO - Filling up the DagBag from /opt/airflow/dags/git_repo_dag.py
[2025-03-19T05:19:19.549+0000] {processor.py:925} INFO - DAG(s) 'git_repo_dag' retrieved from /opt/airflow/dags/git_repo_dag.py
[2025-03-19T05:19:19.605+0000] {logging_mixin.py:190} INFO - [2025-03-19T05:19:19.605+0000] {dag.py:3239} INFO - Sync 1 DAGs
[2025-03-19T05:19:19.662+0000] {logging_mixin.py:190} INFO - [2025-03-19T05:19:19.662+0000] {dag.py:4180} INFO - Setting next_dagrun for git_repo_dag to 2025-03-18 21:00:00+00:00, run_after=2025-03-19 21:00:00+00:00
[2025-03-19T05:19:19.791+0000] {processor.py:208} INFO - Processing /opt/airflow/dags/git_repo_dag.py took 0.303 seconds
[2025-03-19T05:19:50.395+0000] {processor.py:186} INFO - Started process (PID=393) to work on /opt/airflow/dags/git_repo_dag.py
[2025-03-19T05:19:50.396+0000] {processor.py:914} INFO - Processing file /opt/airflow/dags/git_repo_dag.py for tasks to queue
[2025-03-19T05:19:50.398+0000] {logging_mixin.py:190} INFO - [2025-03-19T05:19:50.398+0000] {dagbag.py:588} INFO - Filling up the DagBag from /opt/airflow/dags/git_repo_dag.py
[2025-03-19T05:19:50.449+0000] {processor.py:925} INFO - DAG(s) 'git_repo_dag' retrieved from /opt/airflow/dags/git_repo_dag.py
[2025-03-19T05:19:50.531+0000] {logging_mixin.py:190} INFO - [2025-03-19T05:19:50.531+0000] {dag.py:3239} INFO - Sync 1 DAGs
[2025-03-19T05:19:50.584+0000] {logging_mixin.py:190} INFO - [2025-03-19T05:19:50.583+0000] {dag.py:4180} INFO - Setting next_dagrun for git_repo_dag to 2025-03-18 21:00:00+00:00, run_after=2025-03-19 21:00:00+00:00
[2025-03-19T05:19:50.684+0000] {processor.py:208} INFO - Processing /opt/airflow/dags/git_repo_dag.py took 0.295 seconds
[2025-03-19T05:20:22.413+0000] {processor.py:186} INFO - Started process (PID=396) to work on /opt/airflow/dags/git_repo_dag.py
[2025-03-19T05:20:22.414+0000] {processor.py:914} INFO - Processing file /opt/airflow/dags/git_repo_dag.py for tasks to queue
[2025-03-19T05:20:22.416+0000] {logging_mixin.py:190} INFO - [2025-03-19T05:20:22.415+0000] {dagbag.py:588} INFO - Filling up the DagBag from /opt/airflow/dags/git_repo_dag.py
[2025-03-19T05:20:22.469+0000] {processor.py:925} INFO - DAG(s) 'git_repo_dag' retrieved from /opt/airflow/dags/git_repo_dag.py
[2025-03-19T05:20:22.505+0000] {logging_mixin.py:190} INFO - [2025-03-19T05:20:22.504+0000] {dag.py:3239} INFO - Sync 1 DAGs
[2025-03-19T05:20:22.533+0000] {logging_mixin.py:190} INFO - [2025-03-19T05:20:22.533+0000] {dag.py:4180} INFO - Setting next_dagrun for git_repo_dag to 2025-03-18 21:00:00+00:00, run_after=2025-03-19 21:00:00+00:00
[2025-03-19T05:20:22.622+0000] {processor.py:208} INFO - Processing /opt/airflow/dags/git_repo_dag.py took 0.216 seconds
[2025-03-19T05:20:53.263+0000] {processor.py:186} INFO - Started process (PID=399) to work on /opt/airflow/dags/git_repo_dag.py
[2025-03-19T05:20:53.264+0000] {processor.py:914} INFO - Processing file /opt/airflow/dags/git_repo_dag.py for tasks to queue
[2025-03-19T05:20:53.266+0000] {logging_mixin.py:190} INFO - [2025-03-19T05:20:53.266+0000] {dagbag.py:588} INFO - Filling up the DagBag from /opt/airflow/dags/git_repo_dag.py
[2025-03-19T05:20:53.294+0000] {processor.py:925} INFO - DAG(s) 'git_repo_dag' retrieved from /opt/airflow/dags/git_repo_dag.py
[2025-03-19T05:20:53.336+0000] {logging_mixin.py:190} INFO - [2025-03-19T05:20:53.336+0000] {dag.py:3239} INFO - Sync 1 DAGs
[2025-03-19T05:20:53.372+0000] {logging_mixin.py:190} INFO - [2025-03-19T05:20:53.372+0000] {dag.py:4180} INFO - Setting next_dagrun for git_repo_dag to 2025-03-18 21:00:00+00:00, run_after=2025-03-19 21:00:00+00:00
[2025-03-19T05:20:53.466+0000] {processor.py:208} INFO - Processing /opt/airflow/dags/git_repo_dag.py took 0.213 seconds
[2025-03-19T05:21:24.068+0000] {processor.py:186} INFO - Started process (PID=402) to work on /opt/airflow/dags/git_repo_dag.py
[2025-03-19T05:21:24.070+0000] {processor.py:914} INFO - Processing file /opt/airflow/dags/git_repo_dag.py for tasks to queue
[2025-03-19T05:21:24.072+0000] {logging_mixin.py:190} INFO - [2025-03-19T05:21:24.071+0000] {dagbag.py:588} INFO - Filling up the DagBag from /opt/airflow/dags/git_repo_dag.py
[2025-03-19T05:21:24.126+0000] {processor.py:925} INFO - DAG(s) 'git_repo_dag' retrieved from /opt/airflow/dags/git_repo_dag.py
[2025-03-19T05:21:24.177+0000] {logging_mixin.py:190} INFO - [2025-03-19T05:21:24.177+0000] {dag.py:3239} INFO - Sync 1 DAGs
[2025-03-19T05:21:24.207+0000] {logging_mixin.py:190} INFO - [2025-03-19T05:21:24.207+0000] {dag.py:4180} INFO - Setting next_dagrun for git_repo_dag to 2025-03-18 21:00:00+00:00, run_after=2025-03-19 21:00:00+00:00
[2025-03-19T05:21:24.273+0000] {processor.py:208} INFO - Processing /opt/airflow/dags/git_repo_dag.py took 0.211 seconds
[2025-03-19T05:22:44.363+0000] {processor.py:186} INFO - Started process (PID=88) to work on /opt/airflow/dags/git_repo_dag.py
[2025-03-19T05:22:44.365+0000] {processor.py:914} INFO - Processing file /opt/airflow/dags/git_repo_dag.py for tasks to queue
[2025-03-19T05:22:44.369+0000] {logging_mixin.py:190} INFO - [2025-03-19T05:22:44.368+0000] {dagbag.py:588} INFO - Filling up the DagBag from /opt/airflow/dags/git_repo_dag.py
[2025-03-19T05:22:44.407+0000] {processor.py:925} INFO - DAG(s) 'git_repo_dag' retrieved from /opt/airflow/dags/git_repo_dag.py
[2025-03-19T05:22:44.448+0000] {logging_mixin.py:190} INFO - [2025-03-19T05:22:44.448+0000] {dag.py:3239} INFO - Sync 1 DAGs
[2025-03-19T05:22:44.476+0000] {logging_mixin.py:190} INFO - [2025-03-19T05:22:44.476+0000] {dag.py:4180} INFO - Setting next_dagrun for git_repo_dag to 2025-03-18 21:00:00+00:00, run_after=2025-03-19 21:00:00+00:00
[2025-03-19T05:22:44.539+0000] {processor.py:208} INFO - Processing /opt/airflow/dags/git_repo_dag.py took 0.183 seconds
[2025-03-19T05:23:15.063+0000] {processor.py:186} INFO - Started process (PID=118) to work on /opt/airflow/dags/git_repo_dag.py
[2025-03-19T05:23:15.065+0000] {processor.py:914} INFO - Processing file /opt/airflow/dags/git_repo_dag.py for tasks to queue
[2025-03-19T05:23:15.070+0000] {logging_mixin.py:190} INFO - [2025-03-19T05:23:15.068+0000] {dagbag.py:588} INFO - Filling up the DagBag from /opt/airflow/dags/git_repo_dag.py
[2025-03-19T05:23:15.101+0000] {processor.py:925} INFO - DAG(s) 'git_repo_dag' retrieved from /opt/airflow/dags/git_repo_dag.py
[2025-03-19T05:23:15.160+0000] {logging_mixin.py:190} INFO - [2025-03-19T05:23:15.160+0000] {dag.py:3239} INFO - Sync 1 DAGs
[2025-03-19T05:23:15.188+0000] {logging_mixin.py:190} INFO - [2025-03-19T05:23:15.188+0000] {dag.py:4180} INFO - Setting next_dagrun for git_repo_dag to 2025-03-18 21:00:00+00:00, run_after=2025-03-19 21:00:00+00:00
[2025-03-19T05:23:15.269+0000] {processor.py:208} INFO - Processing /opt/airflow/dags/git_repo_dag.py took 0.214 seconds
[2025-03-19T05:23:46.369+0000] {processor.py:186} INFO - Started process (PID=122) to work on /opt/airflow/dags/git_repo_dag.py
[2025-03-19T05:23:46.371+0000] {processor.py:914} INFO - Processing file /opt/airflow/dags/git_repo_dag.py for tasks to queue
[2025-03-19T05:23:46.376+0000] {logging_mixin.py:190} INFO - [2025-03-19T05:23:46.376+0000] {dagbag.py:588} INFO - Filling up the DagBag from /opt/airflow/dags/git_repo_dag.py
[2025-03-19T05:23:46.449+0000] {processor.py:925} INFO - DAG(s) 'git_repo_dag' retrieved from /opt/airflow/dags/git_repo_dag.py
[2025-03-19T05:23:46.501+0000] {logging_mixin.py:190} INFO - [2025-03-19T05:23:46.501+0000] {dag.py:3239} INFO - Sync 1 DAGs
[2025-03-19T05:23:46.543+0000] {logging_mixin.py:190} INFO - [2025-03-19T05:23:46.542+0000] {dag.py:4180} INFO - Setting next_dagrun for git_repo_dag to 2025-03-18 21:00:00+00:00, run_after=2025-03-19 21:00:00+00:00
[2025-03-19T05:23:46.837+0000] {processor.py:208} INFO - Processing /opt/airflow/dags/git_repo_dag.py took 0.476 seconds
