[2025-03-19T05:22:41.223+0000] {processor.py:186} INFO - Started process (PID=84) to work on /opt/airflow/dags/profit_uk.py
[2025-03-19T05:22:41.225+0000] {processor.py:914} INFO - Processing file /opt/airflow/dags/profit_uk.py for tasks to queue
[2025-03-19T05:22:41.230+0000] {logging_mixin.py:190} INFO - [2025-03-19T05:22:41.229+0000] {dagbag.py:588} INFO - Filling up the DagBag from /opt/airflow/dags/profit_uk.py
[2025-03-19T05:22:41.346+0000] {logging_mixin.py:190} INFO - [2025-03-19T05:22:41.324+0000] {dagbag.py:387} ERROR - Failed to import: /opt/airflow/dags/profit_uk.py
Traceback (most recent call last):
  File "/home/airflow/.local/lib/python3.12/site-packages/airflow/models/dagbag.py", line 383, in parse
    loader.exec_module(new_module)
  File "<frozen importlib._bootstrap_external>", line 999, in exec_module
  File "<frozen importlib._bootstrap>", line 488, in _call_with_frames_removed
  File "/opt/airflow/dags/profit_uk.py", line 11, in <module>
    from airflow.providers.snowflake.operators.snowflake import SnowflakeOperator
ImportError: cannot import name 'SnowflakeOperator' from 'airflow.providers.snowflake.operators.snowflake' (/home/airflow/.local/lib/python3.12/site-packages/airflow/providers/snowflake/operators/snowflake.py)
[2025-03-19T05:22:41.355+0000] {processor.py:927} WARNING - No viable dags retrieved from /opt/airflow/dags/profit_uk.py
[2025-03-19T05:22:41.445+0000] {processor.py:208} INFO - Processing /opt/airflow/dags/profit_uk.py took 0.234 seconds
[2025-03-19T05:23:12.219+0000] {processor.py:186} INFO - Started process (PID=116) to work on /opt/airflow/dags/profit_uk.py
[2025-03-19T05:23:12.221+0000] {processor.py:914} INFO - Processing file /opt/airflow/dags/profit_uk.py for tasks to queue
[2025-03-19T05:23:12.229+0000] {logging_mixin.py:190} INFO - [2025-03-19T05:23:12.227+0000] {dagbag.py:588} INFO - Filling up the DagBag from /opt/airflow/dags/profit_uk.py
[2025-03-19T05:23:12.289+0000] {logging_mixin.py:190} INFO - [2025-03-19T05:23:12.277+0000] {dagbag.py:387} ERROR - Failed to import: /opt/airflow/dags/profit_uk.py
Traceback (most recent call last):
  File "/home/airflow/.local/lib/python3.12/site-packages/airflow/models/dagbag.py", line 383, in parse
    loader.exec_module(new_module)
  File "<frozen importlib._bootstrap_external>", line 999, in exec_module
  File "<frozen importlib._bootstrap>", line 488, in _call_with_frames_removed
  File "/opt/airflow/dags/profit_uk.py", line 11, in <module>
    from airflow.providers.snowflake.operators.snowflake import SnowflakeOperator
ImportError: cannot import name 'SnowflakeOperator' from 'airflow.providers.snowflake.operators.snowflake' (/home/airflow/.local/lib/python3.12/site-packages/airflow/providers/snowflake/operators/snowflake.py)
[2025-03-19T05:23:12.296+0000] {processor.py:927} WARNING - No viable dags retrieved from /opt/airflow/dags/profit_uk.py
[2025-03-19T05:23:12.367+0000] {processor.py:208} INFO - Processing /opt/airflow/dags/profit_uk.py took 0.160 seconds
[2025-03-19T05:23:43.523+0000] {processor.py:186} INFO - Started process (PID=120) to work on /opt/airflow/dags/profit_uk.py
[2025-03-19T05:23:43.524+0000] {processor.py:914} INFO - Processing file /opt/airflow/dags/profit_uk.py for tasks to queue
[2025-03-19T05:23:43.531+0000] {logging_mixin.py:190} INFO - [2025-03-19T05:23:43.530+0000] {dagbag.py:588} INFO - Filling up the DagBag from /opt/airflow/dags/profit_uk.py
[2025-03-19T05:23:43.589+0000] {logging_mixin.py:190} INFO - [2025-03-19T05:23:43.576+0000] {dagbag.py:387} ERROR - Failed to import: /opt/airflow/dags/profit_uk.py
Traceback (most recent call last):
  File "/home/airflow/.local/lib/python3.12/site-packages/airflow/models/dagbag.py", line 383, in parse
    loader.exec_module(new_module)
  File "<frozen importlib._bootstrap_external>", line 999, in exec_module
  File "<frozen importlib._bootstrap>", line 488, in _call_with_frames_removed
  File "/opt/airflow/dags/profit_uk.py", line 11, in <module>
    from airflow.providers.snowflake.operators.snowflake import SnowflakeOperator
ImportError: cannot import name 'SnowflakeOperator' from 'airflow.providers.snowflake.operators.snowflake' (/home/airflow/.local/lib/python3.12/site-packages/airflow/providers/snowflake/operators/snowflake.py)
[2025-03-19T05:23:43.596+0000] {processor.py:927} WARNING - No viable dags retrieved from /opt/airflow/dags/profit_uk.py
[2025-03-19T05:23:43.670+0000] {processor.py:208} INFO - Processing /opt/airflow/dags/profit_uk.py took 0.156 seconds
[2025-03-19T05:24:14.916+0000] {processor.py:186} INFO - Started process (PID=124) to work on /opt/airflow/dags/profit_uk.py
[2025-03-19T05:24:14.917+0000] {processor.py:914} INFO - Processing file /opt/airflow/dags/profit_uk.py for tasks to queue
[2025-03-19T05:24:14.921+0000] {logging_mixin.py:190} INFO - [2025-03-19T05:24:14.920+0000] {dagbag.py:588} INFO - Filling up the DagBag from /opt/airflow/dags/profit_uk.py
[2025-03-19T05:24:14.992+0000] {logging_mixin.py:190} INFO - [2025-03-19T05:24:14.978+0000] {dagbag.py:387} ERROR - Failed to import: /opt/airflow/dags/profit_uk.py
Traceback (most recent call last):
  File "/home/airflow/.local/lib/python3.12/site-packages/airflow/models/dagbag.py", line 383, in parse
    loader.exec_module(new_module)
  File "<frozen importlib._bootstrap_external>", line 999, in exec_module
  File "<frozen importlib._bootstrap>", line 488, in _call_with_frames_removed
  File "/opt/airflow/dags/profit_uk.py", line 11, in <module>
    from airflow.providers.snowflake.operators.snowflake import SnowflakeOperator
ImportError: cannot import name 'SnowflakeOperator' from 'airflow.providers.snowflake.operators.snowflake' (/home/airflow/.local/lib/python3.12/site-packages/airflow/providers/snowflake/operators/snowflake.py)
[2025-03-19T05:24:14.999+0000] {processor.py:927} WARNING - No viable dags retrieved from /opt/airflow/dags/profit_uk.py
[2025-03-19T05:24:15.102+0000] {processor.py:208} INFO - Processing /opt/airflow/dags/profit_uk.py took 0.193 seconds
[2025-03-19T05:24:46.443+0000] {processor.py:186} INFO - Started process (PID=128) to work on /opt/airflow/dags/profit_uk.py
[2025-03-19T05:24:46.444+0000] {processor.py:914} INFO - Processing file /opt/airflow/dags/profit_uk.py for tasks to queue
[2025-03-19T05:24:46.449+0000] {logging_mixin.py:190} INFO - [2025-03-19T05:24:46.448+0000] {dagbag.py:588} INFO - Filling up the DagBag from /opt/airflow/dags/profit_uk.py
[2025-03-19T05:24:46.485+0000] {logging_mixin.py:190} INFO - [2025-03-19T05:24:46.477+0000] {dagbag.py:387} ERROR - Failed to import: /opt/airflow/dags/profit_uk.py
Traceback (most recent call last):
  File "/home/airflow/.local/lib/python3.12/site-packages/airflow/models/dagbag.py", line 383, in parse
    loader.exec_module(new_module)
  File "<frozen importlib._bootstrap_external>", line 999, in exec_module
  File "<frozen importlib._bootstrap>", line 488, in _call_with_frames_removed
  File "/opt/airflow/dags/profit_uk.py", line 11, in <module>
    from airflow.providers.snowflake.operators.snowflake import SnowflakeOperator
ImportError: cannot import name 'SnowflakeOperator' from 'airflow.providers.snowflake.operators.snowflake' (/home/airflow/.local/lib/python3.12/site-packages/airflow/providers/snowflake/operators/snowflake.py)
[2025-03-19T05:24:46.491+0000] {processor.py:927} WARNING - No viable dags retrieved from /opt/airflow/dags/profit_uk.py
[2025-03-19T05:24:46.550+0000] {processor.py:208} INFO - Processing /opt/airflow/dags/profit_uk.py took 0.116 seconds
[2025-03-19T05:25:16.962+0000] {processor.py:186} INFO - Started process (PID=132) to work on /opt/airflow/dags/profit_uk.py
[2025-03-19T05:25:16.965+0000] {processor.py:914} INFO - Processing file /opt/airflow/dags/profit_uk.py for tasks to queue
[2025-03-19T05:25:16.975+0000] {logging_mixin.py:190} INFO - [2025-03-19T05:25:16.974+0000] {dagbag.py:588} INFO - Filling up the DagBag from /opt/airflow/dags/profit_uk.py
[2025-03-19T05:25:17.010+0000] {logging_mixin.py:190} INFO - [2025-03-19T05:25:17.002+0000] {dagbag.py:387} ERROR - Failed to import: /opt/airflow/dags/profit_uk.py
Traceback (most recent call last):
  File "/home/airflow/.local/lib/python3.12/site-packages/airflow/models/dagbag.py", line 383, in parse
    loader.exec_module(new_module)
  File "<frozen importlib._bootstrap_external>", line 999, in exec_module
  File "<frozen importlib._bootstrap>", line 488, in _call_with_frames_removed
  File "/opt/airflow/dags/profit_uk.py", line 11, in <module>
    from airflow.providers.snowflake.operators.snowflake import SnowflakeOperator
ImportError: cannot import name 'SnowflakeOperator' from 'airflow.providers.snowflake.operators.snowflake' (/home/airflow/.local/lib/python3.12/site-packages/airflow/providers/snowflake/operators/snowflake.py)
[2025-03-19T05:25:17.014+0000] {processor.py:927} WARNING - No viable dags retrieved from /opt/airflow/dags/profit_uk.py
[2025-03-19T05:25:17.081+0000] {processor.py:208} INFO - Processing /opt/airflow/dags/profit_uk.py took 0.140 seconds
[2025-03-19T05:25:48.316+0000] {processor.py:186} INFO - Started process (PID=136) to work on /opt/airflow/dags/profit_uk.py
[2025-03-19T05:25:48.319+0000] {processor.py:914} INFO - Processing file /opt/airflow/dags/profit_uk.py for tasks to queue
[2025-03-19T05:25:48.327+0000] {logging_mixin.py:190} INFO - [2025-03-19T05:25:48.326+0000] {dagbag.py:588} INFO - Filling up the DagBag from /opt/airflow/dags/profit_uk.py
[2025-03-19T05:25:48.385+0000] {logging_mixin.py:190} INFO - [2025-03-19T05:25:48.371+0000] {dagbag.py:387} ERROR - Failed to import: /opt/airflow/dags/profit_uk.py
Traceback (most recent call last):
  File "/home/airflow/.local/lib/python3.12/site-packages/airflow/models/dagbag.py", line 383, in parse
    loader.exec_module(new_module)
  File "<frozen importlib._bootstrap_external>", line 999, in exec_module
  File "<frozen importlib._bootstrap>", line 488, in _call_with_frames_removed
  File "/opt/airflow/dags/profit_uk.py", line 11, in <module>
    from airflow.providers.snowflake.operators.snowflake import SnowflakeOperator
ImportError: cannot import name 'SnowflakeOperator' from 'airflow.providers.snowflake.operators.snowflake' (/home/airflow/.local/lib/python3.12/site-packages/airflow/providers/snowflake/operators/snowflake.py)
[2025-03-19T05:25:48.390+0000] {processor.py:927} WARNING - No viable dags retrieved from /opt/airflow/dags/profit_uk.py
[2025-03-19T05:25:48.454+0000] {processor.py:208} INFO - Processing /opt/airflow/dags/profit_uk.py took 0.150 seconds
[2025-03-19T05:26:18.879+0000] {processor.py:186} INFO - Started process (PID=140) to work on /opt/airflow/dags/profit_uk.py
[2025-03-19T05:26:18.882+0000] {processor.py:914} INFO - Processing file /opt/airflow/dags/profit_uk.py for tasks to queue
[2025-03-19T05:26:18.886+0000] {logging_mixin.py:190} INFO - [2025-03-19T05:26:18.886+0000] {dagbag.py:588} INFO - Filling up the DagBag from /opt/airflow/dags/profit_uk.py
[2025-03-19T05:26:18.941+0000] {logging_mixin.py:190} INFO - [2025-03-19T05:26:18.929+0000] {dagbag.py:387} ERROR - Failed to import: /opt/airflow/dags/profit_uk.py
Traceback (most recent call last):
  File "/home/airflow/.local/lib/python3.12/site-packages/airflow/models/dagbag.py", line 383, in parse
    loader.exec_module(new_module)
  File "<frozen importlib._bootstrap_external>", line 999, in exec_module
  File "<frozen importlib._bootstrap>", line 488, in _call_with_frames_removed
  File "/opt/airflow/dags/profit_uk.py", line 11, in <module>
    from airflow.providers.snowflake.operators.snowflake import SnowflakeOperator
ImportError: cannot import name 'SnowflakeOperator' from 'airflow.providers.snowflake.operators.snowflake' (/home/airflow/.local/lib/python3.12/site-packages/airflow/providers/snowflake/operators/snowflake.py)
[2025-03-19T05:26:18.947+0000] {processor.py:927} WARNING - No viable dags retrieved from /opt/airflow/dags/profit_uk.py
[2025-03-19T05:26:19.041+0000] {processor.py:208} INFO - Processing /opt/airflow/dags/profit_uk.py took 0.179 seconds
[2025-03-19T05:26:50.020+0000] {processor.py:186} INFO - Started process (PID=144) to work on /opt/airflow/dags/profit_uk.py
[2025-03-19T05:26:50.022+0000] {processor.py:914} INFO - Processing file /opt/airflow/dags/profit_uk.py for tasks to queue
[2025-03-19T05:26:50.027+0000] {logging_mixin.py:190} INFO - [2025-03-19T05:26:50.027+0000] {dagbag.py:588} INFO - Filling up the DagBag from /opt/airflow/dags/profit_uk.py
[2025-03-19T05:26:50.074+0000] {logging_mixin.py:190} INFO - [2025-03-19T05:26:50.063+0000] {dagbag.py:387} ERROR - Failed to import: /opt/airflow/dags/profit_uk.py
Traceback (most recent call last):
  File "/home/airflow/.local/lib/python3.12/site-packages/airflow/models/dagbag.py", line 383, in parse
    loader.exec_module(new_module)
  File "<frozen importlib._bootstrap_external>", line 999, in exec_module
  File "<frozen importlib._bootstrap>", line 488, in _call_with_frames_removed
  File "/opt/airflow/dags/profit_uk.py", line 11, in <module>
    from airflow.providers.snowflake.operators.snowflake import SnowflakeOperator
ImportError: cannot import name 'SnowflakeOperator' from 'airflow.providers.snowflake.operators.snowflake' (/home/airflow/.local/lib/python3.12/site-packages/airflow/providers/snowflake/operators/snowflake.py)
[2025-03-19T05:26:50.080+0000] {processor.py:927} WARNING - No viable dags retrieved from /opt/airflow/dags/profit_uk.py
[2025-03-19T05:26:50.138+0000] {processor.py:208} INFO - Processing /opt/airflow/dags/profit_uk.py took 0.132 seconds
[2025-03-19T05:27:20.257+0000] {processor.py:186} INFO - Started process (PID=148) to work on /opt/airflow/dags/profit_uk.py
[2025-03-19T05:27:20.261+0000] {processor.py:914} INFO - Processing file /opt/airflow/dags/profit_uk.py for tasks to queue
[2025-03-19T05:27:20.267+0000] {logging_mixin.py:190} INFO - [2025-03-19T05:27:20.266+0000] {dagbag.py:588} INFO - Filling up the DagBag from /opt/airflow/dags/profit_uk.py
[2025-03-19T05:27:20.327+0000] {logging_mixin.py:190} INFO - [2025-03-19T05:27:20.315+0000] {dagbag.py:387} ERROR - Failed to import: /opt/airflow/dags/profit_uk.py
Traceback (most recent call last):
  File "/home/airflow/.local/lib/python3.12/site-packages/airflow/models/dagbag.py", line 383, in parse
    loader.exec_module(new_module)
  File "<frozen importlib._bootstrap_external>", line 999, in exec_module
  File "<frozen importlib._bootstrap>", line 488, in _call_with_frames_removed
  File "/opt/airflow/dags/profit_uk.py", line 11, in <module>
    from airflow.providers.snowflake.operators.snowflake import SnowflakeOperator
ImportError: cannot import name 'SnowflakeOperator' from 'airflow.providers.snowflake.operators.snowflake' (/home/airflow/.local/lib/python3.12/site-packages/airflow/providers/snowflake/operators/snowflake.py)
[2025-03-19T05:27:20.332+0000] {processor.py:927} WARNING - No viable dags retrieved from /opt/airflow/dags/profit_uk.py
[2025-03-19T05:27:20.400+0000] {processor.py:208} INFO - Processing /opt/airflow/dags/profit_uk.py took 0.156 seconds
[2025-03-19T05:27:48.151+0000] {processor.py:186} INFO - Started process (PID=152) to work on /opt/airflow/dags/profit_uk.py
[2025-03-19T05:27:48.153+0000] {processor.py:914} INFO - Processing file /opt/airflow/dags/profit_uk.py for tasks to queue
[2025-03-19T05:27:48.158+0000] {logging_mixin.py:190} INFO - [2025-03-19T05:27:48.157+0000] {dagbag.py:588} INFO - Filling up the DagBag from /opt/airflow/dags/profit_uk.py
[2025-03-19T05:27:48.226+0000] {logging_mixin.py:190} INFO - [2025-03-19T05:27:48.217+0000] {dagbag.py:387} ERROR - Failed to import: /opt/airflow/dags/profit_uk.py
Traceback (most recent call last):
  File "/home/airflow/.local/lib/python3.12/site-packages/airflow/models/dagbag.py", line 383, in parse
    loader.exec_module(new_module)
  File "<frozen importlib._bootstrap_external>", line 999, in exec_module
  File "<frozen importlib._bootstrap>", line 488, in _call_with_frames_removed
  File "/opt/airflow/dags/profit_uk.py", line 11, in <module>
    from airflow.providers.snowflake.operators.snowflake_sql import SnowflakeSqlOperator
ModuleNotFoundError: No module named 'airflow.providers.snowflake.operators.snowflake_sql'
[2025-03-19T05:27:48.231+0000] {processor.py:927} WARNING - No viable dags retrieved from /opt/airflow/dags/profit_uk.py
[2025-03-19T05:27:48.293+0000] {processor.py:208} INFO - Processing /opt/airflow/dags/profit_uk.py took 0.148 seconds
[2025-03-19T05:27:59.991+0000] {processor.py:186} INFO - Started process (PID=156) to work on /opt/airflow/dags/profit_uk.py
[2025-03-19T05:27:59.993+0000] {processor.py:914} INFO - Processing file /opt/airflow/dags/profit_uk.py for tasks to queue
[2025-03-19T05:27:59.997+0000] {logging_mixin.py:190} INFO - [2025-03-19T05:27:59.996+0000] {dagbag.py:588} INFO - Filling up the DagBag from /opt/airflow/dags/profit_uk.py
[2025-03-19T05:28:00.076+0000] {logging_mixin.py:190} INFO - [2025-03-19T05:28:00.064+0000] {dagbag.py:387} ERROR - Failed to import: /opt/airflow/dags/profit_uk.py
Traceback (most recent call last):
  File "/home/airflow/.local/lib/python3.12/site-packages/airflow/models/dagbag.py", line 383, in parse
    loader.exec_module(new_module)
  File "<frozen importlib._bootstrap_external>", line 999, in exec_module
  File "<frozen importlib._bootstrap>", line 488, in _call_with_frames_removed
  File "/opt/airflow/dags/profit_uk.py", line 11, in <module>
    from airflow.providers.snowflake.operators.snowflake_sql import SnowflakeSqlOperator
ModuleNotFoundError: No module named 'airflow.providers.snowflake.operators.snowflake_sql'
[2025-03-19T05:28:00.081+0000] {processor.py:927} WARNING - No viable dags retrieved from /opt/airflow/dags/profit_uk.py
[2025-03-19T05:28:00.133+0000] {processor.py:208} INFO - Processing /opt/airflow/dags/profit_uk.py took 0.151 seconds
[2025-03-19T05:28:00.940+0000] {processor.py:186} INFO - Started process (PID=157) to work on /opt/airflow/dags/profit_uk.py
[2025-03-19T05:28:00.942+0000] {processor.py:914} INFO - Processing file /opt/airflow/dags/profit_uk.py for tasks to queue
[2025-03-19T05:28:00.944+0000] {logging_mixin.py:190} INFO - [2025-03-19T05:28:00.944+0000] {dagbag.py:588} INFO - Filling up the DagBag from /opt/airflow/dags/profit_uk.py
[2025-03-19T05:28:01.004+0000] {logging_mixin.py:190} INFO - [2025-03-19T05:28:00.995+0000] {dagbag.py:387} ERROR - Failed to import: /opt/airflow/dags/profit_uk.py
Traceback (most recent call last):
  File "/home/airflow/.local/lib/python3.12/site-packages/airflow/models/dagbag.py", line 383, in parse
    loader.exec_module(new_module)
  File "<frozen importlib._bootstrap_external>", line 999, in exec_module
  File "<frozen importlib._bootstrap>", line 488, in _call_with_frames_removed
  File "/opt/airflow/dags/profit_uk.py", line 11, in <module>
    from airflow.providers.snowflake.operators.snowflake_sql import SnowflakeSqlOperator
ModuleNotFoundError: No module named 'airflow.providers.snowflake.operators.snowflake_sql'
[2025-03-19T05:28:01.008+0000] {processor.py:927} WARNING - No viable dags retrieved from /opt/airflow/dags/profit_uk.py
[2025-03-19T05:28:01.057+0000] {processor.py:208} INFO - Processing /opt/airflow/dags/profit_uk.py took 0.125 seconds
[2025-03-19T05:28:31.603+0000] {processor.py:186} INFO - Started process (PID=161) to work on /opt/airflow/dags/profit_uk.py
[2025-03-19T05:28:31.605+0000] {processor.py:914} INFO - Processing file /opt/airflow/dags/profit_uk.py for tasks to queue
[2025-03-19T05:28:31.608+0000] {logging_mixin.py:190} INFO - [2025-03-19T05:28:31.607+0000] {dagbag.py:588} INFO - Filling up the DagBag from /opt/airflow/dags/profit_uk.py
[2025-03-19T05:28:31.684+0000] {logging_mixin.py:190} INFO - [2025-03-19T05:28:31.676+0000] {dagbag.py:387} ERROR - Failed to import: /opt/airflow/dags/profit_uk.py
Traceback (most recent call last):
  File "/home/airflow/.local/lib/python3.12/site-packages/airflow/models/dagbag.py", line 383, in parse
    loader.exec_module(new_module)
  File "<frozen importlib._bootstrap_external>", line 999, in exec_module
  File "<frozen importlib._bootstrap>", line 488, in _call_with_frames_removed
  File "/opt/airflow/dags/profit_uk.py", line 11, in <module>
    from airflow.providers.snowflake.operators.snowflake_sql import SnowflakeSqlOperator
ModuleNotFoundError: No module named 'airflow.providers.snowflake.operators.snowflake_sql'
[2025-03-19T05:28:31.688+0000] {processor.py:927} WARNING - No viable dags retrieved from /opt/airflow/dags/profit_uk.py
[2025-03-19T05:28:31.762+0000] {processor.py:208} INFO - Processing /opt/airflow/dags/profit_uk.py took 0.167 seconds
[2025-03-19T05:28:59.641+0000] {processor.py:186} INFO - Started process (PID=164) to work on /opt/airflow/dags/profit_uk.py
[2025-03-19T05:28:59.643+0000] {processor.py:914} INFO - Processing file /opt/airflow/dags/profit_uk.py for tasks to queue
[2025-03-19T05:28:59.648+0000] {logging_mixin.py:190} INFO - [2025-03-19T05:28:59.647+0000] {dagbag.py:588} INFO - Filling up the DagBag from /opt/airflow/dags/profit_uk.py
[2025-03-19T05:28:59.744+0000] {processor.py:925} INFO - DAG(s) 'load_profit_uk' retrieved from /opt/airflow/dags/profit_uk.py
[2025-03-19T05:28:59.958+0000] {logging_mixin.py:190} INFO - [2025-03-19T05:28:59.957+0000] {override.py:1912} INFO - Created Permission View: can read on DAG:load_profit_uk
[2025-03-19T05:29:00.029+0000] {logging_mixin.py:190} INFO - [2025-03-19T05:29:00.028+0000] {override.py:1912} INFO - Created Permission View: can edit on DAG:load_profit_uk
[2025-03-19T05:29:00.084+0000] {logging_mixin.py:190} INFO - [2025-03-19T05:29:00.084+0000] {override.py:1912} INFO - Created Permission View: can delete on DAG:load_profit_uk
[2025-03-19T05:29:00.169+0000] {logging_mixin.py:190} INFO - [2025-03-19T05:29:00.169+0000] {override.py:1912} INFO - Created Permission View: can read on DAG Run:load_profit_uk
[2025-03-19T05:29:00.224+0000] {logging_mixin.py:190} INFO - [2025-03-19T05:29:00.223+0000] {override.py:1912} INFO - Created Permission View: can delete on DAG Run:load_profit_uk
[2025-03-19T05:29:00.279+0000] {logging_mixin.py:190} INFO - [2025-03-19T05:29:00.278+0000] {override.py:1912} INFO - Created Permission View: can create on DAG Run:load_profit_uk
[2025-03-19T05:29:00.333+0000] {logging_mixin.py:190} INFO - [2025-03-19T05:29:00.333+0000] {override.py:1912} INFO - Created Permission View: menu access on DAG Run:load_profit_uk
[2025-03-19T05:29:00.335+0000] {logging_mixin.py:190} INFO - [2025-03-19T05:29:00.334+0000] {dag.py:3239} INFO - Sync 1 DAGs
[2025-03-19T05:29:00.368+0000] {logging_mixin.py:190} INFO - [2025-03-19T05:29:00.367+0000] {dag.py:3262} INFO - Creating ORM DAG for load_profit_uk
[2025-03-19T05:29:00.391+0000] {logging_mixin.py:190} INFO - [2025-03-19T05:29:00.391+0000] {dag.py:4180} INFO - Setting next_dagrun for load_profit_uk to 2025-03-18 21:00:00+00:00, run_after=2025-03-19 21:00:00+00:00
[2025-03-19T05:29:00.587+0000] {processor.py:208} INFO - Processing /opt/airflow/dags/profit_uk.py took 0.959 seconds
[2025-03-19T05:29:09.340+0000] {processor.py:186} INFO - Started process (PID=166) to work on /opt/airflow/dags/profit_uk.py
[2025-03-19T05:29:09.342+0000] {processor.py:914} INFO - Processing file /opt/airflow/dags/profit_uk.py for tasks to queue
[2025-03-19T05:29:09.346+0000] {logging_mixin.py:190} INFO - [2025-03-19T05:29:09.345+0000] {dagbag.py:588} INFO - Filling up the DagBag from /opt/airflow/dags/profit_uk.py
[2025-03-19T05:29:09.434+0000] {processor.py:925} INFO - DAG(s) 'load_profit_uk' retrieved from /opt/airflow/dags/profit_uk.py
[2025-03-19T05:29:09.463+0000] {logging_mixin.py:190} INFO - [2025-03-19T05:29:09.463+0000] {dag.py:3239} INFO - Sync 1 DAGs
[2025-03-19T05:29:09.502+0000] {logging_mixin.py:190} INFO - [2025-03-19T05:29:09.502+0000] {dag.py:4180} INFO - Setting next_dagrun for load_profit_uk to 2025-03-18 21:00:00+00:00, run_after=2025-03-19 21:00:00+00:00
[2025-03-19T05:29:09.594+0000] {processor.py:208} INFO - Processing /opt/airflow/dags/profit_uk.py took 0.262 seconds
[2025-03-19T05:29:10.923+0000] {processor.py:186} INFO - Started process (PID=167) to work on /opt/airflow/dags/profit_uk.py
[2025-03-19T05:29:10.924+0000] {processor.py:914} INFO - Processing file /opt/airflow/dags/profit_uk.py for tasks to queue
[2025-03-19T05:29:10.928+0000] {logging_mixin.py:190} INFO - [2025-03-19T05:29:10.928+0000] {dagbag.py:588} INFO - Filling up the DagBag from /opt/airflow/dags/profit_uk.py
[2025-03-19T05:29:11.010+0000] {processor.py:925} INFO - DAG(s) 'load_profit_uk' retrieved from /opt/airflow/dags/profit_uk.py
[2025-03-19T05:29:11.038+0000] {logging_mixin.py:190} INFO - [2025-03-19T05:29:11.037+0000] {dag.py:3239} INFO - Sync 1 DAGs
[2025-03-19T05:29:11.084+0000] {logging_mixin.py:190} INFO - [2025-03-19T05:29:11.083+0000] {dag.py:4180} INFO - Setting next_dagrun for load_profit_uk to 2025-03-18 21:00:00+00:00, run_after=2025-03-19 21:00:00+00:00
[2025-03-19T05:29:11.187+0000] {processor.py:208} INFO - Processing /opt/airflow/dags/profit_uk.py took 0.270 seconds
[2025-03-19T17:00:03.873+0000] {processor.py:186} INFO - Started process (PID=171) to work on /opt/airflow/dags/profit_uk.py
[2025-03-19T17:00:03.901+0000] {processor.py:914} INFO - Processing file /opt/airflow/dags/profit_uk.py for tasks to queue
[2025-03-19T17:00:03.931+0000] {logging_mixin.py:190} INFO - [2025-03-19T17:00:03.925+0000] {dagbag.py:588} INFO - Filling up the DagBag from /opt/airflow/dags/profit_uk.py
[2025-03-19T17:00:04.920+0000] {processor.py:925} INFO - DAG(s) 'load_profit_uk' retrieved from /opt/airflow/dags/profit_uk.py
[2025-03-19T17:00:05.338+0000] {logging_mixin.py:190} INFO - [2025-03-19T17:00:05.338+0000] {dag.py:3239} INFO - Sync 1 DAGs
[2025-03-19T17:00:05.747+0000] {logging_mixin.py:190} INFO - [2025-03-19T17:00:05.747+0000] {dag.py:4180} INFO - Setting next_dagrun for load_profit_uk to 2025-03-18 21:00:00+00:00, run_after=2025-03-19 21:00:00+00:00
[2025-03-19T17:00:07.337+0000] {processor.py:208} INFO - Processing /opt/airflow/dags/profit_uk.py took 3.517 seconds
[2025-03-19T17:00:39.695+0000] {processor.py:186} INFO - Started process (PID=175) to work on /opt/airflow/dags/profit_uk.py
[2025-03-19T17:00:39.702+0000] {processor.py:914} INFO - Processing file /opt/airflow/dags/profit_uk.py for tasks to queue
[2025-03-19T17:00:39.719+0000] {logging_mixin.py:190} INFO - [2025-03-19T17:00:39.718+0000] {dagbag.py:588} INFO - Filling up the DagBag from /opt/airflow/dags/profit_uk.py
[2025-03-19T17:00:39.960+0000] {processor.py:925} INFO - DAG(s) 'load_profit_uk' retrieved from /opt/airflow/dags/profit_uk.py
[2025-03-19T17:00:40.189+0000] {logging_mixin.py:190} INFO - [2025-03-19T17:00:40.188+0000] {dag.py:3239} INFO - Sync 1 DAGs
[2025-03-19T17:00:40.291+0000] {logging_mixin.py:190} INFO - [2025-03-19T17:00:40.291+0000] {dag.py:4180} INFO - Setting next_dagrun for load_profit_uk to 2025-03-18 21:00:00+00:00, run_after=2025-03-19 21:00:00+00:00
[2025-03-19T17:00:40.693+0000] {processor.py:208} INFO - Processing /opt/airflow/dags/profit_uk.py took 1.021 seconds
[2025-03-19T17:01:11.399+0000] {processor.py:186} INFO - Started process (PID=179) to work on /opt/airflow/dags/profit_uk.py
[2025-03-19T17:01:11.402+0000] {processor.py:914} INFO - Processing file /opt/airflow/dags/profit_uk.py for tasks to queue
[2025-03-19T17:01:11.411+0000] {logging_mixin.py:190} INFO - [2025-03-19T17:01:11.410+0000] {dagbag.py:588} INFO - Filling up the DagBag from /opt/airflow/dags/profit_uk.py
[2025-03-19T17:01:11.485+0000] {processor.py:925} INFO - DAG(s) 'load_profit_uk' retrieved from /opt/airflow/dags/profit_uk.py
[2025-03-19T17:01:11.547+0000] {logging_mixin.py:190} INFO - [2025-03-19T17:01:11.546+0000] {dag.py:3239} INFO - Sync 1 DAGs
[2025-03-19T17:01:11.595+0000] {logging_mixin.py:190} INFO - [2025-03-19T17:01:11.594+0000] {dag.py:4180} INFO - Setting next_dagrun for load_profit_uk to 2025-03-18 21:00:00+00:00, run_after=2025-03-19 21:00:00+00:00
[2025-03-19T17:01:11.696+0000] {processor.py:208} INFO - Processing /opt/airflow/dags/profit_uk.py took 0.309 seconds
[2025-03-19T17:01:42.011+0000] {processor.py:186} INFO - Started process (PID=183) to work on /opt/airflow/dags/profit_uk.py
[2025-03-19T17:01:42.013+0000] {processor.py:914} INFO - Processing file /opt/airflow/dags/profit_uk.py for tasks to queue
[2025-03-19T17:01:42.018+0000] {logging_mixin.py:190} INFO - [2025-03-19T17:01:42.018+0000] {dagbag.py:588} INFO - Filling up the DagBag from /opt/airflow/dags/profit_uk.py
[2025-03-19T17:01:42.096+0000] {processor.py:925} INFO - DAG(s) 'load_profit_uk' retrieved from /opt/airflow/dags/profit_uk.py
[2025-03-19T17:01:42.158+0000] {logging_mixin.py:190} INFO - [2025-03-19T17:01:42.157+0000] {dag.py:3239} INFO - Sync 1 DAGs
[2025-03-19T17:01:42.234+0000] {logging_mixin.py:190} INFO - [2025-03-19T17:01:42.233+0000] {dag.py:4180} INFO - Setting next_dagrun for load_profit_uk to 2025-03-18 21:00:00+00:00, run_after=2025-03-19 21:00:00+00:00
[2025-03-19T17:01:42.324+0000] {processor.py:208} INFO - Processing /opt/airflow/dags/profit_uk.py took 0.323 seconds
[2025-03-19T17:02:12.866+0000] {processor.py:186} INFO - Started process (PID=187) to work on /opt/airflow/dags/profit_uk.py
[2025-03-19T17:02:12.867+0000] {processor.py:914} INFO - Processing file /opt/airflow/dags/profit_uk.py for tasks to queue
[2025-03-19T17:02:12.872+0000] {logging_mixin.py:190} INFO - [2025-03-19T17:02:12.871+0000] {dagbag.py:588} INFO - Filling up the DagBag from /opt/airflow/dags/profit_uk.py
[2025-03-19T17:02:12.927+0000] {processor.py:925} INFO - DAG(s) 'load_profit_uk' retrieved from /opt/airflow/dags/profit_uk.py
[2025-03-19T17:02:12.977+0000] {logging_mixin.py:190} INFO - [2025-03-19T17:02:12.977+0000] {dag.py:3239} INFO - Sync 1 DAGs
[2025-03-19T17:02:13.070+0000] {logging_mixin.py:190} INFO - [2025-03-19T17:02:13.070+0000] {dag.py:4180} INFO - Setting next_dagrun for load_profit_uk to 2025-03-18 21:00:00+00:00, run_after=2025-03-19 21:00:00+00:00
[2025-03-19T17:02:13.150+0000] {processor.py:208} INFO - Processing /opt/airflow/dags/profit_uk.py took 0.293 seconds
[2025-03-19T17:02:43.766+0000] {processor.py:186} INFO - Started process (PID=191) to work on /opt/airflow/dags/profit_uk.py
[2025-03-19T17:02:43.774+0000] {processor.py:914} INFO - Processing file /opt/airflow/dags/profit_uk.py for tasks to queue
[2025-03-19T17:02:43.786+0000] {logging_mixin.py:190} INFO - [2025-03-19T17:02:43.784+0000] {dagbag.py:588} INFO - Filling up the DagBag from /opt/airflow/dags/profit_uk.py
[2025-03-19T17:02:44.009+0000] {processor.py:925} INFO - DAG(s) 'load_profit_uk' retrieved from /opt/airflow/dags/profit_uk.py
[2025-03-19T17:02:44.179+0000] {logging_mixin.py:190} INFO - [2025-03-19T17:02:44.178+0000] {dag.py:3239} INFO - Sync 1 DAGs
[2025-03-19T17:02:44.335+0000] {logging_mixin.py:190} INFO - [2025-03-19T17:02:44.334+0000] {dag.py:4180} INFO - Setting next_dagrun for load_profit_uk to 2025-03-18 21:00:00+00:00, run_after=2025-03-19 21:00:00+00:00
[2025-03-19T17:02:44.712+0000] {processor.py:208} INFO - Processing /opt/airflow/dags/profit_uk.py took 0.980 seconds
[2025-03-19T17:03:15.606+0000] {processor.py:186} INFO - Started process (PID=195) to work on /opt/airflow/dags/profit_uk.py
[2025-03-19T17:03:15.608+0000] {processor.py:914} INFO - Processing file /opt/airflow/dags/profit_uk.py for tasks to queue
[2025-03-19T17:03:15.611+0000] {logging_mixin.py:190} INFO - [2025-03-19T17:03:15.611+0000] {dagbag.py:588} INFO - Filling up the DagBag from /opt/airflow/dags/profit_uk.py
[2025-03-19T17:03:15.674+0000] {processor.py:925} INFO - DAG(s) 'load_profit_uk' retrieved from /opt/airflow/dags/profit_uk.py
[2025-03-19T17:03:15.723+0000] {logging_mixin.py:190} INFO - [2025-03-19T17:03:15.723+0000] {dag.py:3239} INFO - Sync 1 DAGs
[2025-03-19T17:03:15.778+0000] {logging_mixin.py:190} INFO - [2025-03-19T17:03:15.775+0000] {dag.py:4180} INFO - Setting next_dagrun for load_profit_uk to 2025-03-18 21:00:00+00:00, run_after=2025-03-19 21:00:00+00:00
[2025-03-19T17:03:15.885+0000] {processor.py:208} INFO - Processing /opt/airflow/dags/profit_uk.py took 0.290 seconds
[2025-03-19T17:03:46.551+0000] {processor.py:186} INFO - Started process (PID=199) to work on /opt/airflow/dags/profit_uk.py
[2025-03-19T17:03:46.553+0000] {processor.py:914} INFO - Processing file /opt/airflow/dags/profit_uk.py for tasks to queue
[2025-03-19T17:03:46.569+0000] {logging_mixin.py:190} INFO - [2025-03-19T17:03:46.567+0000] {dagbag.py:588} INFO - Filling up the DagBag from /opt/airflow/dags/profit_uk.py
[2025-03-19T17:03:46.667+0000] {processor.py:925} INFO - DAG(s) 'load_profit_uk' retrieved from /opt/airflow/dags/profit_uk.py
[2025-03-19T17:03:46.749+0000] {logging_mixin.py:190} INFO - [2025-03-19T17:03:46.749+0000] {dag.py:3239} INFO - Sync 1 DAGs
[2025-03-19T17:03:46.825+0000] {logging_mixin.py:190} INFO - [2025-03-19T17:03:46.824+0000] {dag.py:4180} INFO - Setting next_dagrun for load_profit_uk to 2025-03-18 21:00:00+00:00, run_after=2025-03-19 21:00:00+00:00
[2025-03-19T17:03:47.014+0000] {processor.py:208} INFO - Processing /opt/airflow/dags/profit_uk.py took 0.472 seconds
[2025-03-19T17:04:17.900+0000] {processor.py:186} INFO - Started process (PID=203) to work on /opt/airflow/dags/profit_uk.py
[2025-03-19T17:04:17.903+0000] {processor.py:914} INFO - Processing file /opt/airflow/dags/profit_uk.py for tasks to queue
[2025-03-19T17:04:17.912+0000] {logging_mixin.py:190} INFO - [2025-03-19T17:04:17.910+0000] {dagbag.py:588} INFO - Filling up the DagBag from /opt/airflow/dags/profit_uk.py
[2025-03-19T17:04:18.042+0000] {processor.py:925} INFO - DAG(s) 'load_profit_uk' retrieved from /opt/airflow/dags/profit_uk.py
[2025-03-19T17:04:18.141+0000] {logging_mixin.py:190} INFO - [2025-03-19T17:04:18.141+0000] {dag.py:3239} INFO - Sync 1 DAGs
[2025-03-19T17:04:18.250+0000] {logging_mixin.py:190} INFO - [2025-03-19T17:04:18.249+0000] {dag.py:4180} INFO - Setting next_dagrun for load_profit_uk to 2025-03-18 21:00:00+00:00, run_after=2025-03-19 21:00:00+00:00
[2025-03-19T17:04:18.738+0000] {processor.py:208} INFO - Processing /opt/airflow/dags/profit_uk.py took 0.851 seconds
[2025-03-19T17:04:50.046+0000] {processor.py:186} INFO - Started process (PID=207) to work on /opt/airflow/dags/profit_uk.py
[2025-03-19T17:04:50.050+0000] {processor.py:914} INFO - Processing file /opt/airflow/dags/profit_uk.py for tasks to queue
[2025-03-19T17:04:50.054+0000] {logging_mixin.py:190} INFO - [2025-03-19T17:04:50.053+0000] {dagbag.py:588} INFO - Filling up the DagBag from /opt/airflow/dags/profit_uk.py
[2025-03-19T17:04:50.170+0000] {processor.py:925} INFO - DAG(s) 'load_profit_uk' retrieved from /opt/airflow/dags/profit_uk.py
[2025-03-19T17:04:50.251+0000] {logging_mixin.py:190} INFO - [2025-03-19T17:04:50.250+0000] {dag.py:3239} INFO - Sync 1 DAGs
[2025-03-19T17:04:50.305+0000] {logging_mixin.py:190} INFO - [2025-03-19T17:04:50.304+0000] {dag.py:4180} INFO - Setting next_dagrun for load_profit_uk to 2025-03-18 21:00:00+00:00, run_after=2025-03-19 21:00:00+00:00
[2025-03-19T17:04:50.415+0000] {processor.py:208} INFO - Processing /opt/airflow/dags/profit_uk.py took 0.381 seconds
[2025-03-19T17:05:21.221+0000] {processor.py:186} INFO - Started process (PID=211) to work on /opt/airflow/dags/profit_uk.py
[2025-03-19T17:05:21.224+0000] {processor.py:914} INFO - Processing file /opt/airflow/dags/profit_uk.py for tasks to queue
[2025-03-19T17:05:21.229+0000] {logging_mixin.py:190} INFO - [2025-03-19T17:05:21.229+0000] {dagbag.py:588} INFO - Filling up the DagBag from /opt/airflow/dags/profit_uk.py
[2025-03-19T17:05:21.335+0000] {processor.py:925} INFO - DAG(s) 'load_profit_uk' retrieved from /opt/airflow/dags/profit_uk.py
[2025-03-19T17:05:21.421+0000] {logging_mixin.py:190} INFO - [2025-03-19T17:05:21.421+0000] {dag.py:3239} INFO - Sync 1 DAGs
[2025-03-19T17:05:21.499+0000] {logging_mixin.py:190} INFO - [2025-03-19T17:05:21.498+0000] {dag.py:4180} INFO - Setting next_dagrun for load_profit_uk to 2025-03-18 21:00:00+00:00, run_after=2025-03-19 21:00:00+00:00
[2025-03-19T17:05:21.658+0000] {processor.py:208} INFO - Processing /opt/airflow/dags/profit_uk.py took 0.455 seconds
[2025-03-19T17:05:52.099+0000] {processor.py:186} INFO - Started process (PID=215) to work on /opt/airflow/dags/profit_uk.py
[2025-03-19T17:05:52.101+0000] {processor.py:914} INFO - Processing file /opt/airflow/dags/profit_uk.py for tasks to queue
[2025-03-19T17:05:52.105+0000] {logging_mixin.py:190} INFO - [2025-03-19T17:05:52.105+0000] {dagbag.py:588} INFO - Filling up the DagBag from /opt/airflow/dags/profit_uk.py
[2025-03-19T17:05:52.194+0000] {processor.py:925} INFO - DAG(s) 'load_profit_uk' retrieved from /opt/airflow/dags/profit_uk.py
[2025-03-19T17:05:52.258+0000] {logging_mixin.py:190} INFO - [2025-03-19T17:05:52.258+0000] {dag.py:3239} INFO - Sync 1 DAGs
[2025-03-19T17:05:52.309+0000] {logging_mixin.py:190} INFO - [2025-03-19T17:05:52.309+0000] {dag.py:4180} INFO - Setting next_dagrun for load_profit_uk to 2025-03-18 21:00:00+00:00, run_after=2025-03-19 21:00:00+00:00
[2025-03-19T17:05:52.432+0000] {processor.py:208} INFO - Processing /opt/airflow/dags/profit_uk.py took 0.342 seconds
[2025-03-19T17:06:26.935+0000] {processor.py:186} INFO - Started process (PID=217) to work on /opt/airflow/dags/profit_uk.py
[2025-03-19T17:06:26.937+0000] {processor.py:914} INFO - Processing file /opt/airflow/dags/profit_uk.py for tasks to queue
[2025-03-19T17:06:26.942+0000] {logging_mixin.py:190} INFO - [2025-03-19T17:06:26.942+0000] {dagbag.py:588} INFO - Filling up the DagBag from /opt/airflow/dags/profit_uk.py
[2025-03-19T17:06:27.009+0000] {processor.py:925} INFO - DAG(s) 'load_profit_uk' retrieved from /opt/airflow/dags/profit_uk.py
[2025-03-19T17:06:27.065+0000] {logging_mixin.py:190} INFO - [2025-03-19T17:06:27.065+0000] {dag.py:3239} INFO - Sync 1 DAGs
[2025-03-19T17:06:27.120+0000] {logging_mixin.py:190} INFO - [2025-03-19T17:06:27.119+0000] {dag.py:4180} INFO - Setting next_dagrun for load_profit_uk to 2025-03-18 21:00:00+00:00, run_after=2025-03-19 21:00:00+00:00
[2025-03-19T17:06:27.234+0000] {processor.py:208} INFO - Processing /opt/airflow/dags/profit_uk.py took 0.309 seconds
[2025-03-19T17:06:58.046+0000] {processor.py:186} INFO - Started process (PID=221) to work on /opt/airflow/dags/profit_uk.py
[2025-03-19T17:06:58.049+0000] {processor.py:914} INFO - Processing file /opt/airflow/dags/profit_uk.py for tasks to queue
[2025-03-19T17:06:58.057+0000] {logging_mixin.py:190} INFO - [2025-03-19T17:06:58.056+0000] {dagbag.py:588} INFO - Filling up the DagBag from /opt/airflow/dags/profit_uk.py
[2025-03-19T17:06:58.220+0000] {processor.py:925} INFO - DAG(s) 'load_profit_uk' retrieved from /opt/airflow/dags/profit_uk.py
[2025-03-19T17:06:58.333+0000] {logging_mixin.py:190} INFO - [2025-03-19T17:06:58.331+0000] {dag.py:3239} INFO - Sync 1 DAGs
[2025-03-19T17:06:58.413+0000] {logging_mixin.py:190} INFO - [2025-03-19T17:06:58.411+0000] {dag.py:4180} INFO - Setting next_dagrun for load_profit_uk to 2025-03-18 21:00:00+00:00, run_after=2025-03-19 21:00:00+00:00
[2025-03-19T17:06:58.762+0000] {processor.py:208} INFO - Processing /opt/airflow/dags/profit_uk.py took 0.737 seconds
[2025-03-19T17:07:29.318+0000] {processor.py:186} INFO - Started process (PID=225) to work on /opt/airflow/dags/profit_uk.py
[2025-03-19T17:07:29.321+0000] {processor.py:914} INFO - Processing file /opt/airflow/dags/profit_uk.py for tasks to queue
[2025-03-19T17:07:29.327+0000] {logging_mixin.py:190} INFO - [2025-03-19T17:07:29.326+0000] {dagbag.py:588} INFO - Filling up the DagBag from /opt/airflow/dags/profit_uk.py
[2025-03-19T17:07:29.584+0000] {processor.py:925} INFO - DAG(s) 'load_profit_uk' retrieved from /opt/airflow/dags/profit_uk.py
[2025-03-19T17:07:29.717+0000] {logging_mixin.py:190} INFO - [2025-03-19T17:07:29.716+0000] {dag.py:3239} INFO - Sync 1 DAGs
[2025-03-19T17:07:30.216+0000] {logging_mixin.py:190} INFO - [2025-03-19T17:07:30.203+0000] {dag.py:4180} INFO - Setting next_dagrun for load_profit_uk to 2025-03-18 21:00:00+00:00, run_after=2025-03-19 21:00:00+00:00
[2025-03-19T17:07:31.002+0000] {processor.py:208} INFO - Processing /opt/airflow/dags/profit_uk.py took 1.704 seconds
[2025-03-19T17:08:02.554+0000] {processor.py:186} INFO - Started process (PID=229) to work on /opt/airflow/dags/profit_uk.py
[2025-03-19T17:08:02.559+0000] {processor.py:914} INFO - Processing file /opt/airflow/dags/profit_uk.py for tasks to queue
[2025-03-19T17:08:02.566+0000] {logging_mixin.py:190} INFO - [2025-03-19T17:08:02.566+0000] {dagbag.py:588} INFO - Filling up the DagBag from /opt/airflow/dags/profit_uk.py
[2025-03-19T17:08:02.800+0000] {processor.py:925} INFO - DAG(s) 'load_profit_uk' retrieved from /opt/airflow/dags/profit_uk.py
[2025-03-19T17:08:02.965+0000] {logging_mixin.py:190} INFO - [2025-03-19T17:08:02.964+0000] {dag.py:3239} INFO - Sync 1 DAGs
[2025-03-19T17:08:03.161+0000] {logging_mixin.py:190} INFO - [2025-03-19T17:08:03.160+0000] {dag.py:4180} INFO - Setting next_dagrun for load_profit_uk to 2025-03-18 21:00:00+00:00, run_after=2025-03-19 21:00:00+00:00
[2025-03-19T17:08:03.626+0000] {processor.py:208} INFO - Processing /opt/airflow/dags/profit_uk.py took 1.100 seconds
[2025-03-19T17:08:33.901+0000] {processor.py:186} INFO - Started process (PID=233) to work on /opt/airflow/dags/profit_uk.py
[2025-03-19T17:08:33.905+0000] {processor.py:914} INFO - Processing file /opt/airflow/dags/profit_uk.py for tasks to queue
[2025-03-19T17:08:33.913+0000] {logging_mixin.py:190} INFO - [2025-03-19T17:08:33.912+0000] {dagbag.py:588} INFO - Filling up the DagBag from /opt/airflow/dags/profit_uk.py
[2025-03-19T17:08:34.064+0000] {processor.py:925} INFO - DAG(s) 'load_profit_uk' retrieved from /opt/airflow/dags/profit_uk.py
[2025-03-19T17:08:34.207+0000] {logging_mixin.py:190} INFO - [2025-03-19T17:08:34.206+0000] {dag.py:3239} INFO - Sync 1 DAGs
[2025-03-19T17:08:34.340+0000] {logging_mixin.py:190} INFO - [2025-03-19T17:08:34.339+0000] {dag.py:4180} INFO - Setting next_dagrun for load_profit_uk to 2025-03-18 21:00:00+00:00, run_after=2025-03-19 21:00:00+00:00
[2025-03-19T17:08:34.699+0000] {processor.py:208} INFO - Processing /opt/airflow/dags/profit_uk.py took 0.814 seconds
[2025-03-19T17:09:06.045+0000] {processor.py:186} INFO - Started process (PID=237) to work on /opt/airflow/dags/profit_uk.py
[2025-03-19T17:09:06.052+0000] {processor.py:914} INFO - Processing file /opt/airflow/dags/profit_uk.py for tasks to queue
[2025-03-19T17:09:06.058+0000] {logging_mixin.py:190} INFO - [2025-03-19T17:09:06.058+0000] {dagbag.py:588} INFO - Filling up the DagBag from /opt/airflow/dags/profit_uk.py
[2025-03-19T17:09:06.265+0000] {processor.py:925} INFO - DAG(s) 'load_profit_uk' retrieved from /opt/airflow/dags/profit_uk.py
[2025-03-19T17:09:06.624+0000] {logging_mixin.py:190} INFO - [2025-03-19T17:09:06.623+0000] {dag.py:3239} INFO - Sync 1 DAGs
[2025-03-19T17:09:06.831+0000] {logging_mixin.py:190} INFO - [2025-03-19T17:09:06.831+0000] {dag.py:4180} INFO - Setting next_dagrun for load_profit_uk to 2025-03-18 21:00:00+00:00, run_after=2025-03-19 21:00:00+00:00
[2025-03-19T17:09:07.152+0000] {processor.py:208} INFO - Processing /opt/airflow/dags/profit_uk.py took 1.122 seconds
[2025-03-19T17:09:38.285+0000] {processor.py:186} INFO - Started process (PID=241) to work on /opt/airflow/dags/profit_uk.py
[2025-03-19T17:09:38.289+0000] {processor.py:914} INFO - Processing file /opt/airflow/dags/profit_uk.py for tasks to queue
[2025-03-19T17:09:38.295+0000] {logging_mixin.py:190} INFO - [2025-03-19T17:09:38.295+0000] {dagbag.py:588} INFO - Filling up the DagBag from /opt/airflow/dags/profit_uk.py
[2025-03-19T17:09:38.449+0000] {processor.py:925} INFO - DAG(s) 'load_profit_uk' retrieved from /opt/airflow/dags/profit_uk.py
[2025-03-19T17:09:38.554+0000] {logging_mixin.py:190} INFO - [2025-03-19T17:09:38.553+0000] {dag.py:3239} INFO - Sync 1 DAGs
[2025-03-19T17:09:38.649+0000] {logging_mixin.py:190} INFO - [2025-03-19T17:09:38.649+0000] {dag.py:4180} INFO - Setting next_dagrun for load_profit_uk to 2025-03-18 21:00:00+00:00, run_after=2025-03-19 21:00:00+00:00
[2025-03-19T17:09:39.003+0000] {processor.py:208} INFO - Processing /opt/airflow/dags/profit_uk.py took 0.742 seconds
[2025-03-19T17:10:09.451+0000] {processor.py:186} INFO - Started process (PID=245) to work on /opt/airflow/dags/profit_uk.py
[2025-03-19T17:10:09.454+0000] {processor.py:914} INFO - Processing file /opt/airflow/dags/profit_uk.py for tasks to queue
[2025-03-19T17:10:09.463+0000] {logging_mixin.py:190} INFO - [2025-03-19T17:10:09.462+0000] {dagbag.py:588} INFO - Filling up the DagBag from /opt/airflow/dags/profit_uk.py
[2025-03-19T17:10:09.638+0000] {processor.py:925} INFO - DAG(s) 'load_profit_uk' retrieved from /opt/airflow/dags/profit_uk.py
[2025-03-19T17:10:09.766+0000] {logging_mixin.py:190} INFO - [2025-03-19T17:10:09.765+0000] {dag.py:3239} INFO - Sync 1 DAGs
[2025-03-19T17:10:09.900+0000] {logging_mixin.py:190} INFO - [2025-03-19T17:10:09.899+0000] {dag.py:4180} INFO - Setting next_dagrun for load_profit_uk to 2025-03-18 21:00:00+00:00, run_after=2025-03-19 21:00:00+00:00
[2025-03-19T17:10:10.265+0000] {processor.py:208} INFO - Processing /opt/airflow/dags/profit_uk.py took 0.835 seconds
[2025-03-19T17:10:41.081+0000] {processor.py:186} INFO - Started process (PID=249) to work on /opt/airflow/dags/profit_uk.py
[2025-03-19T17:10:41.089+0000] {processor.py:914} INFO - Processing file /opt/airflow/dags/profit_uk.py for tasks to queue
[2025-03-19T17:10:41.098+0000] {logging_mixin.py:190} INFO - [2025-03-19T17:10:41.097+0000] {dagbag.py:588} INFO - Filling up the DagBag from /opt/airflow/dags/profit_uk.py
[2025-03-19T17:10:41.300+0000] {processor.py:925} INFO - DAG(s) 'load_profit_uk' retrieved from /opt/airflow/dags/profit_uk.py
[2025-03-19T17:10:41.443+0000] {logging_mixin.py:190} INFO - [2025-03-19T17:10:41.442+0000] {dag.py:3239} INFO - Sync 1 DAGs
[2025-03-19T17:10:41.556+0000] {logging_mixin.py:190} INFO - [2025-03-19T17:10:41.555+0000] {dag.py:4180} INFO - Setting next_dagrun for load_profit_uk to 2025-03-18 21:00:00+00:00, run_after=2025-03-19 21:00:00+00:00
[2025-03-19T17:10:41.802+0000] {processor.py:208} INFO - Processing /opt/airflow/dags/profit_uk.py took 0.743 seconds
[2025-03-19T17:11:12.366+0000] {processor.py:186} INFO - Started process (PID=253) to work on /opt/airflow/dags/profit_uk.py
[2025-03-19T17:11:12.369+0000] {processor.py:914} INFO - Processing file /opt/airflow/dags/profit_uk.py for tasks to queue
[2025-03-19T17:11:12.374+0000] {logging_mixin.py:190} INFO - [2025-03-19T17:11:12.374+0000] {dagbag.py:588} INFO - Filling up the DagBag from /opt/airflow/dags/profit_uk.py
[2025-03-19T17:11:12.555+0000] {processor.py:925} INFO - DAG(s) 'load_profit_uk' retrieved from /opt/airflow/dags/profit_uk.py
[2025-03-19T17:11:12.644+0000] {logging_mixin.py:190} INFO - [2025-03-19T17:11:12.643+0000] {dag.py:3239} INFO - Sync 1 DAGs
[2025-03-19T17:11:12.724+0000] {logging_mixin.py:190} INFO - [2025-03-19T17:11:12.724+0000] {dag.py:4180} INFO - Setting next_dagrun for load_profit_uk to 2025-03-18 21:00:00+00:00, run_after=2025-03-19 21:00:00+00:00
[2025-03-19T17:11:12.999+0000] {processor.py:208} INFO - Processing /opt/airflow/dags/profit_uk.py took 0.644 seconds
[2025-03-19T17:11:43.984+0000] {processor.py:186} INFO - Started process (PID=257) to work on /opt/airflow/dags/profit_uk.py
[2025-03-19T17:11:43.987+0000] {processor.py:914} INFO - Processing file /opt/airflow/dags/profit_uk.py for tasks to queue
[2025-03-19T17:11:43.992+0000] {logging_mixin.py:190} INFO - [2025-03-19T17:11:43.991+0000] {dagbag.py:588} INFO - Filling up the DagBag from /opt/airflow/dags/profit_uk.py
[2025-03-19T17:11:44.125+0000] {processor.py:925} INFO - DAG(s) 'load_profit_uk' retrieved from /opt/airflow/dags/profit_uk.py
[2025-03-19T17:11:44.234+0000] {logging_mixin.py:190} INFO - [2025-03-19T17:11:44.233+0000] {dag.py:3239} INFO - Sync 1 DAGs
[2025-03-19T17:11:44.363+0000] {logging_mixin.py:190} INFO - [2025-03-19T17:11:44.362+0000] {dag.py:4180} INFO - Setting next_dagrun for load_profit_uk to 2025-03-18 21:00:00+00:00, run_after=2025-03-19 21:00:00+00:00
[2025-03-19T17:11:44.664+0000] {processor.py:208} INFO - Processing /opt/airflow/dags/profit_uk.py took 0.703 seconds
[2025-03-19T17:12:15.693+0000] {processor.py:186} INFO - Started process (PID=261) to work on /opt/airflow/dags/profit_uk.py
[2025-03-19T17:12:15.697+0000] {processor.py:914} INFO - Processing file /opt/airflow/dags/profit_uk.py for tasks to queue
[2025-03-19T17:12:15.704+0000] {logging_mixin.py:190} INFO - [2025-03-19T17:12:15.703+0000] {dagbag.py:588} INFO - Filling up the DagBag from /opt/airflow/dags/profit_uk.py
[2025-03-19T17:12:15.971+0000] {processor.py:925} INFO - DAG(s) 'load_profit_uk' retrieved from /opt/airflow/dags/profit_uk.py
[2025-03-19T17:12:16.162+0000] {logging_mixin.py:190} INFO - [2025-03-19T17:12:16.161+0000] {dag.py:3239} INFO - Sync 1 DAGs
[2025-03-19T17:12:16.262+0000] {logging_mixin.py:190} INFO - [2025-03-19T17:12:16.261+0000] {dag.py:4180} INFO - Setting next_dagrun for load_profit_uk to 2025-03-18 21:00:00+00:00, run_after=2025-03-19 21:00:00+00:00
[2025-03-19T17:12:16.587+0000] {processor.py:208} INFO - Processing /opt/airflow/dags/profit_uk.py took 0.919 seconds
[2025-03-19T17:12:47.244+0000] {processor.py:186} INFO - Started process (PID=265) to work on /opt/airflow/dags/profit_uk.py
[2025-03-19T17:12:47.249+0000] {processor.py:914} INFO - Processing file /opt/airflow/dags/profit_uk.py for tasks to queue
[2025-03-19T17:12:47.258+0000] {logging_mixin.py:190} INFO - [2025-03-19T17:12:47.257+0000] {dagbag.py:588} INFO - Filling up the DagBag from /opt/airflow/dags/profit_uk.py
[2025-03-19T17:12:47.414+0000] {processor.py:925} INFO - DAG(s) 'load_profit_uk' retrieved from /opt/airflow/dags/profit_uk.py
[2025-03-19T17:12:47.553+0000] {logging_mixin.py:190} INFO - [2025-03-19T17:12:47.552+0000] {dag.py:3239} INFO - Sync 1 DAGs
[2025-03-19T17:12:47.710+0000] {logging_mixin.py:190} INFO - [2025-03-19T17:12:47.704+0000] {dag.py:4180} INFO - Setting next_dagrun for load_profit_uk to 2025-03-18 21:00:00+00:00, run_after=2025-03-19 21:00:00+00:00
[2025-03-19T17:12:48.099+0000] {processor.py:208} INFO - Processing /opt/airflow/dags/profit_uk.py took 0.874 seconds
[2025-03-19T17:13:44.640+0000] {processor.py:186} INFO - Started process (PID=269) to work on /opt/airflow/dags/profit_uk.py
[2025-03-19T17:13:44.647+0000] {processor.py:914} INFO - Processing file /opt/airflow/dags/profit_uk.py for tasks to queue
[2025-03-19T17:13:44.675+0000] {logging_mixin.py:190} INFO - [2025-03-19T17:13:44.673+0000] {dagbag.py:588} INFO - Filling up the DagBag from /opt/airflow/dags/profit_uk.py
[2025-03-19T17:13:44.981+0000] {processor.py:925} INFO - DAG(s) 'load_profit_uk' retrieved from /opt/airflow/dags/profit_uk.py
[2025-03-19T17:13:45.257+0000] {logging_mixin.py:190} INFO - [2025-03-19T17:13:45.256+0000] {dag.py:3239} INFO - Sync 1 DAGs
[2025-03-19T17:13:45.479+0000] {logging_mixin.py:190} INFO - [2025-03-19T17:13:45.478+0000] {dag.py:4180} INFO - Setting next_dagrun for load_profit_uk to 2025-03-18 21:00:00+00:00, run_after=2025-03-19 21:00:00+00:00
[2025-03-19T17:13:46.509+0000] {processor.py:208} INFO - Processing /opt/airflow/dags/profit_uk.py took 1.943 seconds
[2025-03-19T17:14:17.866+0000] {processor.py:186} INFO - Started process (PID=273) to work on /opt/airflow/dags/profit_uk.py
[2025-03-19T17:14:17.870+0000] {processor.py:914} INFO - Processing file /opt/airflow/dags/profit_uk.py for tasks to queue
[2025-03-19T17:14:17.880+0000] {logging_mixin.py:190} INFO - [2025-03-19T17:14:17.879+0000] {dagbag.py:588} INFO - Filling up the DagBag from /opt/airflow/dags/profit_uk.py
[2025-03-19T17:14:18.150+0000] {processor.py:925} INFO - DAG(s) 'load_profit_uk' retrieved from /opt/airflow/dags/profit_uk.py
[2025-03-19T17:14:18.352+0000] {logging_mixin.py:190} INFO - [2025-03-19T17:14:18.351+0000] {dag.py:3239} INFO - Sync 1 DAGs
[2025-03-19T17:14:18.571+0000] {logging_mixin.py:190} INFO - [2025-03-19T17:14:18.570+0000] {dag.py:4180} INFO - Setting next_dagrun for load_profit_uk to 2025-03-18 21:00:00+00:00, run_after=2025-03-19 21:00:00+00:00
[2025-03-19T17:14:18.885+0000] {processor.py:208} INFO - Processing /opt/airflow/dags/profit_uk.py took 1.063 seconds
[2025-03-19T17:14:50.096+0000] {processor.py:186} INFO - Started process (PID=277) to work on /opt/airflow/dags/profit_uk.py
[2025-03-19T17:14:50.103+0000] {processor.py:914} INFO - Processing file /opt/airflow/dags/profit_uk.py for tasks to queue
[2025-03-19T17:14:50.122+0000] {logging_mixin.py:190} INFO - [2025-03-19T17:14:50.117+0000] {dagbag.py:588} INFO - Filling up the DagBag from /opt/airflow/dags/profit_uk.py
[2025-03-19T17:14:50.463+0000] {processor.py:925} INFO - DAG(s) 'load_profit_uk' retrieved from /opt/airflow/dags/profit_uk.py
[2025-03-19T17:14:50.743+0000] {logging_mixin.py:190} INFO - [2025-03-19T17:14:50.741+0000] {dag.py:3239} INFO - Sync 1 DAGs
[2025-03-19T17:14:52.483+0000] {logging_mixin.py:190} INFO - [2025-03-19T17:14:52.482+0000] {dag.py:4180} INFO - Setting next_dagrun for load_profit_uk to 2025-03-18 21:00:00+00:00, run_after=2025-03-19 21:00:00+00:00
[2025-03-19T17:14:53.999+0000] {processor.py:208} INFO - Processing /opt/airflow/dags/profit_uk.py took 3.945 seconds
[2025-03-19T17:15:26.356+0000] {processor.py:186} INFO - Started process (PID=281) to work on /opt/airflow/dags/profit_uk.py
[2025-03-19T17:15:26.366+0000] {processor.py:914} INFO - Processing file /opt/airflow/dags/profit_uk.py for tasks to queue
[2025-03-19T17:15:26.384+0000] {logging_mixin.py:190} INFO - [2025-03-19T17:15:26.382+0000] {dagbag.py:588} INFO - Filling up the DagBag from /opt/airflow/dags/profit_uk.py
[2025-03-19T17:15:27.416+0000] {processor.py:925} INFO - DAG(s) 'load_profit_uk' retrieved from /opt/airflow/dags/profit_uk.py
[2025-03-19T17:15:27.695+0000] {logging_mixin.py:190} INFO - [2025-03-19T17:15:27.692+0000] {dag.py:3239} INFO - Sync 1 DAGs
[2025-03-19T17:15:27.912+0000] {logging_mixin.py:190} INFO - [2025-03-19T17:15:27.910+0000] {dag.py:4180} INFO - Setting next_dagrun for load_profit_uk to 2025-03-18 21:00:00+00:00, run_after=2025-03-19 21:00:00+00:00
[2025-03-19T17:15:29.240+0000] {processor.py:208} INFO - Processing /opt/airflow/dags/profit_uk.py took 2.922 seconds
[2025-03-19T17:16:00.026+0000] {processor.py:186} INFO - Started process (PID=285) to work on /opt/airflow/dags/profit_uk.py
[2025-03-19T17:16:00.057+0000] {processor.py:914} INFO - Processing file /opt/airflow/dags/profit_uk.py for tasks to queue
[2025-03-19T17:16:00.076+0000] {logging_mixin.py:190} INFO - [2025-03-19T17:16:00.074+0000] {dagbag.py:588} INFO - Filling up the DagBag from /opt/airflow/dags/profit_uk.py
[2025-03-19T17:16:00.374+0000] {processor.py:925} INFO - DAG(s) 'load_profit_uk' retrieved from /opt/airflow/dags/profit_uk.py
[2025-03-19T17:16:00.528+0000] {logging_mixin.py:190} INFO - [2025-03-19T17:16:00.526+0000] {dag.py:3239} INFO - Sync 1 DAGs
[2025-03-19T17:16:00.676+0000] {logging_mixin.py:190} INFO - [2025-03-19T17:16:00.675+0000] {dag.py:4180} INFO - Setting next_dagrun for load_profit_uk to 2025-03-18 21:00:00+00:00, run_after=2025-03-19 21:00:00+00:00
[2025-03-19T17:16:01.016+0000] {processor.py:208} INFO - Processing /opt/airflow/dags/profit_uk.py took 1.024 seconds
[2025-03-19T17:16:32.756+0000] {processor.py:186} INFO - Started process (PID=289) to work on /opt/airflow/dags/profit_uk.py
[2025-03-19T17:16:32.784+0000] {processor.py:914} INFO - Processing file /opt/airflow/dags/profit_uk.py for tasks to queue
[2025-03-19T17:16:32.797+0000] {logging_mixin.py:190} INFO - [2025-03-19T17:16:32.796+0000] {dagbag.py:588} INFO - Filling up the DagBag from /opt/airflow/dags/profit_uk.py
[2025-03-19T17:16:33.161+0000] {processor.py:925} INFO - DAG(s) 'load_profit_uk' retrieved from /opt/airflow/dags/profit_uk.py
[2025-03-19T17:16:33.368+0000] {logging_mixin.py:190} INFO - [2025-03-19T17:16:33.368+0000] {dag.py:3239} INFO - Sync 1 DAGs
[2025-03-19T17:16:33.520+0000] {logging_mixin.py:190} INFO - [2025-03-19T17:16:33.519+0000] {dag.py:4180} INFO - Setting next_dagrun for load_profit_uk to 2025-03-18 21:00:00+00:00, run_after=2025-03-19 21:00:00+00:00
[2025-03-19T17:16:33.845+0000] {processor.py:208} INFO - Processing /opt/airflow/dags/profit_uk.py took 1.104 seconds
[2025-03-19T17:17:05.216+0000] {processor.py:186} INFO - Started process (PID=293) to work on /opt/airflow/dags/profit_uk.py
[2025-03-19T17:17:05.223+0000] {processor.py:914} INFO - Processing file /opt/airflow/dags/profit_uk.py for tasks to queue
[2025-03-19T17:17:05.245+0000] {logging_mixin.py:190} INFO - [2025-03-19T17:17:05.242+0000] {dagbag.py:588} INFO - Filling up the DagBag from /opt/airflow/dags/profit_uk.py
[2025-03-19T17:17:05.520+0000] {processor.py:925} INFO - DAG(s) 'load_profit_uk' retrieved from /opt/airflow/dags/profit_uk.py
[2025-03-19T17:17:05.717+0000] {logging_mixin.py:190} INFO - [2025-03-19T17:17:05.716+0000] {dag.py:3239} INFO - Sync 1 DAGs
[2025-03-19T17:17:05.906+0000] {logging_mixin.py:190} INFO - [2025-03-19T17:17:05.902+0000] {dag.py:4180} INFO - Setting next_dagrun for load_profit_uk to 2025-03-18 21:00:00+00:00, run_after=2025-03-19 21:00:00+00:00
[2025-03-19T17:17:06.532+0000] {processor.py:208} INFO - Processing /opt/airflow/dags/profit_uk.py took 1.343 seconds
[2025-03-19T17:17:37.352+0000] {processor.py:186} INFO - Started process (PID=297) to work on /opt/airflow/dags/profit_uk.py
[2025-03-19T17:17:37.359+0000] {processor.py:914} INFO - Processing file /opt/airflow/dags/profit_uk.py for tasks to queue
[2025-03-19T17:17:37.373+0000] {logging_mixin.py:190} INFO - [2025-03-19T17:17:37.371+0000] {dagbag.py:588} INFO - Filling up the DagBag from /opt/airflow/dags/profit_uk.py
[2025-03-19T17:17:37.705+0000] {processor.py:925} INFO - DAG(s) 'load_profit_uk' retrieved from /opt/airflow/dags/profit_uk.py
[2025-03-19T17:17:37.914+0000] {logging_mixin.py:190} INFO - [2025-03-19T17:17:37.913+0000] {dag.py:3239} INFO - Sync 1 DAGs
[2025-03-19T17:17:38.129+0000] {logging_mixin.py:190} INFO - [2025-03-19T17:17:38.126+0000] {dag.py:4180} INFO - Setting next_dagrun for load_profit_uk to 2025-03-18 21:00:00+00:00, run_after=2025-03-19 21:00:00+00:00
[2025-03-19T17:17:38.631+0000] {processor.py:208} INFO - Processing /opt/airflow/dags/profit_uk.py took 1.313 seconds
[2025-03-19T17:18:14.083+0000] {processor.py:186} INFO - Started process (PID=301) to work on /opt/airflow/dags/profit_uk.py
[2025-03-19T17:18:14.095+0000] {processor.py:914} INFO - Processing file /opt/airflow/dags/profit_uk.py for tasks to queue
[2025-03-19T17:18:14.121+0000] {logging_mixin.py:190} INFO - [2025-03-19T17:18:14.119+0000] {dagbag.py:588} INFO - Filling up the DagBag from /opt/airflow/dags/profit_uk.py
[2025-03-19T17:18:15.439+0000] {processor.py:925} INFO - DAG(s) 'load_profit_uk' retrieved from /opt/airflow/dags/profit_uk.py
[2025-03-19T17:18:15.722+0000] {logging_mixin.py:190} INFO - [2025-03-19T17:18:15.720+0000] {dag.py:3239} INFO - Sync 1 DAGs
[2025-03-19T17:18:15.925+0000] {logging_mixin.py:190} INFO - [2025-03-19T17:18:15.918+0000] {dag.py:4180} INFO - Setting next_dagrun for load_profit_uk to 2025-03-18 21:00:00+00:00, run_after=2025-03-19 21:00:00+00:00
[2025-03-19T17:18:21.086+0000] {processor.py:208} INFO - Processing /opt/airflow/dags/profit_uk.py took 7.121 seconds
[2025-03-19T17:18:52.039+0000] {processor.py:186} INFO - Started process (PID=305) to work on /opt/airflow/dags/profit_uk.py
[2025-03-19T17:18:52.042+0000] {processor.py:914} INFO - Processing file /opt/airflow/dags/profit_uk.py for tasks to queue
[2025-03-19T17:18:52.051+0000] {logging_mixin.py:190} INFO - [2025-03-19T17:18:52.049+0000] {dagbag.py:588} INFO - Filling up the DagBag from /opt/airflow/dags/profit_uk.py
[2025-03-19T17:18:52.194+0000] {processor.py:925} INFO - DAG(s) 'load_profit_uk' retrieved from /opt/airflow/dags/profit_uk.py
[2025-03-19T17:18:52.272+0000] {logging_mixin.py:190} INFO - [2025-03-19T17:18:52.271+0000] {dag.py:3239} INFO - Sync 1 DAGs
[2025-03-19T17:18:52.333+0000] {logging_mixin.py:190} INFO - [2025-03-19T17:18:52.332+0000] {dag.py:4180} INFO - Setting next_dagrun for load_profit_uk to 2025-03-18 21:00:00+00:00, run_after=2025-03-19 21:00:00+00:00
[2025-03-19T17:18:52.534+0000] {processor.py:208} INFO - Processing /opt/airflow/dags/profit_uk.py took 0.513 seconds
[2025-03-19T17:19:22.969+0000] {processor.py:186} INFO - Started process (PID=309) to work on /opt/airflow/dags/profit_uk.py
[2025-03-19T17:19:22.971+0000] {processor.py:914} INFO - Processing file /opt/airflow/dags/profit_uk.py for tasks to queue
[2025-03-19T17:19:22.974+0000] {logging_mixin.py:190} INFO - [2025-03-19T17:19:22.974+0000] {dagbag.py:588} INFO - Filling up the DagBag from /opt/airflow/dags/profit_uk.py
[2025-03-19T17:19:23.069+0000] {processor.py:925} INFO - DAG(s) 'load_profit_uk' retrieved from /opt/airflow/dags/profit_uk.py
[2025-03-19T17:19:23.144+0000] {logging_mixin.py:190} INFO - [2025-03-19T17:19:23.143+0000] {dag.py:3239} INFO - Sync 1 DAGs
[2025-03-19T17:19:23.195+0000] {logging_mixin.py:190} INFO - [2025-03-19T17:19:23.195+0000] {dag.py:4180} INFO - Setting next_dagrun for load_profit_uk to 2025-03-18 21:00:00+00:00, run_after=2025-03-19 21:00:00+00:00
[2025-03-19T17:19:23.299+0000] {processor.py:208} INFO - Processing /opt/airflow/dags/profit_uk.py took 0.340 seconds
[2025-03-19T17:19:54.243+0000] {processor.py:186} INFO - Started process (PID=313) to work on /opt/airflow/dags/profit_uk.py
[2025-03-19T17:19:54.247+0000] {processor.py:914} INFO - Processing file /opt/airflow/dags/profit_uk.py for tasks to queue
[2025-03-19T17:19:54.255+0000] {logging_mixin.py:190} INFO - [2025-03-19T17:19:54.254+0000] {dagbag.py:588} INFO - Filling up the DagBag from /opt/airflow/dags/profit_uk.py
[2025-03-19T17:19:54.329+0000] {processor.py:925} INFO - DAG(s) 'load_profit_uk' retrieved from /opt/airflow/dags/profit_uk.py
[2025-03-19T17:19:54.426+0000] {logging_mixin.py:190} INFO - [2025-03-19T17:19:54.425+0000] {dag.py:3239} INFO - Sync 1 DAGs
[2025-03-19T17:19:54.512+0000] {logging_mixin.py:190} INFO - [2025-03-19T17:19:54.510+0000] {dag.py:4180} INFO - Setting next_dagrun for load_profit_uk to 2025-03-18 21:00:00+00:00, run_after=2025-03-19 21:00:00+00:00
[2025-03-19T17:19:54.679+0000] {processor.py:208} INFO - Processing /opt/airflow/dags/profit_uk.py took 0.444 seconds
[2025-03-19T17:20:25.565+0000] {processor.py:186} INFO - Started process (PID=317) to work on /opt/airflow/dags/profit_uk.py
[2025-03-19T17:20:25.567+0000] {processor.py:914} INFO - Processing file /opt/airflow/dags/profit_uk.py for tasks to queue
[2025-03-19T17:20:25.571+0000] {logging_mixin.py:190} INFO - [2025-03-19T17:20:25.570+0000] {dagbag.py:588} INFO - Filling up the DagBag from /opt/airflow/dags/profit_uk.py
[2025-03-19T17:20:25.634+0000] {processor.py:925} INFO - DAG(s) 'load_profit_uk' retrieved from /opt/airflow/dags/profit_uk.py
[2025-03-19T17:20:25.686+0000] {logging_mixin.py:190} INFO - [2025-03-19T17:20:25.686+0000] {dag.py:3239} INFO - Sync 1 DAGs
[2025-03-19T17:20:25.729+0000] {logging_mixin.py:190} INFO - [2025-03-19T17:20:25.729+0000] {dag.py:4180} INFO - Setting next_dagrun for load_profit_uk to 2025-03-18 21:00:00+00:00, run_after=2025-03-19 21:00:00+00:00
[2025-03-19T17:20:25.827+0000] {processor.py:208} INFO - Processing /opt/airflow/dags/profit_uk.py took 0.270 seconds
[2025-03-19T17:20:56.254+0000] {processor.py:186} INFO - Started process (PID=321) to work on /opt/airflow/dags/profit_uk.py
[2025-03-19T17:20:56.257+0000] {processor.py:914} INFO - Processing file /opt/airflow/dags/profit_uk.py for tasks to queue
[2025-03-19T17:20:56.265+0000] {logging_mixin.py:190} INFO - [2025-03-19T17:20:56.264+0000] {dagbag.py:588} INFO - Filling up the DagBag from /opt/airflow/dags/profit_uk.py
[2025-03-19T17:20:56.374+0000] {processor.py:925} INFO - DAG(s) 'load_profit_uk' retrieved from /opt/airflow/dags/profit_uk.py
[2025-03-19T17:20:56.468+0000] {logging_mixin.py:190} INFO - [2025-03-19T17:20:56.467+0000] {dag.py:3239} INFO - Sync 1 DAGs
[2025-03-19T17:20:56.540+0000] {logging_mixin.py:190} INFO - [2025-03-19T17:20:56.539+0000] {dag.py:4180} INFO - Setting next_dagrun for load_profit_uk to 2025-03-18 21:00:00+00:00, run_after=2025-03-19 21:00:00+00:00
[2025-03-19T17:20:56.656+0000] {processor.py:208} INFO - Processing /opt/airflow/dags/profit_uk.py took 0.416 seconds
[2025-03-19T17:21:27.703+0000] {processor.py:186} INFO - Started process (PID=325) to work on /opt/airflow/dags/profit_uk.py
[2025-03-19T17:21:27.706+0000] {processor.py:914} INFO - Processing file /opt/airflow/dags/profit_uk.py for tasks to queue
[2025-03-19T17:21:27.711+0000] {logging_mixin.py:190} INFO - [2025-03-19T17:21:27.710+0000] {dagbag.py:588} INFO - Filling up the DagBag from /opt/airflow/dags/profit_uk.py
[2025-03-19T17:21:27.785+0000] {processor.py:925} INFO - DAG(s) 'load_profit_uk' retrieved from /opt/airflow/dags/profit_uk.py
[2025-03-19T17:21:27.842+0000] {logging_mixin.py:190} INFO - [2025-03-19T17:21:27.841+0000] {dag.py:3239} INFO - Sync 1 DAGs
[2025-03-19T17:21:27.901+0000] {logging_mixin.py:190} INFO - [2025-03-19T17:21:27.901+0000] {dag.py:4180} INFO - Setting next_dagrun for load_profit_uk to 2025-03-18 21:00:00+00:00, run_after=2025-03-19 21:00:00+00:00
[2025-03-19T17:21:28.076+0000] {processor.py:208} INFO - Processing /opt/airflow/dags/profit_uk.py took 0.384 seconds
[2025-03-19T17:21:58.727+0000] {processor.py:186} INFO - Started process (PID=329) to work on /opt/airflow/dags/profit_uk.py
[2025-03-19T17:21:58.729+0000] {processor.py:914} INFO - Processing file /opt/airflow/dags/profit_uk.py for tasks to queue
[2025-03-19T17:21:58.735+0000] {logging_mixin.py:190} INFO - [2025-03-19T17:21:58.734+0000] {dagbag.py:588} INFO - Filling up the DagBag from /opt/airflow/dags/profit_uk.py
[2025-03-19T17:21:58.842+0000] {processor.py:925} INFO - DAG(s) 'load_profit_uk' retrieved from /opt/airflow/dags/profit_uk.py
[2025-03-19T17:21:58.945+0000] {logging_mixin.py:190} INFO - [2025-03-19T17:21:58.945+0000] {dag.py:3239} INFO - Sync 1 DAGs
[2025-03-19T17:21:59.000+0000] {logging_mixin.py:190} INFO - [2025-03-19T17:21:59.000+0000] {dag.py:4180} INFO - Setting next_dagrun for load_profit_uk to 2025-03-18 21:00:00+00:00, run_after=2025-03-19 21:00:00+00:00
[2025-03-19T17:21:59.143+0000] {processor.py:208} INFO - Processing /opt/airflow/dags/profit_uk.py took 0.435 seconds
[2025-03-19T17:22:30.511+0000] {processor.py:186} INFO - Started process (PID=333) to work on /opt/airflow/dags/profit_uk.py
[2025-03-19T17:22:30.518+0000] {processor.py:914} INFO - Processing file /opt/airflow/dags/profit_uk.py for tasks to queue
[2025-03-19T17:22:30.526+0000] {logging_mixin.py:190} INFO - [2025-03-19T17:22:30.525+0000] {dagbag.py:588} INFO - Filling up the DagBag from /opt/airflow/dags/profit_uk.py
[2025-03-19T17:22:30.612+0000] {processor.py:925} INFO - DAG(s) 'load_profit_uk' retrieved from /opt/airflow/dags/profit_uk.py
[2025-03-19T17:22:30.669+0000] {logging_mixin.py:190} INFO - [2025-03-19T17:22:30.669+0000] {dag.py:3239} INFO - Sync 1 DAGs
[2025-03-19T17:22:30.738+0000] {logging_mixin.py:190} INFO - [2025-03-19T17:22:30.736+0000] {dag.py:4180} INFO - Setting next_dagrun for load_profit_uk to 2025-03-18 21:00:00+00:00, run_after=2025-03-19 21:00:00+00:00
[2025-03-19T17:22:30.886+0000] {processor.py:208} INFO - Processing /opt/airflow/dags/profit_uk.py took 0.391 seconds
[2025-03-19T17:23:02.539+0000] {processor.py:186} INFO - Started process (PID=337) to work on /opt/airflow/dags/profit_uk.py
[2025-03-19T17:23:02.542+0000] {processor.py:914} INFO - Processing file /opt/airflow/dags/profit_uk.py for tasks to queue
[2025-03-19T17:23:02.549+0000] {logging_mixin.py:190} INFO - [2025-03-19T17:23:02.548+0000] {dagbag.py:588} INFO - Filling up the DagBag from /opt/airflow/dags/profit_uk.py
[2025-03-19T17:23:02.680+0000] {processor.py:925} INFO - DAG(s) 'load_profit_uk' retrieved from /opt/airflow/dags/profit_uk.py
[2025-03-19T17:23:02.740+0000] {logging_mixin.py:190} INFO - [2025-03-19T17:23:02.740+0000] {dag.py:3239} INFO - Sync 1 DAGs
[2025-03-19T17:23:02.797+0000] {logging_mixin.py:190} INFO - [2025-03-19T17:23:02.796+0000] {dag.py:4180} INFO - Setting next_dagrun for load_profit_uk to 2025-03-18 21:00:00+00:00, run_after=2025-03-19 21:00:00+00:00
[2025-03-19T17:23:02.996+0000] {processor.py:208} INFO - Processing /opt/airflow/dags/profit_uk.py took 0.473 seconds
[2025-03-19T17:23:34.410+0000] {processor.py:186} INFO - Started process (PID=341) to work on /opt/airflow/dags/profit_uk.py
[2025-03-19T17:23:34.413+0000] {processor.py:914} INFO - Processing file /opt/airflow/dags/profit_uk.py for tasks to queue
[2025-03-19T17:23:34.424+0000] {logging_mixin.py:190} INFO - [2025-03-19T17:23:34.423+0000] {dagbag.py:588} INFO - Filling up the DagBag from /opt/airflow/dags/profit_uk.py
[2025-03-19T17:23:34.527+0000] {processor.py:925} INFO - DAG(s) 'load_profit_uk' retrieved from /opt/airflow/dags/profit_uk.py
[2025-03-19T17:23:34.604+0000] {logging_mixin.py:190} INFO - [2025-03-19T17:23:34.603+0000] {dag.py:3239} INFO - Sync 1 DAGs
[2025-03-19T17:23:34.667+0000] {logging_mixin.py:190} INFO - [2025-03-19T17:23:34.666+0000] {dag.py:4180} INFO - Setting next_dagrun for load_profit_uk to 2025-03-18 21:00:00+00:00, run_after=2025-03-19 21:00:00+00:00
[2025-03-19T17:23:34.859+0000] {processor.py:208} INFO - Processing /opt/airflow/dags/profit_uk.py took 0.462 seconds
[2025-03-19T17:24:05.905+0000] {processor.py:186} INFO - Started process (PID=345) to work on /opt/airflow/dags/profit_uk.py
[2025-03-19T17:24:05.907+0000] {processor.py:914} INFO - Processing file /opt/airflow/dags/profit_uk.py for tasks to queue
[2025-03-19T17:24:05.912+0000] {logging_mixin.py:190} INFO - [2025-03-19T17:24:05.912+0000] {dagbag.py:588} INFO - Filling up the DagBag from /opt/airflow/dags/profit_uk.py
[2025-03-19T17:24:05.988+0000] {processor.py:925} INFO - DAG(s) 'load_profit_uk' retrieved from /opt/airflow/dags/profit_uk.py
[2025-03-19T17:24:06.060+0000] {logging_mixin.py:190} INFO - [2025-03-19T17:24:06.060+0000] {dag.py:3239} INFO - Sync 1 DAGs
[2025-03-19T17:24:06.116+0000] {logging_mixin.py:190} INFO - [2025-03-19T17:24:06.116+0000] {dag.py:4180} INFO - Setting next_dagrun for load_profit_uk to 2025-03-18 21:00:00+00:00, run_after=2025-03-19 21:00:00+00:00
[2025-03-19T17:24:06.276+0000] {processor.py:208} INFO - Processing /opt/airflow/dags/profit_uk.py took 0.380 seconds
[2025-03-19T17:24:36.842+0000] {processor.py:186} INFO - Started process (PID=349) to work on /opt/airflow/dags/profit_uk.py
[2025-03-19T17:24:36.843+0000] {processor.py:914} INFO - Processing file /opt/airflow/dags/profit_uk.py for tasks to queue
[2025-03-19T17:24:36.859+0000] {logging_mixin.py:190} INFO - [2025-03-19T17:24:36.858+0000] {dagbag.py:588} INFO - Filling up the DagBag from /opt/airflow/dags/profit_uk.py
[2025-03-19T17:24:37.025+0000] {processor.py:925} INFO - DAG(s) 'load_profit_uk' retrieved from /opt/airflow/dags/profit_uk.py
[2025-03-19T17:24:37.090+0000] {logging_mixin.py:190} INFO - [2025-03-19T17:24:37.090+0000] {dag.py:3239} INFO - Sync 1 DAGs
[2025-03-19T17:24:37.147+0000] {logging_mixin.py:190} INFO - [2025-03-19T17:24:37.147+0000] {dag.py:4180} INFO - Setting next_dagrun for load_profit_uk to 2025-03-18 21:00:00+00:00, run_after=2025-03-19 21:00:00+00:00
[2025-03-19T17:24:37.294+0000] {processor.py:208} INFO - Processing /opt/airflow/dags/profit_uk.py took 0.462 seconds
[2025-03-19T17:25:08.267+0000] {processor.py:186} INFO - Started process (PID=353) to work on /opt/airflow/dags/profit_uk.py
[2025-03-19T17:25:08.269+0000] {processor.py:914} INFO - Processing file /opt/airflow/dags/profit_uk.py for tasks to queue
[2025-03-19T17:25:08.273+0000] {logging_mixin.py:190} INFO - [2025-03-19T17:25:08.273+0000] {dagbag.py:588} INFO - Filling up the DagBag from /opt/airflow/dags/profit_uk.py
[2025-03-19T17:25:08.335+0000] {processor.py:925} INFO - DAG(s) 'load_profit_uk' retrieved from /opt/airflow/dags/profit_uk.py
[2025-03-19T17:25:08.404+0000] {logging_mixin.py:190} INFO - [2025-03-19T17:25:08.403+0000] {dag.py:3239} INFO - Sync 1 DAGs
[2025-03-19T17:25:08.494+0000] {logging_mixin.py:190} INFO - [2025-03-19T17:25:08.493+0000] {dag.py:4180} INFO - Setting next_dagrun for load_profit_uk to 2025-03-18 21:00:00+00:00, run_after=2025-03-19 21:00:00+00:00
[2025-03-19T17:25:08.662+0000] {processor.py:208} INFO - Processing /opt/airflow/dags/profit_uk.py took 0.403 seconds
[2025-03-19T17:25:39.182+0000] {processor.py:186} INFO - Started process (PID=357) to work on /opt/airflow/dags/profit_uk.py
[2025-03-19T17:25:39.184+0000] {processor.py:914} INFO - Processing file /opt/airflow/dags/profit_uk.py for tasks to queue
[2025-03-19T17:25:39.190+0000] {logging_mixin.py:190} INFO - [2025-03-19T17:25:39.189+0000] {dagbag.py:588} INFO - Filling up the DagBag from /opt/airflow/dags/profit_uk.py
[2025-03-19T17:25:39.246+0000] {processor.py:925} INFO - DAG(s) 'load_profit_uk' retrieved from /opt/airflow/dags/profit_uk.py
[2025-03-19T17:25:39.319+0000] {logging_mixin.py:190} INFO - [2025-03-19T17:25:39.318+0000] {dag.py:3239} INFO - Sync 1 DAGs
[2025-03-19T17:25:39.405+0000] {logging_mixin.py:190} INFO - [2025-03-19T17:25:39.404+0000] {dag.py:4180} INFO - Setting next_dagrun for load_profit_uk to 2025-03-18 21:00:00+00:00, run_after=2025-03-19 21:00:00+00:00
[2025-03-19T17:25:39.515+0000] {processor.py:208} INFO - Processing /opt/airflow/dags/profit_uk.py took 0.347 seconds
[2025-03-19T17:26:10.041+0000] {processor.py:186} INFO - Started process (PID=361) to work on /opt/airflow/dags/profit_uk.py
[2025-03-19T17:26:10.043+0000] {processor.py:914} INFO - Processing file /opt/airflow/dags/profit_uk.py for tasks to queue
[2025-03-19T17:26:10.049+0000] {logging_mixin.py:190} INFO - [2025-03-19T17:26:10.048+0000] {dagbag.py:588} INFO - Filling up the DagBag from /opt/airflow/dags/profit_uk.py
[2025-03-19T17:26:10.154+0000] {processor.py:925} INFO - DAG(s) 'load_profit_uk' retrieved from /opt/airflow/dags/profit_uk.py
[2025-03-19T17:26:10.209+0000] {logging_mixin.py:190} INFO - [2025-03-19T17:26:10.208+0000] {dag.py:3239} INFO - Sync 1 DAGs
[2025-03-19T17:26:10.262+0000] {logging_mixin.py:190} INFO - [2025-03-19T17:26:10.262+0000] {dag.py:4180} INFO - Setting next_dagrun for load_profit_uk to 2025-03-18 21:00:00+00:00, run_after=2025-03-19 21:00:00+00:00
[2025-03-19T17:26:10.404+0000] {processor.py:208} INFO - Processing /opt/airflow/dags/profit_uk.py took 0.377 seconds
[2025-03-19T17:26:40.855+0000] {processor.py:186} INFO - Started process (PID=365) to work on /opt/airflow/dags/profit_uk.py
[2025-03-19T17:26:40.858+0000] {processor.py:914} INFO - Processing file /opt/airflow/dags/profit_uk.py for tasks to queue
[2025-03-19T17:26:40.863+0000] {logging_mixin.py:190} INFO - [2025-03-19T17:26:40.862+0000] {dagbag.py:588} INFO - Filling up the DagBag from /opt/airflow/dags/profit_uk.py
[2025-03-19T17:26:40.938+0000] {processor.py:925} INFO - DAG(s) 'load_profit_uk' retrieved from /opt/airflow/dags/profit_uk.py
[2025-03-19T17:26:41.002+0000] {logging_mixin.py:190} INFO - [2025-03-19T17:26:41.002+0000] {dag.py:3239} INFO - Sync 1 DAGs
[2025-03-19T17:26:41.080+0000] {logging_mixin.py:190} INFO - [2025-03-19T17:26:41.080+0000] {dag.py:4180} INFO - Setting next_dagrun for load_profit_uk to 2025-03-18 21:00:00+00:00, run_after=2025-03-19 21:00:00+00:00
[2025-03-19T17:26:41.243+0000] {processor.py:208} INFO - Processing /opt/airflow/dags/profit_uk.py took 0.402 seconds
[2025-03-19T17:27:13.104+0000] {processor.py:186} INFO - Started process (PID=369) to work on /opt/airflow/dags/profit_uk.py
[2025-03-19T17:27:13.107+0000] {processor.py:914} INFO - Processing file /opt/airflow/dags/profit_uk.py for tasks to queue
[2025-03-19T17:27:13.113+0000] {logging_mixin.py:190} INFO - [2025-03-19T17:27:13.112+0000] {dagbag.py:588} INFO - Filling up the DagBag from /opt/airflow/dags/profit_uk.py
[2025-03-19T17:27:13.334+0000] {processor.py:925} INFO - DAG(s) 'load_profit_uk' retrieved from /opt/airflow/dags/profit_uk.py
[2025-03-19T17:27:13.413+0000] {logging_mixin.py:190} INFO - [2025-03-19T17:27:13.413+0000] {dag.py:3239} INFO - Sync 1 DAGs
[2025-03-19T17:27:13.484+0000] {logging_mixin.py:190} INFO - [2025-03-19T17:27:13.484+0000] {dag.py:4180} INFO - Setting next_dagrun for load_profit_uk to 2025-03-18 21:00:00+00:00, run_after=2025-03-19 21:00:00+00:00
[2025-03-19T17:27:13.674+0000] {processor.py:208} INFO - Processing /opt/airflow/dags/profit_uk.py took 0.582 seconds
[2025-03-19T17:27:44.473+0000] {processor.py:186} INFO - Started process (PID=373) to work on /opt/airflow/dags/profit_uk.py
[2025-03-19T17:27:44.476+0000] {processor.py:914} INFO - Processing file /opt/airflow/dags/profit_uk.py for tasks to queue
[2025-03-19T17:27:44.482+0000] {logging_mixin.py:190} INFO - [2025-03-19T17:27:44.481+0000] {dagbag.py:588} INFO - Filling up the DagBag from /opt/airflow/dags/profit_uk.py
[2025-03-19T17:27:44.606+0000] {processor.py:925} INFO - DAG(s) 'load_profit_uk' retrieved from /opt/airflow/dags/profit_uk.py
[2025-03-19T17:27:44.692+0000] {logging_mixin.py:190} INFO - [2025-03-19T17:27:44.691+0000] {dag.py:3239} INFO - Sync 1 DAGs
[2025-03-19T17:27:44.761+0000] {logging_mixin.py:190} INFO - [2025-03-19T17:27:44.761+0000] {dag.py:4180} INFO - Setting next_dagrun for load_profit_uk to 2025-03-18 21:00:00+00:00, run_after=2025-03-19 21:00:00+00:00
[2025-03-19T17:27:44.913+0000] {processor.py:208} INFO - Processing /opt/airflow/dags/profit_uk.py took 0.450 seconds
