[2025-03-19T04:49:00.808+0000] {processor.py:186} INFO - Started process (PID=240) to work on /opt/airflow/dags/welcome_dag.py
[2025-03-19T04:49:00.810+0000] {processor.py:914} INFO - Processing file /opt/airflow/dags/welcome_dag.py for tasks to queue
[2025-03-19T04:49:00.814+0000] {logging_mixin.py:190} INFO - [2025-03-19T04:49:00.814+0000] {dagbag.py:588} INFO - Filling up the DagBag from /opt/airflow/dags/welcome_dag.py
[2025-03-19T04:49:00.882+0000] {processor.py:925} INFO - DAG(s) 'welcome_dag' retrieved from /opt/airflow/dags/welcome_dag.py
[2025-03-19T04:49:01.144+0000] {logging_mixin.py:190} INFO - [2025-03-19T04:49:01.144+0000] {dag.py:3239} INFO - Sync 1 DAGs
[2025-03-19T04:49:01.179+0000] {logging_mixin.py:190} INFO - [2025-03-19T04:49:01.179+0000] {dag.py:4180} INFO - Setting next_dagrun for welcome_dag to 2025-03-18 23:00:00+00:00, run_after=2025-03-19 23:00:00+00:00
[2025-03-19T04:49:01.283+0000] {processor.py:208} INFO - Processing /opt/airflow/dags/welcome_dag.py took 0.484 seconds
[2025-03-19T04:49:31.833+0000] {processor.py:186} INFO - Started process (PID=244) to work on /opt/airflow/dags/welcome_dag.py
[2025-03-19T04:49:31.834+0000] {processor.py:914} INFO - Processing file /opt/airflow/dags/welcome_dag.py for tasks to queue
[2025-03-19T04:49:31.839+0000] {logging_mixin.py:190} INFO - [2025-03-19T04:49:31.838+0000] {dagbag.py:588} INFO - Filling up the DagBag from /opt/airflow/dags/welcome_dag.py
[2025-03-19T04:49:31.876+0000] {processor.py:925} INFO - DAG(s) 'welcome_dag' retrieved from /opt/airflow/dags/welcome_dag.py
[2025-03-19T04:49:31.919+0000] {logging_mixin.py:190} INFO - [2025-03-19T04:49:31.919+0000] {dag.py:3239} INFO - Sync 1 DAGs
[2025-03-19T04:49:31.978+0000] {logging_mixin.py:190} INFO - [2025-03-19T04:49:31.978+0000] {dag.py:4180} INFO - Setting next_dagrun for welcome_dag to 2025-03-18 23:00:00+00:00, run_after=2025-03-19 23:00:00+00:00
[2025-03-19T04:49:32.093+0000] {processor.py:208} INFO - Processing /opt/airflow/dags/welcome_dag.py took 0.268 seconds
[2025-03-19T04:50:03.026+0000] {processor.py:186} INFO - Started process (PID=249) to work on /opt/airflow/dags/welcome_dag.py
[2025-03-19T04:50:03.028+0000] {processor.py:914} INFO - Processing file /opt/airflow/dags/welcome_dag.py for tasks to queue
[2025-03-19T04:50:03.032+0000] {logging_mixin.py:190} INFO - [2025-03-19T04:50:03.031+0000] {dagbag.py:588} INFO - Filling up the DagBag from /opt/airflow/dags/welcome_dag.py
[2025-03-19T04:50:03.075+0000] {processor.py:925} INFO - DAG(s) 'welcome_dag' retrieved from /opt/airflow/dags/welcome_dag.py
[2025-03-19T04:50:03.162+0000] {logging_mixin.py:190} INFO - [2025-03-19T04:50:03.162+0000] {dag.py:3239} INFO - Sync 1 DAGs
[2025-03-19T04:50:03.227+0000] {logging_mixin.py:190} INFO - [2025-03-19T04:50:03.226+0000] {dag.py:4180} INFO - Setting next_dagrun for welcome_dag to 2025-03-18 23:00:00+00:00, run_after=2025-03-19 23:00:00+00:00
[2025-03-19T04:50:03.352+0000] {processor.py:208} INFO - Processing /opt/airflow/dags/welcome_dag.py took 0.331 seconds
[2025-03-19T04:50:33.493+0000] {processor.py:186} INFO - Started process (PID=253) to work on /opt/airflow/dags/welcome_dag.py
[2025-03-19T04:50:33.495+0000] {processor.py:914} INFO - Processing file /opt/airflow/dags/welcome_dag.py for tasks to queue
[2025-03-19T04:50:33.499+0000] {logging_mixin.py:190} INFO - [2025-03-19T04:50:33.498+0000] {dagbag.py:588} INFO - Filling up the DagBag from /opt/airflow/dags/welcome_dag.py
[2025-03-19T04:50:33.534+0000] {processor.py:925} INFO - DAG(s) 'welcome_dag' retrieved from /opt/airflow/dags/welcome_dag.py
[2025-03-19T04:50:33.570+0000] {logging_mixin.py:190} INFO - [2025-03-19T04:50:33.569+0000] {dag.py:3239} INFO - Sync 1 DAGs
[2025-03-19T04:50:33.606+0000] {logging_mixin.py:190} INFO - [2025-03-19T04:50:33.606+0000] {dag.py:4180} INFO - Setting next_dagrun for welcome_dag to 2025-03-18 23:00:00+00:00, run_after=2025-03-19 23:00:00+00:00
[2025-03-19T04:50:33.692+0000] {processor.py:208} INFO - Processing /opt/airflow/dags/welcome_dag.py took 0.207 seconds
[2025-03-19T04:51:04.363+0000] {processor.py:186} INFO - Started process (PID=257) to work on /opt/airflow/dags/welcome_dag.py
[2025-03-19T04:51:04.367+0000] {processor.py:914} INFO - Processing file /opt/airflow/dags/welcome_dag.py for tasks to queue
[2025-03-19T04:51:04.373+0000] {logging_mixin.py:190} INFO - [2025-03-19T04:51:04.372+0000] {dagbag.py:588} INFO - Filling up the DagBag from /opt/airflow/dags/welcome_dag.py
[2025-03-19T04:51:04.462+0000] {processor.py:925} INFO - DAG(s) 'welcome_dag' retrieved from /opt/airflow/dags/welcome_dag.py
[2025-03-19T04:51:04.526+0000] {logging_mixin.py:190} INFO - [2025-03-19T04:51:04.526+0000] {dag.py:3239} INFO - Sync 1 DAGs
[2025-03-19T04:51:04.571+0000] {logging_mixin.py:190} INFO - [2025-03-19T04:51:04.570+0000] {dag.py:4180} INFO - Setting next_dagrun for welcome_dag to 2025-03-18 23:00:00+00:00, run_after=2025-03-19 23:00:00+00:00
[2025-03-19T04:51:04.662+0000] {processor.py:208} INFO - Processing /opt/airflow/dags/welcome_dag.py took 0.313 seconds
[2025-03-19T04:51:35.185+0000] {processor.py:186} INFO - Started process (PID=261) to work on /opt/airflow/dags/welcome_dag.py
[2025-03-19T04:51:35.187+0000] {processor.py:914} INFO - Processing file /opt/airflow/dags/welcome_dag.py for tasks to queue
[2025-03-19T04:51:35.190+0000] {logging_mixin.py:190} INFO - [2025-03-19T04:51:35.190+0000] {dagbag.py:588} INFO - Filling up the DagBag from /opt/airflow/dags/welcome_dag.py
[2025-03-19T04:51:35.229+0000] {processor.py:925} INFO - DAG(s) 'welcome_dag' retrieved from /opt/airflow/dags/welcome_dag.py
[2025-03-19T04:51:35.276+0000] {logging_mixin.py:190} INFO - [2025-03-19T04:51:35.275+0000] {dag.py:3239} INFO - Sync 1 DAGs
[2025-03-19T04:51:35.316+0000] {logging_mixin.py:190} INFO - [2025-03-19T04:51:35.315+0000] {dag.py:4180} INFO - Setting next_dagrun for welcome_dag to 2025-03-18 23:00:00+00:00, run_after=2025-03-19 23:00:00+00:00
[2025-03-19T04:51:35.421+0000] {processor.py:208} INFO - Processing /opt/airflow/dags/welcome_dag.py took 0.246 seconds
[2025-03-19T04:52:32.928+0000] {processor.py:186} INFO - Started process (PID=106) to work on /opt/airflow/dags/welcome_dag.py
[2025-03-19T04:52:32.930+0000] {processor.py:914} INFO - Processing file /opt/airflow/dags/welcome_dag.py for tasks to queue
[2025-03-19T04:52:32.935+0000] {logging_mixin.py:190} INFO - [2025-03-19T04:52:32.934+0000] {dagbag.py:588} INFO - Filling up the DagBag from /opt/airflow/dags/welcome_dag.py
[2025-03-19T04:52:32.990+0000] {processor.py:925} INFO - DAG(s) 'welcome_dag' retrieved from /opt/airflow/dags/welcome_dag.py
[2025-03-19T04:52:33.052+0000] {logging_mixin.py:190} INFO - [2025-03-19T04:52:33.052+0000] {dag.py:3239} INFO - Sync 1 DAGs
[2025-03-19T04:52:33.104+0000] {logging_mixin.py:190} INFO - [2025-03-19T04:52:33.104+0000] {dag.py:4180} INFO - Setting next_dagrun for welcome_dag to 2025-03-18 23:00:00+00:00, run_after=2025-03-19 23:00:00+00:00
[2025-03-19T04:52:33.203+0000] {processor.py:208} INFO - Processing /opt/airflow/dags/welcome_dag.py took 0.284 seconds
[2025-03-19T04:53:04.499+0000] {processor.py:186} INFO - Started process (PID=121) to work on /opt/airflow/dags/welcome_dag.py
[2025-03-19T04:53:04.501+0000] {processor.py:914} INFO - Processing file /opt/airflow/dags/welcome_dag.py for tasks to queue
[2025-03-19T04:53:04.505+0000] {logging_mixin.py:190} INFO - [2025-03-19T04:53:04.504+0000] {dagbag.py:588} INFO - Filling up the DagBag from /opt/airflow/dags/welcome_dag.py
[2025-03-19T04:53:04.547+0000] {processor.py:925} INFO - DAG(s) 'welcome_dag' retrieved from /opt/airflow/dags/welcome_dag.py
[2025-03-19T04:53:04.620+0000] {logging_mixin.py:190} INFO - [2025-03-19T04:53:04.620+0000] {dag.py:3239} INFO - Sync 1 DAGs
[2025-03-19T04:53:04.664+0000] {logging_mixin.py:190} INFO - [2025-03-19T04:53:04.664+0000] {dag.py:4180} INFO - Setting next_dagrun for welcome_dag to 2025-03-18 23:00:00+00:00, run_after=2025-03-19 23:00:00+00:00
[2025-03-19T04:53:04.817+0000] {processor.py:208} INFO - Processing /opt/airflow/dags/welcome_dag.py took 0.323 seconds
[2025-03-19T04:53:35.664+0000] {processor.py:186} INFO - Started process (PID=126) to work on /opt/airflow/dags/welcome_dag.py
[2025-03-19T04:53:35.666+0000] {processor.py:914} INFO - Processing file /opt/airflow/dags/welcome_dag.py for tasks to queue
[2025-03-19T04:53:35.669+0000] {logging_mixin.py:190} INFO - [2025-03-19T04:53:35.669+0000] {dagbag.py:588} INFO - Filling up the DagBag from /opt/airflow/dags/welcome_dag.py
[2025-03-19T04:53:35.722+0000] {processor.py:925} INFO - DAG(s) 'welcome_dag' retrieved from /opt/airflow/dags/welcome_dag.py
[2025-03-19T04:53:35.771+0000] {logging_mixin.py:190} INFO - [2025-03-19T04:53:35.770+0000] {dag.py:3239} INFO - Sync 1 DAGs
[2025-03-19T04:53:35.808+0000] {logging_mixin.py:190} INFO - [2025-03-19T04:53:35.808+0000] {dag.py:4180} INFO - Setting next_dagrun for welcome_dag to 2025-03-18 23:00:00+00:00, run_after=2025-03-19 23:00:00+00:00
[2025-03-19T04:53:35.918+0000] {processor.py:208} INFO - Processing /opt/airflow/dags/welcome_dag.py took 0.262 seconds
[2025-03-19T04:54:06.670+0000] {processor.py:186} INFO - Started process (PID=131) to work on /opt/airflow/dags/welcome_dag.py
[2025-03-19T04:54:06.673+0000] {processor.py:914} INFO - Processing file /opt/airflow/dags/welcome_dag.py for tasks to queue
[2025-03-19T04:54:06.679+0000] {logging_mixin.py:190} INFO - [2025-03-19T04:54:06.678+0000] {dagbag.py:588} INFO - Filling up the DagBag from /opt/airflow/dags/welcome_dag.py
[2025-03-19T04:54:06.734+0000] {processor.py:925} INFO - DAG(s) 'welcome_dag' retrieved from /opt/airflow/dags/welcome_dag.py
[2025-03-19T04:54:06.786+0000] {logging_mixin.py:190} INFO - [2025-03-19T04:54:06.786+0000] {dag.py:3239} INFO - Sync 1 DAGs
[2025-03-19T04:54:06.834+0000] {logging_mixin.py:190} INFO - [2025-03-19T04:54:06.833+0000] {dag.py:4180} INFO - Setting next_dagrun for welcome_dag to 2025-03-18 23:00:00+00:00, run_after=2025-03-19 23:00:00+00:00
[2025-03-19T04:54:06.940+0000] {processor.py:208} INFO - Processing /opt/airflow/dags/welcome_dag.py took 0.284 seconds
[2025-03-19T04:54:37.674+0000] {processor.py:186} INFO - Started process (PID=136) to work on /opt/airflow/dags/welcome_dag.py
[2025-03-19T04:54:37.676+0000] {processor.py:914} INFO - Processing file /opt/airflow/dags/welcome_dag.py for tasks to queue
[2025-03-19T04:54:37.679+0000] {logging_mixin.py:190} INFO - [2025-03-19T04:54:37.679+0000] {dagbag.py:588} INFO - Filling up the DagBag from /opt/airflow/dags/welcome_dag.py
[2025-03-19T04:54:37.718+0000] {processor.py:925} INFO - DAG(s) 'welcome_dag' retrieved from /opt/airflow/dags/welcome_dag.py
[2025-03-19T04:54:37.765+0000] {logging_mixin.py:190} INFO - [2025-03-19T04:54:37.765+0000] {dag.py:3239} INFO - Sync 1 DAGs
[2025-03-19T04:54:37.801+0000] {logging_mixin.py:190} INFO - [2025-03-19T04:54:37.800+0000] {dag.py:4180} INFO - Setting next_dagrun for welcome_dag to 2025-03-18 23:00:00+00:00, run_after=2025-03-19 23:00:00+00:00
[2025-03-19T04:54:37.878+0000] {processor.py:208} INFO - Processing /opt/airflow/dags/welcome_dag.py took 0.210 seconds
[2025-03-19T04:55:08.606+0000] {processor.py:186} INFO - Started process (PID=141) to work on /opt/airflow/dags/welcome_dag.py
[2025-03-19T04:55:08.608+0000] {processor.py:914} INFO - Processing file /opt/airflow/dags/welcome_dag.py for tasks to queue
[2025-03-19T04:55:08.610+0000] {logging_mixin.py:190} INFO - [2025-03-19T04:55:08.610+0000] {dagbag.py:588} INFO - Filling up the DagBag from /opt/airflow/dags/welcome_dag.py
[2025-03-19T04:55:08.654+0000] {processor.py:925} INFO - DAG(s) 'welcome_dag' retrieved from /opt/airflow/dags/welcome_dag.py
[2025-03-19T04:55:08.706+0000] {logging_mixin.py:190} INFO - [2025-03-19T04:55:08.706+0000] {dag.py:3239} INFO - Sync 1 DAGs
[2025-03-19T04:55:08.746+0000] {logging_mixin.py:190} INFO - [2025-03-19T04:55:08.745+0000] {dag.py:4180} INFO - Setting next_dagrun for welcome_dag to 2025-03-18 23:00:00+00:00, run_after=2025-03-19 23:00:00+00:00
[2025-03-19T04:55:08.878+0000] {processor.py:208} INFO - Processing /opt/airflow/dags/welcome_dag.py took 0.279 seconds
[2025-03-19T04:55:39.492+0000] {processor.py:186} INFO - Started process (PID=146) to work on /opt/airflow/dags/welcome_dag.py
[2025-03-19T04:55:39.494+0000] {processor.py:914} INFO - Processing file /opt/airflow/dags/welcome_dag.py for tasks to queue
[2025-03-19T04:55:39.500+0000] {logging_mixin.py:190} INFO - [2025-03-19T04:55:39.499+0000] {dagbag.py:588} INFO - Filling up the DagBag from /opt/airflow/dags/welcome_dag.py
[2025-03-19T04:55:39.588+0000] {processor.py:925} INFO - DAG(s) 'welcome_dag' retrieved from /opt/airflow/dags/welcome_dag.py
[2025-03-19T04:55:39.630+0000] {logging_mixin.py:190} INFO - [2025-03-19T04:55:39.630+0000] {dag.py:3239} INFO - Sync 1 DAGs
[2025-03-19T04:55:39.663+0000] {logging_mixin.py:190} INFO - [2025-03-19T04:55:39.663+0000] {dag.py:4180} INFO - Setting next_dagrun for welcome_dag to 2025-03-18 23:00:00+00:00, run_after=2025-03-19 23:00:00+00:00
[2025-03-19T04:55:39.745+0000] {processor.py:208} INFO - Processing /opt/airflow/dags/welcome_dag.py took 0.264 seconds
[2025-03-19T04:56:10.423+0000] {processor.py:186} INFO - Started process (PID=152) to work on /opt/airflow/dags/welcome_dag.py
[2025-03-19T04:56:10.424+0000] {processor.py:914} INFO - Processing file /opt/airflow/dags/welcome_dag.py for tasks to queue
[2025-03-19T04:56:10.427+0000] {logging_mixin.py:190} INFO - [2025-03-19T04:56:10.426+0000] {dagbag.py:588} INFO - Filling up the DagBag from /opt/airflow/dags/welcome_dag.py
[2025-03-19T04:56:10.454+0000] {processor.py:925} INFO - DAG(s) 'welcome_dag' retrieved from /opt/airflow/dags/welcome_dag.py
[2025-03-19T04:56:10.486+0000] {logging_mixin.py:190} INFO - [2025-03-19T04:56:10.486+0000] {dag.py:3239} INFO - Sync 1 DAGs
[2025-03-19T04:56:10.522+0000] {logging_mixin.py:190} INFO - [2025-03-19T04:56:10.522+0000] {dag.py:4180} INFO - Setting next_dagrun for welcome_dag to 2025-03-18 23:00:00+00:00, run_after=2025-03-19 23:00:00+00:00
[2025-03-19T04:56:10.618+0000] {processor.py:208} INFO - Processing /opt/airflow/dags/welcome_dag.py took 0.200 seconds
[2025-03-19T04:56:42.581+0000] {processor.py:186} INFO - Started process (PID=157) to work on /opt/airflow/dags/welcome_dag.py
[2025-03-19T04:56:42.582+0000] {processor.py:914} INFO - Processing file /opt/airflow/dags/welcome_dag.py for tasks to queue
[2025-03-19T04:56:42.585+0000] {logging_mixin.py:190} INFO - [2025-03-19T04:56:42.585+0000] {dagbag.py:588} INFO - Filling up the DagBag from /opt/airflow/dags/welcome_dag.py
[2025-03-19T04:56:42.621+0000] {processor.py:925} INFO - DAG(s) 'welcome_dag' retrieved from /opt/airflow/dags/welcome_dag.py
[2025-03-19T04:56:42.662+0000] {logging_mixin.py:190} INFO - [2025-03-19T04:56:42.662+0000] {dag.py:3239} INFO - Sync 1 DAGs
[2025-03-19T04:56:42.692+0000] {logging_mixin.py:190} INFO - [2025-03-19T04:56:42.692+0000] {dag.py:4180} INFO - Setting next_dagrun for welcome_dag to 2025-03-18 23:00:00+00:00, run_after=2025-03-19 23:00:00+00:00
[2025-03-19T04:56:42.798+0000] {processor.py:208} INFO - Processing /opt/airflow/dags/welcome_dag.py took 0.222 seconds
[2025-03-19T04:57:13.306+0000] {processor.py:186} INFO - Started process (PID=162) to work on /opt/airflow/dags/welcome_dag.py
[2025-03-19T04:57:13.309+0000] {processor.py:914} INFO - Processing file /opt/airflow/dags/welcome_dag.py for tasks to queue
[2025-03-19T04:57:13.314+0000] {logging_mixin.py:190} INFO - [2025-03-19T04:57:13.313+0000] {dagbag.py:588} INFO - Filling up the DagBag from /opt/airflow/dags/welcome_dag.py
[2025-03-19T04:57:13.362+0000] {processor.py:925} INFO - DAG(s) 'welcome_dag' retrieved from /opt/airflow/dags/welcome_dag.py
[2025-03-19T04:57:13.406+0000] {logging_mixin.py:190} INFO - [2025-03-19T04:57:13.406+0000] {dag.py:3239} INFO - Sync 1 DAGs
[2025-03-19T04:57:13.451+0000] {logging_mixin.py:190} INFO - [2025-03-19T04:57:13.451+0000] {dag.py:4180} INFO - Setting next_dagrun for welcome_dag to 2025-03-18 23:00:00+00:00, run_after=2025-03-19 23:00:00+00:00
[2025-03-19T04:57:13.566+0000] {processor.py:208} INFO - Processing /opt/airflow/dags/welcome_dag.py took 0.272 seconds
[2025-03-19T04:57:45.595+0000] {processor.py:186} INFO - Started process (PID=168) to work on /opt/airflow/dags/welcome_dag.py
[2025-03-19T04:57:45.597+0000] {processor.py:914} INFO - Processing file /opt/airflow/dags/welcome_dag.py for tasks to queue
[2025-03-19T04:57:45.600+0000] {logging_mixin.py:190} INFO - [2025-03-19T04:57:45.600+0000] {dagbag.py:588} INFO - Filling up the DagBag from /opt/airflow/dags/welcome_dag.py
[2025-03-19T04:57:45.635+0000] {processor.py:925} INFO - DAG(s) 'welcome_dag' retrieved from /opt/airflow/dags/welcome_dag.py
[2025-03-19T04:57:45.680+0000] {logging_mixin.py:190} INFO - [2025-03-19T04:57:45.679+0000] {dag.py:3239} INFO - Sync 1 DAGs
[2025-03-19T04:57:45.748+0000] {logging_mixin.py:190} INFO - [2025-03-19T04:57:45.747+0000] {dag.py:4180} INFO - Setting next_dagrun for welcome_dag to 2025-03-18 23:00:00+00:00, run_after=2025-03-19 23:00:00+00:00
[2025-03-19T04:57:45.850+0000] {processor.py:208} INFO - Processing /opt/airflow/dags/welcome_dag.py took 0.265 seconds
[2025-03-19T04:58:16.396+0000] {processor.py:186} INFO - Started process (PID=173) to work on /opt/airflow/dags/welcome_dag.py
[2025-03-19T04:58:16.398+0000] {processor.py:914} INFO - Processing file /opt/airflow/dags/welcome_dag.py for tasks to queue
[2025-03-19T04:58:16.403+0000] {logging_mixin.py:190} INFO - [2025-03-19T04:58:16.402+0000] {dagbag.py:588} INFO - Filling up the DagBag from /opt/airflow/dags/welcome_dag.py
[2025-03-19T04:58:16.442+0000] {processor.py:925} INFO - DAG(s) 'welcome_dag' retrieved from /opt/airflow/dags/welcome_dag.py
[2025-03-19T04:58:16.485+0000] {logging_mixin.py:190} INFO - [2025-03-19T04:58:16.484+0000] {dag.py:3239} INFO - Sync 1 DAGs
[2025-03-19T04:58:16.512+0000] {logging_mixin.py:190} INFO - [2025-03-19T04:58:16.512+0000] {dag.py:4180} INFO - Setting next_dagrun for welcome_dag to 2025-03-18 23:00:00+00:00, run_after=2025-03-19 23:00:00+00:00
[2025-03-19T04:58:16.581+0000] {processor.py:208} INFO - Processing /opt/airflow/dags/welcome_dag.py took 0.195 seconds
[2025-03-19T04:59:18.531+0000] {processor.py:186} INFO - Started process (PID=106) to work on /opt/airflow/dags/welcome_dag.py
[2025-03-19T04:59:18.533+0000] {processor.py:914} INFO - Processing file /opt/airflow/dags/welcome_dag.py for tasks to queue
[2025-03-19T04:59:18.538+0000] {logging_mixin.py:190} INFO - [2025-03-19T04:59:18.537+0000] {dagbag.py:588} INFO - Filling up the DagBag from /opt/airflow/dags/welcome_dag.py
[2025-03-19T04:59:18.589+0000] {processor.py:925} INFO - DAG(s) 'welcome_dag' retrieved from /opt/airflow/dags/welcome_dag.py
[2025-03-19T04:59:18.641+0000] {logging_mixin.py:190} INFO - [2025-03-19T04:59:18.641+0000] {dag.py:3239} INFO - Sync 1 DAGs
[2025-03-19T04:59:18.675+0000] {logging_mixin.py:190} INFO - [2025-03-19T04:59:18.675+0000] {dag.py:4180} INFO - Setting next_dagrun for welcome_dag to 2025-03-18 23:00:00+00:00, run_after=2025-03-19 23:00:00+00:00
[2025-03-19T04:59:18.746+0000] {processor.py:208} INFO - Processing /opt/airflow/dags/welcome_dag.py took 0.229 seconds
[2025-03-19T04:59:50.011+0000] {processor.py:186} INFO - Started process (PID=121) to work on /opt/airflow/dags/welcome_dag.py
[2025-03-19T04:59:50.012+0000] {processor.py:914} INFO - Processing file /opt/airflow/dags/welcome_dag.py for tasks to queue
[2025-03-19T04:59:50.015+0000] {logging_mixin.py:190} INFO - [2025-03-19T04:59:50.014+0000] {dagbag.py:588} INFO - Filling up the DagBag from /opt/airflow/dags/welcome_dag.py
[2025-03-19T04:59:50.042+0000] {processor.py:925} INFO - DAG(s) 'welcome_dag' retrieved from /opt/airflow/dags/welcome_dag.py
[2025-03-19T04:59:50.076+0000] {logging_mixin.py:190} INFO - [2025-03-19T04:59:50.076+0000] {dag.py:3239} INFO - Sync 1 DAGs
[2025-03-19T04:59:50.104+0000] {logging_mixin.py:190} INFO - [2025-03-19T04:59:50.104+0000] {dag.py:4180} INFO - Setting next_dagrun for welcome_dag to 2025-03-18 23:00:00+00:00, run_after=2025-03-19 23:00:00+00:00
[2025-03-19T04:59:50.192+0000] {processor.py:208} INFO - Processing /opt/airflow/dags/welcome_dag.py took 0.187 seconds
[2025-03-19T05:00:21.357+0000] {processor.py:186} INFO - Started process (PID=126) to work on /opt/airflow/dags/welcome_dag.py
[2025-03-19T05:00:21.358+0000] {processor.py:914} INFO - Processing file /opt/airflow/dags/welcome_dag.py for tasks to queue
[2025-03-19T05:00:21.361+0000] {logging_mixin.py:190} INFO - [2025-03-19T05:00:21.360+0000] {dagbag.py:588} INFO - Filling up the DagBag from /opt/airflow/dags/welcome_dag.py
[2025-03-19T05:00:21.400+0000] {processor.py:925} INFO - DAG(s) 'welcome_dag' retrieved from /opt/airflow/dags/welcome_dag.py
[2025-03-19T05:00:21.441+0000] {logging_mixin.py:190} INFO - [2025-03-19T05:00:21.441+0000] {dag.py:3239} INFO - Sync 1 DAGs
[2025-03-19T05:00:21.473+0000] {logging_mixin.py:190} INFO - [2025-03-19T05:00:21.473+0000] {dag.py:4180} INFO - Setting next_dagrun for welcome_dag to 2025-03-18 23:00:00+00:00, run_after=2025-03-19 23:00:00+00:00
[2025-03-19T05:00:21.576+0000] {processor.py:208} INFO - Processing /opt/airflow/dags/welcome_dag.py took 0.225 seconds
[2025-03-19T05:00:53.345+0000] {processor.py:186} INFO - Started process (PID=131) to work on /opt/airflow/dags/welcome_dag.py
[2025-03-19T05:00:53.346+0000] {processor.py:914} INFO - Processing file /opt/airflow/dags/welcome_dag.py for tasks to queue
[2025-03-19T05:00:53.350+0000] {logging_mixin.py:190} INFO - [2025-03-19T05:00:53.350+0000] {dagbag.py:588} INFO - Filling up the DagBag from /opt/airflow/dags/welcome_dag.py
[2025-03-19T05:00:53.392+0000] {processor.py:925} INFO - DAG(s) 'welcome_dag' retrieved from /opt/airflow/dags/welcome_dag.py
[2025-03-19T05:00:53.444+0000] {logging_mixin.py:190} INFO - [2025-03-19T05:00:53.444+0000] {dag.py:3239} INFO - Sync 1 DAGs
[2025-03-19T05:00:53.476+0000] {logging_mixin.py:190} INFO - [2025-03-19T05:00:53.476+0000] {dag.py:4180} INFO - Setting next_dagrun for welcome_dag to 2025-03-18 23:00:00+00:00, run_after=2025-03-19 23:00:00+00:00
[2025-03-19T05:00:53.581+0000] {processor.py:208} INFO - Processing /opt/airflow/dags/welcome_dag.py took 0.241 seconds
[2025-03-19T05:02:12.316+0000] {processor.py:186} INFO - Started process (PID=106) to work on /opt/airflow/dags/welcome_dag.py
[2025-03-19T05:02:12.317+0000] {processor.py:914} INFO - Processing file /opt/airflow/dags/welcome_dag.py for tasks to queue
[2025-03-19T05:02:12.320+0000] {logging_mixin.py:190} INFO - [2025-03-19T05:02:12.320+0000] {dagbag.py:588} INFO - Filling up the DagBag from /opt/airflow/dags/welcome_dag.py
[2025-03-19T05:02:12.373+0000] {processor.py:925} INFO - DAG(s) 'welcome_dag' retrieved from /opt/airflow/dags/welcome_dag.py
[2025-03-19T05:02:12.421+0000] {logging_mixin.py:190} INFO - [2025-03-19T05:02:12.421+0000] {dag.py:3239} INFO - Sync 1 DAGs
[2025-03-19T05:02:12.470+0000] {logging_mixin.py:190} INFO - [2025-03-19T05:02:12.470+0000] {dag.py:4180} INFO - Setting next_dagrun for welcome_dag to 2025-03-18 23:00:00+00:00, run_after=2025-03-19 23:00:00+00:00
[2025-03-19T05:02:12.574+0000] {processor.py:208} INFO - Processing /opt/airflow/dags/welcome_dag.py took 0.267 seconds
[2025-03-19T05:02:43.626+0000] {processor.py:186} INFO - Started process (PID=121) to work on /opt/airflow/dags/welcome_dag.py
[2025-03-19T05:02:43.627+0000] {processor.py:914} INFO - Processing file /opt/airflow/dags/welcome_dag.py for tasks to queue
[2025-03-19T05:02:43.631+0000] {logging_mixin.py:190} INFO - [2025-03-19T05:02:43.631+0000] {dagbag.py:588} INFO - Filling up the DagBag from /opt/airflow/dags/welcome_dag.py
[2025-03-19T05:02:43.670+0000] {processor.py:925} INFO - DAG(s) 'welcome_dag' retrieved from /opt/airflow/dags/welcome_dag.py
[2025-03-19T05:02:43.726+0000] {logging_mixin.py:190} INFO - [2025-03-19T05:02:43.726+0000] {dag.py:3239} INFO - Sync 1 DAGs
[2025-03-19T05:02:43.784+0000] {logging_mixin.py:190} INFO - [2025-03-19T05:02:43.783+0000] {dag.py:4180} INFO - Setting next_dagrun for welcome_dag to 2025-03-18 23:00:00+00:00, run_after=2025-03-19 23:00:00+00:00
[2025-03-19T05:02:43.888+0000] {processor.py:208} INFO - Processing /opt/airflow/dags/welcome_dag.py took 0.271 seconds
[2025-03-19T05:03:14.998+0000] {processor.py:186} INFO - Started process (PID=126) to work on /opt/airflow/dags/welcome_dag.py
[2025-03-19T05:03:14.999+0000] {processor.py:914} INFO - Processing file /opt/airflow/dags/welcome_dag.py for tasks to queue
[2025-03-19T05:03:15.004+0000] {logging_mixin.py:190} INFO - [2025-03-19T05:03:15.004+0000] {dagbag.py:588} INFO - Filling up the DagBag from /opt/airflow/dags/welcome_dag.py
[2025-03-19T05:03:15.049+0000] {processor.py:925} INFO - DAG(s) 'welcome_dag' retrieved from /opt/airflow/dags/welcome_dag.py
[2025-03-19T05:03:15.098+0000] {logging_mixin.py:190} INFO - [2025-03-19T05:03:15.098+0000] {dag.py:3239} INFO - Sync 1 DAGs
[2025-03-19T05:03:15.136+0000] {logging_mixin.py:190} INFO - [2025-03-19T05:03:15.135+0000] {dag.py:4180} INFO - Setting next_dagrun for welcome_dag to 2025-03-18 23:00:00+00:00, run_after=2025-03-19 23:00:00+00:00
[2025-03-19T05:03:15.245+0000] {processor.py:208} INFO - Processing /opt/airflow/dags/welcome_dag.py took 0.253 seconds
[2025-03-19T05:03:45.678+0000] {processor.py:186} INFO - Started process (PID=131) to work on /opt/airflow/dags/welcome_dag.py
[2025-03-19T05:03:45.680+0000] {processor.py:914} INFO - Processing file /opt/airflow/dags/welcome_dag.py for tasks to queue
[2025-03-19T05:03:45.683+0000] {logging_mixin.py:190} INFO - [2025-03-19T05:03:45.683+0000] {dagbag.py:588} INFO - Filling up the DagBag from /opt/airflow/dags/welcome_dag.py
[2025-03-19T05:03:45.719+0000] {processor.py:925} INFO - DAG(s) 'welcome_dag' retrieved from /opt/airflow/dags/welcome_dag.py
[2025-03-19T05:03:45.761+0000] {logging_mixin.py:190} INFO - [2025-03-19T05:03:45.761+0000] {dag.py:3239} INFO - Sync 1 DAGs
[2025-03-19T05:03:45.811+0000] {logging_mixin.py:190} INFO - [2025-03-19T05:03:45.810+0000] {dag.py:4180} INFO - Setting next_dagrun for welcome_dag to 2025-03-18 23:00:00+00:00, run_after=2025-03-19 23:00:00+00:00
[2025-03-19T05:03:45.904+0000] {processor.py:208} INFO - Processing /opt/airflow/dags/welcome_dag.py took 0.235 seconds
[2025-03-19T05:04:16.564+0000] {processor.py:186} INFO - Started process (PID=136) to work on /opt/airflow/dags/welcome_dag.py
[2025-03-19T05:04:16.566+0000] {processor.py:914} INFO - Processing file /opt/airflow/dags/welcome_dag.py for tasks to queue
[2025-03-19T05:04:16.569+0000] {logging_mixin.py:190} INFO - [2025-03-19T05:04:16.568+0000] {dagbag.py:588} INFO - Filling up the DagBag from /opt/airflow/dags/welcome_dag.py
[2025-03-19T05:04:16.607+0000] {processor.py:925} INFO - DAG(s) 'welcome_dag' retrieved from /opt/airflow/dags/welcome_dag.py
[2025-03-19T05:04:16.651+0000] {logging_mixin.py:190} INFO - [2025-03-19T05:04:16.651+0000] {dag.py:3239} INFO - Sync 1 DAGs
[2025-03-19T05:04:16.690+0000] {logging_mixin.py:190} INFO - [2025-03-19T05:04:16.690+0000] {dag.py:4180} INFO - Setting next_dagrun for welcome_dag to 2025-03-18 23:00:00+00:00, run_after=2025-03-19 23:00:00+00:00
[2025-03-19T05:04:16.802+0000] {processor.py:208} INFO - Processing /opt/airflow/dags/welcome_dag.py took 0.243 seconds
[2025-03-19T05:04:47.725+0000] {processor.py:186} INFO - Started process (PID=141) to work on /opt/airflow/dags/welcome_dag.py
[2025-03-19T05:04:47.727+0000] {processor.py:914} INFO - Processing file /opt/airflow/dags/welcome_dag.py for tasks to queue
[2025-03-19T05:04:47.731+0000] {logging_mixin.py:190} INFO - [2025-03-19T05:04:47.730+0000] {dagbag.py:588} INFO - Filling up the DagBag from /opt/airflow/dags/welcome_dag.py
[2025-03-19T05:04:47.772+0000] {processor.py:925} INFO - DAG(s) 'welcome_dag' retrieved from /opt/airflow/dags/welcome_dag.py
[2025-03-19T05:04:47.810+0000] {logging_mixin.py:190} INFO - [2025-03-19T05:04:47.809+0000] {dag.py:3239} INFO - Sync 1 DAGs
[2025-03-19T05:04:47.843+0000] {logging_mixin.py:190} INFO - [2025-03-19T05:04:47.842+0000] {dag.py:4180} INFO - Setting next_dagrun for welcome_dag to 2025-03-18 23:00:00+00:00, run_after=2025-03-19 23:00:00+00:00
[2025-03-19T05:04:47.946+0000] {processor.py:208} INFO - Processing /opt/airflow/dags/welcome_dag.py took 0.231 seconds
[2025-03-19T05:05:18.634+0000] {processor.py:186} INFO - Started process (PID=146) to work on /opt/airflow/dags/welcome_dag.py
[2025-03-19T05:05:18.636+0000] {processor.py:914} INFO - Processing file /opt/airflow/dags/welcome_dag.py for tasks to queue
[2025-03-19T05:05:18.639+0000] {logging_mixin.py:190} INFO - [2025-03-19T05:05:18.638+0000] {dagbag.py:588} INFO - Filling up the DagBag from /opt/airflow/dags/welcome_dag.py
[2025-03-19T05:05:18.705+0000] {processor.py:925} INFO - DAG(s) 'welcome_dag' retrieved from /opt/airflow/dags/welcome_dag.py
[2025-03-19T05:05:18.762+0000] {logging_mixin.py:190} INFO - [2025-03-19T05:05:18.762+0000] {dag.py:3239} INFO - Sync 1 DAGs
[2025-03-19T05:05:18.803+0000] {logging_mixin.py:190} INFO - [2025-03-19T05:05:18.803+0000] {dag.py:4180} INFO - Setting next_dagrun for welcome_dag to 2025-03-18 23:00:00+00:00, run_after=2025-03-19 23:00:00+00:00
[2025-03-19T05:05:18.902+0000] {processor.py:208} INFO - Processing /opt/airflow/dags/welcome_dag.py took 0.279 seconds
[2025-03-19T05:05:49.420+0000] {processor.py:186} INFO - Started process (PID=151) to work on /opt/airflow/dags/welcome_dag.py
[2025-03-19T05:05:49.422+0000] {processor.py:914} INFO - Processing file /opt/airflow/dags/welcome_dag.py for tasks to queue
[2025-03-19T05:05:49.425+0000] {logging_mixin.py:190} INFO - [2025-03-19T05:05:49.424+0000] {dagbag.py:588} INFO - Filling up the DagBag from /opt/airflow/dags/welcome_dag.py
[2025-03-19T05:05:49.474+0000] {processor.py:925} INFO - DAG(s) 'welcome_dag' retrieved from /opt/airflow/dags/welcome_dag.py
[2025-03-19T05:05:49.521+0000] {logging_mixin.py:190} INFO - [2025-03-19T05:05:49.521+0000] {dag.py:3239} INFO - Sync 1 DAGs
[2025-03-19T05:05:49.552+0000] {logging_mixin.py:190} INFO - [2025-03-19T05:05:49.551+0000] {dag.py:4180} INFO - Setting next_dagrun for welcome_dag to 2025-03-18 23:00:00+00:00, run_after=2025-03-19 23:00:00+00:00
[2025-03-19T05:05:49.666+0000] {processor.py:208} INFO - Processing /opt/airflow/dags/welcome_dag.py took 0.251 seconds
[2025-03-19T05:06:20.339+0000] {processor.py:186} INFO - Started process (PID=156) to work on /opt/airflow/dags/welcome_dag.py
[2025-03-19T05:06:20.341+0000] {processor.py:914} INFO - Processing file /opt/airflow/dags/welcome_dag.py for tasks to queue
[2025-03-19T05:06:20.345+0000] {logging_mixin.py:190} INFO - [2025-03-19T05:06:20.344+0000] {dagbag.py:588} INFO - Filling up the DagBag from /opt/airflow/dags/welcome_dag.py
[2025-03-19T05:06:20.387+0000] {processor.py:925} INFO - DAG(s) 'welcome_dag' retrieved from /opt/airflow/dags/welcome_dag.py
[2025-03-19T05:06:20.420+0000] {logging_mixin.py:190} INFO - [2025-03-19T05:06:20.419+0000] {dag.py:3239} INFO - Sync 1 DAGs
[2025-03-19T05:06:20.448+0000] {logging_mixin.py:190} INFO - [2025-03-19T05:06:20.447+0000] {dag.py:4180} INFO - Setting next_dagrun for welcome_dag to 2025-03-18 23:00:00+00:00, run_after=2025-03-19 23:00:00+00:00
[2025-03-19T05:06:20.550+0000] {processor.py:208} INFO - Processing /opt/airflow/dags/welcome_dag.py took 0.220 seconds
[2025-03-19T05:06:50.883+0000] {processor.py:186} INFO - Started process (PID=161) to work on /opt/airflow/dags/welcome_dag.py
[2025-03-19T05:06:50.885+0000] {processor.py:914} INFO - Processing file /opt/airflow/dags/welcome_dag.py for tasks to queue
[2025-03-19T05:06:50.889+0000] {logging_mixin.py:190} INFO - [2025-03-19T05:06:50.888+0000] {dagbag.py:588} INFO - Filling up the DagBag from /opt/airflow/dags/welcome_dag.py
[2025-03-19T05:06:50.928+0000] {processor.py:925} INFO - DAG(s) 'welcome_dag' retrieved from /opt/airflow/dags/welcome_dag.py
[2025-03-19T05:06:50.974+0000] {logging_mixin.py:190} INFO - [2025-03-19T05:06:50.974+0000] {dag.py:3239} INFO - Sync 1 DAGs
[2025-03-19T05:06:51.014+0000] {logging_mixin.py:190} INFO - [2025-03-19T05:06:51.013+0000] {dag.py:4180} INFO - Setting next_dagrun for welcome_dag to 2025-03-18 23:00:00+00:00, run_after=2025-03-19 23:00:00+00:00
[2025-03-19T05:06:51.112+0000] {processor.py:208} INFO - Processing /opt/airflow/dags/welcome_dag.py took 0.234 seconds
[2025-03-19T05:07:22.052+0000] {processor.py:186} INFO - Started process (PID=166) to work on /opt/airflow/dags/welcome_dag.py
[2025-03-19T05:07:22.056+0000] {processor.py:914} INFO - Processing file /opt/airflow/dags/welcome_dag.py for tasks to queue
[2025-03-19T05:07:22.063+0000] {logging_mixin.py:190} INFO - [2025-03-19T05:07:22.062+0000] {dagbag.py:588} INFO - Filling up the DagBag from /opt/airflow/dags/welcome_dag.py
[2025-03-19T05:07:22.121+0000] {processor.py:925} INFO - DAG(s) 'welcome_dag' retrieved from /opt/airflow/dags/welcome_dag.py
[2025-03-19T05:07:22.177+0000] {logging_mixin.py:190} INFO - [2025-03-19T05:07:22.177+0000] {dag.py:3239} INFO - Sync 1 DAGs
[2025-03-19T05:07:22.208+0000] {logging_mixin.py:190} INFO - [2025-03-19T05:07:22.208+0000] {dag.py:4180} INFO - Setting next_dagrun for welcome_dag to 2025-03-18 23:00:00+00:00, run_after=2025-03-19 23:00:00+00:00
[2025-03-19T05:07:22.344+0000] {processor.py:208} INFO - Processing /opt/airflow/dags/welcome_dag.py took 0.302 seconds
[2025-03-19T05:07:53.131+0000] {processor.py:186} INFO - Started process (PID=171) to work on /opt/airflow/dags/welcome_dag.py
[2025-03-19T05:07:53.133+0000] {processor.py:914} INFO - Processing file /opt/airflow/dags/welcome_dag.py for tasks to queue
[2025-03-19T05:07:53.137+0000] {logging_mixin.py:190} INFO - [2025-03-19T05:07:53.137+0000] {dagbag.py:588} INFO - Filling up the DagBag from /opt/airflow/dags/welcome_dag.py
[2025-03-19T05:07:53.183+0000] {processor.py:925} INFO - DAG(s) 'welcome_dag' retrieved from /opt/airflow/dags/welcome_dag.py
[2025-03-19T05:07:53.237+0000] {logging_mixin.py:190} INFO - [2025-03-19T05:07:53.236+0000] {dag.py:3239} INFO - Sync 1 DAGs
[2025-03-19T05:07:53.284+0000] {logging_mixin.py:190} INFO - [2025-03-19T05:07:53.283+0000] {dag.py:4180} INFO - Setting next_dagrun for welcome_dag to 2025-03-18 23:00:00+00:00, run_after=2025-03-19 23:00:00+00:00
[2025-03-19T05:07:53.396+0000] {processor.py:208} INFO - Processing /opt/airflow/dags/welcome_dag.py took 0.274 seconds
[2025-03-19T05:08:34.749+0000] {processor.py:186} INFO - Started process (PID=242) to work on /opt/airflow/dags/welcome_dag.py
[2025-03-19T05:08:34.750+0000] {processor.py:914} INFO - Processing file /opt/airflow/dags/welcome_dag.py for tasks to queue
[2025-03-19T05:08:34.753+0000] {logging_mixin.py:190} INFO - [2025-03-19T05:08:34.753+0000] {dagbag.py:588} INFO - Filling up the DagBag from /opt/airflow/dags/welcome_dag.py
[2025-03-19T05:08:34.817+0000] {processor.py:925} INFO - DAG(s) 'welcome_dag' retrieved from /opt/airflow/dags/welcome_dag.py
[2025-03-19T05:08:34.872+0000] {logging_mixin.py:190} INFO - [2025-03-19T05:08:34.872+0000] {dag.py:3239} INFO - Sync 1 DAGs
[2025-03-19T05:08:34.914+0000] {logging_mixin.py:190} INFO - [2025-03-19T05:08:34.914+0000] {dag.py:4180} INFO - Setting next_dagrun for welcome_dag to 2025-03-18 23:00:00+00:00, run_after=2025-03-19 23:00:00+00:00
[2025-03-19T05:08:35.007+0000] {processor.py:208} INFO - Processing /opt/airflow/dags/welcome_dag.py took 0.263 seconds
[2025-03-19T05:09:06.020+0000] {processor.py:186} INFO - Started process (PID=247) to work on /opt/airflow/dags/welcome_dag.py
[2025-03-19T05:09:06.022+0000] {processor.py:914} INFO - Processing file /opt/airflow/dags/welcome_dag.py for tasks to queue
[2025-03-19T05:09:06.025+0000] {logging_mixin.py:190} INFO - [2025-03-19T05:09:06.025+0000] {dagbag.py:588} INFO - Filling up the DagBag from /opt/airflow/dags/welcome_dag.py
[2025-03-19T05:09:06.063+0000] {processor.py:925} INFO - DAG(s) 'welcome_dag' retrieved from /opt/airflow/dags/welcome_dag.py
[2025-03-19T05:09:06.102+0000] {logging_mixin.py:190} INFO - [2025-03-19T05:09:06.102+0000] {dag.py:3239} INFO - Sync 1 DAGs
[2025-03-19T05:09:06.141+0000] {logging_mixin.py:190} INFO - [2025-03-19T05:09:06.141+0000] {dag.py:4180} INFO - Setting next_dagrun for welcome_dag to 2025-03-18 23:00:00+00:00, run_after=2025-03-19 23:00:00+00:00
[2025-03-19T05:09:06.226+0000] {processor.py:208} INFO - Processing /opt/airflow/dags/welcome_dag.py took 0.212 seconds
[2025-03-19T05:09:36.408+0000] {processor.py:186} INFO - Started process (PID=252) to work on /opt/airflow/dags/welcome_dag.py
[2025-03-19T05:09:36.409+0000] {processor.py:914} INFO - Processing file /opt/airflow/dags/welcome_dag.py for tasks to queue
[2025-03-19T05:09:36.411+0000] {logging_mixin.py:190} INFO - [2025-03-19T05:09:36.410+0000] {dagbag.py:588} INFO - Filling up the DagBag from /opt/airflow/dags/welcome_dag.py
[2025-03-19T05:09:36.452+0000] {processor.py:925} INFO - DAG(s) 'welcome_dag' retrieved from /opt/airflow/dags/welcome_dag.py
[2025-03-19T05:09:36.492+0000] {logging_mixin.py:190} INFO - [2025-03-19T05:09:36.492+0000] {dag.py:3239} INFO - Sync 1 DAGs
[2025-03-19T05:09:36.525+0000] {logging_mixin.py:190} INFO - [2025-03-19T05:09:36.525+0000] {dag.py:4180} INFO - Setting next_dagrun for welcome_dag to 2025-03-18 23:00:00+00:00, run_after=2025-03-19 23:00:00+00:00
[2025-03-19T05:09:36.620+0000] {processor.py:208} INFO - Processing /opt/airflow/dags/welcome_dag.py took 0.218 seconds
[2025-03-19T05:10:07.890+0000] {processor.py:186} INFO - Started process (PID=256) to work on /opt/airflow/dags/welcome_dag.py
[2025-03-19T05:10:07.892+0000] {processor.py:914} INFO - Processing file /opt/airflow/dags/welcome_dag.py for tasks to queue
[2025-03-19T05:10:07.895+0000] {logging_mixin.py:190} INFO - [2025-03-19T05:10:07.894+0000] {dagbag.py:588} INFO - Filling up the DagBag from /opt/airflow/dags/welcome_dag.py
[2025-03-19T05:10:07.939+0000] {processor.py:925} INFO - DAG(s) 'welcome_dag' retrieved from /opt/airflow/dags/welcome_dag.py
[2025-03-19T05:10:07.978+0000] {logging_mixin.py:190} INFO - [2025-03-19T05:10:07.978+0000] {dag.py:3239} INFO - Sync 1 DAGs
[2025-03-19T05:10:08.021+0000] {logging_mixin.py:190} INFO - [2025-03-19T05:10:08.020+0000] {dag.py:4180} INFO - Setting next_dagrun for welcome_dag to 2025-03-18 23:00:00+00:00, run_after=2025-03-19 23:00:00+00:00
[2025-03-19T05:10:08.115+0000] {processor.py:208} INFO - Processing /opt/airflow/dags/welcome_dag.py took 0.233 seconds
[2025-03-19T05:10:38.415+0000] {processor.py:186} INFO - Started process (PID=261) to work on /opt/airflow/dags/welcome_dag.py
[2025-03-19T05:10:38.417+0000] {processor.py:914} INFO - Processing file /opt/airflow/dags/welcome_dag.py for tasks to queue
[2025-03-19T05:10:38.419+0000] {logging_mixin.py:190} INFO - [2025-03-19T05:10:38.418+0000] {dagbag.py:588} INFO - Filling up the DagBag from /opt/airflow/dags/welcome_dag.py
[2025-03-19T05:10:38.466+0000] {processor.py:925} INFO - DAG(s) 'welcome_dag' retrieved from /opt/airflow/dags/welcome_dag.py
[2025-03-19T05:10:38.513+0000] {logging_mixin.py:190} INFO - [2025-03-19T05:10:38.513+0000] {dag.py:3239} INFO - Sync 1 DAGs
[2025-03-19T05:10:38.556+0000] {logging_mixin.py:190} INFO - [2025-03-19T05:10:38.556+0000] {dag.py:4180} INFO - Setting next_dagrun for welcome_dag to 2025-03-18 23:00:00+00:00, run_after=2025-03-19 23:00:00+00:00
[2025-03-19T05:10:38.654+0000] {processor.py:208} INFO - Processing /opt/airflow/dags/welcome_dag.py took 0.245 seconds
[2025-03-19T05:11:09.038+0000] {processor.py:186} INFO - Started process (PID=265) to work on /opt/airflow/dags/welcome_dag.py
[2025-03-19T05:11:09.040+0000] {processor.py:914} INFO - Processing file /opt/airflow/dags/welcome_dag.py for tasks to queue
[2025-03-19T05:11:09.042+0000] {logging_mixin.py:190} INFO - [2025-03-19T05:11:09.042+0000] {dagbag.py:588} INFO - Filling up the DagBag from /opt/airflow/dags/welcome_dag.py
[2025-03-19T05:11:09.093+0000] {processor.py:925} INFO - DAG(s) 'welcome_dag' retrieved from /opt/airflow/dags/welcome_dag.py
[2025-03-19T05:11:09.140+0000] {logging_mixin.py:190} INFO - [2025-03-19T05:11:09.139+0000] {dag.py:3239} INFO - Sync 1 DAGs
[2025-03-19T05:11:09.178+0000] {logging_mixin.py:190} INFO - [2025-03-19T05:11:09.177+0000] {dag.py:4180} INFO - Setting next_dagrun for welcome_dag to 2025-03-18 23:00:00+00:00, run_after=2025-03-19 23:00:00+00:00
[2025-03-19T05:11:09.270+0000] {processor.py:208} INFO - Processing /opt/airflow/dags/welcome_dag.py took 0.240 seconds
[2025-03-19T05:11:41.743+0000] {processor.py:186} INFO - Started process (PID=270) to work on /opt/airflow/dags/welcome_dag.py
[2025-03-19T05:11:41.745+0000] {processor.py:914} INFO - Processing file /opt/airflow/dags/welcome_dag.py for tasks to queue
[2025-03-19T05:11:41.746+0000] {logging_mixin.py:190} INFO - [2025-03-19T05:11:41.746+0000] {dagbag.py:588} INFO - Filling up the DagBag from /opt/airflow/dags/welcome_dag.py
[2025-03-19T05:11:41.779+0000] {processor.py:925} INFO - DAG(s) 'welcome_dag' retrieved from /opt/airflow/dags/welcome_dag.py
[2025-03-19T05:11:41.814+0000] {logging_mixin.py:190} INFO - [2025-03-19T05:11:41.814+0000] {dag.py:3239} INFO - Sync 1 DAGs
[2025-03-19T05:11:41.849+0000] {logging_mixin.py:190} INFO - [2025-03-19T05:11:41.848+0000] {dag.py:4180} INFO - Setting next_dagrun for welcome_dag to 2025-03-18 23:00:00+00:00, run_after=2025-03-19 23:00:00+00:00
[2025-03-19T05:11:41.931+0000] {processor.py:208} INFO - Processing /opt/airflow/dags/welcome_dag.py took 0.194 seconds
[2025-03-19T05:12:33.953+0000] {processor.py:186} INFO - Started process (PID=340) to work on /opt/airflow/dags/welcome_dag.py
[2025-03-19T05:12:33.954+0000] {processor.py:914} INFO - Processing file /opt/airflow/dags/welcome_dag.py for tasks to queue
[2025-03-19T05:12:33.956+0000] {logging_mixin.py:190} INFO - [2025-03-19T05:12:33.956+0000] {dagbag.py:588} INFO - Filling up the DagBag from /opt/airflow/dags/welcome_dag.py
[2025-03-19T05:12:33.993+0000] {processor.py:925} INFO - DAG(s) 'welcome_dag' retrieved from /opt/airflow/dags/welcome_dag.py
[2025-03-19T05:12:34.049+0000] {logging_mixin.py:190} INFO - [2025-03-19T05:12:34.048+0000] {dag.py:3239} INFO - Sync 1 DAGs
[2025-03-19T05:12:34.110+0000] {logging_mixin.py:190} INFO - [2025-03-19T05:12:34.110+0000] {dag.py:4180} INFO - Setting next_dagrun for welcome_dag to 2025-03-18 23:00:00+00:00, run_after=2025-03-19 23:00:00+00:00
[2025-03-19T05:12:34.245+0000] {processor.py:208} INFO - Processing /opt/airflow/dags/welcome_dag.py took 0.298 seconds
[2025-03-19T05:13:05.242+0000] {processor.py:186} INFO - Started process (PID=344) to work on /opt/airflow/dags/welcome_dag.py
[2025-03-19T05:13:05.244+0000] {processor.py:914} INFO - Processing file /opt/airflow/dags/welcome_dag.py for tasks to queue
[2025-03-19T05:13:05.246+0000] {logging_mixin.py:190} INFO - [2025-03-19T05:13:05.246+0000] {dagbag.py:588} INFO - Filling up the DagBag from /opt/airflow/dags/welcome_dag.py
[2025-03-19T05:13:05.281+0000] {processor.py:925} INFO - DAG(s) 'welcome_dag' retrieved from /opt/airflow/dags/welcome_dag.py
[2025-03-19T05:13:05.323+0000] {logging_mixin.py:190} INFO - [2025-03-19T05:13:05.323+0000] {dag.py:3239} INFO - Sync 1 DAGs
[2025-03-19T05:13:05.365+0000] {logging_mixin.py:190} INFO - [2025-03-19T05:13:05.365+0000] {dag.py:4180} INFO - Setting next_dagrun for welcome_dag to 2025-03-18 23:00:00+00:00, run_after=2025-03-19 23:00:00+00:00
[2025-03-19T05:13:05.444+0000] {processor.py:208} INFO - Processing /opt/airflow/dags/welcome_dag.py took 0.211 seconds
[2025-03-19T05:13:35.963+0000] {processor.py:186} INFO - Started process (PID=348) to work on /opt/airflow/dags/welcome_dag.py
[2025-03-19T05:13:35.964+0000] {processor.py:914} INFO - Processing file /opt/airflow/dags/welcome_dag.py for tasks to queue
[2025-03-19T05:13:35.965+0000] {logging_mixin.py:190} INFO - [2025-03-19T05:13:35.965+0000] {dagbag.py:588} INFO - Filling up the DagBag from /opt/airflow/dags/welcome_dag.py
[2025-03-19T05:13:36.003+0000] {processor.py:925} INFO - DAG(s) 'welcome_dag' retrieved from /opt/airflow/dags/welcome_dag.py
[2025-03-19T05:13:36.051+0000] {logging_mixin.py:190} INFO - [2025-03-19T05:13:36.051+0000] {dag.py:3239} INFO - Sync 1 DAGs
[2025-03-19T05:13:36.096+0000] {logging_mixin.py:190} INFO - [2025-03-19T05:13:36.096+0000] {dag.py:4180} INFO - Setting next_dagrun for welcome_dag to 2025-03-18 23:00:00+00:00, run_after=2025-03-19 23:00:00+00:00
[2025-03-19T05:13:36.178+0000] {processor.py:208} INFO - Processing /opt/airflow/dags/welcome_dag.py took 0.221 seconds
[2025-03-19T05:14:07.200+0000] {processor.py:186} INFO - Started process (PID=352) to work on /opt/airflow/dags/welcome_dag.py
[2025-03-19T05:14:07.202+0000] {processor.py:914} INFO - Processing file /opt/airflow/dags/welcome_dag.py for tasks to queue
[2025-03-19T05:14:07.205+0000] {logging_mixin.py:190} INFO - [2025-03-19T05:14:07.204+0000] {dagbag.py:588} INFO - Filling up the DagBag from /opt/airflow/dags/welcome_dag.py
[2025-03-19T05:14:07.249+0000] {processor.py:925} INFO - DAG(s) 'welcome_dag' retrieved from /opt/airflow/dags/welcome_dag.py
[2025-03-19T05:14:07.301+0000] {logging_mixin.py:190} INFO - [2025-03-19T05:14:07.301+0000] {dag.py:3239} INFO - Sync 1 DAGs
[2025-03-19T05:14:07.346+0000] {logging_mixin.py:190} INFO - [2025-03-19T05:14:07.345+0000] {dag.py:4180} INFO - Setting next_dagrun for welcome_dag to 2025-03-18 23:00:00+00:00, run_after=2025-03-19 23:00:00+00:00
[2025-03-19T05:14:07.498+0000] {processor.py:208} INFO - Processing /opt/airflow/dags/welcome_dag.py took 0.309 seconds
[2025-03-19T05:14:38.176+0000] {processor.py:186} INFO - Started process (PID=356) to work on /opt/airflow/dags/welcome_dag.py
[2025-03-19T05:14:38.178+0000] {processor.py:914} INFO - Processing file /opt/airflow/dags/welcome_dag.py for tasks to queue
[2025-03-19T05:14:38.180+0000] {logging_mixin.py:190} INFO - [2025-03-19T05:14:38.180+0000] {dagbag.py:588} INFO - Filling up the DagBag from /opt/airflow/dags/welcome_dag.py
[2025-03-19T05:14:38.225+0000] {processor.py:925} INFO - DAG(s) 'welcome_dag' retrieved from /opt/airflow/dags/welcome_dag.py
[2025-03-19T05:14:38.283+0000] {logging_mixin.py:190} INFO - [2025-03-19T05:14:38.283+0000] {dag.py:3239} INFO - Sync 1 DAGs
[2025-03-19T05:14:38.323+0000] {logging_mixin.py:190} INFO - [2025-03-19T05:14:38.323+0000] {dag.py:4180} INFO - Setting next_dagrun for welcome_dag to 2025-03-18 23:00:00+00:00, run_after=2025-03-19 23:00:00+00:00
[2025-03-19T05:14:38.429+0000] {processor.py:208} INFO - Processing /opt/airflow/dags/welcome_dag.py took 0.264 seconds
[2025-03-19T05:15:09.084+0000] {processor.py:186} INFO - Started process (PID=360) to work on /opt/airflow/dags/welcome_dag.py
[2025-03-19T05:15:09.085+0000] {processor.py:914} INFO - Processing file /opt/airflow/dags/welcome_dag.py for tasks to queue
[2025-03-19T05:15:09.088+0000] {logging_mixin.py:190} INFO - [2025-03-19T05:15:09.087+0000] {dagbag.py:588} INFO - Filling up the DagBag from /opt/airflow/dags/welcome_dag.py
[2025-03-19T05:15:09.133+0000] {processor.py:925} INFO - DAG(s) 'welcome_dag' retrieved from /opt/airflow/dags/welcome_dag.py
[2025-03-19T05:15:09.178+0000] {logging_mixin.py:190} INFO - [2025-03-19T05:15:09.178+0000] {dag.py:3239} INFO - Sync 1 DAGs
[2025-03-19T05:15:09.220+0000] {logging_mixin.py:190} INFO - [2025-03-19T05:15:09.220+0000] {dag.py:4180} INFO - Setting next_dagrun for welcome_dag to 2025-03-18 23:00:00+00:00, run_after=2025-03-19 23:00:00+00:00
[2025-03-19T05:15:09.319+0000] {processor.py:208} INFO - Processing /opt/airflow/dags/welcome_dag.py took 0.243 seconds
[2025-03-19T05:15:40.240+0000] {processor.py:186} INFO - Started process (PID=364) to work on /opt/airflow/dags/welcome_dag.py
[2025-03-19T05:15:40.242+0000] {processor.py:914} INFO - Processing file /opt/airflow/dags/welcome_dag.py for tasks to queue
[2025-03-19T05:15:40.243+0000] {logging_mixin.py:190} INFO - [2025-03-19T05:15:40.243+0000] {dagbag.py:588} INFO - Filling up the DagBag from /opt/airflow/dags/welcome_dag.py
[2025-03-19T05:15:40.288+0000] {processor.py:925} INFO - DAG(s) 'welcome_dag' retrieved from /opt/airflow/dags/welcome_dag.py
[2025-03-19T05:15:40.325+0000] {logging_mixin.py:190} INFO - [2025-03-19T05:15:40.325+0000] {dag.py:3239} INFO - Sync 1 DAGs
[2025-03-19T05:15:40.355+0000] {logging_mixin.py:190} INFO - [2025-03-19T05:15:40.355+0000] {dag.py:4180} INFO - Setting next_dagrun for welcome_dag to 2025-03-18 23:00:00+00:00, run_after=2025-03-19 23:00:00+00:00
[2025-03-19T05:15:40.471+0000] {processor.py:208} INFO - Processing /opt/airflow/dags/welcome_dag.py took 0.238 seconds
[2025-03-19T05:16:11.681+0000] {processor.py:186} INFO - Started process (PID=368) to work on /opt/airflow/dags/welcome_dag.py
[2025-03-19T05:16:11.683+0000] {processor.py:914} INFO - Processing file /opt/airflow/dags/welcome_dag.py for tasks to queue
[2025-03-19T05:16:11.685+0000] {logging_mixin.py:190} INFO - [2025-03-19T05:16:11.684+0000] {dagbag.py:588} INFO - Filling up the DagBag from /opt/airflow/dags/welcome_dag.py
[2025-03-19T05:16:11.735+0000] {processor.py:925} INFO - DAG(s) 'welcome_dag' retrieved from /opt/airflow/dags/welcome_dag.py
[2025-03-19T05:16:11.790+0000] {logging_mixin.py:190} INFO - [2025-03-19T05:16:11.790+0000] {dag.py:3239} INFO - Sync 1 DAGs
[2025-03-19T05:16:11.845+0000] {logging_mixin.py:190} INFO - [2025-03-19T05:16:11.845+0000] {dag.py:4180} INFO - Setting next_dagrun for welcome_dag to 2025-03-18 23:00:00+00:00, run_after=2025-03-19 23:00:00+00:00
[2025-03-19T05:16:11.970+0000] {processor.py:208} INFO - Processing /opt/airflow/dags/welcome_dag.py took 0.297 seconds
[2025-03-19T05:16:42.483+0000] {processor.py:186} INFO - Started process (PID=372) to work on /opt/airflow/dags/welcome_dag.py
[2025-03-19T05:16:42.486+0000] {processor.py:914} INFO - Processing file /opt/airflow/dags/welcome_dag.py for tasks to queue
[2025-03-19T05:16:42.489+0000] {logging_mixin.py:190} INFO - [2025-03-19T05:16:42.488+0000] {dagbag.py:588} INFO - Filling up the DagBag from /opt/airflow/dags/welcome_dag.py
[2025-03-19T05:16:42.570+0000] {processor.py:925} INFO - DAG(s) 'welcome_dag' retrieved from /opt/airflow/dags/welcome_dag.py
[2025-03-19T05:16:42.654+0000] {logging_mixin.py:190} INFO - [2025-03-19T05:16:42.653+0000] {dag.py:3239} INFO - Sync 1 DAGs
[2025-03-19T05:16:42.720+0000] {logging_mixin.py:190} INFO - [2025-03-19T05:16:42.720+0000] {dag.py:4180} INFO - Setting next_dagrun for welcome_dag to 2025-03-18 23:00:00+00:00, run_after=2025-03-19 23:00:00+00:00
[2025-03-19T05:16:42.819+0000] {processor.py:208} INFO - Processing /opt/airflow/dags/welcome_dag.py took 0.349 seconds
[2025-03-19T05:17:13.901+0000] {processor.py:186} INFO - Started process (PID=376) to work on /opt/airflow/dags/welcome_dag.py
[2025-03-19T05:17:13.902+0000] {processor.py:914} INFO - Processing file /opt/airflow/dags/welcome_dag.py for tasks to queue
[2025-03-19T05:17:13.905+0000] {logging_mixin.py:190} INFO - [2025-03-19T05:17:13.905+0000] {dagbag.py:588} INFO - Filling up the DagBag from /opt/airflow/dags/welcome_dag.py
[2025-03-19T05:17:13.965+0000] {processor.py:925} INFO - DAG(s) 'welcome_dag' retrieved from /opt/airflow/dags/welcome_dag.py
[2025-03-19T05:17:14.029+0000] {logging_mixin.py:190} INFO - [2025-03-19T05:17:14.028+0000] {dag.py:3239} INFO - Sync 1 DAGs
[2025-03-19T05:17:14.081+0000] {logging_mixin.py:190} INFO - [2025-03-19T05:17:14.080+0000] {dag.py:4180} INFO - Setting next_dagrun for welcome_dag to 2025-03-18 23:00:00+00:00, run_after=2025-03-19 23:00:00+00:00
[2025-03-19T05:17:14.207+0000] {processor.py:208} INFO - Processing /opt/airflow/dags/welcome_dag.py took 0.313 seconds
[2025-03-19T05:17:45.256+0000] {processor.py:186} INFO - Started process (PID=380) to work on /opt/airflow/dags/welcome_dag.py
[2025-03-19T05:17:45.257+0000] {processor.py:914} INFO - Processing file /opt/airflow/dags/welcome_dag.py for tasks to queue
[2025-03-19T05:17:45.259+0000] {logging_mixin.py:190} INFO - [2025-03-19T05:17:45.258+0000] {dagbag.py:588} INFO - Filling up the DagBag from /opt/airflow/dags/welcome_dag.py
[2025-03-19T05:17:45.311+0000] {processor.py:925} INFO - DAG(s) 'welcome_dag' retrieved from /opt/airflow/dags/welcome_dag.py
[2025-03-19T05:17:45.370+0000] {logging_mixin.py:190} INFO - [2025-03-19T05:17:45.369+0000] {dag.py:3239} INFO - Sync 1 DAGs
[2025-03-19T05:17:45.409+0000] {logging_mixin.py:190} INFO - [2025-03-19T05:17:45.408+0000] {dag.py:4180} INFO - Setting next_dagrun for welcome_dag to 2025-03-18 23:00:00+00:00, run_after=2025-03-19 23:00:00+00:00
[2025-03-19T05:17:45.505+0000] {processor.py:208} INFO - Processing /opt/airflow/dags/welcome_dag.py took 0.260 seconds
[2025-03-19T05:18:16.401+0000] {processor.py:186} INFO - Started process (PID=383) to work on /opt/airflow/dags/welcome_dag.py
[2025-03-19T05:18:16.403+0000] {processor.py:914} INFO - Processing file /opt/airflow/dags/welcome_dag.py for tasks to queue
[2025-03-19T05:18:16.405+0000] {logging_mixin.py:190} INFO - [2025-03-19T05:18:16.404+0000] {dagbag.py:588} INFO - Filling up the DagBag from /opt/airflow/dags/welcome_dag.py
[2025-03-19T05:18:16.441+0000] {processor.py:925} INFO - DAG(s) 'welcome_dag' retrieved from /opt/airflow/dags/welcome_dag.py
[2025-03-19T05:18:16.482+0000] {logging_mixin.py:190} INFO - [2025-03-19T05:18:16.481+0000] {dag.py:3239} INFO - Sync 1 DAGs
[2025-03-19T05:18:16.515+0000] {logging_mixin.py:190} INFO - [2025-03-19T05:18:16.515+0000] {dag.py:4180} INFO - Setting next_dagrun for welcome_dag to 2025-03-18 23:00:00+00:00, run_after=2025-03-19 23:00:00+00:00
[2025-03-19T05:18:16.572+0000] {processor.py:208} INFO - Processing /opt/airflow/dags/welcome_dag.py took 0.180 seconds
[2025-03-19T05:18:47.274+0000] {processor.py:186} INFO - Started process (PID=386) to work on /opt/airflow/dags/welcome_dag.py
[2025-03-19T05:18:47.275+0000] {processor.py:914} INFO - Processing file /opt/airflow/dags/welcome_dag.py for tasks to queue
[2025-03-19T05:18:47.278+0000] {logging_mixin.py:190} INFO - [2025-03-19T05:18:47.278+0000] {dagbag.py:588} INFO - Filling up the DagBag from /opt/airflow/dags/welcome_dag.py
[2025-03-19T05:18:47.347+0000] {processor.py:925} INFO - DAG(s) 'welcome_dag' retrieved from /opt/airflow/dags/welcome_dag.py
[2025-03-19T05:18:47.389+0000] {logging_mixin.py:190} INFO - [2025-03-19T05:18:47.389+0000] {dag.py:3239} INFO - Sync 1 DAGs
[2025-03-19T05:18:47.439+0000] {logging_mixin.py:190} INFO - [2025-03-19T05:18:47.438+0000] {dag.py:4180} INFO - Setting next_dagrun for welcome_dag to 2025-03-18 23:00:00+00:00, run_after=2025-03-19 23:00:00+00:00
[2025-03-19T05:18:47.539+0000] {processor.py:208} INFO - Processing /opt/airflow/dags/welcome_dag.py took 0.276 seconds
[2025-03-19T05:19:17.993+0000] {processor.py:186} INFO - Started process (PID=389) to work on /opt/airflow/dags/welcome_dag.py
[2025-03-19T05:19:17.995+0000] {processor.py:914} INFO - Processing file /opt/airflow/dags/welcome_dag.py for tasks to queue
[2025-03-19T05:19:17.996+0000] {logging_mixin.py:190} INFO - [2025-03-19T05:19:17.996+0000] {dagbag.py:588} INFO - Filling up the DagBag from /opt/airflow/dags/welcome_dag.py
[2025-03-19T05:19:18.032+0000] {processor.py:925} INFO - DAG(s) 'welcome_dag' retrieved from /opt/airflow/dags/welcome_dag.py
[2025-03-19T05:19:18.068+0000] {logging_mixin.py:190} INFO - [2025-03-19T05:19:18.068+0000] {dag.py:3239} INFO - Sync 1 DAGs
[2025-03-19T05:19:18.105+0000] {logging_mixin.py:190} INFO - [2025-03-19T05:19:18.105+0000] {dag.py:4180} INFO - Setting next_dagrun for welcome_dag to 2025-03-18 23:00:00+00:00, run_after=2025-03-19 23:00:00+00:00
[2025-03-19T05:19:18.186+0000] {processor.py:208} INFO - Processing /opt/airflow/dags/welcome_dag.py took 0.198 seconds
[2025-03-19T05:19:49.394+0000] {processor.py:186} INFO - Started process (PID=392) to work on /opt/airflow/dags/welcome_dag.py
[2025-03-19T05:19:49.396+0000] {processor.py:914} INFO - Processing file /opt/airflow/dags/welcome_dag.py for tasks to queue
[2025-03-19T05:19:49.400+0000] {logging_mixin.py:190} INFO - [2025-03-19T05:19:49.399+0000] {dagbag.py:588} INFO - Filling up the DagBag from /opt/airflow/dags/welcome_dag.py
[2025-03-19T05:19:49.500+0000] {processor.py:925} INFO - DAG(s) 'welcome_dag' retrieved from /opt/airflow/dags/welcome_dag.py
[2025-03-19T05:19:49.556+0000] {logging_mixin.py:190} INFO - [2025-03-19T05:19:49.556+0000] {dag.py:3239} INFO - Sync 1 DAGs
[2025-03-19T05:19:49.591+0000] {logging_mixin.py:190} INFO - [2025-03-19T05:19:49.591+0000] {dag.py:4180} INFO - Setting next_dagrun for welcome_dag to 2025-03-18 23:00:00+00:00, run_after=2025-03-19 23:00:00+00:00
[2025-03-19T05:19:49.710+0000] {processor.py:208} INFO - Processing /opt/airflow/dags/welcome_dag.py took 0.323 seconds
[2025-03-19T05:20:20.700+0000] {processor.py:186} INFO - Started process (PID=395) to work on /opt/airflow/dags/welcome_dag.py
[2025-03-19T05:20:20.701+0000] {processor.py:914} INFO - Processing file /opt/airflow/dags/welcome_dag.py for tasks to queue
[2025-03-19T05:20:20.703+0000] {logging_mixin.py:190} INFO - [2025-03-19T05:20:20.703+0000] {dagbag.py:588} INFO - Filling up the DagBag from /opt/airflow/dags/welcome_dag.py
[2025-03-19T05:20:20.745+0000] {processor.py:925} INFO - DAG(s) 'welcome_dag' retrieved from /opt/airflow/dags/welcome_dag.py
[2025-03-19T05:20:20.793+0000] {logging_mixin.py:190} INFO - [2025-03-19T05:20:20.793+0000] {dag.py:3239} INFO - Sync 1 DAGs
[2025-03-19T05:20:20.868+0000] {logging_mixin.py:190} INFO - [2025-03-19T05:20:20.867+0000] {dag.py:4180} INFO - Setting next_dagrun for welcome_dag to 2025-03-18 23:00:00+00:00, run_after=2025-03-19 23:00:00+00:00
[2025-03-19T05:20:21.002+0000] {processor.py:208} INFO - Processing /opt/airflow/dags/welcome_dag.py took 0.308 seconds
[2025-03-19T05:20:51.644+0000] {processor.py:186} INFO - Started process (PID=398) to work on /opt/airflow/dags/welcome_dag.py
[2025-03-19T05:20:51.648+0000] {processor.py:914} INFO - Processing file /opt/airflow/dags/welcome_dag.py for tasks to queue
[2025-03-19T05:20:51.652+0000] {logging_mixin.py:190} INFO - [2025-03-19T05:20:51.651+0000] {dagbag.py:588} INFO - Filling up the DagBag from /opt/airflow/dags/welcome_dag.py
[2025-03-19T05:20:51.721+0000] {processor.py:925} INFO - DAG(s) 'welcome_dag' retrieved from /opt/airflow/dags/welcome_dag.py
[2025-03-19T05:20:51.808+0000] {logging_mixin.py:190} INFO - [2025-03-19T05:20:51.807+0000] {dag.py:3239} INFO - Sync 1 DAGs
[2025-03-19T05:20:51.847+0000] {logging_mixin.py:190} INFO - [2025-03-19T05:20:51.847+0000] {dag.py:4180} INFO - Setting next_dagrun for welcome_dag to 2025-03-18 23:00:00+00:00, run_after=2025-03-19 23:00:00+00:00
[2025-03-19T05:20:51.964+0000] {processor.py:208} INFO - Processing /opt/airflow/dags/welcome_dag.py took 0.337 seconds
[2025-03-19T05:21:22.356+0000] {processor.py:186} INFO - Started process (PID=401) to work on /opt/airflow/dags/welcome_dag.py
[2025-03-19T05:21:22.359+0000] {processor.py:914} INFO - Processing file /opt/airflow/dags/welcome_dag.py for tasks to queue
[2025-03-19T05:21:22.361+0000] {logging_mixin.py:190} INFO - [2025-03-19T05:21:22.361+0000] {dagbag.py:588} INFO - Filling up the DagBag from /opt/airflow/dags/welcome_dag.py
[2025-03-19T05:21:22.412+0000] {processor.py:925} INFO - DAG(s) 'welcome_dag' retrieved from /opt/airflow/dags/welcome_dag.py
[2025-03-19T05:21:22.467+0000] {logging_mixin.py:190} INFO - [2025-03-19T05:21:22.467+0000] {dag.py:3239} INFO - Sync 1 DAGs
[2025-03-19T05:21:22.526+0000] {logging_mixin.py:190} INFO - [2025-03-19T05:21:22.526+0000] {dag.py:4180} INFO - Setting next_dagrun for welcome_dag to 2025-03-18 23:00:00+00:00, run_after=2025-03-19 23:00:00+00:00
[2025-03-19T05:21:22.622+0000] {processor.py:208} INFO - Processing /opt/airflow/dags/welcome_dag.py took 0.277 seconds
[2025-03-19T05:21:53.090+0000] {processor.py:186} INFO - Started process (PID=404) to work on /opt/airflow/dags/welcome_dag.py
[2025-03-19T05:21:53.092+0000] {processor.py:914} INFO - Processing file /opt/airflow/dags/welcome_dag.py for tasks to queue
[2025-03-19T05:21:53.094+0000] {logging_mixin.py:190} INFO - [2025-03-19T05:21:53.093+0000] {dagbag.py:588} INFO - Filling up the DagBag from /opt/airflow/dags/welcome_dag.py
[2025-03-19T05:21:53.166+0000] {processor.py:925} INFO - DAG(s) 'welcome_dag' retrieved from /opt/airflow/dags/welcome_dag.py
[2025-03-19T05:21:53.228+0000] {logging_mixin.py:190} INFO - [2025-03-19T05:21:53.228+0000] {dag.py:3239} INFO - Sync 1 DAGs
[2025-03-19T05:21:53.270+0000] {logging_mixin.py:190} INFO - [2025-03-19T05:21:53.269+0000] {dag.py:4180} INFO - Setting next_dagrun for welcome_dag to 2025-03-18 23:00:00+00:00, run_after=2025-03-19 23:00:00+00:00
[2025-03-19T05:21:53.359+0000] {processor.py:208} INFO - Processing /opt/airflow/dags/welcome_dag.py took 0.276 seconds
[2025-03-19T05:22:45.962+0000] {processor.py:186} INFO - Started process (PID=105) to work on /opt/airflow/dags/welcome_dag.py
[2025-03-19T05:22:45.965+0000] {processor.py:914} INFO - Processing file /opt/airflow/dags/welcome_dag.py for tasks to queue
[2025-03-19T05:22:45.972+0000] {logging_mixin.py:190} INFO - [2025-03-19T05:22:45.971+0000] {dagbag.py:588} INFO - Filling up the DagBag from /opt/airflow/dags/welcome_dag.py
[2025-03-19T05:22:46.040+0000] {processor.py:925} INFO - DAG(s) 'welcome_dag' retrieved from /opt/airflow/dags/welcome_dag.py
[2025-03-19T05:22:46.117+0000] {logging_mixin.py:190} INFO - [2025-03-19T05:22:46.117+0000] {dag.py:3239} INFO - Sync 1 DAGs
[2025-03-19T05:22:46.178+0000] {logging_mixin.py:190} INFO - [2025-03-19T05:22:46.177+0000] {dag.py:4180} INFO - Setting next_dagrun for welcome_dag to 2025-03-18 23:00:00+00:00, run_after=2025-03-19 23:00:00+00:00
[2025-03-19T05:22:46.287+0000] {processor.py:208} INFO - Processing /opt/airflow/dags/welcome_dag.py took 0.336 seconds
[2025-03-19T05:23:17.373+0000] {processor.py:186} INFO - Started process (PID=119) to work on /opt/airflow/dags/welcome_dag.py
[2025-03-19T05:23:17.374+0000] {processor.py:914} INFO - Processing file /opt/airflow/dags/welcome_dag.py for tasks to queue
[2025-03-19T05:23:17.376+0000] {logging_mixin.py:190} INFO - [2025-03-19T05:23:17.376+0000] {dagbag.py:588} INFO - Filling up the DagBag from /opt/airflow/dags/welcome_dag.py
[2025-03-19T05:23:17.400+0000] {processor.py:925} INFO - DAG(s) 'welcome_dag' retrieved from /opt/airflow/dags/welcome_dag.py
[2025-03-19T05:23:17.456+0000] {logging_mixin.py:190} INFO - [2025-03-19T05:23:17.456+0000] {dag.py:3239} INFO - Sync 1 DAGs
[2025-03-19T05:23:17.496+0000] {logging_mixin.py:190} INFO - [2025-03-19T05:23:17.496+0000] {dag.py:4180} INFO - Setting next_dagrun for welcome_dag to 2025-03-18 23:00:00+00:00, run_after=2025-03-19 23:00:00+00:00
[2025-03-19T05:23:17.590+0000] {processor.py:208} INFO - Processing /opt/airflow/dags/welcome_dag.py took 0.223 seconds
[2025-03-19T05:23:48.850+0000] {processor.py:186} INFO - Started process (PID=123) to work on /opt/airflow/dags/welcome_dag.py
[2025-03-19T05:23:48.853+0000] {processor.py:914} INFO - Processing file /opt/airflow/dags/welcome_dag.py for tasks to queue
[2025-03-19T05:23:48.857+0000] {logging_mixin.py:190} INFO - [2025-03-19T05:23:48.856+0000] {dagbag.py:588} INFO - Filling up the DagBag from /opt/airflow/dags/welcome_dag.py
[2025-03-19T05:23:48.912+0000] {processor.py:925} INFO - DAG(s) 'welcome_dag' retrieved from /opt/airflow/dags/welcome_dag.py
[2025-03-19T05:23:48.964+0000] {logging_mixin.py:190} INFO - [2025-03-19T05:23:48.963+0000] {dag.py:3239} INFO - Sync 1 DAGs
[2025-03-19T05:23:49.004+0000] {logging_mixin.py:190} INFO - [2025-03-19T05:23:49.004+0000] {dag.py:4180} INFO - Setting next_dagrun for welcome_dag to 2025-03-18 23:00:00+00:00, run_after=2025-03-19 23:00:00+00:00
[2025-03-19T05:23:49.148+0000] {processor.py:208} INFO - Processing /opt/airflow/dags/welcome_dag.py took 0.305 seconds
