[2025-03-17T23:26:10.641+0000] {local_task_job_runner.py:123} INFO - ::group::Pre task execution logs
[2025-03-17T23:26:10.684+0000] {taskinstance.py:2614} INFO - Dependencies all met for dep_context=non-requeueable deps ti=<TaskInstance: welcome_dag.print_random_quote scheduled__2025-03-16T23:00:00+00:00 [queued]>
[2025-03-17T23:26:10.711+0000] {taskinstance.py:2614} INFO - Dependencies all met for dep_context=requeueable deps ti=<TaskInstance: welcome_dag.print_random_quote scheduled__2025-03-16T23:00:00+00:00 [queued]>
[2025-03-17T23:26:10.718+0000] {taskinstance.py:2867} INFO - Starting attempt 1 of 1
[2025-03-17T23:26:10.770+0000] {taskinstance.py:2890} INFO - Executing <Task(PythonOperator): print_random_quote> on 2025-03-16 23:00:00+00:00
[2025-03-17T23:26:10.784+0000] {standard_task_runner.py:104} INFO - Running: ['airflow', 'tasks', 'run', 'welcome_dag', 'print_random_quote', 'scheduled__2025-03-16T23:00:00+00:00', '--job-id', '75', '--raw', '--subdir', 'DAGS_FOLDER/welcome_dag.py', '--cfg-path', '/tmp/tmpqmwgymj4']
[2025-03-17T23:26:10.789+0000] {standard_task_runner.py:105} INFO - Job 75: Subtask print_random_quote
[2025-03-17T23:26:10.792+0000] {logging_mixin.py:190} WARNING - /home/airflow/.local/lib/python3.12/site-packages/airflow/task/task_runner/standard_task_runner.py:70 DeprecationWarning: This process (pid=219) is multi-threaded, use of fork() may lead to deadlocks in the child.
[2025-03-17T23:26:10.793+0000] {standard_task_runner.py:72} INFO - Started process 237 to run task
[2025-03-17T23:26:10.929+0000] {task_command.py:467} INFO - Running <TaskInstance: welcome_dag.print_random_quote scheduled__2025-03-16T23:00:00+00:00 [running]> on host a1ee847e4375
[2025-03-17T23:26:11.129+0000] {taskinstance.py:3134} INFO - Exporting env vars: AIRFLOW_CTX_DAG_OWNER='airflow' AIRFLOW_CTX_DAG_ID='welcome_dag' AIRFLOW_CTX_TASK_ID='print_random_quote' AIRFLOW_CTX_EXECUTION_DATE='2025-03-16T23:00:00+00:00' AIRFLOW_CTX_TRY_NUMBER='1' AIRFLOW_CTX_DAG_RUN_ID='scheduled__2025-03-16T23:00:00+00:00'
[2025-03-17T23:26:11.132+0000] {taskinstance.py:732} INFO - ::endgroup::
[2025-03-17T23:26:11.427+0000] {logging_mixin.py:190} WARNING - /home/airflow/.local/lib/python3.12/site-packages/urllib3/connectionpool.py:1097 InsecureRequestWarning: Unverified HTTPS request is being made to host 'api.quotable.io'. Adding certificate verification is strongly advised. See: https://urllib3.readthedocs.io/en/latest/advanced-usage.html#tls-warnings
[2025-03-17T23:26:11.475+0000] {logging_mixin.py:190} INFO - Quote of the day: "I have always thought the actions of men the best interpreters of their thoughts."
[2025-03-17T23:26:11.478+0000] {python.py:240} INFO - Done. Returned value was: None
[2025-03-17T23:26:11.506+0000] {taskinstance.py:341} INFO - ::group::Post task execution logs
[2025-03-17T23:26:11.507+0000] {taskinstance.py:353} INFO - Marking task as SUCCESS. dag_id=welcome_dag, task_id=print_random_quote, run_id=scheduled__2025-03-16T23:00:00+00:00, execution_date=20250316T230000, start_date=20250317T232610, end_date=20250317T232611
[2025-03-17T23:26:11.695+0000] {local_task_job_runner.py:266} INFO - Task exited with return code 0
[2025-03-17T23:26:11.732+0000] {taskinstance.py:3901} INFO - 0 downstream tasks scheduled from follow-on schedule check
[2025-03-17T23:26:11.737+0000] {local_task_job_runner.py:245} INFO - ::endgroup::
