[2025-03-24T02:54:07.111+0000] {processor.py:186} INFO - Started process (PID=373) to work on /opt/airflow/dags/1.tasks.py
[2025-03-24T02:54:07.113+0000] {processor.py:914} INFO - Processing file /opt/airflow/dags/1.tasks.py for tasks to queue
[2025-03-24T02:54:07.115+0000] {logging_mixin.py:190} INFO - [2025-03-24T02:54:07.115+0000] {dagbag.py:588} INFO - Filling up the DagBag from /opt/airflow/dags/1.tasks.py
[2025-03-24T02:54:07.215+0000] {processor.py:925} INFO - DAG(s) 'tasks_demo' retrieved from /opt/airflow/dags/1.tasks.py
[2025-03-24T02:54:07.561+0000] {logging_mixin.py:190} INFO - [2025-03-24T02:54:07.560+0000] {dag.py:3239} INFO - Sync 1 DAGs
[2025-03-24T02:54:07.621+0000] {logging_mixin.py:190} INFO - [2025-03-24T02:54:07.621+0000] {dag.py:4180} INFO - Setting next_dagrun for tasks_demo to 2025-03-23 23:00:00+00:00, run_after=2025-03-24 23:00:00+00:00
[2025-03-24T02:54:07.829+0000] {processor.py:208} INFO - Processing /opt/airflow/dags/1.tasks.py took 0.728 seconds
[2025-03-24T02:54:38.660+0000] {processor.py:186} INFO - Started process (PID=377) to work on /opt/airflow/dags/1.tasks.py
[2025-03-24T02:54:38.662+0000] {processor.py:914} INFO - Processing file /opt/airflow/dags/1.tasks.py for tasks to queue
[2025-03-24T02:54:38.665+0000] {logging_mixin.py:190} INFO - [2025-03-24T02:54:38.664+0000] {dagbag.py:588} INFO - Filling up the DagBag from /opt/airflow/dags/1.tasks.py
[2025-03-24T02:54:38.718+0000] {processor.py:925} INFO - DAG(s) 'tasks_demo' retrieved from /opt/airflow/dags/1.tasks.py
[2025-03-24T02:54:38.780+0000] {logging_mixin.py:190} INFO - [2025-03-24T02:54:38.779+0000] {dag.py:3239} INFO - Sync 1 DAGs
[2025-03-24T02:54:38.839+0000] {logging_mixin.py:190} INFO - [2025-03-24T02:54:38.839+0000] {dag.py:4180} INFO - Setting next_dagrun for tasks_demo to 2025-03-23 23:00:00+00:00, run_after=2025-03-24 23:00:00+00:00
[2025-03-24T02:54:39.013+0000] {processor.py:208} INFO - Processing /opt/airflow/dags/1.tasks.py took 0.364 seconds
[2025-03-24T02:55:09.553+0000] {processor.py:186} INFO - Started process (PID=381) to work on /opt/airflow/dags/1.tasks.py
[2025-03-24T02:55:09.555+0000] {processor.py:914} INFO - Processing file /opt/airflow/dags/1.tasks.py for tasks to queue
[2025-03-24T02:55:09.558+0000] {logging_mixin.py:190} INFO - [2025-03-24T02:55:09.557+0000] {dagbag.py:588} INFO - Filling up the DagBag from /opt/airflow/dags/1.tasks.py
[2025-03-24T02:55:09.601+0000] {processor.py:925} INFO - DAG(s) 'tasks_demo' retrieved from /opt/airflow/dags/1.tasks.py
[2025-03-24T02:55:09.687+0000] {logging_mixin.py:190} INFO - [2025-03-24T02:55:09.686+0000] {dag.py:3239} INFO - Sync 1 DAGs
[2025-03-24T02:55:09.765+0000] {logging_mixin.py:190} INFO - [2025-03-24T02:55:09.765+0000] {dag.py:4180} INFO - Setting next_dagrun for tasks_demo to 2025-03-23 23:00:00+00:00, run_after=2025-03-24 23:00:00+00:00
[2025-03-24T02:55:09.937+0000] {processor.py:208} INFO - Processing /opt/airflow/dags/1.tasks.py took 0.399 seconds
[2025-03-24T02:55:40.542+0000] {processor.py:186} INFO - Started process (PID=385) to work on /opt/airflow/dags/1.tasks.py
[2025-03-24T02:55:40.544+0000] {processor.py:914} INFO - Processing file /opt/airflow/dags/1.tasks.py for tasks to queue
[2025-03-24T02:55:40.547+0000] {logging_mixin.py:190} INFO - [2025-03-24T02:55:40.546+0000] {dagbag.py:588} INFO - Filling up the DagBag from /opt/airflow/dags/1.tasks.py
[2025-03-24T02:55:40.595+0000] {processor.py:925} INFO - DAG(s) 'tasks_demo' retrieved from /opt/airflow/dags/1.tasks.py
[2025-03-24T02:55:40.666+0000] {logging_mixin.py:190} INFO - [2025-03-24T02:55:40.665+0000] {dag.py:3239} INFO - Sync 1 DAGs
[2025-03-24T02:55:40.733+0000] {logging_mixin.py:190} INFO - [2025-03-24T02:55:40.733+0000] {dag.py:4180} INFO - Setting next_dagrun for tasks_demo to 2025-03-23 23:00:00+00:00, run_after=2025-03-24 23:00:00+00:00
[2025-03-24T02:55:40.817+0000] {processor.py:208} INFO - Processing /opt/airflow/dags/1.tasks.py took 0.284 seconds
[2025-03-24T02:56:12.368+0000] {processor.py:186} INFO - Started process (PID=389) to work on /opt/airflow/dags/1.tasks.py
[2025-03-24T02:56:12.370+0000] {processor.py:914} INFO - Processing file /opt/airflow/dags/1.tasks.py for tasks to queue
[2025-03-24T02:56:12.374+0000] {logging_mixin.py:190} INFO - [2025-03-24T02:56:12.374+0000] {dagbag.py:588} INFO - Filling up the DagBag from /opt/airflow/dags/1.tasks.py
[2025-03-24T02:56:12.417+0000] {processor.py:925} INFO - DAG(s) 'tasks_demo' retrieved from /opt/airflow/dags/1.tasks.py
[2025-03-24T02:56:12.475+0000] {logging_mixin.py:190} INFO - [2025-03-24T02:56:12.475+0000] {dag.py:3239} INFO - Sync 1 DAGs
[2025-03-24T02:56:12.548+0000] {logging_mixin.py:190} INFO - [2025-03-24T02:56:12.547+0000] {dag.py:4180} INFO - Setting next_dagrun for tasks_demo to 2025-03-23 23:00:00+00:00, run_after=2025-03-24 23:00:00+00:00
[2025-03-24T02:56:12.683+0000] {processor.py:208} INFO - Processing /opt/airflow/dags/1.tasks.py took 0.327 seconds
[2025-03-24T02:56:44.104+0000] {processor.py:186} INFO - Started process (PID=393) to work on /opt/airflow/dags/1.tasks.py
[2025-03-24T02:56:44.107+0000] {processor.py:914} INFO - Processing file /opt/airflow/dags/1.tasks.py for tasks to queue
[2025-03-24T02:56:44.111+0000] {logging_mixin.py:190} INFO - [2025-03-24T02:56:44.110+0000] {dagbag.py:588} INFO - Filling up the DagBag from /opt/airflow/dags/1.tasks.py
[2025-03-24T02:56:44.163+0000] {processor.py:925} INFO - DAG(s) 'tasks_demo' retrieved from /opt/airflow/dags/1.tasks.py
[2025-03-24T02:56:44.215+0000] {logging_mixin.py:190} INFO - [2025-03-24T02:56:44.212+0000] {dag.py:3239} INFO - Sync 1 DAGs
[2025-03-24T02:56:44.276+0000] {logging_mixin.py:190} INFO - [2025-03-24T02:56:44.276+0000] {dag.py:4180} INFO - Setting next_dagrun for tasks_demo to 2025-03-23 23:00:00+00:00, run_after=2025-03-24 23:00:00+00:00
[2025-03-24T02:56:44.402+0000] {processor.py:208} INFO - Processing /opt/airflow/dags/1.tasks.py took 0.310 seconds
[2025-03-24T02:57:14.821+0000] {processor.py:186} INFO - Started process (PID=397) to work on /opt/airflow/dags/1.tasks.py
[2025-03-24T02:57:14.823+0000] {processor.py:914} INFO - Processing file /opt/airflow/dags/1.tasks.py for tasks to queue
[2025-03-24T02:57:14.826+0000] {logging_mixin.py:190} INFO - [2025-03-24T02:57:14.825+0000] {dagbag.py:588} INFO - Filling up the DagBag from /opt/airflow/dags/1.tasks.py
[2025-03-24T02:57:14.866+0000] {processor.py:925} INFO - DAG(s) 'tasks_demo' retrieved from /opt/airflow/dags/1.tasks.py
[2025-03-24T02:57:14.912+0000] {logging_mixin.py:190} INFO - [2025-03-24T02:57:14.912+0000] {dag.py:3239} INFO - Sync 1 DAGs
[2025-03-24T02:57:14.957+0000] {logging_mixin.py:190} INFO - [2025-03-24T02:57:14.957+0000] {dag.py:4180} INFO - Setting next_dagrun for tasks_demo to 2025-03-23 23:00:00+00:00, run_after=2025-03-24 23:00:00+00:00
[2025-03-24T02:57:15.063+0000] {processor.py:208} INFO - Processing /opt/airflow/dags/1.tasks.py took 0.252 seconds
[2025-03-24T02:57:46.424+0000] {processor.py:186} INFO - Started process (PID=401) to work on /opt/airflow/dags/1.tasks.py
[2025-03-24T02:57:46.426+0000] {processor.py:914} INFO - Processing file /opt/airflow/dags/1.tasks.py for tasks to queue
[2025-03-24T02:57:46.431+0000] {logging_mixin.py:190} INFO - [2025-03-24T02:57:46.430+0000] {dagbag.py:588} INFO - Filling up the DagBag from /opt/airflow/dags/1.tasks.py
[2025-03-24T02:57:46.504+0000] {processor.py:925} INFO - DAG(s) 'tasks_demo' retrieved from /opt/airflow/dags/1.tasks.py
[2025-03-24T02:57:46.592+0000] {logging_mixin.py:190} INFO - [2025-03-24T02:57:46.591+0000] {dag.py:3239} INFO - Sync 1 DAGs
[2025-03-24T02:57:46.671+0000] {logging_mixin.py:190} INFO - [2025-03-24T02:57:46.670+0000] {dag.py:4180} INFO - Setting next_dagrun for tasks_demo to 2025-03-23 23:00:00+00:00, run_after=2025-03-24 23:00:00+00:00
[2025-03-24T02:57:46.885+0000] {processor.py:208} INFO - Processing /opt/airflow/dags/1.tasks.py took 0.474 seconds
[2025-03-24T02:58:18.208+0000] {processor.py:186} INFO - Started process (PID=405) to work on /opt/airflow/dags/1.tasks.py
[2025-03-24T02:58:18.210+0000] {processor.py:914} INFO - Processing file /opt/airflow/dags/1.tasks.py for tasks to queue
[2025-03-24T02:58:18.213+0000] {logging_mixin.py:190} INFO - [2025-03-24T02:58:18.212+0000] {dagbag.py:588} INFO - Filling up the DagBag from /opt/airflow/dags/1.tasks.py
[2025-03-24T02:58:18.265+0000] {processor.py:925} INFO - DAG(s) 'tasks_demo' retrieved from /opt/airflow/dags/1.tasks.py
[2025-03-24T02:58:18.318+0000] {logging_mixin.py:190} INFO - [2025-03-24T02:58:18.318+0000] {dag.py:3239} INFO - Sync 1 DAGs
[2025-03-24T02:58:18.372+0000] {logging_mixin.py:190} INFO - [2025-03-24T02:58:18.372+0000] {dag.py:4180} INFO - Setting next_dagrun for tasks_demo to 2025-03-23 23:00:00+00:00, run_after=2025-03-24 23:00:00+00:00
[2025-03-24T02:58:18.492+0000] {processor.py:208} INFO - Processing /opt/airflow/dags/1.tasks.py took 0.296 seconds
[2025-03-24T02:58:49.403+0000] {processor.py:186} INFO - Started process (PID=409) to work on /opt/airflow/dags/1.tasks.py
[2025-03-24T02:58:49.405+0000] {processor.py:914} INFO - Processing file /opt/airflow/dags/1.tasks.py for tasks to queue
[2025-03-24T02:58:49.408+0000] {logging_mixin.py:190} INFO - [2025-03-24T02:58:49.408+0000] {dagbag.py:588} INFO - Filling up the DagBag from /opt/airflow/dags/1.tasks.py
[2025-03-24T02:58:49.473+0000] {processor.py:925} INFO - DAG(s) 'tasks_demo' retrieved from /opt/airflow/dags/1.tasks.py
[2025-03-24T02:58:49.531+0000] {logging_mixin.py:190} INFO - [2025-03-24T02:58:49.530+0000] {dag.py:3239} INFO - Sync 1 DAGs
[2025-03-24T02:58:49.577+0000] {logging_mixin.py:190} INFO - [2025-03-24T02:58:49.577+0000] {dag.py:4180} INFO - Setting next_dagrun for tasks_demo to 2025-03-23 23:00:00+00:00, run_after=2025-03-24 23:00:00+00:00
[2025-03-24T02:58:49.764+0000] {processor.py:208} INFO - Processing /opt/airflow/dags/1.tasks.py took 0.371 seconds
[2025-03-24T02:59:20.236+0000] {processor.py:186} INFO - Started process (PID=418) to work on /opt/airflow/dags/1.tasks.py
[2025-03-24T02:59:20.238+0000] {processor.py:914} INFO - Processing file /opt/airflow/dags/1.tasks.py for tasks to queue
[2025-03-24T02:59:20.240+0000] {logging_mixin.py:190} INFO - [2025-03-24T02:59:20.239+0000] {dagbag.py:588} INFO - Filling up the DagBag from /opt/airflow/dags/1.tasks.py
[2025-03-24T02:59:20.293+0000] {processor.py:925} INFO - DAG(s) 'tasks_demo' retrieved from /opt/airflow/dags/1.tasks.py
[2025-03-24T02:59:20.342+0000] {logging_mixin.py:190} INFO - [2025-03-24T02:59:20.342+0000] {dag.py:3239} INFO - Sync 1 DAGs
[2025-03-24T02:59:20.394+0000] {logging_mixin.py:190} INFO - [2025-03-24T02:59:20.393+0000] {dag.py:4180} INFO - Setting next_dagrun for tasks_demo to 2025-03-23 23:00:00+00:00, run_after=2025-03-24 23:00:00+00:00
[2025-03-24T02:59:20.519+0000] {processor.py:208} INFO - Processing /opt/airflow/dags/1.tasks.py took 0.290 seconds
[2025-03-24T02:59:51.870+0000] {processor.py:186} INFO - Started process (PID=427) to work on /opt/airflow/dags/1.tasks.py
[2025-03-24T02:59:51.872+0000] {processor.py:914} INFO - Processing file /opt/airflow/dags/1.tasks.py for tasks to queue
[2025-03-24T02:59:51.874+0000] {logging_mixin.py:190} INFO - [2025-03-24T02:59:51.873+0000] {dagbag.py:588} INFO - Filling up the DagBag from /opt/airflow/dags/1.tasks.py
[2025-03-24T02:59:51.935+0000] {processor.py:925} INFO - DAG(s) 'tasks_demo' retrieved from /opt/airflow/dags/1.tasks.py
[2025-03-24T02:59:52.018+0000] {logging_mixin.py:190} INFO - [2025-03-24T02:59:52.017+0000] {dag.py:3239} INFO - Sync 1 DAGs
[2025-03-24T02:59:52.065+0000] {logging_mixin.py:190} INFO - [2025-03-24T02:59:52.065+0000] {dag.py:4180} INFO - Setting next_dagrun for tasks_demo to 2025-03-23 23:00:00+00:00, run_after=2025-03-24 23:00:00+00:00
[2025-03-24T02:59:52.151+0000] {processor.py:208} INFO - Processing /opt/airflow/dags/1.tasks.py took 0.289 seconds
[2025-03-24T03:00:22.415+0000] {processor.py:186} INFO - Started process (PID=436) to work on /opt/airflow/dags/1.tasks.py
[2025-03-24T03:00:22.417+0000] {processor.py:914} INFO - Processing file /opt/airflow/dags/1.tasks.py for tasks to queue
[2025-03-24T03:00:22.419+0000] {logging_mixin.py:190} INFO - [2025-03-24T03:00:22.418+0000] {dagbag.py:588} INFO - Filling up the DagBag from /opt/airflow/dags/1.tasks.py
[2025-03-24T03:00:22.458+0000] {processor.py:925} INFO - DAG(s) 'tasks_demo' retrieved from /opt/airflow/dags/1.tasks.py
[2025-03-24T03:00:22.500+0000] {logging_mixin.py:190} INFO - [2025-03-24T03:00:22.499+0000] {dag.py:3239} INFO - Sync 1 DAGs
[2025-03-24T03:00:22.541+0000] {logging_mixin.py:190} INFO - [2025-03-24T03:00:22.540+0000] {dag.py:4180} INFO - Setting next_dagrun for tasks_demo to 2025-03-23 23:00:00+00:00, run_after=2025-03-24 23:00:00+00:00
[2025-03-24T03:00:22.625+0000] {processor.py:208} INFO - Processing /opt/airflow/dags/1.tasks.py took 0.219 seconds
[2025-03-24T03:00:53.046+0000] {processor.py:186} INFO - Started process (PID=445) to work on /opt/airflow/dags/1.tasks.py
[2025-03-24T03:00:53.048+0000] {processor.py:914} INFO - Processing file /opt/airflow/dags/1.tasks.py for tasks to queue
[2025-03-24T03:00:53.049+0000] {logging_mixin.py:190} INFO - [2025-03-24T03:00:53.049+0000] {dagbag.py:588} INFO - Filling up the DagBag from /opt/airflow/dags/1.tasks.py
[2025-03-24T03:00:53.134+0000] {processor.py:925} INFO - DAG(s) 'tasks_demo' retrieved from /opt/airflow/dags/1.tasks.py
[2025-03-24T03:00:53.192+0000] {logging_mixin.py:190} INFO - [2025-03-24T03:00:53.191+0000] {dag.py:3239} INFO - Sync 1 DAGs
[2025-03-24T03:00:53.250+0000] {logging_mixin.py:190} INFO - [2025-03-24T03:00:53.250+0000] {dag.py:4180} INFO - Setting next_dagrun for tasks_demo to 2025-03-23 23:00:00+00:00, run_after=2025-03-24 23:00:00+00:00
[2025-03-24T03:00:53.338+0000] {processor.py:208} INFO - Processing /opt/airflow/dags/1.tasks.py took 0.300 seconds
[2025-03-24T03:03:49.073+0000] {processor.py:186} INFO - Started process (PID=454) to work on /opt/airflow/dags/1.tasks.py
[2025-03-24T03:03:49.075+0000] {processor.py:914} INFO - Processing file /opt/airflow/dags/1.tasks.py for tasks to queue
[2025-03-24T03:03:49.077+0000] {logging_mixin.py:190} INFO - [2025-03-24T03:03:49.077+0000] {dagbag.py:588} INFO - Filling up the DagBag from /opt/airflow/dags/1.tasks.py
[2025-03-24T03:03:49.114+0000] {processor.py:925} INFO - DAG(s) 'tasks_demo' retrieved from /opt/airflow/dags/1.tasks.py
[2025-03-24T03:03:49.160+0000] {logging_mixin.py:190} INFO - [2025-03-24T03:03:49.159+0000] {dag.py:3239} INFO - Sync 1 DAGs
[2025-03-24T03:03:49.212+0000] {logging_mixin.py:190} INFO - [2025-03-24T03:03:49.211+0000] {dag.py:4180} INFO - Setting next_dagrun for tasks_demo to 2025-03-23 23:00:00+00:00, run_after=2025-03-24 23:00:00+00:00
[2025-03-24T03:03:49.316+0000] {processor.py:208} INFO - Processing /opt/airflow/dags/1.tasks.py took 0.252 seconds
[2025-03-24T03:04:21.235+0000] {processor.py:186} INFO - Started process (PID=463) to work on /opt/airflow/dags/1.tasks.py
[2025-03-24T03:04:21.237+0000] {processor.py:914} INFO - Processing file /opt/airflow/dags/1.tasks.py for tasks to queue
[2025-03-24T03:04:21.239+0000] {logging_mixin.py:190} INFO - [2025-03-24T03:04:21.238+0000] {dagbag.py:588} INFO - Filling up the DagBag from /opt/airflow/dags/1.tasks.py
[2025-03-24T03:04:21.277+0000] {processor.py:925} INFO - DAG(s) 'tasks_demo' retrieved from /opt/airflow/dags/1.tasks.py
[2025-03-24T03:04:21.319+0000] {logging_mixin.py:190} INFO - [2025-03-24T03:04:21.319+0000] {dag.py:3239} INFO - Sync 1 DAGs
[2025-03-24T03:04:21.364+0000] {logging_mixin.py:190} INFO - [2025-03-24T03:04:21.364+0000] {dag.py:4180} INFO - Setting next_dagrun for tasks_demo to 2025-03-23 23:00:00+00:00, run_after=2025-03-24 23:00:00+00:00
[2025-03-24T03:04:21.455+0000] {processor.py:208} INFO - Processing /opt/airflow/dags/1.tasks.py took 0.233 seconds
[2025-03-24T03:04:53.263+0000] {processor.py:186} INFO - Started process (PID=472) to work on /opt/airflow/dags/1.tasks.py
[2025-03-24T03:04:53.265+0000] {processor.py:914} INFO - Processing file /opt/airflow/dags/1.tasks.py for tasks to queue
[2025-03-24T03:04:53.267+0000] {logging_mixin.py:190} INFO - [2025-03-24T03:04:53.267+0000] {dagbag.py:588} INFO - Filling up the DagBag from /opt/airflow/dags/1.tasks.py
[2025-03-24T03:04:53.306+0000] {processor.py:925} INFO - DAG(s) 'tasks_demo' retrieved from /opt/airflow/dags/1.tasks.py
[2025-03-24T03:04:53.367+0000] {logging_mixin.py:190} INFO - [2025-03-24T03:04:53.367+0000] {dag.py:3239} INFO - Sync 1 DAGs
[2025-03-24T03:04:53.428+0000] {logging_mixin.py:190} INFO - [2025-03-24T03:04:53.428+0000] {dag.py:4180} INFO - Setting next_dagrun for tasks_demo to 2025-03-23 23:00:00+00:00, run_after=2025-03-24 23:00:00+00:00
[2025-03-24T03:04:53.561+0000] {processor.py:208} INFO - Processing /opt/airflow/dags/1.tasks.py took 0.306 seconds
[2025-03-24T03:05:25.583+0000] {processor.py:186} INFO - Started process (PID=481) to work on /opt/airflow/dags/1.tasks.py
[2025-03-24T03:05:25.597+0000] {processor.py:914} INFO - Processing file /opt/airflow/dags/1.tasks.py for tasks to queue
[2025-03-24T03:05:25.609+0000] {logging_mixin.py:190} INFO - [2025-03-24T03:05:25.608+0000] {dagbag.py:588} INFO - Filling up the DagBag from /opt/airflow/dags/1.tasks.py
[2025-03-24T03:05:25.681+0000] {processor.py:925} INFO - DAG(s) 'tasks_demo' retrieved from /opt/airflow/dags/1.tasks.py
[2025-03-24T03:05:25.746+0000] {logging_mixin.py:190} INFO - [2025-03-24T03:05:25.745+0000] {dag.py:3239} INFO - Sync 1 DAGs
[2025-03-24T03:05:25.850+0000] {logging_mixin.py:190} INFO - [2025-03-24T03:05:25.850+0000] {dag.py:4180} INFO - Setting next_dagrun for tasks_demo to 2025-03-23 23:00:00+00:00, run_after=2025-03-24 23:00:00+00:00
[2025-03-24T03:05:25.969+0000] {processor.py:208} INFO - Processing /opt/airflow/dags/1.tasks.py took 0.404 seconds
[2025-03-24T03:05:58.256+0000] {processor.py:186} INFO - Started process (PID=492) to work on /opt/airflow/dags/1.tasks.py
[2025-03-24T03:05:58.259+0000] {processor.py:914} INFO - Processing file /opt/airflow/dags/1.tasks.py for tasks to queue
[2025-03-24T03:05:58.263+0000] {logging_mixin.py:190} INFO - [2025-03-24T03:05:58.262+0000] {dagbag.py:588} INFO - Filling up the DagBag from /opt/airflow/dags/1.tasks.py
[2025-03-24T03:05:58.331+0000] {processor.py:925} INFO - DAG(s) 'tasks_demo' retrieved from /opt/airflow/dags/1.tasks.py
[2025-03-24T03:05:58.396+0000] {logging_mixin.py:190} INFO - [2025-03-24T03:05:58.395+0000] {dag.py:3239} INFO - Sync 1 DAGs
[2025-03-24T03:05:58.463+0000] {logging_mixin.py:190} INFO - [2025-03-24T03:05:58.462+0000] {dag.py:4180} INFO - Setting next_dagrun for tasks_demo to 2025-03-23 23:00:00+00:00, run_after=2025-03-24 23:00:00+00:00
[2025-03-24T03:05:58.624+0000] {processor.py:208} INFO - Processing /opt/airflow/dags/1.tasks.py took 0.381 seconds
