[2025-03-24T02:39:26.673+0000] {processor.py:186} INFO - Started process (PID=155) to work on /opt/airflow/dags/1tasks.py
[2025-03-24T02:39:26.675+0000] {processor.py:914} INFO - Processing file /opt/airflow/dags/1tasks.py for tasks to queue
[2025-03-24T02:39:26.680+0000] {logging_mixin.py:190} INFO - [2025-03-24T02:39:26.679+0000] {dagbag.py:588} INFO - Filling up the DagBag from /opt/airflow/dags/1tasks.py
[2025-03-24T02:39:26.734+0000] {processor.py:925} INFO - DAG(s) 'tasks_demo' retrieved from /opt/airflow/dags/1tasks.py
[2025-03-24T02:39:27.059+0000] {logging_mixin.py:190} INFO - [2025-03-24T02:39:27.058+0000] {dag.py:3239} INFO - Sync 1 DAGs
[2025-03-24T02:39:27.114+0000] {logging_mixin.py:190} INFO - [2025-03-24T02:39:27.113+0000] {dag.py:4180} INFO - Setting next_dagrun for tasks_demo to 2025-03-23 23:00:00+00:00, run_after=2025-03-24 23:00:00+00:00
[2025-03-24T02:39:27.214+0000] {processor.py:208} INFO - Processing /opt/airflow/dags/1tasks.py took 0.549 seconds
[2025-03-24T02:39:58.511+0000] {processor.py:186} INFO - Started process (PID=167) to work on /opt/airflow/dags/1tasks.py
[2025-03-24T02:39:58.513+0000] {processor.py:914} INFO - Processing file /opt/airflow/dags/1tasks.py for tasks to queue
[2025-03-24T02:39:58.520+0000] {logging_mixin.py:190} INFO - [2025-03-24T02:39:58.519+0000] {dagbag.py:588} INFO - Filling up the DagBag from /opt/airflow/dags/1tasks.py
[2025-03-24T02:39:58.568+0000] {processor.py:925} INFO - DAG(s) 'tasks_demo' retrieved from /opt/airflow/dags/1tasks.py
[2025-03-24T02:39:58.640+0000] {logging_mixin.py:190} INFO - [2025-03-24T02:39:58.640+0000] {dag.py:3239} INFO - Sync 1 DAGs
[2025-03-24T02:39:58.691+0000] {logging_mixin.py:190} INFO - [2025-03-24T02:39:58.690+0000] {dag.py:4180} INFO - Setting next_dagrun for tasks_demo to 2025-03-23 23:00:00+00:00, run_after=2025-03-24 23:00:00+00:00
[2025-03-24T02:39:58.830+0000] {processor.py:208} INFO - Processing /opt/airflow/dags/1tasks.py took 0.328 seconds
[2025-03-24T02:40:29.027+0000] {processor.py:186} INFO - Started process (PID=175) to work on /opt/airflow/dags/1tasks.py
[2025-03-24T02:40:29.029+0000] {processor.py:914} INFO - Processing file /opt/airflow/dags/1tasks.py for tasks to queue
[2025-03-24T02:40:29.034+0000] {logging_mixin.py:190} INFO - [2025-03-24T02:40:29.033+0000] {dagbag.py:588} INFO - Filling up the DagBag from /opt/airflow/dags/1tasks.py
[2025-03-24T02:40:29.100+0000] {processor.py:925} INFO - DAG(s) 'tasks_demo' retrieved from /opt/airflow/dags/1tasks.py
[2025-03-24T02:40:29.165+0000] {logging_mixin.py:190} INFO - [2025-03-24T02:40:29.164+0000] {dag.py:3239} INFO - Sync 1 DAGs
[2025-03-24T02:40:29.216+0000] {logging_mixin.py:190} INFO - [2025-03-24T02:40:29.216+0000] {dag.py:4180} INFO - Setting next_dagrun for tasks_demo to 2025-03-23 23:00:00+00:00, run_after=2025-03-24 23:00:00+00:00
[2025-03-24T02:40:29.328+0000] {processor.py:208} INFO - Processing /opt/airflow/dags/1tasks.py took 0.311 seconds
[2025-03-24T02:41:00.560+0000] {processor.py:186} INFO - Started process (PID=183) to work on /opt/airflow/dags/1tasks.py
[2025-03-24T02:41:00.562+0000] {processor.py:914} INFO - Processing file /opt/airflow/dags/1tasks.py for tasks to queue
[2025-03-24T02:41:00.565+0000] {logging_mixin.py:190} INFO - [2025-03-24T02:41:00.564+0000] {dagbag.py:588} INFO - Filling up the DagBag from /opt/airflow/dags/1tasks.py
[2025-03-24T02:41:00.595+0000] {processor.py:925} INFO - DAG(s) 'tasks_demo' retrieved from /opt/airflow/dags/1tasks.py
[2025-03-24T02:41:00.639+0000] {logging_mixin.py:190} INFO - [2025-03-24T02:41:00.638+0000] {dag.py:3239} INFO - Sync 1 DAGs
[2025-03-24T02:41:00.675+0000] {logging_mixin.py:190} INFO - [2025-03-24T02:41:00.674+0000] {dag.py:4180} INFO - Setting next_dagrun for tasks_demo to 2025-03-23 23:00:00+00:00, run_after=2025-03-24 23:00:00+00:00
[2025-03-24T02:41:00.747+0000] {processor.py:208} INFO - Processing /opt/airflow/dags/1tasks.py took 0.195 seconds
[2025-03-24T02:41:31.672+0000] {processor.py:186} INFO - Started process (PID=191) to work on /opt/airflow/dags/1tasks.py
[2025-03-24T02:41:31.673+0000] {processor.py:914} INFO - Processing file /opt/airflow/dags/1tasks.py for tasks to queue
[2025-03-24T02:41:31.677+0000] {logging_mixin.py:190} INFO - [2025-03-24T02:41:31.676+0000] {dagbag.py:588} INFO - Filling up the DagBag from /opt/airflow/dags/1tasks.py
[2025-03-24T02:41:31.739+0000] {processor.py:925} INFO - DAG(s) 'tasks_demo' retrieved from /opt/airflow/dags/1tasks.py
[2025-03-24T02:41:31.765+0000] {logging_mixin.py:190} INFO - [2025-03-24T02:41:31.764+0000] {dag.py:3239} INFO - Sync 1 DAGs
[2025-03-24T02:41:31.848+0000] {logging_mixin.py:190} INFO - [2025-03-24T02:41:31.844+0000] {dag.py:4180} INFO - Setting next_dagrun for tasks_demo to 2025-03-23 23:00:00+00:00, run_after=2025-03-24 23:00:00+00:00
[2025-03-24T02:41:32.148+0000] {processor.py:208} INFO - Processing /opt/airflow/dags/1tasks.py took 0.481 seconds
[2025-03-24T02:42:02.525+0000] {processor.py:186} INFO - Started process (PID=199) to work on /opt/airflow/dags/1tasks.py
[2025-03-24T02:42:02.527+0000] {processor.py:914} INFO - Processing file /opt/airflow/dags/1tasks.py for tasks to queue
[2025-03-24T02:42:02.530+0000] {logging_mixin.py:190} INFO - [2025-03-24T02:42:02.530+0000] {dagbag.py:588} INFO - Filling up the DagBag from /opt/airflow/dags/1tasks.py
[2025-03-24T02:42:02.793+0000] {processor.py:925} INFO - DAG(s) 'tasks_demo' retrieved from /opt/airflow/dags/1tasks.py
[2025-03-24T02:42:03.120+0000] {logging_mixin.py:190} INFO - [2025-03-24T02:42:03.119+0000] {dag.py:3239} INFO - Sync 1 DAGs
[2025-03-24T02:42:03.172+0000] {logging_mixin.py:190} INFO - [2025-03-24T02:42:03.171+0000] {dag.py:4180} INFO - Setting next_dagrun for tasks_demo to 2025-03-23 23:00:00+00:00, run_after=2025-03-24 23:00:00+00:00
[2025-03-24T02:42:03.275+0000] {processor.py:208} INFO - Processing /opt/airflow/dags/1tasks.py took 0.757 seconds
[2025-03-24T02:42:34.088+0000] {processor.py:186} INFO - Started process (PID=207) to work on /opt/airflow/dags/1tasks.py
[2025-03-24T02:42:34.090+0000] {processor.py:914} INFO - Processing file /opt/airflow/dags/1tasks.py for tasks to queue
[2025-03-24T02:42:34.094+0000] {logging_mixin.py:190} INFO - [2025-03-24T02:42:34.093+0000] {dagbag.py:588} INFO - Filling up the DagBag from /opt/airflow/dags/1tasks.py
[2025-03-24T02:42:34.137+0000] {processor.py:925} INFO - DAG(s) 'tasks_demo' retrieved from /opt/airflow/dags/1tasks.py
[2025-03-24T02:42:34.185+0000] {logging_mixin.py:190} INFO - [2025-03-24T02:42:34.185+0000] {dag.py:3239} INFO - Sync 1 DAGs
[2025-03-24T02:42:34.231+0000] {logging_mixin.py:190} INFO - [2025-03-24T02:42:34.230+0000] {dag.py:4180} INFO - Setting next_dagrun for tasks_demo to 2025-03-23 23:00:00+00:00, run_after=2025-03-24 23:00:00+00:00
[2025-03-24T02:42:34.326+0000] {processor.py:208} INFO - Processing /opt/airflow/dags/1tasks.py took 0.255 seconds
[2025-03-24T02:43:05.034+0000] {processor.py:186} INFO - Started process (PID=215) to work on /opt/airflow/dags/1tasks.py
[2025-03-24T02:43:05.036+0000] {processor.py:914} INFO - Processing file /opt/airflow/dags/1tasks.py for tasks to queue
[2025-03-24T02:43:05.041+0000] {logging_mixin.py:190} INFO - [2025-03-24T02:43:05.040+0000] {dagbag.py:588} INFO - Filling up the DagBag from /opt/airflow/dags/1tasks.py
[2025-03-24T02:43:05.092+0000] {processor.py:925} INFO - DAG(s) 'tasks_demo' retrieved from /opt/airflow/dags/1tasks.py
[2025-03-24T02:43:05.146+0000] {logging_mixin.py:190} INFO - [2025-03-24T02:43:05.145+0000] {dag.py:3239} INFO - Sync 1 DAGs
[2025-03-24T02:43:05.214+0000] {logging_mixin.py:190} INFO - [2025-03-24T02:43:05.213+0000] {dag.py:4180} INFO - Setting next_dagrun for tasks_demo to 2025-03-23 23:00:00+00:00, run_after=2025-03-24 23:00:00+00:00
[2025-03-24T02:43:05.385+0000] {processor.py:208} INFO - Processing /opt/airflow/dags/1tasks.py took 0.367 seconds
[2025-03-24T02:43:36.139+0000] {processor.py:186} INFO - Started process (PID=223) to work on /opt/airflow/dags/1tasks.py
[2025-03-24T02:43:36.142+0000] {processor.py:914} INFO - Processing file /opt/airflow/dags/1tasks.py for tasks to queue
[2025-03-24T02:43:36.147+0000] {logging_mixin.py:190} INFO - [2025-03-24T02:43:36.146+0000] {dagbag.py:588} INFO - Filling up the DagBag from /opt/airflow/dags/1tasks.py
[2025-03-24T02:43:36.214+0000] {processor.py:925} INFO - DAG(s) 'tasks_demo' retrieved from /opt/airflow/dags/1tasks.py
[2025-03-24T02:43:36.281+0000] {logging_mixin.py:190} INFO - [2025-03-24T02:43:36.280+0000] {dag.py:3239} INFO - Sync 1 DAGs
[2025-03-24T02:43:36.339+0000] {logging_mixin.py:190} INFO - [2025-03-24T02:43:36.339+0000] {dag.py:4180} INFO - Setting next_dagrun for tasks_demo to 2025-03-23 23:00:00+00:00, run_after=2025-03-24 23:00:00+00:00
[2025-03-24T02:43:36.497+0000] {processor.py:208} INFO - Processing /opt/airflow/dags/1tasks.py took 0.370 seconds
[2025-03-24T02:44:06.909+0000] {processor.py:186} INFO - Started process (PID=231) to work on /opt/airflow/dags/1tasks.py
[2025-03-24T02:44:06.913+0000] {processor.py:914} INFO - Processing file /opt/airflow/dags/1tasks.py for tasks to queue
[2025-03-24T02:44:06.922+0000] {logging_mixin.py:190} INFO - [2025-03-24T02:44:06.922+0000] {dagbag.py:588} INFO - Filling up the DagBag from /opt/airflow/dags/1tasks.py
[2025-03-24T02:44:06.975+0000] {processor.py:925} INFO - DAG(s) 'tasks_demo' retrieved from /opt/airflow/dags/1tasks.py
[2025-03-24T02:44:07.023+0000] {logging_mixin.py:190} INFO - [2025-03-24T02:44:07.023+0000] {dag.py:3239} INFO - Sync 1 DAGs
[2025-03-24T02:44:07.066+0000] {logging_mixin.py:190} INFO - [2025-03-24T02:44:07.066+0000] {dag.py:4180} INFO - Setting next_dagrun for tasks_demo to 2025-03-23 23:00:00+00:00, run_after=2025-03-24 23:00:00+00:00
[2025-03-24T02:44:07.177+0000] {processor.py:208} INFO - Processing /opt/airflow/dags/1tasks.py took 0.282 seconds
[2025-03-24T02:44:37.718+0000] {processor.py:186} INFO - Started process (PID=239) to work on /opt/airflow/dags/1tasks.py
[2025-03-24T02:44:37.720+0000] {processor.py:914} INFO - Processing file /opt/airflow/dags/1tasks.py for tasks to queue
[2025-03-24T02:44:37.725+0000] {logging_mixin.py:190} INFO - [2025-03-24T02:44:37.724+0000] {dagbag.py:588} INFO - Filling up the DagBag from /opt/airflow/dags/1tasks.py
[2025-03-24T02:44:37.778+0000] {processor.py:925} INFO - DAG(s) 'tasks_demo' retrieved from /opt/airflow/dags/1tasks.py
[2025-03-24T02:44:37.842+0000] {logging_mixin.py:190} INFO - [2025-03-24T02:44:37.842+0000] {dag.py:3239} INFO - Sync 1 DAGs
[2025-03-24T02:44:37.916+0000] {logging_mixin.py:190} INFO - [2025-03-24T02:44:37.915+0000] {dag.py:4180} INFO - Setting next_dagrun for tasks_demo to 2025-03-23 23:00:00+00:00, run_after=2025-03-24 23:00:00+00:00
[2025-03-24T02:44:38.039+0000] {processor.py:208} INFO - Processing /opt/airflow/dags/1tasks.py took 0.332 seconds
[2025-03-24T02:45:09.757+0000] {processor.py:186} INFO - Started process (PID=247) to work on /opt/airflow/dags/1tasks.py
[2025-03-24T02:45:09.759+0000] {processor.py:914} INFO - Processing file /opt/airflow/dags/1tasks.py for tasks to queue
[2025-03-24T02:45:09.763+0000] {logging_mixin.py:190} INFO - [2025-03-24T02:45:09.762+0000] {dagbag.py:588} INFO - Filling up the DagBag from /opt/airflow/dags/1tasks.py
[2025-03-24T02:45:09.807+0000] {processor.py:925} INFO - DAG(s) 'tasks_demo' retrieved from /opt/airflow/dags/1tasks.py
[2025-03-24T02:45:09.860+0000] {logging_mixin.py:190} INFO - [2025-03-24T02:45:09.860+0000] {dag.py:3239} INFO - Sync 1 DAGs
[2025-03-24T02:45:09.923+0000] {logging_mixin.py:190} INFO - [2025-03-24T02:45:09.922+0000] {dag.py:4180} INFO - Setting next_dagrun for tasks_demo to 2025-03-23 23:00:00+00:00, run_after=2025-03-24 23:00:00+00:00
[2025-03-24T02:45:10.064+0000] {processor.py:208} INFO - Processing /opt/airflow/dags/1tasks.py took 0.320 seconds
[2025-03-24T02:45:40.930+0000] {processor.py:186} INFO - Started process (PID=255) to work on /opt/airflow/dags/1tasks.py
[2025-03-24T02:45:40.933+0000] {processor.py:914} INFO - Processing file /opt/airflow/dags/1tasks.py for tasks to queue
[2025-03-24T02:45:40.938+0000] {logging_mixin.py:190} INFO - [2025-03-24T02:45:40.937+0000] {dagbag.py:588} INFO - Filling up the DagBag from /opt/airflow/dags/1tasks.py
[2025-03-24T02:45:41.009+0000] {processor.py:925} INFO - DAG(s) 'tasks_demo' retrieved from /opt/airflow/dags/1tasks.py
[2025-03-24T02:45:41.075+0000] {logging_mixin.py:190} INFO - [2025-03-24T02:45:41.074+0000] {dag.py:3239} INFO - Sync 1 DAGs
[2025-03-24T02:45:41.134+0000] {logging_mixin.py:190} INFO - [2025-03-24T02:45:41.134+0000] {dag.py:4180} INFO - Setting next_dagrun for tasks_demo to 2025-03-23 23:00:00+00:00, run_after=2025-03-24 23:00:00+00:00
[2025-03-24T02:45:41.322+0000] {processor.py:208} INFO - Processing /opt/airflow/dags/1tasks.py took 0.401 seconds
[2025-03-24T02:46:11.748+0000] {processor.py:186} INFO - Started process (PID=263) to work on /opt/airflow/dags/1tasks.py
[2025-03-24T02:46:11.752+0000] {processor.py:914} INFO - Processing file /opt/airflow/dags/1tasks.py for tasks to queue
[2025-03-24T02:46:11.758+0000] {logging_mixin.py:190} INFO - [2025-03-24T02:46:11.757+0000] {dagbag.py:588} INFO - Filling up the DagBag from /opt/airflow/dags/1tasks.py
[2025-03-24T02:46:11.838+0000] {processor.py:925} INFO - DAG(s) 'tasks_demo' retrieved from /opt/airflow/dags/1tasks.py
[2025-03-24T02:46:11.932+0000] {logging_mixin.py:190} INFO - [2025-03-24T02:46:11.931+0000] {dag.py:3239} INFO - Sync 1 DAGs
[2025-03-24T02:46:12.012+0000] {logging_mixin.py:190} INFO - [2025-03-24T02:46:12.012+0000] {dag.py:4180} INFO - Setting next_dagrun for tasks_demo to 2025-03-23 23:00:00+00:00, run_after=2025-03-24 23:00:00+00:00
[2025-03-24T02:46:12.188+0000] {processor.py:208} INFO - Processing /opt/airflow/dags/1tasks.py took 0.450 seconds
[2025-03-24T02:46:42.931+0000] {processor.py:186} INFO - Started process (PID=271) to work on /opt/airflow/dags/1tasks.py
[2025-03-24T02:46:42.935+0000] {processor.py:914} INFO - Processing file /opt/airflow/dags/1tasks.py for tasks to queue
[2025-03-24T02:46:42.940+0000] {logging_mixin.py:190} INFO - [2025-03-24T02:46:42.940+0000] {dagbag.py:588} INFO - Filling up the DagBag from /opt/airflow/dags/1tasks.py
[2025-03-24T02:46:43.022+0000] {processor.py:925} INFO - DAG(s) 'tasks_demo' retrieved from /opt/airflow/dags/1tasks.py
[2025-03-24T02:46:43.081+0000] {logging_mixin.py:190} INFO - [2025-03-24T02:46:43.081+0000] {dag.py:3239} INFO - Sync 1 DAGs
[2025-03-24T02:46:43.156+0000] {logging_mixin.py:190} INFO - [2025-03-24T02:46:43.156+0000] {dag.py:4180} INFO - Setting next_dagrun for tasks_demo to 2025-03-23 23:00:00+00:00, run_after=2025-03-24 23:00:00+00:00
[2025-03-24T02:46:43.331+0000] {processor.py:208} INFO - Processing /opt/airflow/dags/1tasks.py took 0.411 seconds
[2025-03-24T02:47:14.385+0000] {processor.py:186} INFO - Started process (PID=279) to work on /opt/airflow/dags/1tasks.py
[2025-03-24T02:47:14.389+0000] {processor.py:914} INFO - Processing file /opt/airflow/dags/1tasks.py for tasks to queue
[2025-03-24T02:47:14.394+0000] {logging_mixin.py:190} INFO - [2025-03-24T02:47:14.393+0000] {dagbag.py:588} INFO - Filling up the DagBag from /opt/airflow/dags/1tasks.py
[2025-03-24T02:47:14.471+0000] {processor.py:925} INFO - DAG(s) 'tasks_demo' retrieved from /opt/airflow/dags/1tasks.py
[2025-03-24T02:47:14.534+0000] {logging_mixin.py:190} INFO - [2025-03-24T02:47:14.533+0000] {dag.py:3239} INFO - Sync 1 DAGs
[2025-03-24T02:47:14.597+0000] {logging_mixin.py:190} INFO - [2025-03-24T02:47:14.596+0000] {dag.py:4180} INFO - Setting next_dagrun for tasks_demo to 2025-03-23 23:00:00+00:00, run_after=2025-03-24 23:00:00+00:00
[2025-03-24T02:47:14.734+0000] {processor.py:208} INFO - Processing /opt/airflow/dags/1tasks.py took 0.366 seconds
[2025-03-24T02:47:44.997+0000] {processor.py:186} INFO - Started process (PID=287) to work on /opt/airflow/dags/1tasks.py
[2025-03-24T02:47:44.999+0000] {processor.py:914} INFO - Processing file /opt/airflow/dags/1tasks.py for tasks to queue
[2025-03-24T02:47:45.004+0000] {logging_mixin.py:190} INFO - [2025-03-24T02:47:45.004+0000] {dagbag.py:588} INFO - Filling up the DagBag from /opt/airflow/dags/1tasks.py
[2025-03-24T02:47:45.048+0000] {processor.py:925} INFO - DAG(s) 'tasks_demo' retrieved from /opt/airflow/dags/1tasks.py
[2025-03-24T02:47:45.107+0000] {logging_mixin.py:190} INFO - [2025-03-24T02:47:45.106+0000] {dag.py:3239} INFO - Sync 1 DAGs
[2025-03-24T02:47:45.178+0000] {logging_mixin.py:190} INFO - [2025-03-24T02:47:45.177+0000] {dag.py:4180} INFO - Setting next_dagrun for tasks_demo to 2025-03-23 23:00:00+00:00, run_after=2025-03-24 23:00:00+00:00
[2025-03-24T02:47:45.326+0000] {processor.py:208} INFO - Processing /opt/airflow/dags/1tasks.py took 0.338 seconds
[2025-03-24T02:48:19.229+0000] {processor.py:186} INFO - Started process (PID=296) to work on /opt/airflow/dags/1tasks.py
[2025-03-24T02:48:19.231+0000] {processor.py:914} INFO - Processing file /opt/airflow/dags/1tasks.py for tasks to queue
[2025-03-24T02:48:19.236+0000] {logging_mixin.py:190} INFO - [2025-03-24T02:48:19.235+0000] {dagbag.py:588} INFO - Filling up the DagBag from /opt/airflow/dags/1tasks.py
[2025-03-24T02:48:19.297+0000] {processor.py:925} INFO - DAG(s) 'tasks_demo' retrieved from /opt/airflow/dags/1tasks.py
[2025-03-24T02:48:19.365+0000] {logging_mixin.py:190} INFO - [2025-03-24T02:48:19.365+0000] {dag.py:3239} INFO - Sync 1 DAGs
[2025-03-24T02:48:19.451+0000] {logging_mixin.py:190} INFO - [2025-03-24T02:48:19.451+0000] {dag.py:4180} INFO - Setting next_dagrun for tasks_demo to 2025-03-23 23:00:00+00:00, run_after=2025-03-24 23:00:00+00:00
[2025-03-24T02:48:19.578+0000] {processor.py:208} INFO - Processing /opt/airflow/dags/1tasks.py took 0.359 seconds
[2025-03-24T02:48:51.333+0000] {processor.py:186} INFO - Started process (PID=303) to work on /opt/airflow/dags/1tasks.py
[2025-03-24T02:48:51.335+0000] {processor.py:914} INFO - Processing file /opt/airflow/dags/1tasks.py for tasks to queue
[2025-03-24T02:48:51.336+0000] {logging_mixin.py:190} INFO - [2025-03-24T02:48:51.336+0000] {dagbag.py:588} INFO - Filling up the DagBag from /opt/airflow/dags/1tasks.py
[2025-03-24T02:48:51.406+0000] {processor.py:925} INFO - DAG(s) 'tasks_demo' retrieved from /opt/airflow/dags/1tasks.py
[2025-03-24T02:48:51.455+0000] {logging_mixin.py:190} INFO - [2025-03-24T02:48:51.454+0000] {dag.py:3239} INFO - Sync 1 DAGs
[2025-03-24T02:48:51.503+0000] {logging_mixin.py:190} INFO - [2025-03-24T02:48:51.503+0000] {dag.py:4180} INFO - Setting next_dagrun for tasks_demo to 2025-03-23 23:00:00+00:00, run_after=2025-03-24 23:00:00+00:00
[2025-03-24T02:48:51.604+0000] {processor.py:208} INFO - Processing /opt/airflow/dags/1tasks.py took 0.280 seconds
[2025-03-24T02:49:22.404+0000] {processor.py:186} INFO - Started process (PID=310) to work on /opt/airflow/dags/1tasks.py
[2025-03-24T02:49:22.407+0000] {processor.py:914} INFO - Processing file /opt/airflow/dags/1tasks.py for tasks to queue
[2025-03-24T02:49:22.409+0000] {logging_mixin.py:190} INFO - [2025-03-24T02:49:22.409+0000] {dagbag.py:588} INFO - Filling up the DagBag from /opt/airflow/dags/1tasks.py
[2025-03-24T02:49:22.455+0000] {processor.py:925} INFO - DAG(s) 'tasks_demo' retrieved from /opt/airflow/dags/1tasks.py
[2025-03-24T02:49:22.498+0000] {logging_mixin.py:190} INFO - [2025-03-24T02:49:22.498+0000] {dag.py:3239} INFO - Sync 1 DAGs
[2025-03-24T02:49:22.545+0000] {logging_mixin.py:190} INFO - [2025-03-24T02:49:22.545+0000] {dag.py:4180} INFO - Setting next_dagrun for tasks_demo to 2025-03-23 23:00:00+00:00, run_after=2025-03-24 23:00:00+00:00
[2025-03-24T02:49:22.640+0000] {processor.py:208} INFO - Processing /opt/airflow/dags/1tasks.py took 0.252 seconds
[2025-03-24T02:49:53.034+0000] {processor.py:186} INFO - Started process (PID=317) to work on /opt/airflow/dags/1tasks.py
[2025-03-24T02:49:53.039+0000] {processor.py:914} INFO - Processing file /opt/airflow/dags/1tasks.py for tasks to queue
[2025-03-24T02:49:53.042+0000] {logging_mixin.py:190} INFO - [2025-03-24T02:49:53.041+0000] {dagbag.py:588} INFO - Filling up the DagBag from /opt/airflow/dags/1tasks.py
[2025-03-24T02:49:53.124+0000] {processor.py:925} INFO - DAG(s) 'tasks_demo' retrieved from /opt/airflow/dags/1tasks.py
[2025-03-24T02:49:53.185+0000] {logging_mixin.py:190} INFO - [2025-03-24T02:49:53.184+0000] {dag.py:3239} INFO - Sync 1 DAGs
[2025-03-24T02:49:53.243+0000] {logging_mixin.py:190} INFO - [2025-03-24T02:49:53.242+0000] {dag.py:4180} INFO - Setting next_dagrun for tasks_demo to 2025-03-23 23:00:00+00:00, run_after=2025-03-24 23:00:00+00:00
[2025-03-24T02:49:53.369+0000] {processor.py:208} INFO - Processing /opt/airflow/dags/1tasks.py took 0.347 seconds
[2025-03-24T02:50:24.118+0000] {processor.py:186} INFO - Started process (PID=324) to work on /opt/airflow/dags/1tasks.py
[2025-03-24T02:50:24.120+0000] {processor.py:914} INFO - Processing file /opt/airflow/dags/1tasks.py for tasks to queue
[2025-03-24T02:50:24.122+0000] {logging_mixin.py:190} INFO - [2025-03-24T02:50:24.122+0000] {dagbag.py:588} INFO - Filling up the DagBag from /opt/airflow/dags/1tasks.py
[2025-03-24T02:50:24.207+0000] {processor.py:925} INFO - DAG(s) 'tasks_demo' retrieved from /opt/airflow/dags/1tasks.py
[2025-03-24T02:50:24.270+0000] {logging_mixin.py:190} INFO - [2025-03-24T02:50:24.270+0000] {dag.py:3239} INFO - Sync 1 DAGs
[2025-03-24T02:50:24.322+0000] {logging_mixin.py:190} INFO - [2025-03-24T02:50:24.322+0000] {dag.py:4180} INFO - Setting next_dagrun for tasks_demo to 2025-03-23 23:00:00+00:00, run_after=2025-03-24 23:00:00+00:00
[2025-03-24T02:50:24.487+0000] {processor.py:208} INFO - Processing /opt/airflow/dags/1tasks.py took 0.384 seconds
[2025-03-24T02:50:55.378+0000] {processor.py:186} INFO - Started process (PID=331) to work on /opt/airflow/dags/1tasks.py
[2025-03-24T02:50:55.380+0000] {processor.py:914} INFO - Processing file /opt/airflow/dags/1tasks.py for tasks to queue
[2025-03-24T02:50:55.382+0000] {logging_mixin.py:190} INFO - [2025-03-24T02:50:55.381+0000] {dagbag.py:588} INFO - Filling up the DagBag from /opt/airflow/dags/1tasks.py
[2025-03-24T02:50:55.430+0000] {processor.py:925} INFO - DAG(s) 'tasks_demo' retrieved from /opt/airflow/dags/1tasks.py
[2025-03-24T02:50:55.481+0000] {logging_mixin.py:190} INFO - [2025-03-24T02:50:55.480+0000] {dag.py:3239} INFO - Sync 1 DAGs
[2025-03-24T02:50:55.523+0000] {logging_mixin.py:190} INFO - [2025-03-24T02:50:55.523+0000] {dag.py:4180} INFO - Setting next_dagrun for tasks_demo to 2025-03-23 23:00:00+00:00, run_after=2025-03-24 23:00:00+00:00
[2025-03-24T02:50:55.625+0000] {processor.py:208} INFO - Processing /opt/airflow/dags/1tasks.py took 0.259 seconds
[2025-03-24T02:51:26.686+0000] {processor.py:186} INFO - Started process (PID=338) to work on /opt/airflow/dags/1tasks.py
[2025-03-24T02:51:26.689+0000] {processor.py:914} INFO - Processing file /opt/airflow/dags/1tasks.py for tasks to queue
[2025-03-24T02:51:26.691+0000] {logging_mixin.py:190} INFO - [2025-03-24T02:51:26.690+0000] {dagbag.py:588} INFO - Filling up the DagBag from /opt/airflow/dags/1tasks.py
[2025-03-24T02:51:26.737+0000] {processor.py:925} INFO - DAG(s) 'tasks_demo' retrieved from /opt/airflow/dags/1tasks.py
[2025-03-24T02:51:26.789+0000] {logging_mixin.py:190} INFO - [2025-03-24T02:51:26.788+0000] {dag.py:3239} INFO - Sync 1 DAGs
[2025-03-24T02:51:26.841+0000] {logging_mixin.py:190} INFO - [2025-03-24T02:51:26.840+0000] {dag.py:4180} INFO - Setting next_dagrun for tasks_demo to 2025-03-23 23:00:00+00:00, run_after=2025-03-24 23:00:00+00:00
[2025-03-24T02:51:26.961+0000] {processor.py:208} INFO - Processing /opt/airflow/dags/1tasks.py took 0.283 seconds
[2025-03-24T02:51:57.552+0000] {processor.py:186} INFO - Started process (PID=345) to work on /opt/airflow/dags/1tasks.py
[2025-03-24T02:51:57.556+0000] {processor.py:914} INFO - Processing file /opt/airflow/dags/1tasks.py for tasks to queue
[2025-03-24T02:51:57.560+0000] {logging_mixin.py:190} INFO - [2025-03-24T02:51:57.559+0000] {dagbag.py:588} INFO - Filling up the DagBag from /opt/airflow/dags/1tasks.py
[2025-03-24T02:51:57.600+0000] {processor.py:925} INFO - DAG(s) 'tasks_demo' retrieved from /opt/airflow/dags/1tasks.py
[2025-03-24T02:51:57.645+0000] {logging_mixin.py:190} INFO - [2025-03-24T02:51:57.645+0000] {dag.py:3239} INFO - Sync 1 DAGs
[2025-03-24T02:51:57.686+0000] {logging_mixin.py:190} INFO - [2025-03-24T02:51:57.685+0000] {dag.py:4180} INFO - Setting next_dagrun for tasks_demo to 2025-03-23 23:00:00+00:00, run_after=2025-03-24 23:00:00+00:00
[2025-03-24T02:51:57.799+0000] {processor.py:208} INFO - Processing /opt/airflow/dags/1tasks.py took 0.256 seconds
[2025-03-24T02:52:28.459+0000] {processor.py:186} INFO - Started process (PID=352) to work on /opt/airflow/dags/1tasks.py
[2025-03-24T02:52:28.461+0000] {processor.py:914} INFO - Processing file /opt/airflow/dags/1tasks.py for tasks to queue
[2025-03-24T02:52:28.463+0000] {logging_mixin.py:190} INFO - [2025-03-24T02:52:28.463+0000] {dagbag.py:588} INFO - Filling up the DagBag from /opt/airflow/dags/1tasks.py
[2025-03-24T02:52:28.511+0000] {processor.py:925} INFO - DAG(s) 'tasks_demo' retrieved from /opt/airflow/dags/1tasks.py
[2025-03-24T02:52:28.558+0000] {logging_mixin.py:190} INFO - [2025-03-24T02:52:28.557+0000] {dag.py:3239} INFO - Sync 1 DAGs
[2025-03-24T02:52:28.601+0000] {logging_mixin.py:190} INFO - [2025-03-24T02:52:28.600+0000] {dag.py:4180} INFO - Setting next_dagrun for tasks_demo to 2025-03-23 23:00:00+00:00, run_after=2025-03-24 23:00:00+00:00
[2025-03-24T02:52:28.693+0000] {processor.py:208} INFO - Processing /opt/airflow/dags/1tasks.py took 0.244 seconds
[2025-03-24T02:52:59.338+0000] {processor.py:186} INFO - Started process (PID=359) to work on /opt/airflow/dags/1tasks.py
[2025-03-24T02:52:59.341+0000] {processor.py:914} INFO - Processing file /opt/airflow/dags/1tasks.py for tasks to queue
[2025-03-24T02:52:59.345+0000] {logging_mixin.py:190} INFO - [2025-03-24T02:52:59.344+0000] {dagbag.py:588} INFO - Filling up the DagBag from /opt/airflow/dags/1tasks.py
[2025-03-24T02:52:59.397+0000] {processor.py:925} INFO - DAG(s) 'tasks_demo' retrieved from /opt/airflow/dags/1tasks.py
[2025-03-24T02:52:59.466+0000] {logging_mixin.py:190} INFO - [2025-03-24T02:52:59.465+0000] {dag.py:3239} INFO - Sync 1 DAGs
[2025-03-24T02:52:59.521+0000] {logging_mixin.py:190} INFO - [2025-03-24T02:52:59.520+0000] {dag.py:4180} INFO - Setting next_dagrun for tasks_demo to 2025-03-23 23:00:00+00:00, run_after=2025-03-24 23:00:00+00:00
[2025-03-24T02:52:59.633+0000] {processor.py:208} INFO - Processing /opt/airflow/dags/1tasks.py took 0.304 seconds
[2025-03-24T02:53:30.870+0000] {processor.py:186} INFO - Started process (PID=366) to work on /opt/airflow/dags/1tasks.py
[2025-03-24T02:53:30.873+0000] {processor.py:914} INFO - Processing file /opt/airflow/dags/1tasks.py for tasks to queue
[2025-03-24T02:53:30.876+0000] {logging_mixin.py:190} INFO - [2025-03-24T02:53:30.875+0000] {dagbag.py:588} INFO - Filling up the DagBag from /opt/airflow/dags/1tasks.py
[2025-03-24T02:53:30.936+0000] {processor.py:925} INFO - DAG(s) 'tasks_demo' retrieved from /opt/airflow/dags/1tasks.py
[2025-03-24T02:53:31.001+0000] {logging_mixin.py:190} INFO - [2025-03-24T02:53:31.001+0000] {dag.py:3239} INFO - Sync 1 DAGs
[2025-03-24T02:53:31.160+0000] {logging_mixin.py:190} INFO - [2025-03-24T02:53:31.160+0000] {dag.py:4180} INFO - Setting next_dagrun for tasks_demo to 2025-03-23 23:00:00+00:00, run_after=2025-03-24 23:00:00+00:00
[2025-03-24T02:53:31.273+0000] {processor.py:208} INFO - Processing /opt/airflow/dags/1tasks.py took 0.414 seconds
