[2025-03-24T02:54:01.327+0000] {processor.py:186} INFO - Started process (PID=370) to work on /opt/airflow/dags/2.operators&variables.py
[2025-03-24T02:54:01.330+0000] {processor.py:914} INFO - Processing file /opt/airflow/dags/2.operators&variables.py for tasks to queue
[2025-03-24T02:54:01.332+0000] {logging_mixin.py:190} INFO - [2025-03-24T02:54:01.332+0000] {dagbag.py:588} INFO - Filling up the DagBag from /opt/airflow/dags/2.operators&variables.py
[2025-03-24T02:54:01.429+0000] {processor.py:925} INFO - DAG(s) 'operators_and_variables_demo' retrieved from /opt/airflow/dags/2.operators&variables.py
[2025-03-24T02:54:01.761+0000] {logging_mixin.py:190} INFO - [2025-03-24T02:54:01.761+0000] {dag.py:3239} INFO - Sync 1 DAGs
[2025-03-24T02:54:01.840+0000] {logging_mixin.py:190} INFO - [2025-03-24T02:54:01.839+0000] {dag.py:4180} INFO - Setting next_dagrun for operators_and_variables_demo to 2025-03-22 22:00:00+00:00, run_after=2025-03-23 22:00:00+00:00
[2025-03-24T02:54:02.023+0000] {processor.py:208} INFO - Processing /opt/airflow/dags/2.operators&variables.py took 0.706 seconds
[2025-03-24T02:54:32.944+0000] {processor.py:186} INFO - Started process (PID=374) to work on /opt/airflow/dags/2.operators&variables.py
[2025-03-24T02:54:32.946+0000] {processor.py:914} INFO - Processing file /opt/airflow/dags/2.operators&variables.py for tasks to queue
[2025-03-24T02:54:32.949+0000] {logging_mixin.py:190} INFO - [2025-03-24T02:54:32.948+0000] {dagbag.py:588} INFO - Filling up the DagBag from /opt/airflow/dags/2.operators&variables.py
[2025-03-24T02:54:33.047+0000] {processor.py:925} INFO - DAG(s) 'operators_and_variables_demo' retrieved from /opt/airflow/dags/2.operators&variables.py
[2025-03-24T02:54:33.096+0000] {logging_mixin.py:190} INFO - [2025-03-24T02:54:33.096+0000] {dag.py:3239} INFO - Sync 1 DAGs
[2025-03-24T02:54:33.148+0000] {logging_mixin.py:190} INFO - [2025-03-24T02:54:33.147+0000] {dag.py:4180} INFO - Setting next_dagrun for operators_and_variables_demo to 2025-03-22 22:00:00+00:00, run_after=2025-03-23 22:00:00+00:00
[2025-03-24T02:54:33.352+0000] {processor.py:208} INFO - Processing /opt/airflow/dags/2.operators&variables.py took 0.425 seconds
[2025-03-24T02:55:03.584+0000] {processor.py:186} INFO - Started process (PID=378) to work on /opt/airflow/dags/2.operators&variables.py
[2025-03-24T02:55:03.587+0000] {processor.py:914} INFO - Processing file /opt/airflow/dags/2.operators&variables.py for tasks to queue
[2025-03-24T02:55:03.590+0000] {logging_mixin.py:190} INFO - [2025-03-24T02:55:03.589+0000] {dagbag.py:588} INFO - Filling up the DagBag from /opt/airflow/dags/2.operators&variables.py
[2025-03-24T02:55:03.662+0000] {processor.py:925} INFO - DAG(s) 'operators_and_variables_demo' retrieved from /opt/airflow/dags/2.operators&variables.py
[2025-03-24T02:55:03.737+0000] {logging_mixin.py:190} INFO - [2025-03-24T02:55:03.736+0000] {dag.py:3239} INFO - Sync 1 DAGs
[2025-03-24T02:55:03.813+0000] {logging_mixin.py:190} INFO - [2025-03-24T02:55:03.812+0000] {dag.py:4180} INFO - Setting next_dagrun for operators_and_variables_demo to 2025-03-22 22:00:00+00:00, run_after=2025-03-23 22:00:00+00:00
[2025-03-24T02:55:03.974+0000] {processor.py:208} INFO - Processing /opt/airflow/dags/2.operators&variables.py took 0.406 seconds
[2025-03-24T02:55:34.599+0000] {processor.py:186} INFO - Started process (PID=382) to work on /opt/airflow/dags/2.operators&variables.py
[2025-03-24T02:55:34.601+0000] {processor.py:914} INFO - Processing file /opt/airflow/dags/2.operators&variables.py for tasks to queue
[2025-03-24T02:55:34.604+0000] {logging_mixin.py:190} INFO - [2025-03-24T02:55:34.604+0000] {dagbag.py:588} INFO - Filling up the DagBag from /opt/airflow/dags/2.operators&variables.py
[2025-03-24T02:55:34.692+0000] {processor.py:925} INFO - DAG(s) 'operators_and_variables_demo' retrieved from /opt/airflow/dags/2.operators&variables.py
[2025-03-24T02:55:34.773+0000] {logging_mixin.py:190} INFO - [2025-03-24T02:55:34.772+0000] {dag.py:3239} INFO - Sync 1 DAGs
[2025-03-24T02:55:34.849+0000] {logging_mixin.py:190} INFO - [2025-03-24T02:55:34.848+0000] {dag.py:4180} INFO - Setting next_dagrun for operators_and_variables_demo to 2025-03-22 22:00:00+00:00, run_after=2025-03-23 22:00:00+00:00
[2025-03-24T02:55:34.989+0000] {processor.py:208} INFO - Processing /opt/airflow/dags/2.operators&variables.py took 0.401 seconds
[2025-03-24T02:56:05.693+0000] {processor.py:186} INFO - Started process (PID=386) to work on /opt/airflow/dags/2.operators&variables.py
[2025-03-24T02:56:05.698+0000] {processor.py:914} INFO - Processing file /opt/airflow/dags/2.operators&variables.py for tasks to queue
[2025-03-24T02:56:05.701+0000] {logging_mixin.py:190} INFO - [2025-03-24T02:56:05.700+0000] {dagbag.py:588} INFO - Filling up the DagBag from /opt/airflow/dags/2.operators&variables.py
[2025-03-24T02:56:05.760+0000] {processor.py:925} INFO - DAG(s) 'operators_and_variables_demo' retrieved from /opt/airflow/dags/2.operators&variables.py
[2025-03-24T02:56:05.824+0000] {logging_mixin.py:190} INFO - [2025-03-24T02:56:05.824+0000] {dag.py:3239} INFO - Sync 1 DAGs
[2025-03-24T02:56:05.877+0000] {logging_mixin.py:190} INFO - [2025-03-24T02:56:05.877+0000] {dag.py:4180} INFO - Setting next_dagrun for operators_and_variables_demo to 2025-03-22 22:00:00+00:00, run_after=2025-03-23 22:00:00+00:00
[2025-03-24T02:56:06.000+0000] {processor.py:208} INFO - Processing /opt/airflow/dags/2.operators&variables.py took 0.319 seconds
[2025-03-24T02:56:36.588+0000] {processor.py:186} INFO - Started process (PID=390) to work on /opt/airflow/dags/2.operators&variables.py
[2025-03-24T02:56:36.593+0000] {processor.py:914} INFO - Processing file /opt/airflow/dags/2.operators&variables.py for tasks to queue
[2025-03-24T02:56:36.597+0000] {logging_mixin.py:190} INFO - [2025-03-24T02:56:36.596+0000] {dagbag.py:588} INFO - Filling up the DagBag from /opt/airflow/dags/2.operators&variables.py
[2025-03-24T02:56:36.686+0000] {processor.py:925} INFO - DAG(s) 'operators_and_variables_demo' retrieved from /opt/airflow/dags/2.operators&variables.py
[2025-03-24T02:56:36.811+0000] {logging_mixin.py:190} INFO - [2025-03-24T02:56:36.810+0000] {dag.py:3239} INFO - Sync 1 DAGs
[2025-03-24T02:56:36.926+0000] {logging_mixin.py:190} INFO - [2025-03-24T02:56:36.926+0000] {dag.py:4180} INFO - Setting next_dagrun for operators_and_variables_demo to 2025-03-22 22:00:00+00:00, run_after=2025-03-23 22:00:00+00:00
[2025-03-24T02:56:37.035+0000] {processor.py:208} INFO - Processing /opt/airflow/dags/2.operators&variables.py took 0.458 seconds
[2025-03-24T02:57:07.842+0000] {processor.py:186} INFO - Started process (PID=394) to work on /opt/airflow/dags/2.operators&variables.py
[2025-03-24T02:57:07.845+0000] {processor.py:914} INFO - Processing file /opt/airflow/dags/2.operators&variables.py for tasks to queue
[2025-03-24T02:57:07.847+0000] {logging_mixin.py:190} INFO - [2025-03-24T02:57:07.847+0000] {dagbag.py:588} INFO - Filling up the DagBag from /opt/airflow/dags/2.operators&variables.py
[2025-03-24T02:57:07.891+0000] {processor.py:925} INFO - DAG(s) 'operators_and_variables_demo' retrieved from /opt/airflow/dags/2.operators&variables.py
[2025-03-24T02:57:07.939+0000] {logging_mixin.py:190} INFO - [2025-03-24T02:57:07.939+0000] {dag.py:3239} INFO - Sync 1 DAGs
[2025-03-24T02:57:07.987+0000] {logging_mixin.py:190} INFO - [2025-03-24T02:57:07.986+0000] {dag.py:4180} INFO - Setting next_dagrun for operators_and_variables_demo to 2025-03-22 22:00:00+00:00, run_after=2025-03-23 22:00:00+00:00
[2025-03-24T02:57:08.085+0000] {processor.py:208} INFO - Processing /opt/airflow/dags/2.operators&variables.py took 0.252 seconds
[2025-03-24T02:57:38.326+0000] {processor.py:186} INFO - Started process (PID=398) to work on /opt/airflow/dags/2.operators&variables.py
[2025-03-24T02:57:38.328+0000] {processor.py:914} INFO - Processing file /opt/airflow/dags/2.operators&variables.py for tasks to queue
[2025-03-24T02:57:38.331+0000] {logging_mixin.py:190} INFO - [2025-03-24T02:57:38.330+0000] {dagbag.py:588} INFO - Filling up the DagBag from /opt/airflow/dags/2.operators&variables.py
[2025-03-24T02:57:38.403+0000] {processor.py:925} INFO - DAG(s) 'operators_and_variables_demo' retrieved from /opt/airflow/dags/2.operators&variables.py
[2025-03-24T02:57:38.481+0000] {logging_mixin.py:190} INFO - [2025-03-24T02:57:38.480+0000] {dag.py:3239} INFO - Sync 1 DAGs
[2025-03-24T02:57:38.542+0000] {logging_mixin.py:190} INFO - [2025-03-24T02:57:38.541+0000] {dag.py:4180} INFO - Setting next_dagrun for operators_and_variables_demo to 2025-03-22 22:00:00+00:00, run_after=2025-03-23 22:00:00+00:00
[2025-03-24T02:57:38.687+0000] {processor.py:208} INFO - Processing /opt/airflow/dags/2.operators&variables.py took 0.374 seconds
[2025-03-24T02:58:10.027+0000] {processor.py:186} INFO - Started process (PID=402) to work on /opt/airflow/dags/2.operators&variables.py
[2025-03-24T02:58:10.030+0000] {processor.py:914} INFO - Processing file /opt/airflow/dags/2.operators&variables.py for tasks to queue
[2025-03-24T02:58:10.033+0000] {logging_mixin.py:190} INFO - [2025-03-24T02:58:10.032+0000] {dagbag.py:588} INFO - Filling up the DagBag from /opt/airflow/dags/2.operators&variables.py
[2025-03-24T02:58:10.107+0000] {processor.py:925} INFO - DAG(s) 'operators_and_variables_demo' retrieved from /opt/airflow/dags/2.operators&variables.py
[2025-03-24T02:58:10.175+0000] {logging_mixin.py:190} INFO - [2025-03-24T02:58:10.175+0000] {dag.py:3239} INFO - Sync 1 DAGs
[2025-03-24T02:58:10.228+0000] {logging_mixin.py:190} INFO - [2025-03-24T02:58:10.228+0000] {dag.py:4180} INFO - Setting next_dagrun for operators_and_variables_demo to 2025-03-22 22:00:00+00:00, run_after=2025-03-23 22:00:00+00:00
[2025-03-24T02:58:10.358+0000] {processor.py:208} INFO - Processing /opt/airflow/dags/2.operators&variables.py took 0.348 seconds
[2025-03-24T02:58:41.062+0000] {processor.py:186} INFO - Started process (PID=406) to work on /opt/airflow/dags/2.operators&variables.py
[2025-03-24T02:58:41.066+0000] {processor.py:914} INFO - Processing file /opt/airflow/dags/2.operators&variables.py for tasks to queue
[2025-03-24T02:58:41.069+0000] {logging_mixin.py:190} INFO - [2025-03-24T02:58:41.069+0000] {dagbag.py:588} INFO - Filling up the DagBag from /opt/airflow/dags/2.operators&variables.py
[2025-03-24T02:58:41.131+0000] {processor.py:925} INFO - DAG(s) 'operators_and_variables_demo' retrieved from /opt/airflow/dags/2.operators&variables.py
[2025-03-24T02:58:41.198+0000] {logging_mixin.py:190} INFO - [2025-03-24T02:58:41.197+0000] {dag.py:3239} INFO - Sync 1 DAGs
[2025-03-24T02:58:41.242+0000] {logging_mixin.py:190} INFO - [2025-03-24T02:58:41.241+0000] {dag.py:4180} INFO - Setting next_dagrun for operators_and_variables_demo to 2025-03-22 22:00:00+00:00, run_after=2025-03-23 22:00:00+00:00
[2025-03-24T02:58:41.362+0000] {processor.py:208} INFO - Processing /opt/airflow/dags/2.operators&variables.py took 0.310 seconds
[2025-03-24T02:59:12.031+0000] {processor.py:186} INFO - Started process (PID=415) to work on /opt/airflow/dags/2.operators&variables.py
[2025-03-24T02:59:12.033+0000] {processor.py:914} INFO - Processing file /opt/airflow/dags/2.operators&variables.py for tasks to queue
[2025-03-24T02:59:12.036+0000] {logging_mixin.py:190} INFO - [2025-03-24T02:59:12.035+0000] {dagbag.py:588} INFO - Filling up the DagBag from /opt/airflow/dags/2.operators&variables.py
[2025-03-24T02:59:12.104+0000] {processor.py:925} INFO - DAG(s) 'operators_and_variables_demo' retrieved from /opt/airflow/dags/2.operators&variables.py
[2025-03-24T02:59:12.239+0000] {logging_mixin.py:190} INFO - [2025-03-24T02:59:12.238+0000] {dag.py:3239} INFO - Sync 1 DAGs
[2025-03-24T02:59:12.304+0000] {logging_mixin.py:190} INFO - [2025-03-24T02:59:12.304+0000] {dag.py:4180} INFO - Setting next_dagrun for operators_and_variables_demo to 2025-03-22 22:00:00+00:00, run_after=2025-03-23 22:00:00+00:00
[2025-03-24T02:59:12.412+0000] {processor.py:208} INFO - Processing /opt/airflow/dags/2.operators&variables.py took 0.390 seconds
[2025-03-24T02:59:42.903+0000] {processor.py:186} INFO - Started process (PID=424) to work on /opt/airflow/dags/2.operators&variables.py
[2025-03-24T02:59:42.906+0000] {processor.py:914} INFO - Processing file /opt/airflow/dags/2.operators&variables.py for tasks to queue
[2025-03-24T02:59:42.908+0000] {logging_mixin.py:190} INFO - [2025-03-24T02:59:42.908+0000] {dagbag.py:588} INFO - Filling up the DagBag from /opt/airflow/dags/2.operators&variables.py
[2025-03-24T02:59:42.965+0000] {processor.py:925} INFO - DAG(s) 'operators_and_variables_demo' retrieved from /opt/airflow/dags/2.operators&variables.py
[2025-03-24T02:59:43.011+0000] {logging_mixin.py:190} INFO - [2025-03-24T02:59:43.011+0000] {dag.py:3239} INFO - Sync 1 DAGs
[2025-03-24T02:59:43.052+0000] {logging_mixin.py:190} INFO - [2025-03-24T02:59:43.051+0000] {dag.py:4180} INFO - Setting next_dagrun for operators_and_variables_demo to 2025-03-22 22:00:00+00:00, run_after=2025-03-23 22:00:00+00:00
[2025-03-24T02:59:43.179+0000] {processor.py:208} INFO - Processing /opt/airflow/dags/2.operators&variables.py took 0.285 seconds
[2025-03-24T03:00:13.984+0000] {processor.py:186} INFO - Started process (PID=433) to work on /opt/airflow/dags/2.operators&variables.py
[2025-03-24T03:00:13.987+0000] {processor.py:914} INFO - Processing file /opt/airflow/dags/2.operators&variables.py for tasks to queue
[2025-03-24T03:00:13.989+0000] {logging_mixin.py:190} INFO - [2025-03-24T03:00:13.989+0000] {dagbag.py:588} INFO - Filling up the DagBag from /opt/airflow/dags/2.operators&variables.py
[2025-03-24T03:00:14.043+0000] {processor.py:925} INFO - DAG(s) 'operators_and_variables_demo' retrieved from /opt/airflow/dags/2.operators&variables.py
[2025-03-24T03:00:14.099+0000] {logging_mixin.py:190} INFO - [2025-03-24T03:00:14.099+0000] {dag.py:3239} INFO - Sync 1 DAGs
[2025-03-24T03:00:14.138+0000] {logging_mixin.py:190} INFO - [2025-03-24T03:00:14.138+0000] {dag.py:4180} INFO - Setting next_dagrun for operators_and_variables_demo to 2025-03-22 22:00:00+00:00, run_after=2025-03-23 22:00:00+00:00
[2025-03-24T03:00:14.272+0000] {processor.py:208} INFO - Processing /opt/airflow/dags/2.operators&variables.py took 0.299 seconds
[2025-03-24T03:00:44.876+0000] {processor.py:186} INFO - Started process (PID=442) to work on /opt/airflow/dags/2.operators&variables.py
[2025-03-24T03:00:44.878+0000] {processor.py:914} INFO - Processing file /opt/airflow/dags/2.operators&variables.py for tasks to queue
[2025-03-24T03:00:44.881+0000] {logging_mixin.py:190} INFO - [2025-03-24T03:00:44.881+0000] {dagbag.py:588} INFO - Filling up the DagBag from /opt/airflow/dags/2.operators&variables.py
[2025-03-24T03:00:44.939+0000] {processor.py:925} INFO - DAG(s) 'operators_and_variables_demo' retrieved from /opt/airflow/dags/2.operators&variables.py
[2025-03-24T03:00:44.991+0000] {logging_mixin.py:190} INFO - [2025-03-24T03:00:44.991+0000] {dag.py:3239} INFO - Sync 1 DAGs
[2025-03-24T03:00:45.037+0000] {logging_mixin.py:190} INFO - [2025-03-24T03:00:45.037+0000] {dag.py:4180} INFO - Setting next_dagrun for operators_and_variables_demo to 2025-03-22 22:00:00+00:00, run_after=2025-03-23 22:00:00+00:00
[2025-03-24T03:00:45.144+0000] {processor.py:208} INFO - Processing /opt/airflow/dags/2.operators&variables.py took 0.279 seconds
[2025-03-24T03:03:45.879+0000] {processor.py:186} INFO - Started process (PID=451) to work on /opt/airflow/dags/2.operators&variables.py
[2025-03-24T03:03:45.881+0000] {processor.py:914} INFO - Processing file /opt/airflow/dags/2.operators&variables.py for tasks to queue
[2025-03-24T03:03:45.883+0000] {logging_mixin.py:190} INFO - [2025-03-24T03:03:45.882+0000] {dagbag.py:588} INFO - Filling up the DagBag from /opt/airflow/dags/2.operators&variables.py
[2025-03-24T03:03:45.930+0000] {processor.py:925} INFO - DAG(s) 'operators_and_variables_demo' retrieved from /opt/airflow/dags/2.operators&variables.py
[2025-03-24T03:03:45.975+0000] {logging_mixin.py:190} INFO - [2025-03-24T03:03:45.975+0000] {dag.py:3239} INFO - Sync 1 DAGs
[2025-03-24T03:03:46.023+0000] {logging_mixin.py:190} INFO - [2025-03-24T03:03:46.023+0000] {dag.py:4180} INFO - Setting next_dagrun for operators_and_variables_demo to 2025-03-22 22:00:00+00:00, run_after=2025-03-23 22:00:00+00:00
[2025-03-24T03:03:46.113+0000] {processor.py:208} INFO - Processing /opt/airflow/dags/2.operators&variables.py took 0.245 seconds
[2025-03-24T03:04:17.595+0000] {processor.py:186} INFO - Started process (PID=460) to work on /opt/airflow/dags/2.operators&variables.py
[2025-03-24T03:04:17.597+0000] {processor.py:914} INFO - Processing file /opt/airflow/dags/2.operators&variables.py for tasks to queue
[2025-03-24T03:04:17.604+0000] {logging_mixin.py:190} INFO - [2025-03-24T03:04:17.603+0000] {dagbag.py:588} INFO - Filling up the DagBag from /opt/airflow/dags/2.operators&variables.py
[2025-03-24T03:04:17.692+0000] {processor.py:925} INFO - DAG(s) 'operators_and_variables_demo' retrieved from /opt/airflow/dags/2.operators&variables.py
[2025-03-24T03:04:17.748+0000] {logging_mixin.py:190} INFO - [2025-03-24T03:04:17.747+0000] {dag.py:3239} INFO - Sync 1 DAGs
[2025-03-24T03:04:17.819+0000] {logging_mixin.py:190} INFO - [2025-03-24T03:04:17.818+0000] {dag.py:4180} INFO - Setting next_dagrun for operators_and_variables_demo to 2025-03-22 22:00:00+00:00, run_after=2025-03-23 22:00:00+00:00
[2025-03-24T03:04:18.003+0000] {processor.py:208} INFO - Processing /opt/airflow/dags/2.operators&variables.py took 0.417 seconds
[2025-03-24T03:04:49.400+0000] {processor.py:186} INFO - Started process (PID=469) to work on /opt/airflow/dags/2.operators&variables.py
[2025-03-24T03:04:49.402+0000] {processor.py:914} INFO - Processing file /opt/airflow/dags/2.operators&variables.py for tasks to queue
[2025-03-24T03:04:49.404+0000] {logging_mixin.py:190} INFO - [2025-03-24T03:04:49.404+0000] {dagbag.py:588} INFO - Filling up the DagBag from /opt/airflow/dags/2.operators&variables.py
[2025-03-24T03:04:49.447+0000] {processor.py:925} INFO - DAG(s) 'operators_and_variables_demo' retrieved from /opt/airflow/dags/2.operators&variables.py
[2025-03-24T03:04:49.484+0000] {logging_mixin.py:190} INFO - [2025-03-24T03:04:49.483+0000] {dag.py:3239} INFO - Sync 1 DAGs
[2025-03-24T03:04:49.533+0000] {logging_mixin.py:190} INFO - [2025-03-24T03:04:49.533+0000] {dag.py:4180} INFO - Setting next_dagrun for operators_and_variables_demo to 2025-03-22 22:00:00+00:00, run_after=2025-03-23 22:00:00+00:00
[2025-03-24T03:04:49.643+0000] {processor.py:208} INFO - Processing /opt/airflow/dags/2.operators&variables.py took 0.251 seconds
[2025-03-24T03:05:20.646+0000] {processor.py:186} INFO - Started process (PID=478) to work on /opt/airflow/dags/2.operators&variables.py
[2025-03-24T03:05:20.648+0000] {processor.py:914} INFO - Processing file /opt/airflow/dags/2.operators&variables.py for tasks to queue
[2025-03-24T03:05:20.650+0000] {logging_mixin.py:190} INFO - [2025-03-24T03:05:20.649+0000] {dagbag.py:588} INFO - Filling up the DagBag from /opt/airflow/dags/2.operators&variables.py
[2025-03-24T03:05:20.691+0000] {processor.py:925} INFO - DAG(s) 'operators_and_variables_demo' retrieved from /opt/airflow/dags/2.operators&variables.py
[2025-03-24T03:05:20.731+0000] {logging_mixin.py:190} INFO - [2025-03-24T03:05:20.730+0000] {dag.py:3239} INFO - Sync 1 DAGs
[2025-03-24T03:05:20.766+0000] {logging_mixin.py:190} INFO - [2025-03-24T03:05:20.765+0000] {dag.py:4180} INFO - Setting next_dagrun for operators_and_variables_demo to 2025-03-22 22:00:00+00:00, run_after=2025-03-23 22:00:00+00:00
[2025-03-24T03:05:20.901+0000] {processor.py:208} INFO - Processing /opt/airflow/dags/2.operators&variables.py took 0.263 seconds
[2025-03-24T03:05:51.956+0000] {processor.py:186} INFO - Started process (PID=488) to work on /opt/airflow/dags/2.operators&variables.py
[2025-03-24T03:05:51.959+0000] {processor.py:914} INFO - Processing file /opt/airflow/dags/2.operators&variables.py for tasks to queue
[2025-03-24T03:05:51.962+0000] {logging_mixin.py:190} INFO - [2025-03-24T03:05:51.961+0000] {dagbag.py:588} INFO - Filling up the DagBag from /opt/airflow/dags/2.operators&variables.py
[2025-03-24T03:05:52.053+0000] {processor.py:925} INFO - DAG(s) 'operators_and_variables_demo' retrieved from /opt/airflow/dags/2.operators&variables.py
[2025-03-24T03:05:52.188+0000] {logging_mixin.py:190} INFO - [2025-03-24T03:05:52.187+0000] {dag.py:3239} INFO - Sync 1 DAGs
[2025-03-24T03:05:52.302+0000] {logging_mixin.py:190} INFO - [2025-03-24T03:05:52.302+0000] {dag.py:4180} INFO - Setting next_dagrun for operators_and_variables_demo to 2025-03-22 22:00:00+00:00, run_after=2025-03-23 22:00:00+00:00
[2025-03-24T03:05:52.479+0000] {processor.py:208} INFO - Processing /opt/airflow/dags/2.operators&variables.py took 0.536 seconds
