[2025-03-24T02:39:19.627+0000] {processor.py:186} INFO - Started process (PID=145) to work on /opt/airflow/dags/2operators&variables.py
[2025-03-24T02:39:19.631+0000] {processor.py:914} INFO - Processing file /opt/airflow/dags/2operators&variables.py for tasks to queue
[2025-03-24T02:39:19.636+0000] {logging_mixin.py:190} INFO - [2025-03-24T02:39:19.635+0000] {dagbag.py:588} INFO - Filling up the DagBag from /opt/airflow/dags/2operators&variables.py
[2025-03-24T02:39:19.694+0000] {processor.py:925} INFO - DAG(s) 'operators_and_variables_demo' retrieved from /opt/airflow/dags/2operators&variables.py
[2025-03-24T02:39:19.745+0000] {logging_mixin.py:190} INFO - [2025-03-24T02:39:19.745+0000] {dag.py:3239} INFO - Sync 1 DAGs
[2025-03-24T02:39:19.795+0000] {logging_mixin.py:190} INFO - [2025-03-24T02:39:19.795+0000] {dag.py:4180} INFO - Setting next_dagrun for operators_and_variables_demo to 2025-03-22 22:00:00+00:00, run_after=2025-03-23 22:00:00+00:00
[2025-03-24T02:39:19.893+0000] {processor.py:208} INFO - Processing /opt/airflow/dags/2operators&variables.py took 0.273 seconds
[2025-03-24T02:39:51.049+0000] {processor.py:186} INFO - Started process (PID=163) to work on /opt/airflow/dags/2operators&variables.py
[2025-03-24T02:39:51.051+0000] {processor.py:914} INFO - Processing file /opt/airflow/dags/2operators&variables.py for tasks to queue
[2025-03-24T02:39:51.057+0000] {logging_mixin.py:190} INFO - [2025-03-24T02:39:51.056+0000] {dagbag.py:588} INFO - Filling up the DagBag from /opt/airflow/dags/2operators&variables.py
[2025-03-24T02:39:51.111+0000] {processor.py:925} INFO - DAG(s) 'operators_and_variables_demo' retrieved from /opt/airflow/dags/2operators&variables.py
[2025-03-24T02:39:51.162+0000] {logging_mixin.py:190} INFO - [2025-03-24T02:39:51.162+0000] {dag.py:3239} INFO - Sync 1 DAGs
[2025-03-24T02:39:51.209+0000] {logging_mixin.py:190} INFO - [2025-03-24T02:39:51.209+0000] {dag.py:4180} INFO - Setting next_dagrun for operators_and_variables_demo to 2025-03-22 22:00:00+00:00, run_after=2025-03-23 22:00:00+00:00
[2025-03-24T02:39:51.358+0000] {processor.py:208} INFO - Processing /opt/airflow/dags/2operators&variables.py took 0.316 seconds
[2025-03-24T02:40:21.655+0000] {processor.py:186} INFO - Started process (PID=171) to work on /opt/airflow/dags/2operators&variables.py
[2025-03-24T02:40:21.657+0000] {processor.py:914} INFO - Processing file /opt/airflow/dags/2operators&variables.py for tasks to queue
[2025-03-24T02:40:21.662+0000] {logging_mixin.py:190} INFO - [2025-03-24T02:40:21.662+0000] {dagbag.py:588} INFO - Filling up the DagBag from /opt/airflow/dags/2operators&variables.py
[2025-03-24T02:40:21.726+0000] {processor.py:925} INFO - DAG(s) 'operators_and_variables_demo' retrieved from /opt/airflow/dags/2operators&variables.py
[2025-03-24T02:40:21.786+0000] {logging_mixin.py:190} INFO - [2025-03-24T02:40:21.785+0000] {dag.py:3239} INFO - Sync 1 DAGs
[2025-03-24T02:40:21.830+0000] {logging_mixin.py:190} INFO - [2025-03-24T02:40:21.829+0000] {dag.py:4180} INFO - Setting next_dagrun for operators_and_variables_demo to 2025-03-22 22:00:00+00:00, run_after=2025-03-23 22:00:00+00:00
[2025-03-24T02:40:21.931+0000] {processor.py:208} INFO - Processing /opt/airflow/dags/2operators&variables.py took 0.292 seconds
[2025-03-24T02:40:52.182+0000] {processor.py:186} INFO - Started process (PID=179) to work on /opt/airflow/dags/2operators&variables.py
[2025-03-24T02:40:52.186+0000] {processor.py:914} INFO - Processing file /opt/airflow/dags/2operators&variables.py for tasks to queue
[2025-03-24T02:40:52.190+0000] {logging_mixin.py:190} INFO - [2025-03-24T02:40:52.190+0000] {dagbag.py:588} INFO - Filling up the DagBag from /opt/airflow/dags/2operators&variables.py
[2025-03-24T02:40:52.226+0000] {processor.py:925} INFO - DAG(s) 'operators_and_variables_demo' retrieved from /opt/airflow/dags/2operators&variables.py
[2025-03-24T02:40:52.267+0000] {logging_mixin.py:190} INFO - [2025-03-24T02:40:52.267+0000] {dag.py:3239} INFO - Sync 1 DAGs
[2025-03-24T02:40:52.319+0000] {logging_mixin.py:190} INFO - [2025-03-24T02:40:52.318+0000] {dag.py:4180} INFO - Setting next_dagrun for operators_and_variables_demo to 2025-03-22 22:00:00+00:00, run_after=2025-03-23 22:00:00+00:00
[2025-03-24T02:40:52.452+0000] {processor.py:208} INFO - Processing /opt/airflow/dags/2operators&variables.py took 0.278 seconds
[2025-03-24T02:41:23.380+0000] {processor.py:186} INFO - Started process (PID=187) to work on /opt/airflow/dags/2operators&variables.py
[2025-03-24T02:41:23.382+0000] {processor.py:914} INFO - Processing file /opt/airflow/dags/2operators&variables.py for tasks to queue
[2025-03-24T02:41:23.386+0000] {logging_mixin.py:190} INFO - [2025-03-24T02:41:23.385+0000] {dagbag.py:588} INFO - Filling up the DagBag from /opt/airflow/dags/2operators&variables.py
[2025-03-24T02:41:23.427+0000] {processor.py:925} INFO - DAG(s) 'operators_and_variables_demo' retrieved from /opt/airflow/dags/2operators&variables.py
[2025-03-24T02:41:23.470+0000] {logging_mixin.py:190} INFO - [2025-03-24T02:41:23.469+0000] {dag.py:3239} INFO - Sync 1 DAGs
[2025-03-24T02:41:23.504+0000] {logging_mixin.py:190} INFO - [2025-03-24T02:41:23.504+0000] {dag.py:4180} INFO - Setting next_dagrun for operators_and_variables_demo to 2025-03-22 22:00:00+00:00, run_after=2025-03-23 22:00:00+00:00
[2025-03-24T02:41:23.600+0000] {processor.py:208} INFO - Processing /opt/airflow/dags/2operators&variables.py took 0.228 seconds
[2025-03-24T02:41:54.032+0000] {processor.py:186} INFO - Started process (PID=195) to work on /opt/airflow/dags/2operators&variables.py
[2025-03-24T02:41:54.034+0000] {processor.py:914} INFO - Processing file /opt/airflow/dags/2operators&variables.py for tasks to queue
[2025-03-24T02:41:54.039+0000] {logging_mixin.py:190} INFO - [2025-03-24T02:41:54.039+0000] {dagbag.py:588} INFO - Filling up the DagBag from /opt/airflow/dags/2operators&variables.py
[2025-03-24T02:41:54.096+0000] {processor.py:925} INFO - DAG(s) 'operators_and_variables_demo' retrieved from /opt/airflow/dags/2operators&variables.py
[2025-03-24T02:41:54.148+0000] {logging_mixin.py:190} INFO - [2025-03-24T02:41:54.148+0000] {dag.py:3239} INFO - Sync 1 DAGs
[2025-03-24T02:41:54.212+0000] {logging_mixin.py:190} INFO - [2025-03-24T02:41:54.211+0000] {dag.py:4180} INFO - Setting next_dagrun for operators_and_variables_demo to 2025-03-22 22:00:00+00:00, run_after=2025-03-23 22:00:00+00:00
[2025-03-24T02:41:54.308+0000] {processor.py:208} INFO - Processing /opt/airflow/dags/2operators&variables.py took 0.285 seconds
[2025-03-24T02:42:25.108+0000] {processor.py:186} INFO - Started process (PID=203) to work on /opt/airflow/dags/2operators&variables.py
[2025-03-24T02:42:25.117+0000] {processor.py:914} INFO - Processing file /opt/airflow/dags/2operators&variables.py for tasks to queue
[2025-03-24T02:42:25.124+0000] {logging_mixin.py:190} INFO - [2025-03-24T02:42:25.124+0000] {dagbag.py:588} INFO - Filling up the DagBag from /opt/airflow/dags/2operators&variables.py
[2025-03-24T02:42:25.202+0000] {processor.py:925} INFO - DAG(s) 'operators_and_variables_demo' retrieved from /opt/airflow/dags/2operators&variables.py
[2025-03-24T02:42:25.254+0000] {logging_mixin.py:190} INFO - [2025-03-24T02:42:25.254+0000] {dag.py:3239} INFO - Sync 1 DAGs
[2025-03-24T02:42:25.299+0000] {logging_mixin.py:190} INFO - [2025-03-24T02:42:25.298+0000] {dag.py:4180} INFO - Setting next_dagrun for operators_and_variables_demo to 2025-03-22 22:00:00+00:00, run_after=2025-03-23 22:00:00+00:00
[2025-03-24T02:42:25.463+0000] {processor.py:208} INFO - Processing /opt/airflow/dags/2operators&variables.py took 0.364 seconds
[2025-03-24T02:42:56.272+0000] {processor.py:186} INFO - Started process (PID=211) to work on /opt/airflow/dags/2operators&variables.py
[2025-03-24T02:42:56.284+0000] {processor.py:914} INFO - Processing file /opt/airflow/dags/2operators&variables.py for tasks to queue
[2025-03-24T02:42:56.298+0000] {logging_mixin.py:190} INFO - [2025-03-24T02:42:56.290+0000] {dagbag.py:588} INFO - Filling up the DagBag from /opt/airflow/dags/2operators&variables.py
[2025-03-24T02:42:56.363+0000] {processor.py:925} INFO - DAG(s) 'operators_and_variables_demo' retrieved from /opt/airflow/dags/2operators&variables.py
[2025-03-24T02:42:56.414+0000] {logging_mixin.py:190} INFO - [2025-03-24T02:42:56.414+0000] {dag.py:3239} INFO - Sync 1 DAGs
[2025-03-24T02:42:56.464+0000] {logging_mixin.py:190} INFO - [2025-03-24T02:42:56.464+0000] {dag.py:4180} INFO - Setting next_dagrun for operators_and_variables_demo to 2025-03-22 22:00:00+00:00, run_after=2025-03-23 22:00:00+00:00
[2025-03-24T02:42:56.624+0000] {processor.py:208} INFO - Processing /opt/airflow/dags/2operators&variables.py took 0.365 seconds
[2025-03-24T02:43:27.110+0000] {processor.py:186} INFO - Started process (PID=219) to work on /opt/airflow/dags/2operators&variables.py
[2025-03-24T02:43:27.112+0000] {processor.py:914} INFO - Processing file /opt/airflow/dags/2operators&variables.py for tasks to queue
[2025-03-24T02:43:27.117+0000] {logging_mixin.py:190} INFO - [2025-03-24T02:43:27.117+0000] {dagbag.py:588} INFO - Filling up the DagBag from /opt/airflow/dags/2operators&variables.py
[2025-03-24T02:43:27.172+0000] {processor.py:925} INFO - DAG(s) 'operators_and_variables_demo' retrieved from /opt/airflow/dags/2operators&variables.py
[2025-03-24T02:43:27.229+0000] {logging_mixin.py:190} INFO - [2025-03-24T02:43:27.228+0000] {dag.py:3239} INFO - Sync 1 DAGs
[2025-03-24T02:43:27.286+0000] {logging_mixin.py:190} INFO - [2025-03-24T02:43:27.286+0000] {dag.py:4180} INFO - Setting next_dagrun for operators_and_variables_demo to 2025-03-22 22:00:00+00:00, run_after=2025-03-23 22:00:00+00:00
[2025-03-24T02:43:27.440+0000] {processor.py:208} INFO - Processing /opt/airflow/dags/2operators&variables.py took 0.339 seconds
[2025-03-24T02:43:58.325+0000] {processor.py:186} INFO - Started process (PID=227) to work on /opt/airflow/dags/2operators&variables.py
[2025-03-24T02:43:58.327+0000] {processor.py:914} INFO - Processing file /opt/airflow/dags/2operators&variables.py for tasks to queue
[2025-03-24T02:43:58.332+0000] {logging_mixin.py:190} INFO - [2025-03-24T02:43:58.331+0000] {dagbag.py:588} INFO - Filling up the DagBag from /opt/airflow/dags/2operators&variables.py
[2025-03-24T02:43:58.394+0000] {processor.py:925} INFO - DAG(s) 'operators_and_variables_demo' retrieved from /opt/airflow/dags/2operators&variables.py
[2025-03-24T02:43:58.451+0000] {logging_mixin.py:190} INFO - [2025-03-24T02:43:58.450+0000] {dag.py:3239} INFO - Sync 1 DAGs
[2025-03-24T02:43:58.494+0000] {logging_mixin.py:190} INFO - [2025-03-24T02:43:58.493+0000] {dag.py:4180} INFO - Setting next_dagrun for operators_and_variables_demo to 2025-03-22 22:00:00+00:00, run_after=2025-03-23 22:00:00+00:00
[2025-03-24T02:43:58.672+0000] {processor.py:208} INFO - Processing /opt/airflow/dags/2operators&variables.py took 0.355 seconds
[2025-03-24T02:44:29.836+0000] {processor.py:186} INFO - Started process (PID=235) to work on /opt/airflow/dags/2operators&variables.py
[2025-03-24T02:44:29.838+0000] {processor.py:914} INFO - Processing file /opt/airflow/dags/2operators&variables.py for tasks to queue
[2025-03-24T02:44:29.845+0000] {logging_mixin.py:190} INFO - [2025-03-24T02:44:29.844+0000] {dagbag.py:588} INFO - Filling up the DagBag from /opt/airflow/dags/2operators&variables.py
[2025-03-24T02:44:29.903+0000] {processor.py:925} INFO - DAG(s) 'operators_and_variables_demo' retrieved from /opt/airflow/dags/2operators&variables.py
[2025-03-24T02:44:29.956+0000] {logging_mixin.py:190} INFO - [2025-03-24T02:44:29.955+0000] {dag.py:3239} INFO - Sync 1 DAGs
[2025-03-24T02:44:30.013+0000] {logging_mixin.py:190} INFO - [2025-03-24T02:44:30.013+0000] {dag.py:4180} INFO - Setting next_dagrun for operators_and_variables_demo to 2025-03-22 22:00:00+00:00, run_after=2025-03-23 22:00:00+00:00
[2025-03-24T02:44:30.169+0000] {processor.py:208} INFO - Processing /opt/airflow/dags/2operators&variables.py took 0.347 seconds
[2025-03-24T02:45:01.102+0000] {processor.py:186} INFO - Started process (PID=243) to work on /opt/airflow/dags/2operators&variables.py
[2025-03-24T02:45:01.103+0000] {processor.py:914} INFO - Processing file /opt/airflow/dags/2operators&variables.py for tasks to queue
[2025-03-24T02:45:01.108+0000] {logging_mixin.py:190} INFO - [2025-03-24T02:45:01.107+0000] {dagbag.py:588} INFO - Filling up the DagBag from /opt/airflow/dags/2operators&variables.py
[2025-03-24T02:45:01.167+0000] {processor.py:925} INFO - DAG(s) 'operators_and_variables_demo' retrieved from /opt/airflow/dags/2operators&variables.py
[2025-03-24T02:45:01.229+0000] {logging_mixin.py:190} INFO - [2025-03-24T02:45:01.228+0000] {dag.py:3239} INFO - Sync 1 DAGs
[2025-03-24T02:45:01.304+0000] {logging_mixin.py:190} INFO - [2025-03-24T02:45:01.303+0000] {dag.py:4180} INFO - Setting next_dagrun for operators_and_variables_demo to 2025-03-22 22:00:00+00:00, run_after=2025-03-23 22:00:00+00:00
[2025-03-24T02:45:01.450+0000] {processor.py:208} INFO - Processing /opt/airflow/dags/2operators&variables.py took 0.358 seconds
[2025-03-24T02:45:32.880+0000] {processor.py:186} INFO - Started process (PID=251) to work on /opt/airflow/dags/2operators&variables.py
[2025-03-24T02:45:32.883+0000] {processor.py:914} INFO - Processing file /opt/airflow/dags/2operators&variables.py for tasks to queue
[2025-03-24T02:45:32.889+0000] {logging_mixin.py:190} INFO - [2025-03-24T02:45:32.889+0000] {dagbag.py:588} INFO - Filling up the DagBag from /opt/airflow/dags/2operators&variables.py
[2025-03-24T02:45:32.969+0000] {processor.py:925} INFO - DAG(s) 'operators_and_variables_demo' retrieved from /opt/airflow/dags/2operators&variables.py
[2025-03-24T02:45:33.023+0000] {logging_mixin.py:190} INFO - [2025-03-24T02:45:33.022+0000] {dag.py:3239} INFO - Sync 1 DAGs
[2025-03-24T02:45:33.092+0000] {logging_mixin.py:190} INFO - [2025-03-24T02:45:33.091+0000] {dag.py:4180} INFO - Setting next_dagrun for operators_and_variables_demo to 2025-03-22 22:00:00+00:00, run_after=2025-03-23 22:00:00+00:00
[2025-03-24T02:45:33.223+0000] {processor.py:208} INFO - Processing /opt/airflow/dags/2operators&variables.py took 0.355 seconds
[2025-03-24T02:46:04.029+0000] {processor.py:186} INFO - Started process (PID=259) to work on /opt/airflow/dags/2operators&variables.py
[2025-03-24T02:46:04.031+0000] {processor.py:914} INFO - Processing file /opt/airflow/dags/2operators&variables.py for tasks to queue
[2025-03-24T02:46:04.036+0000] {logging_mixin.py:190} INFO - [2025-03-24T02:46:04.036+0000] {dagbag.py:588} INFO - Filling up the DagBag from /opt/airflow/dags/2operators&variables.py
[2025-03-24T02:46:04.113+0000] {processor.py:925} INFO - DAG(s) 'operators_and_variables_demo' retrieved from /opt/airflow/dags/2operators&variables.py
[2025-03-24T02:46:04.173+0000] {logging_mixin.py:190} INFO - [2025-03-24T02:46:04.172+0000] {dag.py:3239} INFO - Sync 1 DAGs
[2025-03-24T02:46:04.242+0000] {logging_mixin.py:190} INFO - [2025-03-24T02:46:04.241+0000] {dag.py:4180} INFO - Setting next_dagrun for operators_and_variables_demo to 2025-03-22 22:00:00+00:00, run_after=2025-03-23 22:00:00+00:00
[2025-03-24T02:46:04.472+0000] {processor.py:208} INFO - Processing /opt/airflow/dags/2operators&variables.py took 0.455 seconds
[2025-03-24T02:46:35.363+0000] {processor.py:186} INFO - Started process (PID=267) to work on /opt/airflow/dags/2operators&variables.py
[2025-03-24T02:46:35.366+0000] {processor.py:914} INFO - Processing file /opt/airflow/dags/2operators&variables.py for tasks to queue
[2025-03-24T02:46:35.372+0000] {logging_mixin.py:190} INFO - [2025-03-24T02:46:35.371+0000] {dagbag.py:588} INFO - Filling up the DagBag from /opt/airflow/dags/2operators&variables.py
[2025-03-24T02:46:35.446+0000] {processor.py:925} INFO - DAG(s) 'operators_and_variables_demo' retrieved from /opt/airflow/dags/2operators&variables.py
[2025-03-24T02:46:35.535+0000] {logging_mixin.py:190} INFO - [2025-03-24T02:46:35.535+0000] {dag.py:3239} INFO - Sync 1 DAGs
[2025-03-24T02:46:35.609+0000] {logging_mixin.py:190} INFO - [2025-03-24T02:46:35.608+0000] {dag.py:4180} INFO - Setting next_dagrun for operators_and_variables_demo to 2025-03-22 22:00:00+00:00, run_after=2025-03-23 22:00:00+00:00
[2025-03-24T02:46:35.755+0000] {processor.py:208} INFO - Processing /opt/airflow/dags/2operators&variables.py took 0.405 seconds
[2025-03-24T02:47:06.767+0000] {processor.py:186} INFO - Started process (PID=275) to work on /opt/airflow/dags/2operators&variables.py
[2025-03-24T02:47:06.769+0000] {processor.py:914} INFO - Processing file /opt/airflow/dags/2operators&variables.py for tasks to queue
[2025-03-24T02:47:06.778+0000] {logging_mixin.py:190} INFO - [2025-03-24T02:47:06.778+0000] {dagbag.py:588} INFO - Filling up the DagBag from /opt/airflow/dags/2operators&variables.py
[2025-03-24T02:47:06.868+0000] {processor.py:925} INFO - DAG(s) 'operators_and_variables_demo' retrieved from /opt/airflow/dags/2operators&variables.py
[2025-03-24T02:47:06.939+0000] {logging_mixin.py:190} INFO - [2025-03-24T02:47:06.938+0000] {dag.py:3239} INFO - Sync 1 DAGs
[2025-03-24T02:47:07.010+0000] {logging_mixin.py:190} INFO - [2025-03-24T02:47:07.009+0000] {dag.py:4180} INFO - Setting next_dagrun for operators_and_variables_demo to 2025-03-22 22:00:00+00:00, run_after=2025-03-23 22:00:00+00:00
[2025-03-24T02:47:07.192+0000] {processor.py:208} INFO - Processing /opt/airflow/dags/2operators&variables.py took 0.440 seconds
[2025-03-24T02:47:38.611+0000] {processor.py:186} INFO - Started process (PID=283) to work on /opt/airflow/dags/2operators&variables.py
[2025-03-24T02:47:38.613+0000] {processor.py:914} INFO - Processing file /opt/airflow/dags/2operators&variables.py for tasks to queue
[2025-03-24T02:47:38.618+0000] {logging_mixin.py:190} INFO - [2025-03-24T02:47:38.617+0000] {dagbag.py:588} INFO - Filling up the DagBag from /opt/airflow/dags/2operators&variables.py
[2025-03-24T02:47:38.677+0000] {processor.py:925} INFO - DAG(s) 'operators_and_variables_demo' retrieved from /opt/airflow/dags/2operators&variables.py
[2025-03-24T02:47:38.743+0000] {logging_mixin.py:190} INFO - [2025-03-24T02:47:38.743+0000] {dag.py:3239} INFO - Sync 1 DAGs
[2025-03-24T02:47:38.795+0000] {logging_mixin.py:190} INFO - [2025-03-24T02:47:38.794+0000] {dag.py:4180} INFO - Setting next_dagrun for operators_and_variables_demo to 2025-03-22 22:00:00+00:00, run_after=2025-03-23 22:00:00+00:00
[2025-03-24T02:47:38.905+0000] {processor.py:208} INFO - Processing /opt/airflow/dags/2operators&variables.py took 0.303 seconds
[2025-03-24T02:48:09.718+0000] {processor.py:186} INFO - Started process (PID=291) to work on /opt/airflow/dags/2operators&variables.py
[2025-03-24T02:48:09.720+0000] {processor.py:914} INFO - Processing file /opt/airflow/dags/2operators&variables.py for tasks to queue
[2025-03-24T02:48:09.726+0000] {logging_mixin.py:190} INFO - [2025-03-24T02:48:09.725+0000] {dagbag.py:588} INFO - Filling up the DagBag from /opt/airflow/dags/2operators&variables.py
[2025-03-24T02:48:09.805+0000] {processor.py:925} INFO - DAG(s) 'operators_and_variables_demo' retrieved from /opt/airflow/dags/2operators&variables.py
[2025-03-24T02:48:09.875+0000] {logging_mixin.py:190} INFO - [2025-03-24T02:48:09.874+0000] {dag.py:3239} INFO - Sync 1 DAGs
[2025-03-24T02:48:09.936+0000] {logging_mixin.py:190} INFO - [2025-03-24T02:48:09.935+0000] {dag.py:4180} INFO - Setting next_dagrun for operators_and_variables_demo to 2025-03-22 22:00:00+00:00, run_after=2025-03-23 22:00:00+00:00
[2025-03-24T02:48:10.071+0000] {processor.py:208} INFO - Processing /opt/airflow/dags/2operators&variables.py took 0.372 seconds
[2025-03-24T02:48:40.864+0000] {processor.py:186} INFO - Started process (PID=299) to work on /opt/airflow/dags/2operators&variables.py
[2025-03-24T02:48:40.865+0000] {processor.py:914} INFO - Processing file /opt/airflow/dags/2operators&variables.py for tasks to queue
[2025-03-24T02:48:40.867+0000] {logging_mixin.py:190} INFO - [2025-03-24T02:48:40.867+0000] {dagbag.py:588} INFO - Filling up the DagBag from /opt/airflow/dags/2operators&variables.py
[2025-03-24T02:48:40.912+0000] {processor.py:925} INFO - DAG(s) 'operators_and_variables_demo' retrieved from /opt/airflow/dags/2operators&variables.py
[2025-03-24T02:48:40.965+0000] {logging_mixin.py:190} INFO - [2025-03-24T02:48:40.964+0000] {dag.py:3239} INFO - Sync 1 DAGs
[2025-03-24T02:48:41.043+0000] {logging_mixin.py:190} INFO - [2025-03-24T02:48:41.040+0000] {dag.py:4180} INFO - Setting next_dagrun for operators_and_variables_demo to 2025-03-22 22:00:00+00:00, run_after=2025-03-23 22:00:00+00:00
[2025-03-24T02:48:41.192+0000] {processor.py:208} INFO - Processing /opt/airflow/dags/2operators&variables.py took 0.336 seconds
[2025-03-24T02:49:12.004+0000] {processor.py:186} INFO - Started process (PID=306) to work on /opt/airflow/dags/2operators&variables.py
[2025-03-24T02:49:12.006+0000] {processor.py:914} INFO - Processing file /opt/airflow/dags/2operators&variables.py for tasks to queue
[2025-03-24T02:49:12.009+0000] {logging_mixin.py:190} INFO - [2025-03-24T02:49:12.008+0000] {dagbag.py:588} INFO - Filling up the DagBag from /opt/airflow/dags/2operators&variables.py
[2025-03-24T02:49:12.068+0000] {processor.py:925} INFO - DAG(s) 'operators_and_variables_demo' retrieved from /opt/airflow/dags/2operators&variables.py
[2025-03-24T02:49:12.147+0000] {logging_mixin.py:190} INFO - [2025-03-24T02:49:12.147+0000] {dag.py:3239} INFO - Sync 1 DAGs
[2025-03-24T02:49:12.205+0000] {logging_mixin.py:190} INFO - [2025-03-24T02:49:12.205+0000] {dag.py:4180} INFO - Setting next_dagrun for operators_and_variables_demo to 2025-03-22 22:00:00+00:00, run_after=2025-03-23 22:00:00+00:00
[2025-03-24T02:49:12.326+0000] {processor.py:208} INFO - Processing /opt/airflow/dags/2operators&variables.py took 0.335 seconds
[2025-03-24T02:49:42.774+0000] {processor.py:186} INFO - Started process (PID=313) to work on /opt/airflow/dags/2operators&variables.py
[2025-03-24T02:49:42.776+0000] {processor.py:914} INFO - Processing file /opt/airflow/dags/2operators&variables.py for tasks to queue
[2025-03-24T02:49:42.782+0000] {logging_mixin.py:190} INFO - [2025-03-24T02:49:42.780+0000] {dagbag.py:588} INFO - Filling up the DagBag from /opt/airflow/dags/2operators&variables.py
[2025-03-24T02:49:42.849+0000] {processor.py:925} INFO - DAG(s) 'operators_and_variables_demo' retrieved from /opt/airflow/dags/2operators&variables.py
[2025-03-24T02:49:42.914+0000] {logging_mixin.py:190} INFO - [2025-03-24T02:49:42.913+0000] {dag.py:3239} INFO - Sync 1 DAGs
[2025-03-24T02:49:42.955+0000] {logging_mixin.py:190} INFO - [2025-03-24T02:49:42.955+0000] {dag.py:4180} INFO - Setting next_dagrun for operators_and_variables_demo to 2025-03-22 22:00:00+00:00, run_after=2025-03-23 22:00:00+00:00
[2025-03-24T02:49:43.130+0000] {processor.py:208} INFO - Processing /opt/airflow/dags/2operators&variables.py took 0.366 seconds
[2025-03-24T02:50:13.633+0000] {processor.py:186} INFO - Started process (PID=320) to work on /opt/airflow/dags/2operators&variables.py
[2025-03-24T02:50:13.635+0000] {processor.py:914} INFO - Processing file /opt/airflow/dags/2operators&variables.py for tasks to queue
[2025-03-24T02:50:13.637+0000] {logging_mixin.py:190} INFO - [2025-03-24T02:50:13.637+0000] {dagbag.py:588} INFO - Filling up the DagBag from /opt/airflow/dags/2operators&variables.py
[2025-03-24T02:50:13.707+0000] {processor.py:925} INFO - DAG(s) 'operators_and_variables_demo' retrieved from /opt/airflow/dags/2operators&variables.py
[2025-03-24T02:50:13.768+0000] {logging_mixin.py:190} INFO - [2025-03-24T02:50:13.768+0000] {dag.py:3239} INFO - Sync 1 DAGs
[2025-03-24T02:50:13.852+0000] {logging_mixin.py:190} INFO - [2025-03-24T02:50:13.852+0000] {dag.py:4180} INFO - Setting next_dagrun for operators_and_variables_demo to 2025-03-22 22:00:00+00:00, run_after=2025-03-23 22:00:00+00:00
[2025-03-24T02:50:13.949+0000] {processor.py:208} INFO - Processing /opt/airflow/dags/2operators&variables.py took 0.326 seconds
[2025-03-24T02:50:44.967+0000] {processor.py:186} INFO - Started process (PID=327) to work on /opt/airflow/dags/2operators&variables.py
[2025-03-24T02:50:44.971+0000] {processor.py:914} INFO - Processing file /opt/airflow/dags/2operators&variables.py for tasks to queue
[2025-03-24T02:50:44.975+0000] {logging_mixin.py:190} INFO - [2025-03-24T02:50:44.974+0000] {dagbag.py:588} INFO - Filling up the DagBag from /opt/airflow/dags/2operators&variables.py
[2025-03-24T02:50:45.074+0000] {processor.py:925} INFO - DAG(s) 'operators_and_variables_demo' retrieved from /opt/airflow/dags/2operators&variables.py
[2025-03-24T02:50:45.144+0000] {logging_mixin.py:190} INFO - [2025-03-24T02:50:45.144+0000] {dag.py:3239} INFO - Sync 1 DAGs
[2025-03-24T02:50:45.189+0000] {logging_mixin.py:190} INFO - [2025-03-24T02:50:45.189+0000] {dag.py:4180} INFO - Setting next_dagrun for operators_and_variables_demo to 2025-03-22 22:00:00+00:00, run_after=2025-03-23 22:00:00+00:00
[2025-03-24T02:50:45.308+0000] {processor.py:208} INFO - Processing /opt/airflow/dags/2operators&variables.py took 0.353 seconds
[2025-03-24T02:51:16.321+0000] {processor.py:186} INFO - Started process (PID=334) to work on /opt/airflow/dags/2operators&variables.py
[2025-03-24T02:51:16.324+0000] {processor.py:914} INFO - Processing file /opt/airflow/dags/2operators&variables.py for tasks to queue
[2025-03-24T02:51:16.327+0000] {logging_mixin.py:190} INFO - [2025-03-24T02:51:16.326+0000] {dagbag.py:588} INFO - Filling up the DagBag from /opt/airflow/dags/2operators&variables.py
[2025-03-24T02:51:16.422+0000] {processor.py:925} INFO - DAG(s) 'operators_and_variables_demo' retrieved from /opt/airflow/dags/2operators&variables.py
[2025-03-24T02:51:16.478+0000] {logging_mixin.py:190} INFO - [2025-03-24T02:51:16.478+0000] {dag.py:3239} INFO - Sync 1 DAGs
[2025-03-24T02:51:16.543+0000] {logging_mixin.py:190} INFO - [2025-03-24T02:51:16.542+0000] {dag.py:4180} INFO - Setting next_dagrun for operators_and_variables_demo to 2025-03-22 22:00:00+00:00, run_after=2025-03-23 22:00:00+00:00
[2025-03-24T02:51:16.714+0000] {processor.py:208} INFO - Processing /opt/airflow/dags/2operators&variables.py took 0.402 seconds
[2025-03-24T02:51:47.306+0000] {processor.py:186} INFO - Started process (PID=341) to work on /opt/airflow/dags/2operators&variables.py
[2025-03-24T02:51:47.309+0000] {processor.py:914} INFO - Processing file /opt/airflow/dags/2operators&variables.py for tasks to queue
[2025-03-24T02:51:47.312+0000] {logging_mixin.py:190} INFO - [2025-03-24T02:51:47.312+0000] {dagbag.py:588} INFO - Filling up the DagBag from /opt/airflow/dags/2operators&variables.py
[2025-03-24T02:51:47.390+0000] {processor.py:925} INFO - DAG(s) 'operators_and_variables_demo' retrieved from /opt/airflow/dags/2operators&variables.py
[2025-03-24T02:51:47.447+0000] {logging_mixin.py:190} INFO - [2025-03-24T02:51:47.447+0000] {dag.py:3239} INFO - Sync 1 DAGs
[2025-03-24T02:51:47.511+0000] {logging_mixin.py:190} INFO - [2025-03-24T02:51:47.510+0000] {dag.py:4180} INFO - Setting next_dagrun for operators_and_variables_demo to 2025-03-22 22:00:00+00:00, run_after=2025-03-23 22:00:00+00:00
[2025-03-24T02:51:47.640+0000] {processor.py:208} INFO - Processing /opt/airflow/dags/2operators&variables.py took 0.346 seconds
[2025-03-24T02:52:18.282+0000] {processor.py:186} INFO - Started process (PID=348) to work on /opt/airflow/dags/2operators&variables.py
[2025-03-24T02:52:18.284+0000] {processor.py:914} INFO - Processing file /opt/airflow/dags/2operators&variables.py for tasks to queue
[2025-03-24T02:52:18.287+0000] {logging_mixin.py:190} INFO - [2025-03-24T02:52:18.286+0000] {dagbag.py:588} INFO - Filling up the DagBag from /opt/airflow/dags/2operators&variables.py
[2025-03-24T02:52:18.345+0000] {processor.py:925} INFO - DAG(s) 'operators_and_variables_demo' retrieved from /opt/airflow/dags/2operators&variables.py
[2025-03-24T02:52:18.408+0000] {logging_mixin.py:190} INFO - [2025-03-24T02:52:18.407+0000] {dag.py:3239} INFO - Sync 1 DAGs
[2025-03-24T02:52:18.481+0000] {logging_mixin.py:190} INFO - [2025-03-24T02:52:18.480+0000] {dag.py:4180} INFO - Setting next_dagrun for operators_and_variables_demo to 2025-03-22 22:00:00+00:00, run_after=2025-03-23 22:00:00+00:00
[2025-03-24T02:52:18.611+0000] {processor.py:208} INFO - Processing /opt/airflow/dags/2operators&variables.py took 0.340 seconds
[2025-03-24T02:52:49.331+0000] {processor.py:186} INFO - Started process (PID=355) to work on /opt/airflow/dags/2operators&variables.py
[2025-03-24T02:52:49.335+0000] {processor.py:914} INFO - Processing file /opt/airflow/dags/2operators&variables.py for tasks to queue
[2025-03-24T02:52:49.338+0000] {logging_mixin.py:190} INFO - [2025-03-24T02:52:49.337+0000] {dagbag.py:588} INFO - Filling up the DagBag from /opt/airflow/dags/2operators&variables.py
[2025-03-24T02:52:49.404+0000] {processor.py:925} INFO - DAG(s) 'operators_and_variables_demo' retrieved from /opt/airflow/dags/2operators&variables.py
[2025-03-24T02:52:49.469+0000] {logging_mixin.py:190} INFO - [2025-03-24T02:52:49.469+0000] {dag.py:3239} INFO - Sync 1 DAGs
[2025-03-24T02:52:49.525+0000] {logging_mixin.py:190} INFO - [2025-03-24T02:52:49.524+0000] {dag.py:4180} INFO - Setting next_dagrun for operators_and_variables_demo to 2025-03-22 22:00:00+00:00, run_after=2025-03-23 22:00:00+00:00
[2025-03-24T02:52:49.642+0000] {processor.py:208} INFO - Processing /opt/airflow/dags/2operators&variables.py took 0.326 seconds
[2025-03-24T02:53:20.380+0000] {processor.py:186} INFO - Started process (PID=362) to work on /opt/airflow/dags/2operators&variables.py
[2025-03-24T02:53:20.382+0000] {processor.py:914} INFO - Processing file /opt/airflow/dags/2operators&variables.py for tasks to queue
[2025-03-24T02:53:20.386+0000] {logging_mixin.py:190} INFO - [2025-03-24T02:53:20.386+0000] {dagbag.py:588} INFO - Filling up the DagBag from /opt/airflow/dags/2operators&variables.py
[2025-03-24T02:53:20.452+0000] {processor.py:925} INFO - DAG(s) 'operators_and_variables_demo' retrieved from /opt/airflow/dags/2operators&variables.py
[2025-03-24T02:53:20.521+0000] {logging_mixin.py:190} INFO - [2025-03-24T02:53:20.520+0000] {dag.py:3239} INFO - Sync 1 DAGs
[2025-03-24T02:53:20.574+0000] {logging_mixin.py:190} INFO - [2025-03-24T02:53:20.574+0000] {dag.py:4180} INFO - Setting next_dagrun for operators_and_variables_demo to 2025-03-22 22:00:00+00:00, run_after=2025-03-23 22:00:00+00:00
[2025-03-24T02:53:20.706+0000] {processor.py:208} INFO - Processing /opt/airflow/dags/2operators&variables.py took 0.337 seconds
