[2025-03-24T02:54:03.583+0000] {processor.py:186} INFO - Started process (PID=371) to work on /opt/airflow/dags/4.sensors.py
[2025-03-24T02:54:03.585+0000] {processor.py:914} INFO - Processing file /opt/airflow/dags/4.sensors.py for tasks to queue
[2025-03-24T02:54:03.587+0000] {logging_mixin.py:190} INFO - [2025-03-24T02:54:03.587+0000] {dagbag.py:588} INFO - Filling up the DagBag from /opt/airflow/dags/4.sensors.py
[2025-03-24T02:54:03.792+0000] {processor.py:925} INFO - DAG(s) 'sensors_demo' retrieved from /opt/airflow/dags/4.sensors.py
[2025-03-24T02:54:04.101+0000] {logging_mixin.py:190} INFO - [2025-03-24T02:54:04.101+0000] {dag.py:3239} INFO - Sync 1 DAGs
[2025-03-24T02:54:04.172+0000] {logging_mixin.py:190} INFO - [2025-03-24T02:54:04.172+0000] {dag.py:4180} INFO - Setting next_dagrun for sensors_demo to 2025-03-23 23:00:00+00:00, run_after=2025-03-24 23:00:00+00:00
[2025-03-24T02:54:04.366+0000] {processor.py:208} INFO - Processing /opt/airflow/dags/4.sensors.py took 0.790 seconds
[2025-03-24T02:54:34.879+0000] {processor.py:186} INFO - Started process (PID=375) to work on /opt/airflow/dags/4.sensors.py
[2025-03-24T02:54:34.881+0000] {processor.py:914} INFO - Processing file /opt/airflow/dags/4.sensors.py for tasks to queue
[2025-03-24T02:54:34.883+0000] {logging_mixin.py:190} INFO - [2025-03-24T02:54:34.883+0000] {dagbag.py:588} INFO - Filling up the DagBag from /opt/airflow/dags/4.sensors.py
[2025-03-24T02:54:34.953+0000] {processor.py:925} INFO - DAG(s) 'sensors_demo' retrieved from /opt/airflow/dags/4.sensors.py
[2025-03-24T02:54:35.016+0000] {logging_mixin.py:190} INFO - [2025-03-24T02:54:35.016+0000] {dag.py:3239} INFO - Sync 1 DAGs
[2025-03-24T02:54:35.075+0000] {logging_mixin.py:190} INFO - [2025-03-24T02:54:35.075+0000] {dag.py:4180} INFO - Setting next_dagrun for sensors_demo to 2025-03-23 23:00:00+00:00, run_after=2025-03-24 23:00:00+00:00
[2025-03-24T02:54:35.252+0000] {processor.py:208} INFO - Processing /opt/airflow/dags/4.sensors.py took 0.385 seconds
[2025-03-24T02:55:06.118+0000] {processor.py:186} INFO - Started process (PID=379) to work on /opt/airflow/dags/4.sensors.py
[2025-03-24T02:55:06.120+0000] {processor.py:914} INFO - Processing file /opt/airflow/dags/4.sensors.py for tasks to queue
[2025-03-24T02:55:06.122+0000] {logging_mixin.py:190} INFO - [2025-03-24T02:55:06.122+0000] {dagbag.py:588} INFO - Filling up the DagBag from /opt/airflow/dags/4.sensors.py
[2025-03-24T02:55:06.210+0000] {processor.py:925} INFO - DAG(s) 'sensors_demo' retrieved from /opt/airflow/dags/4.sensors.py
[2025-03-24T02:55:06.300+0000] {logging_mixin.py:190} INFO - [2025-03-24T02:55:06.300+0000] {dag.py:3239} INFO - Sync 1 DAGs
[2025-03-24T02:55:06.381+0000] {logging_mixin.py:190} INFO - [2025-03-24T02:55:06.381+0000] {dag.py:4180} INFO - Setting next_dagrun for sensors_demo to 2025-03-23 23:00:00+00:00, run_after=2025-03-24 23:00:00+00:00
[2025-03-24T02:55:06.548+0000] {processor.py:208} INFO - Processing /opt/airflow/dags/4.sensors.py took 0.440 seconds
[2025-03-24T02:55:37.860+0000] {processor.py:186} INFO - Started process (PID=383) to work on /opt/airflow/dags/4.sensors.py
[2025-03-24T02:55:37.862+0000] {processor.py:914} INFO - Processing file /opt/airflow/dags/4.sensors.py for tasks to queue
[2025-03-24T02:55:37.865+0000] {logging_mixin.py:190} INFO - [2025-03-24T02:55:37.864+0000] {dagbag.py:588} INFO - Filling up the DagBag from /opt/airflow/dags/4.sensors.py
[2025-03-24T02:55:37.926+0000] {processor.py:925} INFO - DAG(s) 'sensors_demo' retrieved from /opt/airflow/dags/4.sensors.py
[2025-03-24T02:55:37.987+0000] {logging_mixin.py:190} INFO - [2025-03-24T02:55:37.986+0000] {dag.py:3239} INFO - Sync 1 DAGs
[2025-03-24T02:55:38.040+0000] {logging_mixin.py:190} INFO - [2025-03-24T02:55:38.039+0000] {dag.py:4180} INFO - Setting next_dagrun for sensors_demo to 2025-03-23 23:00:00+00:00, run_after=2025-03-24 23:00:00+00:00
[2025-03-24T02:55:38.228+0000] {processor.py:208} INFO - Processing /opt/airflow/dags/4.sensors.py took 0.378 seconds
[2025-03-24T02:56:08.665+0000] {processor.py:186} INFO - Started process (PID=387) to work on /opt/airflow/dags/4.sensors.py
[2025-03-24T02:56:08.668+0000] {processor.py:914} INFO - Processing file /opt/airflow/dags/4.sensors.py for tasks to queue
[2025-03-24T02:56:08.671+0000] {logging_mixin.py:190} INFO - [2025-03-24T02:56:08.670+0000] {dagbag.py:588} INFO - Filling up the DagBag from /opt/airflow/dags/4.sensors.py
[2025-03-24T02:56:08.720+0000] {processor.py:925} INFO - DAG(s) 'sensors_demo' retrieved from /opt/airflow/dags/4.sensors.py
[2025-03-24T02:56:08.780+0000] {logging_mixin.py:190} INFO - [2025-03-24T02:56:08.780+0000] {dag.py:3239} INFO - Sync 1 DAGs
[2025-03-24T02:56:08.847+0000] {logging_mixin.py:190} INFO - [2025-03-24T02:56:08.846+0000] {dag.py:4180} INFO - Setting next_dagrun for sensors_demo to 2025-03-23 23:00:00+00:00, run_after=2025-03-24 23:00:00+00:00
[2025-03-24T02:56:08.998+0000] {processor.py:208} INFO - Processing /opt/airflow/dags/4.sensors.py took 0.346 seconds
[2025-03-24T02:56:39.296+0000] {processor.py:186} INFO - Started process (PID=391) to work on /opt/airflow/dags/4.sensors.py
[2025-03-24T02:56:39.298+0000] {processor.py:914} INFO - Processing file /opt/airflow/dags/4.sensors.py for tasks to queue
[2025-03-24T02:56:39.302+0000] {logging_mixin.py:190} INFO - [2025-03-24T02:56:39.301+0000] {dagbag.py:588} INFO - Filling up the DagBag from /opt/airflow/dags/4.sensors.py
[2025-03-24T02:56:39.334+0000] {processor.py:925} INFO - DAG(s) 'sensors_demo' retrieved from /opt/airflow/dags/4.sensors.py
[2025-03-24T02:56:39.384+0000] {logging_mixin.py:190} INFO - [2025-03-24T02:56:39.383+0000] {dag.py:3239} INFO - Sync 1 DAGs
[2025-03-24T02:56:39.445+0000] {logging_mixin.py:190} INFO - [2025-03-24T02:56:39.444+0000] {dag.py:4180} INFO - Setting next_dagrun for sensors_demo to 2025-03-23 23:00:00+00:00, run_after=2025-03-24 23:00:00+00:00
[2025-03-24T02:56:39.556+0000] {processor.py:208} INFO - Processing /opt/airflow/dags/4.sensors.py took 0.274 seconds
[2025-03-24T02:57:10.878+0000] {processor.py:186} INFO - Started process (PID=395) to work on /opt/airflow/dags/4.sensors.py
[2025-03-24T02:57:10.881+0000] {processor.py:914} INFO - Processing file /opt/airflow/dags/4.sensors.py for tasks to queue
[2025-03-24T02:57:10.885+0000] {logging_mixin.py:190} INFO - [2025-03-24T02:57:10.884+0000] {dagbag.py:588} INFO - Filling up the DagBag from /opt/airflow/dags/4.sensors.py
[2025-03-24T02:57:10.973+0000] {processor.py:925} INFO - DAG(s) 'sensors_demo' retrieved from /opt/airflow/dags/4.sensors.py
[2025-03-24T02:57:11.040+0000] {logging_mixin.py:190} INFO - [2025-03-24T02:57:11.040+0000] {dag.py:3239} INFO - Sync 1 DAGs
[2025-03-24T02:57:11.124+0000] {logging_mixin.py:190} INFO - [2025-03-24T02:57:11.123+0000] {dag.py:4180} INFO - Setting next_dagrun for sensors_demo to 2025-03-23 23:00:00+00:00, run_after=2025-03-24 23:00:00+00:00
[2025-03-24T02:57:11.231+0000] {processor.py:208} INFO - Processing /opt/airflow/dags/4.sensors.py took 0.368 seconds
[2025-03-24T02:57:41.825+0000] {processor.py:186} INFO - Started process (PID=399) to work on /opt/airflow/dags/4.sensors.py
[2025-03-24T02:57:41.830+0000] {processor.py:914} INFO - Processing file /opt/airflow/dags/4.sensors.py for tasks to queue
[2025-03-24T02:57:41.835+0000] {logging_mixin.py:190} INFO - [2025-03-24T02:57:41.834+0000] {dagbag.py:588} INFO - Filling up the DagBag from /opt/airflow/dags/4.sensors.py
[2025-03-24T02:57:41.901+0000] {processor.py:925} INFO - DAG(s) 'sensors_demo' retrieved from /opt/airflow/dags/4.sensors.py
[2025-03-24T02:57:41.964+0000] {logging_mixin.py:190} INFO - [2025-03-24T02:57:41.964+0000] {dag.py:3239} INFO - Sync 1 DAGs
[2025-03-24T02:57:42.017+0000] {logging_mixin.py:190} INFO - [2025-03-24T02:57:42.016+0000] {dag.py:4180} INFO - Setting next_dagrun for sensors_demo to 2025-03-23 23:00:00+00:00, run_after=2025-03-24 23:00:00+00:00
[2025-03-24T02:57:42.153+0000] {processor.py:208} INFO - Processing /opt/airflow/dags/4.sensors.py took 0.340 seconds
[2025-03-24T02:58:12.906+0000] {processor.py:186} INFO - Started process (PID=403) to work on /opt/airflow/dags/4.sensors.py
[2025-03-24T02:58:12.908+0000] {processor.py:914} INFO - Processing file /opt/airflow/dags/4.sensors.py for tasks to queue
[2025-03-24T02:58:12.911+0000] {logging_mixin.py:190} INFO - [2025-03-24T02:58:12.910+0000] {dagbag.py:588} INFO - Filling up the DagBag from /opt/airflow/dags/4.sensors.py
[2025-03-24T02:58:12.979+0000] {processor.py:925} INFO - DAG(s) 'sensors_demo' retrieved from /opt/airflow/dags/4.sensors.py
[2025-03-24T02:58:13.046+0000] {logging_mixin.py:190} INFO - [2025-03-24T02:58:13.045+0000] {dag.py:3239} INFO - Sync 1 DAGs
[2025-03-24T02:58:13.105+0000] {logging_mixin.py:190} INFO - [2025-03-24T02:58:13.105+0000] {dag.py:4180} INFO - Setting next_dagrun for sensors_demo to 2025-03-23 23:00:00+00:00, run_after=2025-03-24 23:00:00+00:00
[2025-03-24T02:58:13.266+0000] {processor.py:208} INFO - Processing /opt/airflow/dags/4.sensors.py took 0.368 seconds
[2025-03-24T02:58:44.097+0000] {processor.py:186} INFO - Started process (PID=407) to work on /opt/airflow/dags/4.sensors.py
[2025-03-24T02:58:44.099+0000] {processor.py:914} INFO - Processing file /opt/airflow/dags/4.sensors.py for tasks to queue
[2025-03-24T02:58:44.102+0000] {logging_mixin.py:190} INFO - [2025-03-24T02:58:44.101+0000] {dagbag.py:588} INFO - Filling up the DagBag from /opt/airflow/dags/4.sensors.py
[2025-03-24T02:58:44.159+0000] {processor.py:925} INFO - DAG(s) 'sensors_demo' retrieved from /opt/airflow/dags/4.sensors.py
[2025-03-24T02:58:44.230+0000] {logging_mixin.py:190} INFO - [2025-03-24T02:58:44.230+0000] {dag.py:3239} INFO - Sync 1 DAGs
[2025-03-24T02:58:44.299+0000] {logging_mixin.py:190} INFO - [2025-03-24T02:58:44.298+0000] {dag.py:4180} INFO - Setting next_dagrun for sensors_demo to 2025-03-23 23:00:00+00:00, run_after=2025-03-24 23:00:00+00:00
[2025-03-24T02:58:44.431+0000] {processor.py:208} INFO - Processing /opt/airflow/dags/4.sensors.py took 0.343 seconds
[2025-03-24T02:59:15.296+0000] {processor.py:186} INFO - Started process (PID=416) to work on /opt/airflow/dags/4.sensors.py
[2025-03-24T02:59:15.298+0000] {processor.py:914} INFO - Processing file /opt/airflow/dags/4.sensors.py for tasks to queue
[2025-03-24T02:59:15.301+0000] {logging_mixin.py:190} INFO - [2025-03-24T02:59:15.300+0000] {dagbag.py:588} INFO - Filling up the DagBag from /opt/airflow/dags/4.sensors.py
[2025-03-24T02:59:15.389+0000] {processor.py:925} INFO - DAG(s) 'sensors_demo' retrieved from /opt/airflow/dags/4.sensors.py
[2025-03-24T02:59:15.457+0000] {logging_mixin.py:190} INFO - [2025-03-24T02:59:15.457+0000] {dag.py:3239} INFO - Sync 1 DAGs
[2025-03-24T02:59:15.503+0000] {logging_mixin.py:190} INFO - [2025-03-24T02:59:15.503+0000] {dag.py:4180} INFO - Setting next_dagrun for sensors_demo to 2025-03-23 23:00:00+00:00, run_after=2025-03-24 23:00:00+00:00
[2025-03-24T02:59:15.686+0000] {processor.py:208} INFO - Processing /opt/airflow/dags/4.sensors.py took 0.402 seconds
[2025-03-24T02:59:46.142+0000] {processor.py:186} INFO - Started process (PID=425) to work on /opt/airflow/dags/4.sensors.py
[2025-03-24T02:59:46.144+0000] {processor.py:914} INFO - Processing file /opt/airflow/dags/4.sensors.py for tasks to queue
[2025-03-24T02:59:46.146+0000] {logging_mixin.py:190} INFO - [2025-03-24T02:59:46.146+0000] {dagbag.py:588} INFO - Filling up the DagBag from /opt/airflow/dags/4.sensors.py
[2025-03-24T02:59:46.199+0000] {processor.py:925} INFO - DAG(s) 'sensors_demo' retrieved from /opt/airflow/dags/4.sensors.py
[2025-03-24T02:59:46.246+0000] {logging_mixin.py:190} INFO - [2025-03-24T02:59:46.246+0000] {dag.py:3239} INFO - Sync 1 DAGs
[2025-03-24T02:59:46.288+0000] {logging_mixin.py:190} INFO - [2025-03-24T02:59:46.288+0000] {dag.py:4180} INFO - Setting next_dagrun for sensors_demo to 2025-03-23 23:00:00+00:00, run_after=2025-03-24 23:00:00+00:00
[2025-03-24T02:59:46.420+0000] {processor.py:208} INFO - Processing /opt/airflow/dags/4.sensors.py took 0.285 seconds
[2025-03-24T03:00:16.949+0000] {processor.py:186} INFO - Started process (PID=434) to work on /opt/airflow/dags/4.sensors.py
[2025-03-24T03:00:16.951+0000] {processor.py:914} INFO - Processing file /opt/airflow/dags/4.sensors.py for tasks to queue
[2025-03-24T03:00:16.953+0000] {logging_mixin.py:190} INFO - [2025-03-24T03:00:16.953+0000] {dagbag.py:588} INFO - Filling up the DagBag from /opt/airflow/dags/4.sensors.py
[2025-03-24T03:00:17.013+0000] {processor.py:925} INFO - DAG(s) 'sensors_demo' retrieved from /opt/airflow/dags/4.sensors.py
[2025-03-24T03:00:17.092+0000] {logging_mixin.py:190} INFO - [2025-03-24T03:00:17.092+0000] {dag.py:3239} INFO - Sync 1 DAGs
[2025-03-24T03:00:17.137+0000] {logging_mixin.py:190} INFO - [2025-03-24T03:00:17.137+0000] {dag.py:4180} INFO - Setting next_dagrun for sensors_demo to 2025-03-23 23:00:00+00:00, run_after=2025-03-24 23:00:00+00:00
[2025-03-24T03:00:17.266+0000] {processor.py:208} INFO - Processing /opt/airflow/dags/4.sensors.py took 0.324 seconds
[2025-03-24T03:00:47.664+0000] {processor.py:186} INFO - Started process (PID=443) to work on /opt/airflow/dags/4.sensors.py
[2025-03-24T03:00:47.668+0000] {processor.py:914} INFO - Processing file /opt/airflow/dags/4.sensors.py for tasks to queue
[2025-03-24T03:00:47.670+0000] {logging_mixin.py:190} INFO - [2025-03-24T03:00:47.669+0000] {dagbag.py:588} INFO - Filling up the DagBag from /opt/airflow/dags/4.sensors.py
[2025-03-24T03:00:47.702+0000] {processor.py:925} INFO - DAG(s) 'sensors_demo' retrieved from /opt/airflow/dags/4.sensors.py
[2025-03-24T03:00:47.741+0000] {logging_mixin.py:190} INFO - [2025-03-24T03:00:47.741+0000] {dag.py:3239} INFO - Sync 1 DAGs
[2025-03-24T03:00:47.776+0000] {logging_mixin.py:190} INFO - [2025-03-24T03:00:47.776+0000] {dag.py:4180} INFO - Setting next_dagrun for sensors_demo to 2025-03-23 23:00:00+00:00, run_after=2025-03-24 23:00:00+00:00
[2025-03-24T03:00:47.885+0000] {processor.py:208} INFO - Processing /opt/airflow/dags/4.sensors.py took 0.232 seconds
[2025-03-24T03:03:46.575+0000] {processor.py:186} INFO - Started process (PID=452) to work on /opt/airflow/dags/4.sensors.py
[2025-03-24T03:03:46.577+0000] {processor.py:914} INFO - Processing file /opt/airflow/dags/4.sensors.py for tasks to queue
[2025-03-24T03:03:46.580+0000] {logging_mixin.py:190} INFO - [2025-03-24T03:03:46.579+0000] {dagbag.py:588} INFO - Filling up the DagBag from /opt/airflow/dags/4.sensors.py
[2025-03-24T03:03:46.628+0000] {processor.py:925} INFO - DAG(s) 'sensors_demo' retrieved from /opt/airflow/dags/4.sensors.py
[2025-03-24T03:03:46.689+0000] {logging_mixin.py:190} INFO - [2025-03-24T03:03:46.688+0000] {dag.py:3239} INFO - Sync 1 DAGs
[2025-03-24T03:03:46.738+0000] {logging_mixin.py:190} INFO - [2025-03-24T03:03:46.737+0000] {dag.py:4180} INFO - Setting next_dagrun for sensors_demo to 2025-03-23 23:00:00+00:00, run_after=2025-03-24 23:00:00+00:00
[2025-03-24T03:03:46.842+0000] {processor.py:208} INFO - Processing /opt/airflow/dags/4.sensors.py took 0.279 seconds
[2025-03-24T03:04:18.561+0000] {processor.py:186} INFO - Started process (PID=461) to work on /opt/airflow/dags/4.sensors.py
[2025-03-24T03:04:18.563+0000] {processor.py:914} INFO - Processing file /opt/airflow/dags/4.sensors.py for tasks to queue
[2025-03-24T03:04:18.565+0000] {logging_mixin.py:190} INFO - [2025-03-24T03:04:18.565+0000] {dagbag.py:588} INFO - Filling up the DagBag from /opt/airflow/dags/4.sensors.py
[2025-03-24T03:04:18.611+0000] {processor.py:925} INFO - DAG(s) 'sensors_demo' retrieved from /opt/airflow/dags/4.sensors.py
[2025-03-24T03:04:18.719+0000] {logging_mixin.py:190} INFO - [2025-03-24T03:04:18.719+0000] {dag.py:3239} INFO - Sync 1 DAGs
[2025-03-24T03:04:18.770+0000] {logging_mixin.py:190} INFO - [2025-03-24T03:04:18.769+0000] {dag.py:4180} INFO - Setting next_dagrun for sensors_demo to 2025-03-23 23:00:00+00:00, run_after=2025-03-24 23:00:00+00:00
[2025-03-24T03:04:19.008+0000] {processor.py:208} INFO - Processing /opt/airflow/dags/4.sensors.py took 0.455 seconds
[2025-03-24T03:04:49.866+0000] {processor.py:186} INFO - Started process (PID=470) to work on /opt/airflow/dags/4.sensors.py
[2025-03-24T03:04:49.868+0000] {processor.py:914} INFO - Processing file /opt/airflow/dags/4.sensors.py for tasks to queue
[2025-03-24T03:04:49.871+0000] {logging_mixin.py:190} INFO - [2025-03-24T03:04:49.870+0000] {dagbag.py:588} INFO - Filling up the DagBag from /opt/airflow/dags/4.sensors.py
[2025-03-24T03:04:49.907+0000] {processor.py:925} INFO - DAG(s) 'sensors_demo' retrieved from /opt/airflow/dags/4.sensors.py
[2025-03-24T03:04:49.948+0000] {logging_mixin.py:190} INFO - [2025-03-24T03:04:49.948+0000] {dag.py:3239} INFO - Sync 1 DAGs
[2025-03-24T03:04:49.993+0000] {logging_mixin.py:190} INFO - [2025-03-24T03:04:49.993+0000] {dag.py:4180} INFO - Setting next_dagrun for sensors_demo to 2025-03-23 23:00:00+00:00, run_after=2025-03-24 23:00:00+00:00
[2025-03-24T03:04:50.138+0000] {processor.py:208} INFO - Processing /opt/airflow/dags/4.sensors.py took 0.280 seconds
[2025-03-24T03:05:22.165+0000] {processor.py:186} INFO - Started process (PID=479) to work on /opt/airflow/dags/4.sensors.py
[2025-03-24T03:05:22.167+0000] {processor.py:914} INFO - Processing file /opt/airflow/dags/4.sensors.py for tasks to queue
[2025-03-24T03:05:22.169+0000] {logging_mixin.py:190} INFO - [2025-03-24T03:05:22.168+0000] {dagbag.py:588} INFO - Filling up the DagBag from /opt/airflow/dags/4.sensors.py
[2025-03-24T03:05:22.201+0000] {processor.py:925} INFO - DAG(s) 'sensors_demo' retrieved from /opt/airflow/dags/4.sensors.py
[2025-03-24T03:05:22.238+0000] {logging_mixin.py:190} INFO - [2025-03-24T03:05:22.237+0000] {dag.py:3239} INFO - Sync 1 DAGs
[2025-03-24T03:05:22.280+0000] {logging_mixin.py:190} INFO - [2025-03-24T03:05:22.279+0000] {dag.py:4180} INFO - Setting next_dagrun for sensors_demo to 2025-03-23 23:00:00+00:00, run_after=2025-03-24 23:00:00+00:00
[2025-03-24T03:05:22.518+0000] {processor.py:208} INFO - Processing /opt/airflow/dags/4.sensors.py took 0.360 seconds
[2025-03-24T03:05:53.299+0000] {processor.py:186} INFO - Started process (PID=489) to work on /opt/airflow/dags/4.sensors.py
[2025-03-24T03:05:53.301+0000] {processor.py:914} INFO - Processing file /opt/airflow/dags/4.sensors.py for tasks to queue
[2025-03-24T03:05:53.304+0000] {logging_mixin.py:190} INFO - [2025-03-24T03:05:53.303+0000] {dagbag.py:588} INFO - Filling up the DagBag from /opt/airflow/dags/4.sensors.py
[2025-03-24T03:05:53.363+0000] {processor.py:925} INFO - DAG(s) 'sensors_demo' retrieved from /opt/airflow/dags/4.sensors.py
[2025-03-24T03:05:53.427+0000] {logging_mixin.py:190} INFO - [2025-03-24T03:05:53.426+0000] {dag.py:3239} INFO - Sync 1 DAGs
[2025-03-24T03:05:53.483+0000] {logging_mixin.py:190} INFO - [2025-03-24T03:05:53.482+0000] {dag.py:4180} INFO - Setting next_dagrun for sensors_demo to 2025-03-23 23:00:00+00:00, run_after=2025-03-24 23:00:00+00:00
[2025-03-24T03:05:53.673+0000] {processor.py:208} INFO - Processing /opt/airflow/dags/4.sensors.py took 0.385 seconds
