[2025-03-24T02:39:21.205+0000] {processor.py:186} INFO - Started process (PID=147) to work on /opt/airflow/dags/4sensors.py
[2025-03-24T02:39:21.207+0000] {processor.py:914} INFO - Processing file /opt/airflow/dags/4sensors.py for tasks to queue
[2025-03-24T02:39:21.216+0000] {logging_mixin.py:190} INFO - [2025-03-24T02:39:21.215+0000] {dagbag.py:588} INFO - Filling up the DagBag from /opt/airflow/dags/4sensors.py
[2025-03-24T02:39:21.268+0000] {processor.py:925} INFO - DAG(s) 'sensors_demo' retrieved from /opt/airflow/dags/4sensors.py
[2025-03-24T02:39:21.539+0000] {logging_mixin.py:190} INFO - [2025-03-24T02:39:21.539+0000] {dag.py:3239} INFO - Sync 1 DAGs
[2025-03-24T02:39:21.583+0000] {logging_mixin.py:190} INFO - [2025-03-24T02:39:21.583+0000] {dag.py:4180} INFO - Setting next_dagrun for sensors_demo to 2025-03-23 23:00:00+00:00, run_after=2025-03-24 23:00:00+00:00
[2025-03-24T02:39:21.674+0000] {processor.py:208} INFO - Processing /opt/airflow/dags/4sensors.py took 0.481 seconds
[2025-03-24T02:39:52.811+0000] {processor.py:186} INFO - Started process (PID=164) to work on /opt/airflow/dags/4sensors.py
[2025-03-24T02:39:52.817+0000] {processor.py:914} INFO - Processing file /opt/airflow/dags/4sensors.py for tasks to queue
[2025-03-24T02:39:52.826+0000] {logging_mixin.py:190} INFO - [2025-03-24T02:39:52.826+0000] {dagbag.py:588} INFO - Filling up the DagBag from /opt/airflow/dags/4sensors.py
[2025-03-24T02:39:52.879+0000] {processor.py:925} INFO - DAG(s) 'sensors_demo' retrieved from /opt/airflow/dags/4sensors.py
[2025-03-24T02:39:52.955+0000] {logging_mixin.py:190} INFO - [2025-03-24T02:39:52.955+0000] {dag.py:3239} INFO - Sync 1 DAGs
[2025-03-24T02:39:53.028+0000] {logging_mixin.py:190} INFO - [2025-03-24T02:39:53.028+0000] {dag.py:4180} INFO - Setting next_dagrun for sensors_demo to 2025-03-23 23:00:00+00:00, run_after=2025-03-24 23:00:00+00:00
[2025-03-24T02:39:53.136+0000] {processor.py:208} INFO - Processing /opt/airflow/dags/4sensors.py took 0.332 seconds
[2025-03-24T02:40:23.312+0000] {processor.py:186} INFO - Started process (PID=172) to work on /opt/airflow/dags/4sensors.py
[2025-03-24T02:40:23.314+0000] {processor.py:914} INFO - Processing file /opt/airflow/dags/4sensors.py for tasks to queue
[2025-03-24T02:40:23.319+0000] {logging_mixin.py:190} INFO - [2025-03-24T02:40:23.318+0000] {dagbag.py:588} INFO - Filling up the DagBag from /opt/airflow/dags/4sensors.py
[2025-03-24T02:40:23.375+0000] {processor.py:925} INFO - DAG(s) 'sensors_demo' retrieved from /opt/airflow/dags/4sensors.py
[2025-03-24T02:40:23.428+0000] {logging_mixin.py:190} INFO - [2025-03-24T02:40:23.428+0000] {dag.py:3239} INFO - Sync 1 DAGs
[2025-03-24T02:40:23.478+0000] {logging_mixin.py:190} INFO - [2025-03-24T02:40:23.477+0000] {dag.py:4180} INFO - Setting next_dagrun for sensors_demo to 2025-03-23 23:00:00+00:00, run_after=2025-03-24 23:00:00+00:00
[2025-03-24T02:40:23.555+0000] {processor.py:208} INFO - Processing /opt/airflow/dags/4sensors.py took 0.254 seconds
[2025-03-24T02:40:53.822+0000] {processor.py:186} INFO - Started process (PID=180) to work on /opt/airflow/dags/4sensors.py
[2025-03-24T02:40:53.824+0000] {processor.py:914} INFO - Processing file /opt/airflow/dags/4sensors.py for tasks to queue
[2025-03-24T02:40:53.831+0000] {logging_mixin.py:190} INFO - [2025-03-24T02:40:53.829+0000] {dagbag.py:588} INFO - Filling up the DagBag from /opt/airflow/dags/4sensors.py
[2025-03-24T02:40:53.876+0000] {processor.py:925} INFO - DAG(s) 'sensors_demo' retrieved from /opt/airflow/dags/4sensors.py
[2025-03-24T02:40:53.928+0000] {logging_mixin.py:190} INFO - [2025-03-24T02:40:53.927+0000] {dag.py:3239} INFO - Sync 1 DAGs
[2025-03-24T02:40:53.971+0000] {logging_mixin.py:190} INFO - [2025-03-24T02:40:53.971+0000] {dag.py:4180} INFO - Setting next_dagrun for sensors_demo to 2025-03-23 23:00:00+00:00, run_after=2025-03-24 23:00:00+00:00
[2025-03-24T02:40:54.044+0000] {processor.py:208} INFO - Processing /opt/airflow/dags/4sensors.py took 0.231 seconds
[2025-03-24T02:41:24.712+0000] {processor.py:186} INFO - Started process (PID=188) to work on /opt/airflow/dags/4sensors.py
[2025-03-24T02:41:24.715+0000] {processor.py:914} INFO - Processing file /opt/airflow/dags/4sensors.py for tasks to queue
[2025-03-24T02:41:24.719+0000] {logging_mixin.py:190} INFO - [2025-03-24T02:41:24.718+0000] {dagbag.py:588} INFO - Filling up the DagBag from /opt/airflow/dags/4sensors.py
[2025-03-24T02:41:24.775+0000] {processor.py:925} INFO - DAG(s) 'sensors_demo' retrieved from /opt/airflow/dags/4sensors.py
[2025-03-24T02:41:24.846+0000] {logging_mixin.py:190} INFO - [2025-03-24T02:41:24.845+0000] {dag.py:3239} INFO - Sync 1 DAGs
[2025-03-24T02:41:24.883+0000] {logging_mixin.py:190} INFO - [2025-03-24T02:41:24.882+0000] {dag.py:4180} INFO - Setting next_dagrun for sensors_demo to 2025-03-23 23:00:00+00:00, run_after=2025-03-24 23:00:00+00:00
[2025-03-24T02:41:24.963+0000] {processor.py:208} INFO - Processing /opt/airflow/dags/4sensors.py took 0.262 seconds
[2025-03-24T02:41:55.623+0000] {processor.py:186} INFO - Started process (PID=196) to work on /opt/airflow/dags/4sensors.py
[2025-03-24T02:41:55.626+0000] {processor.py:914} INFO - Processing file /opt/airflow/dags/4sensors.py for tasks to queue
[2025-03-24T02:41:55.634+0000] {logging_mixin.py:190} INFO - [2025-03-24T02:41:55.633+0000] {dagbag.py:588} INFO - Filling up the DagBag from /opt/airflow/dags/4sensors.py
[2025-03-24T02:41:55.684+0000] {processor.py:925} INFO - DAG(s) 'sensors_demo' retrieved from /opt/airflow/dags/4sensors.py
[2025-03-24T02:41:55.759+0000] {logging_mixin.py:190} INFO - [2025-03-24T02:41:55.758+0000] {dag.py:3239} INFO - Sync 1 DAGs
[2025-03-24T02:41:55.813+0000] {logging_mixin.py:190} INFO - [2025-03-24T02:41:55.813+0000] {dag.py:4180} INFO - Setting next_dagrun for sensors_demo to 2025-03-23 23:00:00+00:00, run_after=2025-03-24 23:00:00+00:00
[2025-03-24T02:41:55.941+0000] {processor.py:208} INFO - Processing /opt/airflow/dags/4sensors.py took 0.330 seconds
[2025-03-24T02:42:26.899+0000] {processor.py:186} INFO - Started process (PID=204) to work on /opt/airflow/dags/4sensors.py
[2025-03-24T02:42:26.903+0000] {processor.py:914} INFO - Processing file /opt/airflow/dags/4sensors.py for tasks to queue
[2025-03-24T02:42:26.912+0000] {logging_mixin.py:190} INFO - [2025-03-24T02:42:26.912+0000] {dagbag.py:588} INFO - Filling up the DagBag from /opt/airflow/dags/4sensors.py
[2025-03-24T02:42:26.967+0000] {processor.py:925} INFO - DAG(s) 'sensors_demo' retrieved from /opt/airflow/dags/4sensors.py
[2025-03-24T02:42:27.026+0000] {logging_mixin.py:190} INFO - [2025-03-24T02:42:27.025+0000] {dag.py:3239} INFO - Sync 1 DAGs
[2025-03-24T02:42:27.085+0000] {logging_mixin.py:190} INFO - [2025-03-24T02:42:27.085+0000] {dag.py:4180} INFO - Setting next_dagrun for sensors_demo to 2025-03-23 23:00:00+00:00, run_after=2025-03-24 23:00:00+00:00
[2025-03-24T02:42:27.215+0000] {processor.py:208} INFO - Processing /opt/airflow/dags/4sensors.py took 0.324 seconds
[2025-03-24T02:42:57.997+0000] {processor.py:186} INFO - Started process (PID=212) to work on /opt/airflow/dags/4sensors.py
[2025-03-24T02:42:57.999+0000] {processor.py:914} INFO - Processing file /opt/airflow/dags/4sensors.py for tasks to queue
[2025-03-24T02:42:58.005+0000] {logging_mixin.py:190} INFO - [2025-03-24T02:42:58.004+0000] {dagbag.py:588} INFO - Filling up the DagBag from /opt/airflow/dags/4sensors.py
[2025-03-24T02:42:58.059+0000] {processor.py:925} INFO - DAG(s) 'sensors_demo' retrieved from /opt/airflow/dags/4sensors.py
[2025-03-24T02:42:58.134+0000] {logging_mixin.py:190} INFO - [2025-03-24T02:42:58.133+0000] {dag.py:3239} INFO - Sync 1 DAGs
[2025-03-24T02:42:58.183+0000] {logging_mixin.py:190} INFO - [2025-03-24T02:42:58.182+0000] {dag.py:4180} INFO - Setting next_dagrun for sensors_demo to 2025-03-23 23:00:00+00:00, run_after=2025-03-24 23:00:00+00:00
[2025-03-24T02:42:58.310+0000] {processor.py:208} INFO - Processing /opt/airflow/dags/4sensors.py took 0.331 seconds
[2025-03-24T02:43:28.993+0000] {processor.py:186} INFO - Started process (PID=220) to work on /opt/airflow/dags/4sensors.py
[2025-03-24T02:43:28.995+0000] {processor.py:914} INFO - Processing file /opt/airflow/dags/4sensors.py for tasks to queue
[2025-03-24T02:43:29.002+0000] {logging_mixin.py:190} INFO - [2025-03-24T02:43:29.001+0000] {dagbag.py:588} INFO - Filling up the DagBag from /opt/airflow/dags/4sensors.py
[2025-03-24T02:43:29.054+0000] {processor.py:925} INFO - DAG(s) 'sensors_demo' retrieved from /opt/airflow/dags/4sensors.py
[2025-03-24T02:43:29.110+0000] {logging_mixin.py:190} INFO - [2025-03-24T02:43:29.109+0000] {dag.py:3239} INFO - Sync 1 DAGs
[2025-03-24T02:43:29.157+0000] {logging_mixin.py:190} INFO - [2025-03-24T02:43:29.157+0000] {dag.py:4180} INFO - Setting next_dagrun for sensors_demo to 2025-03-23 23:00:00+00:00, run_after=2025-03-24 23:00:00+00:00
[2025-03-24T02:43:29.285+0000] {processor.py:208} INFO - Processing /opt/airflow/dags/4sensors.py took 0.302 seconds
[2025-03-24T02:43:59.495+0000] {processor.py:186} INFO - Started process (PID=228) to work on /opt/airflow/dags/4sensors.py
[2025-03-24T02:43:59.498+0000] {processor.py:914} INFO - Processing file /opt/airflow/dags/4sensors.py for tasks to queue
[2025-03-24T02:43:59.502+0000] {logging_mixin.py:190} INFO - [2025-03-24T02:43:59.501+0000] {dagbag.py:588} INFO - Filling up the DagBag from /opt/airflow/dags/4sensors.py
[2025-03-24T02:43:59.580+0000] {processor.py:925} INFO - DAG(s) 'sensors_demo' retrieved from /opt/airflow/dags/4sensors.py
[2025-03-24T02:43:59.644+0000] {logging_mixin.py:190} INFO - [2025-03-24T02:43:59.643+0000] {dag.py:3239} INFO - Sync 1 DAGs
[2025-03-24T02:43:59.692+0000] {logging_mixin.py:190} INFO - [2025-03-24T02:43:59.692+0000] {dag.py:4180} INFO - Setting next_dagrun for sensors_demo to 2025-03-23 23:00:00+00:00, run_after=2025-03-24 23:00:00+00:00
[2025-03-24T02:43:59.859+0000] {processor.py:208} INFO - Processing /opt/airflow/dags/4sensors.py took 0.371 seconds
[2025-03-24T02:44:30.849+0000] {processor.py:186} INFO - Started process (PID=236) to work on /opt/airflow/dags/4sensors.py
[2025-03-24T02:44:30.852+0000] {processor.py:914} INFO - Processing file /opt/airflow/dags/4sensors.py for tasks to queue
[2025-03-24T02:44:30.857+0000] {logging_mixin.py:190} INFO - [2025-03-24T02:44:30.856+0000] {dagbag.py:588} INFO - Filling up the DagBag from /opt/airflow/dags/4sensors.py
[2025-03-24T02:44:30.896+0000] {processor.py:925} INFO - DAG(s) 'sensors_demo' retrieved from /opt/airflow/dags/4sensors.py
[2025-03-24T02:44:30.939+0000] {logging_mixin.py:190} INFO - [2025-03-24T02:44:30.939+0000] {dag.py:3239} INFO - Sync 1 DAGs
[2025-03-24T02:44:30.984+0000] {logging_mixin.py:190} INFO - [2025-03-24T02:44:30.983+0000] {dag.py:4180} INFO - Setting next_dagrun for sensors_demo to 2025-03-23 23:00:00+00:00, run_after=2025-03-24 23:00:00+00:00
[2025-03-24T02:44:31.089+0000] {processor.py:208} INFO - Processing /opt/airflow/dags/4sensors.py took 0.250 seconds
[2025-03-24T02:45:01.920+0000] {processor.py:186} INFO - Started process (PID=244) to work on /opt/airflow/dags/4sensors.py
[2025-03-24T02:45:01.922+0000] {processor.py:914} INFO - Processing file /opt/airflow/dags/4sensors.py for tasks to queue
[2025-03-24T02:45:01.928+0000] {logging_mixin.py:190} INFO - [2025-03-24T02:45:01.927+0000] {dagbag.py:588} INFO - Filling up the DagBag from /opt/airflow/dags/4sensors.py
[2025-03-24T02:45:01.993+0000] {processor.py:925} INFO - DAG(s) 'sensors_demo' retrieved from /opt/airflow/dags/4sensors.py
[2025-03-24T02:45:02.055+0000] {logging_mixin.py:190} INFO - [2025-03-24T02:45:02.054+0000] {dag.py:3239} INFO - Sync 1 DAGs
[2025-03-24T02:45:02.120+0000] {logging_mixin.py:190} INFO - [2025-03-24T02:45:02.120+0000] {dag.py:4180} INFO - Setting next_dagrun for sensors_demo to 2025-03-23 23:00:00+00:00, run_after=2025-03-24 23:00:00+00:00
[2025-03-24T02:45:02.256+0000] {processor.py:208} INFO - Processing /opt/airflow/dags/4sensors.py took 0.347 seconds
[2025-03-24T02:45:34.602+0000] {processor.py:186} INFO - Started process (PID=252) to work on /opt/airflow/dags/4sensors.py
[2025-03-24T02:45:34.608+0000] {processor.py:914} INFO - Processing file /opt/airflow/dags/4sensors.py for tasks to queue
[2025-03-24T02:45:34.612+0000] {logging_mixin.py:190} INFO - [2025-03-24T02:45:34.611+0000] {dagbag.py:588} INFO - Filling up the DagBag from /opt/airflow/dags/4sensors.py
[2025-03-24T02:45:34.656+0000] {processor.py:925} INFO - DAG(s) 'sensors_demo' retrieved from /opt/airflow/dags/4sensors.py
[2025-03-24T02:45:34.707+0000] {logging_mixin.py:190} INFO - [2025-03-24T02:45:34.706+0000] {dag.py:3239} INFO - Sync 1 DAGs
[2025-03-24T02:45:34.749+0000] {logging_mixin.py:190} INFO - [2025-03-24T02:45:34.749+0000] {dag.py:4180} INFO - Setting next_dagrun for sensors_demo to 2025-03-23 23:00:00+00:00, run_after=2025-03-24 23:00:00+00:00
[2025-03-24T02:45:34.865+0000] {processor.py:208} INFO - Processing /opt/airflow/dags/4sensors.py took 0.272 seconds
[2025-03-24T02:46:05.733+0000] {processor.py:186} INFO - Started process (PID=260) to work on /opt/airflow/dags/4sensors.py
[2025-03-24T02:46:05.741+0000] {processor.py:914} INFO - Processing file /opt/airflow/dags/4sensors.py for tasks to queue
[2025-03-24T02:46:05.747+0000] {logging_mixin.py:190} INFO - [2025-03-24T02:46:05.746+0000] {dagbag.py:588} INFO - Filling up the DagBag from /opt/airflow/dags/4sensors.py
[2025-03-24T02:46:05.814+0000] {processor.py:925} INFO - DAG(s) 'sensors_demo' retrieved from /opt/airflow/dags/4sensors.py
[2025-03-24T02:46:05.883+0000] {logging_mixin.py:190} INFO - [2025-03-24T02:46:05.883+0000] {dag.py:3239} INFO - Sync 1 DAGs
[2025-03-24T02:46:05.961+0000] {logging_mixin.py:190} INFO - [2025-03-24T02:46:05.961+0000] {dag.py:4180} INFO - Setting next_dagrun for sensors_demo to 2025-03-23 23:00:00+00:00, run_after=2025-03-24 23:00:00+00:00
[2025-03-24T02:46:06.162+0000] {processor.py:208} INFO - Processing /opt/airflow/dags/4sensors.py took 0.439 seconds
[2025-03-24T02:46:37.177+0000] {processor.py:186} INFO - Started process (PID=268) to work on /opt/airflow/dags/4sensors.py
[2025-03-24T02:46:37.179+0000] {processor.py:914} INFO - Processing file /opt/airflow/dags/4sensors.py for tasks to queue
[2025-03-24T02:46:37.185+0000] {logging_mixin.py:190} INFO - [2025-03-24T02:46:37.184+0000] {dagbag.py:588} INFO - Filling up the DagBag from /opt/airflow/dags/4sensors.py
[2025-03-24T02:46:37.248+0000] {processor.py:925} INFO - DAG(s) 'sensors_demo' retrieved from /opt/airflow/dags/4sensors.py
[2025-03-24T02:46:37.329+0000] {logging_mixin.py:190} INFO - [2025-03-24T02:46:37.328+0000] {dag.py:3239} INFO - Sync 1 DAGs
[2025-03-24T02:46:37.401+0000] {logging_mixin.py:190} INFO - [2025-03-24T02:46:37.401+0000] {dag.py:4180} INFO - Setting next_dagrun for sensors_demo to 2025-03-23 23:00:00+00:00, run_after=2025-03-24 23:00:00+00:00
[2025-03-24T02:46:37.573+0000] {processor.py:208} INFO - Processing /opt/airflow/dags/4sensors.py took 0.416 seconds
[2025-03-24T02:47:08.726+0000] {processor.py:186} INFO - Started process (PID=276) to work on /opt/airflow/dags/4sensors.py
[2025-03-24T02:47:08.730+0000] {processor.py:914} INFO - Processing file /opt/airflow/dags/4sensors.py for tasks to queue
[2025-03-24T02:47:08.735+0000] {logging_mixin.py:190} INFO - [2025-03-24T02:47:08.735+0000] {dagbag.py:588} INFO - Filling up the DagBag from /opt/airflow/dags/4sensors.py
[2025-03-24T02:47:08.802+0000] {processor.py:925} INFO - DAG(s) 'sensors_demo' retrieved from /opt/airflow/dags/4sensors.py
[2025-03-24T02:47:08.869+0000] {logging_mixin.py:190} INFO - [2025-03-24T02:47:08.869+0000] {dag.py:3239} INFO - Sync 1 DAGs
[2025-03-24T02:47:08.941+0000] {logging_mixin.py:190} INFO - [2025-03-24T02:47:08.941+0000] {dag.py:4180} INFO - Setting next_dagrun for sensors_demo to 2025-03-23 23:00:00+00:00, run_after=2025-03-24 23:00:00+00:00
[2025-03-24T02:47:09.119+0000] {processor.py:208} INFO - Processing /opt/airflow/dags/4sensors.py took 0.406 seconds
[2025-03-24T02:47:39.813+0000] {processor.py:186} INFO - Started process (PID=284) to work on /opt/airflow/dags/4sensors.py
[2025-03-24T02:47:39.814+0000] {processor.py:914} INFO - Processing file /opt/airflow/dags/4sensors.py for tasks to queue
[2025-03-24T02:47:39.817+0000] {logging_mixin.py:190} INFO - [2025-03-24T02:47:39.816+0000] {dagbag.py:588} INFO - Filling up the DagBag from /opt/airflow/dags/4sensors.py
[2025-03-24T02:47:39.886+0000] {processor.py:925} INFO - DAG(s) 'sensors_demo' retrieved from /opt/airflow/dags/4sensors.py
[2025-03-24T02:47:40.088+0000] {logging_mixin.py:190} INFO - [2025-03-24T02:47:40.087+0000] {dag.py:3239} INFO - Sync 1 DAGs
[2025-03-24T02:47:40.162+0000] {logging_mixin.py:190} INFO - [2025-03-24T02:47:40.161+0000] {dag.py:4180} INFO - Setting next_dagrun for sensors_demo to 2025-03-23 23:00:00+00:00, run_after=2025-03-24 23:00:00+00:00
[2025-03-24T02:47:40.282+0000] {processor.py:208} INFO - Processing /opt/airflow/dags/4sensors.py took 0.479 seconds
[2025-03-24T02:48:13.989+0000] {processor.py:186} INFO - Started process (PID=293) to work on /opt/airflow/dags/4sensors.py
[2025-03-24T02:48:13.992+0000] {processor.py:914} INFO - Processing file /opt/airflow/dags/4sensors.py for tasks to queue
[2025-03-24T02:48:13.997+0000] {logging_mixin.py:190} INFO - [2025-03-24T02:48:13.996+0000] {dagbag.py:588} INFO - Filling up the DagBag from /opt/airflow/dags/4sensors.py
[2025-03-24T02:48:14.043+0000] {processor.py:925} INFO - DAG(s) 'sensors_demo' retrieved from /opt/airflow/dags/4sensors.py
[2025-03-24T02:48:14.109+0000] {logging_mixin.py:190} INFO - [2025-03-24T02:48:14.108+0000] {dag.py:3239} INFO - Sync 1 DAGs
[2025-03-24T02:48:14.172+0000] {logging_mixin.py:190} INFO - [2025-03-24T02:48:14.172+0000] {dag.py:4180} INFO - Setting next_dagrun for sensors_demo to 2025-03-23 23:00:00+00:00, run_after=2025-03-24 23:00:00+00:00
[2025-03-24T02:48:14.326+0000] {processor.py:208} INFO - Processing /opt/airflow/dags/4sensors.py took 0.350 seconds
[2025-03-24T02:48:48.442+0000] {processor.py:186} INFO - Started process (PID=301) to work on /opt/airflow/dags/4sensors.py
[2025-03-24T02:48:48.445+0000] {processor.py:914} INFO - Processing file /opt/airflow/dags/4sensors.py for tasks to queue
[2025-03-24T02:48:48.449+0000] {logging_mixin.py:190} INFO - [2025-03-24T02:48:48.448+0000] {dagbag.py:588} INFO - Filling up the DagBag from /opt/airflow/dags/4sensors.py
[2025-03-24T02:48:48.494+0000] {processor.py:925} INFO - DAG(s) 'sensors_demo' retrieved from /opt/airflow/dags/4sensors.py
[2025-03-24T02:48:48.539+0000] {logging_mixin.py:190} INFO - [2025-03-24T02:48:48.538+0000] {dag.py:3239} INFO - Sync 1 DAGs
[2025-03-24T02:48:48.584+0000] {logging_mixin.py:190} INFO - [2025-03-24T02:48:48.583+0000] {dag.py:4180} INFO - Setting next_dagrun for sensors_demo to 2025-03-23 23:00:00+00:00, run_after=2025-03-24 23:00:00+00:00
[2025-03-24T02:48:48.683+0000] {processor.py:208} INFO - Processing /opt/airflow/dags/4sensors.py took 0.249 seconds
[2025-03-24T02:49:18.955+0000] {processor.py:186} INFO - Started process (PID=308) to work on /opt/airflow/dags/4sensors.py
[2025-03-24T02:49:18.958+0000] {processor.py:914} INFO - Processing file /opt/airflow/dags/4sensors.py for tasks to queue
[2025-03-24T02:49:18.961+0000] {logging_mixin.py:190} INFO - [2025-03-24T02:49:18.960+0000] {dagbag.py:588} INFO - Filling up the DagBag from /opt/airflow/dags/4sensors.py
[2025-03-24T02:49:19.008+0000] {processor.py:925} INFO - DAG(s) 'sensors_demo' retrieved from /opt/airflow/dags/4sensors.py
[2025-03-24T02:49:19.073+0000] {logging_mixin.py:190} INFO - [2025-03-24T02:49:19.073+0000] {dag.py:3239} INFO - Sync 1 DAGs
[2025-03-24T02:49:19.122+0000] {logging_mixin.py:190} INFO - [2025-03-24T02:49:19.122+0000] {dag.py:4180} INFO - Setting next_dagrun for sensors_demo to 2025-03-23 23:00:00+00:00, run_after=2025-03-24 23:00:00+00:00
[2025-03-24T02:49:19.290+0000] {processor.py:208} INFO - Processing /opt/airflow/dags/4sensors.py took 0.355 seconds
[2025-03-24T02:49:49.904+0000] {processor.py:186} INFO - Started process (PID=315) to work on /opt/airflow/dags/4sensors.py
[2025-03-24T02:49:49.905+0000] {processor.py:914} INFO - Processing file /opt/airflow/dags/4sensors.py for tasks to queue
[2025-03-24T02:49:49.907+0000] {logging_mixin.py:190} INFO - [2025-03-24T02:49:49.907+0000] {dagbag.py:588} INFO - Filling up the DagBag from /opt/airflow/dags/4sensors.py
[2025-03-24T02:49:49.968+0000] {processor.py:925} INFO - DAG(s) 'sensors_demo' retrieved from /opt/airflow/dags/4sensors.py
[2025-03-24T02:49:50.046+0000] {logging_mixin.py:190} INFO - [2025-03-24T02:49:50.045+0000] {dag.py:3239} INFO - Sync 1 DAGs
[2025-03-24T02:49:50.107+0000] {logging_mixin.py:190} INFO - [2025-03-24T02:49:50.106+0000] {dag.py:4180} INFO - Setting next_dagrun for sensors_demo to 2025-03-23 23:00:00+00:00, run_after=2025-03-24 23:00:00+00:00
[2025-03-24T02:49:50.229+0000] {processor.py:208} INFO - Processing /opt/airflow/dags/4sensors.py took 0.335 seconds
[2025-03-24T02:50:21.127+0000] {processor.py:186} INFO - Started process (PID=322) to work on /opt/airflow/dags/4sensors.py
[2025-03-24T02:50:21.129+0000] {processor.py:914} INFO - Processing file /opt/airflow/dags/4sensors.py for tasks to queue
[2025-03-24T02:50:21.132+0000] {logging_mixin.py:190} INFO - [2025-03-24T02:50:21.131+0000] {dagbag.py:588} INFO - Filling up the DagBag from /opt/airflow/dags/4sensors.py
[2025-03-24T02:50:21.177+0000] {processor.py:925} INFO - DAG(s) 'sensors_demo' retrieved from /opt/airflow/dags/4sensors.py
[2025-03-24T02:50:21.226+0000] {logging_mixin.py:190} INFO - [2025-03-24T02:50:21.226+0000] {dag.py:3239} INFO - Sync 1 DAGs
[2025-03-24T02:50:21.309+0000] {logging_mixin.py:190} INFO - [2025-03-24T02:50:21.309+0000] {dag.py:4180} INFO - Setting next_dagrun for sensors_demo to 2025-03-23 23:00:00+00:00, run_after=2025-03-24 23:00:00+00:00
[2025-03-24T02:50:21.427+0000] {processor.py:208} INFO - Processing /opt/airflow/dags/4sensors.py took 0.316 seconds
[2025-03-24T02:50:52.024+0000] {processor.py:186} INFO - Started process (PID=329) to work on /opt/airflow/dags/4sensors.py
[2025-03-24T02:50:52.026+0000] {processor.py:914} INFO - Processing file /opt/airflow/dags/4sensors.py for tasks to queue
[2025-03-24T02:50:52.030+0000] {logging_mixin.py:190} INFO - [2025-03-24T02:50:52.029+0000] {dagbag.py:588} INFO - Filling up the DagBag from /opt/airflow/dags/4sensors.py
[2025-03-24T02:50:52.153+0000] {processor.py:925} INFO - DAG(s) 'sensors_demo' retrieved from /opt/airflow/dags/4sensors.py
[2025-03-24T02:50:52.226+0000] {logging_mixin.py:190} INFO - [2025-03-24T02:50:52.226+0000] {dag.py:3239} INFO - Sync 1 DAGs
[2025-03-24T02:50:52.280+0000] {logging_mixin.py:190} INFO - [2025-03-24T02:50:52.279+0000] {dag.py:4180} INFO - Setting next_dagrun for sensors_demo to 2025-03-23 23:00:00+00:00, run_after=2025-03-24 23:00:00+00:00
[2025-03-24T02:50:52.424+0000] {processor.py:208} INFO - Processing /opt/airflow/dags/4sensors.py took 0.410 seconds
[2025-03-24T02:51:23.202+0000] {processor.py:186} INFO - Started process (PID=336) to work on /opt/airflow/dags/4sensors.py
[2025-03-24T02:51:23.207+0000] {processor.py:914} INFO - Processing file /opt/airflow/dags/4sensors.py for tasks to queue
[2025-03-24T02:51:23.211+0000] {logging_mixin.py:190} INFO - [2025-03-24T02:51:23.210+0000] {dagbag.py:588} INFO - Filling up the DagBag from /opt/airflow/dags/4sensors.py
[2025-03-24T02:51:23.290+0000] {processor.py:925} INFO - DAG(s) 'sensors_demo' retrieved from /opt/airflow/dags/4sensors.py
[2025-03-24T02:51:23.341+0000] {logging_mixin.py:190} INFO - [2025-03-24T02:51:23.340+0000] {dag.py:3239} INFO - Sync 1 DAGs
[2025-03-24T02:51:23.382+0000] {logging_mixin.py:190} INFO - [2025-03-24T02:51:23.382+0000] {dag.py:4180} INFO - Setting next_dagrun for sensors_demo to 2025-03-23 23:00:00+00:00, run_after=2025-03-24 23:00:00+00:00
[2025-03-24T02:51:23.472+0000] {processor.py:208} INFO - Processing /opt/airflow/dags/4sensors.py took 0.282 seconds
[2025-03-24T02:51:54.452+0000] {processor.py:186} INFO - Started process (PID=343) to work on /opt/airflow/dags/4sensors.py
[2025-03-24T02:51:54.454+0000] {processor.py:914} INFO - Processing file /opt/airflow/dags/4sensors.py for tasks to queue
[2025-03-24T02:51:54.459+0000] {logging_mixin.py:190} INFO - [2025-03-24T02:51:54.458+0000] {dagbag.py:588} INFO - Filling up the DagBag from /opt/airflow/dags/4sensors.py
[2025-03-24T02:51:54.510+0000] {processor.py:925} INFO - DAG(s) 'sensors_demo' retrieved from /opt/airflow/dags/4sensors.py
[2025-03-24T02:51:54.598+0000] {logging_mixin.py:190} INFO - [2025-03-24T02:51:54.598+0000] {dag.py:3239} INFO - Sync 1 DAGs
[2025-03-24T02:51:54.687+0000] {logging_mixin.py:190} INFO - [2025-03-24T02:51:54.687+0000] {dag.py:4180} INFO - Setting next_dagrun for sensors_demo to 2025-03-23 23:00:00+00:00, run_after=2025-03-24 23:00:00+00:00
[2025-03-24T02:51:54.807+0000] {processor.py:208} INFO - Processing /opt/airflow/dags/4sensors.py took 0.368 seconds
[2025-03-24T02:52:25.046+0000] {processor.py:186} INFO - Started process (PID=350) to work on /opt/airflow/dags/4sensors.py
[2025-03-24T02:52:25.048+0000] {processor.py:914} INFO - Processing file /opt/airflow/dags/4sensors.py for tasks to queue
[2025-03-24T02:52:25.052+0000] {logging_mixin.py:190} INFO - [2025-03-24T02:52:25.051+0000] {dagbag.py:588} INFO - Filling up the DagBag from /opt/airflow/dags/4sensors.py
[2025-03-24T02:52:25.095+0000] {processor.py:925} INFO - DAG(s) 'sensors_demo' retrieved from /opt/airflow/dags/4sensors.py
[2025-03-24T02:52:25.160+0000] {logging_mixin.py:190} INFO - [2025-03-24T02:52:25.159+0000] {dag.py:3239} INFO - Sync 1 DAGs
[2025-03-24T02:52:25.223+0000] {logging_mixin.py:190} INFO - [2025-03-24T02:52:25.222+0000] {dag.py:4180} INFO - Setting next_dagrun for sensors_demo to 2025-03-23 23:00:00+00:00, run_after=2025-03-24 23:00:00+00:00
[2025-03-24T02:52:25.362+0000] {processor.py:208} INFO - Processing /opt/airflow/dags/4sensors.py took 0.328 seconds
[2025-03-24T02:52:56.506+0000] {processor.py:186} INFO - Started process (PID=357) to work on /opt/airflow/dags/4sensors.py
[2025-03-24T02:52:56.508+0000] {processor.py:914} INFO - Processing file /opt/airflow/dags/4sensors.py for tasks to queue
[2025-03-24T02:52:56.510+0000] {logging_mixin.py:190} INFO - [2025-03-24T02:52:56.509+0000] {dagbag.py:588} INFO - Filling up the DagBag from /opt/airflow/dags/4sensors.py
[2025-03-24T02:52:56.553+0000] {processor.py:925} INFO - DAG(s) 'sensors_demo' retrieved from /opt/airflow/dags/4sensors.py
[2025-03-24T02:52:56.607+0000] {logging_mixin.py:190} INFO - [2025-03-24T02:52:56.606+0000] {dag.py:3239} INFO - Sync 1 DAGs
[2025-03-24T02:52:56.652+0000] {logging_mixin.py:190} INFO - [2025-03-24T02:52:56.652+0000] {dag.py:4180} INFO - Setting next_dagrun for sensors_demo to 2025-03-23 23:00:00+00:00, run_after=2025-03-24 23:00:00+00:00
[2025-03-24T02:52:56.757+0000] {processor.py:208} INFO - Processing /opt/airflow/dags/4sensors.py took 0.264 seconds
[2025-03-24T02:53:27.395+0000] {processor.py:186} INFO - Started process (PID=364) to work on /opt/airflow/dags/4sensors.py
[2025-03-24T02:53:27.398+0000] {processor.py:914} INFO - Processing file /opt/airflow/dags/4sensors.py for tasks to queue
[2025-03-24T02:53:27.400+0000] {logging_mixin.py:190} INFO - [2025-03-24T02:53:27.400+0000] {dagbag.py:588} INFO - Filling up the DagBag from /opt/airflow/dags/4sensors.py
[2025-03-24T02:53:27.449+0000] {processor.py:925} INFO - DAG(s) 'sensors_demo' retrieved from /opt/airflow/dags/4sensors.py
[2025-03-24T02:53:27.509+0000] {logging_mixin.py:190} INFO - [2025-03-24T02:53:27.508+0000] {dag.py:3239} INFO - Sync 1 DAGs
[2025-03-24T02:53:27.563+0000] {logging_mixin.py:190} INFO - [2025-03-24T02:53:27.563+0000] {dag.py:4180} INFO - Setting next_dagrun for sensors_demo to 2025-03-23 23:00:00+00:00, run_after=2025-03-24 23:00:00+00:00
[2025-03-24T02:53:27.670+0000] {processor.py:208} INFO - Processing /opt/airflow/dags/4sensors.py took 0.289 seconds
