[2025-03-24T02:39:17.797+0000] {processor.py:186} INFO - Started process (PID=144) to work on /opt/airflow/dags/5deferable_operators.py
[2025-03-24T02:39:17.799+0000] {processor.py:914} INFO - Processing file /opt/airflow/dags/5deferable_operators.py for tasks to queue
[2025-03-24T02:39:17.803+0000] {logging_mixin.py:190} INFO - [2025-03-24T02:39:17.803+0000] {dagbag.py:588} INFO - Filling up the DagBag from /opt/airflow/dags/5deferable_operators.py
[2025-03-24T02:39:17.851+0000] {processor.py:925} INFO - DAG(s) 's3_to_snowflake_dag' retrieved from /opt/airflow/dags/5deferable_operators.py
[2025-03-24T02:39:18.146+0000] {logging_mixin.py:190} INFO - [2025-03-24T02:39:18.146+0000] {dag.py:3239} INFO - Sync 1 DAGs
[2025-03-24T02:39:18.189+0000] {logging_mixin.py:190} INFO - [2025-03-24T02:39:18.189+0000] {dag.py:4180} INFO - Setting next_dagrun for s3_to_snowflake_dag to 2025-03-23 23:00:00+00:00, run_after=2025-03-24 23:00:00+00:00
[2025-03-24T02:39:18.260+0000] {processor.py:208} INFO - Processing /opt/airflow/dags/5deferable_operators.py took 0.471 seconds
[2025-03-24T02:39:49.238+0000] {processor.py:186} INFO - Started process (PID=162) to work on /opt/airflow/dags/5deferable_operators.py
[2025-03-24T02:39:49.240+0000] {processor.py:914} INFO - Processing file /opt/airflow/dags/5deferable_operators.py for tasks to queue
[2025-03-24T02:39:49.244+0000] {logging_mixin.py:190} INFO - [2025-03-24T02:39:49.243+0000] {dagbag.py:588} INFO - Filling up the DagBag from /opt/airflow/dags/5deferable_operators.py
[2025-03-24T02:39:49.299+0000] {processor.py:925} INFO - DAG(s) 's3_to_snowflake_dag' retrieved from /opt/airflow/dags/5deferable_operators.py
[2025-03-24T02:39:49.363+0000] {logging_mixin.py:190} INFO - [2025-03-24T02:39:49.363+0000] {dag.py:3239} INFO - Sync 1 DAGs
[2025-03-24T02:39:49.419+0000] {logging_mixin.py:190} INFO - [2025-03-24T02:39:49.419+0000] {dag.py:4180} INFO - Setting next_dagrun for s3_to_snowflake_dag to 2025-03-23 23:00:00+00:00, run_after=2025-03-24 23:00:00+00:00
[2025-03-24T02:39:49.543+0000] {processor.py:208} INFO - Processing /opt/airflow/dags/5deferable_operators.py took 0.314 seconds
[2025-03-24T02:40:19.864+0000] {processor.py:186} INFO - Started process (PID=170) to work on /opt/airflow/dags/5deferable_operators.py
[2025-03-24T02:40:19.867+0000] {processor.py:914} INFO - Processing file /opt/airflow/dags/5deferable_operators.py for tasks to queue
[2025-03-24T02:40:19.874+0000] {logging_mixin.py:190} INFO - [2025-03-24T02:40:19.873+0000] {dagbag.py:588} INFO - Filling up the DagBag from /opt/airflow/dags/5deferable_operators.py
[2025-03-24T02:40:19.932+0000] {processor.py:925} INFO - DAG(s) 's3_to_snowflake_dag' retrieved from /opt/airflow/dags/5deferable_operators.py
[2025-03-24T02:40:20.015+0000] {logging_mixin.py:190} INFO - [2025-03-24T02:40:20.014+0000] {dag.py:3239} INFO - Sync 1 DAGs
[2025-03-24T02:40:20.069+0000] {logging_mixin.py:190} INFO - [2025-03-24T02:40:20.069+0000] {dag.py:4180} INFO - Setting next_dagrun for s3_to_snowflake_dag to 2025-03-23 23:00:00+00:00, run_after=2025-03-24 23:00:00+00:00
[2025-03-24T02:40:20.164+0000] {processor.py:208} INFO - Processing /opt/airflow/dags/5deferable_operators.py took 0.311 seconds
[2025-03-24T02:40:50.650+0000] {processor.py:186} INFO - Started process (PID=178) to work on /opt/airflow/dags/5deferable_operators.py
[2025-03-24T02:40:50.652+0000] {processor.py:914} INFO - Processing file /opt/airflow/dags/5deferable_operators.py for tasks to queue
[2025-03-24T02:40:50.660+0000] {logging_mixin.py:190} INFO - [2025-03-24T02:40:50.659+0000] {dagbag.py:588} INFO - Filling up the DagBag from /opt/airflow/dags/5deferable_operators.py
[2025-03-24T02:40:50.731+0000] {processor.py:925} INFO - DAG(s) 's3_to_snowflake_dag' retrieved from /opt/airflow/dags/5deferable_operators.py
[2025-03-24T02:40:50.777+0000] {logging_mixin.py:190} INFO - [2025-03-24T02:40:50.777+0000] {dag.py:3239} INFO - Sync 1 DAGs
[2025-03-24T02:40:50.845+0000] {logging_mixin.py:190} INFO - [2025-03-24T02:40:50.845+0000] {dag.py:4180} INFO - Setting next_dagrun for s3_to_snowflake_dag to 2025-03-23 23:00:00+00:00, run_after=2025-03-24 23:00:00+00:00
[2025-03-24T02:40:51.011+0000] {processor.py:208} INFO - Processing /opt/airflow/dags/5deferable_operators.py took 0.368 seconds
[2025-03-24T02:41:21.822+0000] {processor.py:186} INFO - Started process (PID=186) to work on /opt/airflow/dags/5deferable_operators.py
[2025-03-24T02:41:21.823+0000] {processor.py:914} INFO - Processing file /opt/airflow/dags/5deferable_operators.py for tasks to queue
[2025-03-24T02:41:21.827+0000] {logging_mixin.py:190} INFO - [2025-03-24T02:41:21.826+0000] {dagbag.py:588} INFO - Filling up the DagBag from /opt/airflow/dags/5deferable_operators.py
[2025-03-24T02:41:21.864+0000] {processor.py:925} INFO - DAG(s) 's3_to_snowflake_dag' retrieved from /opt/airflow/dags/5deferable_operators.py
[2025-03-24T02:41:21.904+0000] {logging_mixin.py:190} INFO - [2025-03-24T02:41:21.904+0000] {dag.py:3239} INFO - Sync 1 DAGs
[2025-03-24T02:41:21.950+0000] {logging_mixin.py:190} INFO - [2025-03-24T02:41:21.950+0000] {dag.py:4180} INFO - Setting next_dagrun for s3_to_snowflake_dag to 2025-03-23 23:00:00+00:00, run_after=2025-03-24 23:00:00+00:00
[2025-03-24T02:41:22.024+0000] {processor.py:208} INFO - Processing /opt/airflow/dags/5deferable_operators.py took 0.210 seconds
[2025-03-24T02:41:52.371+0000] {processor.py:186} INFO - Started process (PID=194) to work on /opt/airflow/dags/5deferable_operators.py
[2025-03-24T02:41:52.374+0000] {processor.py:914} INFO - Processing file /opt/airflow/dags/5deferable_operators.py for tasks to queue
[2025-03-24T02:41:52.383+0000] {logging_mixin.py:190} INFO - [2025-03-24T02:41:52.382+0000] {dagbag.py:588} INFO - Filling up the DagBag from /opt/airflow/dags/5deferable_operators.py
[2025-03-24T02:41:52.438+0000] {processor.py:925} INFO - DAG(s) 's3_to_snowflake_dag' retrieved from /opt/airflow/dags/5deferable_operators.py
[2025-03-24T02:41:52.500+0000] {logging_mixin.py:190} INFO - [2025-03-24T02:41:52.500+0000] {dag.py:3239} INFO - Sync 1 DAGs
[2025-03-24T02:41:52.550+0000] {logging_mixin.py:190} INFO - [2025-03-24T02:41:52.549+0000] {dag.py:4180} INFO - Setting next_dagrun for s3_to_snowflake_dag to 2025-03-23 23:00:00+00:00, run_after=2025-03-24 23:00:00+00:00
[2025-03-24T02:41:52.672+0000] {processor.py:208} INFO - Processing /opt/airflow/dags/5deferable_operators.py took 0.314 seconds
[2025-03-24T02:42:23.305+0000] {processor.py:186} INFO - Started process (PID=202) to work on /opt/airflow/dags/5deferable_operators.py
[2025-03-24T02:42:23.308+0000] {processor.py:914} INFO - Processing file /opt/airflow/dags/5deferable_operators.py for tasks to queue
[2025-03-24T02:42:23.318+0000] {logging_mixin.py:190} INFO - [2025-03-24T02:42:23.317+0000] {dagbag.py:588} INFO - Filling up the DagBag from /opt/airflow/dags/5deferable_operators.py
[2025-03-24T02:42:23.390+0000] {processor.py:925} INFO - DAG(s) 's3_to_snowflake_dag' retrieved from /opt/airflow/dags/5deferable_operators.py
[2025-03-24T02:42:23.471+0000] {logging_mixin.py:190} INFO - [2025-03-24T02:42:23.471+0000] {dag.py:3239} INFO - Sync 1 DAGs
[2025-03-24T02:42:23.535+0000] {logging_mixin.py:190} INFO - [2025-03-24T02:42:23.534+0000] {dag.py:4180} INFO - Setting next_dagrun for s3_to_snowflake_dag to 2025-03-23 23:00:00+00:00, run_after=2025-03-24 23:00:00+00:00
[2025-03-24T02:42:23.681+0000] {processor.py:208} INFO - Processing /opt/airflow/dags/5deferable_operators.py took 0.386 seconds
[2025-03-24T02:42:54.279+0000] {processor.py:186} INFO - Started process (PID=210) to work on /opt/airflow/dags/5deferable_operators.py
[2025-03-24T02:42:54.288+0000] {processor.py:914} INFO - Processing file /opt/airflow/dags/5deferable_operators.py for tasks to queue
[2025-03-24T02:42:54.293+0000] {logging_mixin.py:190} INFO - [2025-03-24T02:42:54.293+0000] {dagbag.py:588} INFO - Filling up the DagBag from /opt/airflow/dags/5deferable_operators.py
[2025-03-24T02:42:54.363+0000] {processor.py:925} INFO - DAG(s) 's3_to_snowflake_dag' retrieved from /opt/airflow/dags/5deferable_operators.py
[2025-03-24T02:42:54.418+0000] {logging_mixin.py:190} INFO - [2025-03-24T02:42:54.418+0000] {dag.py:3239} INFO - Sync 1 DAGs
[2025-03-24T02:42:54.475+0000] {logging_mixin.py:190} INFO - [2025-03-24T02:42:54.474+0000] {dag.py:4180} INFO - Setting next_dagrun for s3_to_snowflake_dag to 2025-03-23 23:00:00+00:00, run_after=2025-03-24 23:00:00+00:00
[2025-03-24T02:42:54.634+0000] {processor.py:208} INFO - Processing /opt/airflow/dags/5deferable_operators.py took 0.368 seconds
[2025-03-24T02:43:25.582+0000] {processor.py:186} INFO - Started process (PID=218) to work on /opt/airflow/dags/5deferable_operators.py
[2025-03-24T02:43:25.584+0000] {processor.py:914} INFO - Processing file /opt/airflow/dags/5deferable_operators.py for tasks to queue
[2025-03-24T02:43:25.588+0000] {logging_mixin.py:190} INFO - [2025-03-24T02:43:25.588+0000] {dagbag.py:588} INFO - Filling up the DagBag from /opt/airflow/dags/5deferable_operators.py
[2025-03-24T02:43:25.646+0000] {processor.py:925} INFO - DAG(s) 's3_to_snowflake_dag' retrieved from /opt/airflow/dags/5deferable_operators.py
[2025-03-24T02:43:25.700+0000] {logging_mixin.py:190} INFO - [2025-03-24T02:43:25.700+0000] {dag.py:3239} INFO - Sync 1 DAGs
[2025-03-24T02:43:25.742+0000] {logging_mixin.py:190} INFO - [2025-03-24T02:43:25.741+0000] {dag.py:4180} INFO - Setting next_dagrun for s3_to_snowflake_dag to 2025-03-23 23:00:00+00:00, run_after=2025-03-24 23:00:00+00:00
[2025-03-24T02:43:25.883+0000] {processor.py:208} INFO - Processing /opt/airflow/dags/5deferable_operators.py took 0.308 seconds
[2025-03-24T02:43:56.312+0000] {processor.py:186} INFO - Started process (PID=226) to work on /opt/airflow/dags/5deferable_operators.py
[2025-03-24T02:43:56.314+0000] {processor.py:914} INFO - Processing file /opt/airflow/dags/5deferable_operators.py for tasks to queue
[2025-03-24T02:43:56.319+0000] {logging_mixin.py:190} INFO - [2025-03-24T02:43:56.319+0000] {dagbag.py:588} INFO - Filling up the DagBag from /opt/airflow/dags/5deferable_operators.py
[2025-03-24T02:43:56.360+0000] {processor.py:925} INFO - DAG(s) 's3_to_snowflake_dag' retrieved from /opt/airflow/dags/5deferable_operators.py
[2025-03-24T02:43:56.405+0000] {logging_mixin.py:190} INFO - [2025-03-24T02:43:56.404+0000] {dag.py:3239} INFO - Sync 1 DAGs
[2025-03-24T02:43:56.447+0000] {logging_mixin.py:190} INFO - [2025-03-24T02:43:56.446+0000] {dag.py:4180} INFO - Setting next_dagrun for s3_to_snowflake_dag to 2025-03-23 23:00:00+00:00, run_after=2025-03-24 23:00:00+00:00
[2025-03-24T02:43:56.536+0000] {processor.py:208} INFO - Processing /opt/airflow/dags/5deferable_operators.py took 0.234 seconds
[2025-03-24T02:44:26.868+0000] {processor.py:186} INFO - Started process (PID=234) to work on /opt/airflow/dags/5deferable_operators.py
[2025-03-24T02:44:26.870+0000] {processor.py:914} INFO - Processing file /opt/airflow/dags/5deferable_operators.py for tasks to queue
[2025-03-24T02:44:26.875+0000] {logging_mixin.py:190} INFO - [2025-03-24T02:44:26.875+0000] {dagbag.py:588} INFO - Filling up the DagBag from /opt/airflow/dags/5deferable_operators.py
[2025-03-24T02:44:26.919+0000] {processor.py:925} INFO - DAG(s) 's3_to_snowflake_dag' retrieved from /opt/airflow/dags/5deferable_operators.py
[2025-03-24T02:44:26.996+0000] {logging_mixin.py:190} INFO - [2025-03-24T02:44:26.995+0000] {dag.py:3239} INFO - Sync 1 DAGs
[2025-03-24T02:44:27.054+0000] {logging_mixin.py:190} INFO - [2025-03-24T02:44:27.054+0000] {dag.py:4180} INFO - Setting next_dagrun for s3_to_snowflake_dag to 2025-03-23 23:00:00+00:00, run_after=2025-03-24 23:00:00+00:00
[2025-03-24T02:44:27.189+0000] {processor.py:208} INFO - Processing /opt/airflow/dags/5deferable_operators.py took 0.330 seconds
[2025-03-24T02:44:57.985+0000] {processor.py:186} INFO - Started process (PID=242) to work on /opt/airflow/dags/5deferable_operators.py
[2025-03-24T02:44:57.987+0000] {processor.py:914} INFO - Processing file /opt/airflow/dags/5deferable_operators.py for tasks to queue
[2025-03-24T02:44:57.992+0000] {logging_mixin.py:190} INFO - [2025-03-24T02:44:57.992+0000] {dagbag.py:588} INFO - Filling up the DagBag from /opt/airflow/dags/5deferable_operators.py
[2025-03-24T02:44:58.036+0000] {processor.py:925} INFO - DAG(s) 's3_to_snowflake_dag' retrieved from /opt/airflow/dags/5deferable_operators.py
[2025-03-24T02:44:58.089+0000] {logging_mixin.py:190} INFO - [2025-03-24T02:44:58.088+0000] {dag.py:3239} INFO - Sync 1 DAGs
[2025-03-24T02:44:58.135+0000] {logging_mixin.py:190} INFO - [2025-03-24T02:44:58.134+0000] {dag.py:4180} INFO - Setting next_dagrun for s3_to_snowflake_dag to 2025-03-23 23:00:00+00:00, run_after=2025-03-24 23:00:00+00:00
[2025-03-24T02:44:58.277+0000] {processor.py:208} INFO - Processing /opt/airflow/dags/5deferable_operators.py took 0.305 seconds
[2025-03-24T02:45:28.664+0000] {processor.py:186} INFO - Started process (PID=250) to work on /opt/airflow/dags/5deferable_operators.py
[2025-03-24T02:45:28.667+0000] {processor.py:914} INFO - Processing file /opt/airflow/dags/5deferable_operators.py for tasks to queue
[2025-03-24T02:45:28.673+0000] {logging_mixin.py:190} INFO - [2025-03-24T02:45:28.672+0000] {dagbag.py:588} INFO - Filling up the DagBag from /opt/airflow/dags/5deferable_operators.py
[2025-03-24T02:45:28.717+0000] {processor.py:925} INFO - DAG(s) 's3_to_snowflake_dag' retrieved from /opt/airflow/dags/5deferable_operators.py
[2025-03-24T02:45:28.761+0000] {logging_mixin.py:190} INFO - [2025-03-24T02:45:28.761+0000] {dag.py:3239} INFO - Sync 1 DAGs
[2025-03-24T02:45:28.820+0000] {logging_mixin.py:190} INFO - [2025-03-24T02:45:28.819+0000] {dag.py:4180} INFO - Setting next_dagrun for s3_to_snowflake_dag to 2025-03-23 23:00:00+00:00, run_after=2025-03-24 23:00:00+00:00
[2025-03-24T02:45:28.998+0000] {processor.py:208} INFO - Processing /opt/airflow/dags/5deferable_operators.py took 0.345 seconds
[2025-03-24T02:45:59.720+0000] {processor.py:186} INFO - Started process (PID=258) to work on /opt/airflow/dags/5deferable_operators.py
[2025-03-24T02:45:59.726+0000] {processor.py:914} INFO - Processing file /opt/airflow/dags/5deferable_operators.py for tasks to queue
[2025-03-24T02:45:59.731+0000] {logging_mixin.py:190} INFO - [2025-03-24T02:45:59.730+0000] {dagbag.py:588} INFO - Filling up the DagBag from /opt/airflow/dags/5deferable_operators.py
[2025-03-24T02:45:59.798+0000] {processor.py:925} INFO - DAG(s) 's3_to_snowflake_dag' retrieved from /opt/airflow/dags/5deferable_operators.py
[2025-03-24T02:45:59.865+0000] {logging_mixin.py:190} INFO - [2025-03-24T02:45:59.865+0000] {dag.py:3239} INFO - Sync 1 DAGs
[2025-03-24T02:45:59.924+0000] {logging_mixin.py:190} INFO - [2025-03-24T02:45:59.924+0000] {dag.py:4180} INFO - Setting next_dagrun for s3_to_snowflake_dag to 2025-03-23 23:00:00+00:00, run_after=2025-03-24 23:00:00+00:00
[2025-03-24T02:46:00.126+0000] {processor.py:208} INFO - Processing /opt/airflow/dags/5deferable_operators.py took 0.416 seconds
[2025-03-24T02:46:31.182+0000] {processor.py:186} INFO - Started process (PID=266) to work on /opt/airflow/dags/5deferable_operators.py
[2025-03-24T02:46:31.185+0000] {processor.py:914} INFO - Processing file /opt/airflow/dags/5deferable_operators.py for tasks to queue
[2025-03-24T02:46:31.194+0000] {logging_mixin.py:190} INFO - [2025-03-24T02:46:31.193+0000] {dagbag.py:588} INFO - Filling up the DagBag from /opt/airflow/dags/5deferable_operators.py
[2025-03-24T02:46:31.271+0000] {processor.py:925} INFO - DAG(s) 's3_to_snowflake_dag' retrieved from /opt/airflow/dags/5deferable_operators.py
[2025-03-24T02:46:31.339+0000] {logging_mixin.py:190} INFO - [2025-03-24T02:46:31.338+0000] {dag.py:3239} INFO - Sync 1 DAGs
[2025-03-24T02:46:31.427+0000] {logging_mixin.py:190} INFO - [2025-03-24T02:46:31.427+0000] {dag.py:4180} INFO - Setting next_dagrun for s3_to_snowflake_dag to 2025-03-23 23:00:00+00:00, run_after=2025-03-24 23:00:00+00:00
[2025-03-24T02:46:31.600+0000] {processor.py:208} INFO - Processing /opt/airflow/dags/5deferable_operators.py took 0.432 seconds
[2025-03-24T02:47:02.393+0000] {processor.py:186} INFO - Started process (PID=274) to work on /opt/airflow/dags/5deferable_operators.py
[2025-03-24T02:47:02.396+0000] {processor.py:914} INFO - Processing file /opt/airflow/dags/5deferable_operators.py for tasks to queue
[2025-03-24T02:47:02.401+0000] {logging_mixin.py:190} INFO - [2025-03-24T02:47:02.401+0000] {dagbag.py:588} INFO - Filling up the DagBag from /opt/airflow/dags/5deferable_operators.py
[2025-03-24T02:47:02.468+0000] {processor.py:925} INFO - DAG(s) 's3_to_snowflake_dag' retrieved from /opt/airflow/dags/5deferable_operators.py
[2025-03-24T02:47:02.556+0000] {logging_mixin.py:190} INFO - [2025-03-24T02:47:02.555+0000] {dag.py:3239} INFO - Sync 1 DAGs
[2025-03-24T02:47:02.630+0000] {logging_mixin.py:190} INFO - [2025-03-24T02:47:02.630+0000] {dag.py:4180} INFO - Setting next_dagrun for s3_to_snowflake_dag to 2025-03-23 23:00:00+00:00, run_after=2025-03-24 23:00:00+00:00
[2025-03-24T02:47:02.798+0000] {processor.py:208} INFO - Processing /opt/airflow/dags/5deferable_operators.py took 0.419 seconds
[2025-03-24T02:47:33.836+0000] {processor.py:186} INFO - Started process (PID=282) to work on /opt/airflow/dags/5deferable_operators.py
[2025-03-24T02:47:33.851+0000] {processor.py:914} INFO - Processing file /opt/airflow/dags/5deferable_operators.py for tasks to queue
[2025-03-24T02:47:33.871+0000] {logging_mixin.py:190} INFO - [2025-03-24T02:47:33.870+0000] {dagbag.py:588} INFO - Filling up the DagBag from /opt/airflow/dags/5deferable_operators.py
[2025-03-24T02:47:33.956+0000] {processor.py:925} INFO - DAG(s) 's3_to_snowflake_dag' retrieved from /opt/airflow/dags/5deferable_operators.py
[2025-03-24T02:47:34.041+0000] {logging_mixin.py:190} INFO - [2025-03-24T02:47:34.040+0000] {dag.py:3239} INFO - Sync 1 DAGs
[2025-03-24T02:47:34.119+0000] {logging_mixin.py:190} INFO - [2025-03-24T02:47:34.118+0000] {dag.py:4180} INFO - Setting next_dagrun for s3_to_snowflake_dag to 2025-03-23 23:00:00+00:00, run_after=2025-03-24 23:00:00+00:00
[2025-03-24T02:47:34.306+0000] {processor.py:208} INFO - Processing /opt/airflow/dags/5deferable_operators.py took 0.495 seconds
[2025-03-24T02:48:04.644+0000] {processor.py:186} INFO - Started process (PID=290) to work on /opt/airflow/dags/5deferable_operators.py
[2025-03-24T02:48:04.646+0000] {processor.py:914} INFO - Processing file /opt/airflow/dags/5deferable_operators.py for tasks to queue
[2025-03-24T02:48:04.651+0000] {logging_mixin.py:190} INFO - [2025-03-24T02:48:04.650+0000] {dagbag.py:588} INFO - Filling up the DagBag from /opt/airflow/dags/5deferable_operators.py
[2025-03-24T02:48:04.686+0000] {processor.py:925} INFO - DAG(s) 's3_to_snowflake_dag' retrieved from /opt/airflow/dags/5deferable_operators.py
[2025-03-24T02:48:04.753+0000] {logging_mixin.py:190} INFO - [2025-03-24T02:48:04.752+0000] {dag.py:3239} INFO - Sync 1 DAGs
[2025-03-24T02:48:04.817+0000] {logging_mixin.py:190} INFO - [2025-03-24T02:48:04.817+0000] {dag.py:4180} INFO - Setting next_dagrun for s3_to_snowflake_dag to 2025-03-23 23:00:00+00:00, run_after=2025-03-24 23:00:00+00:00
[2025-03-24T02:48:04.971+0000] {processor.py:208} INFO - Processing /opt/airflow/dags/5deferable_operators.py took 0.335 seconds
[2025-03-24T02:48:35.628+0000] {processor.py:186} INFO - Started process (PID=298) to work on /opt/airflow/dags/5deferable_operators.py
[2025-03-24T02:48:35.630+0000] {processor.py:914} INFO - Processing file /opt/airflow/dags/5deferable_operators.py for tasks to queue
[2025-03-24T02:48:35.634+0000] {logging_mixin.py:190} INFO - [2025-03-24T02:48:35.633+0000] {dagbag.py:588} INFO - Filling up the DagBag from /opt/airflow/dags/5deferable_operators.py
[2025-03-24T02:48:35.698+0000] {processor.py:925} INFO - DAG(s) 's3_to_snowflake_dag' retrieved from /opt/airflow/dags/5deferable_operators.py
[2025-03-24T02:48:35.764+0000] {logging_mixin.py:190} INFO - [2025-03-24T02:48:35.764+0000] {dag.py:3239} INFO - Sync 1 DAGs
[2025-03-24T02:48:35.831+0000] {logging_mixin.py:190} INFO - [2025-03-24T02:48:35.830+0000] {dag.py:4180} INFO - Setting next_dagrun for s3_to_snowflake_dag to 2025-03-23 23:00:00+00:00, run_after=2025-03-24 23:00:00+00:00
[2025-03-24T02:48:35.931+0000] {processor.py:208} INFO - Processing /opt/airflow/dags/5deferable_operators.py took 0.314 seconds
[2025-03-24T02:49:06.389+0000] {processor.py:186} INFO - Started process (PID=305) to work on /opt/airflow/dags/5deferable_operators.py
[2025-03-24T02:49:06.391+0000] {processor.py:914} INFO - Processing file /opt/airflow/dags/5deferable_operators.py for tasks to queue
[2025-03-24T02:49:06.393+0000] {logging_mixin.py:190} INFO - [2025-03-24T02:49:06.393+0000] {dagbag.py:588} INFO - Filling up the DagBag from /opt/airflow/dags/5deferable_operators.py
[2025-03-24T02:49:06.439+0000] {processor.py:925} INFO - DAG(s) 's3_to_snowflake_dag' retrieved from /opt/airflow/dags/5deferable_operators.py
[2025-03-24T02:49:06.490+0000] {logging_mixin.py:190} INFO - [2025-03-24T02:49:06.490+0000] {dag.py:3239} INFO - Sync 1 DAGs
[2025-03-24T02:49:06.538+0000] {logging_mixin.py:190} INFO - [2025-03-24T02:49:06.538+0000] {dag.py:4180} INFO - Setting next_dagrun for s3_to_snowflake_dag to 2025-03-23 23:00:00+00:00, run_after=2025-03-24 23:00:00+00:00
[2025-03-24T02:49:06.687+0000] {processor.py:208} INFO - Processing /opt/airflow/dags/5deferable_operators.py took 0.308 seconds
[2025-03-24T02:49:37.393+0000] {processor.py:186} INFO - Started process (PID=312) to work on /opt/airflow/dags/5deferable_operators.py
[2025-03-24T02:49:37.395+0000] {processor.py:914} INFO - Processing file /opt/airflow/dags/5deferable_operators.py for tasks to queue
[2025-03-24T02:49:37.397+0000] {logging_mixin.py:190} INFO - [2025-03-24T02:49:37.396+0000] {dagbag.py:588} INFO - Filling up the DagBag from /opt/airflow/dags/5deferable_operators.py
[2025-03-24T02:49:37.438+0000] {processor.py:925} INFO - DAG(s) 's3_to_snowflake_dag' retrieved from /opt/airflow/dags/5deferable_operators.py
[2025-03-24T02:49:37.487+0000] {logging_mixin.py:190} INFO - [2025-03-24T02:49:37.487+0000] {dag.py:3239} INFO - Sync 1 DAGs
[2025-03-24T02:49:37.533+0000] {logging_mixin.py:190} INFO - [2025-03-24T02:49:37.532+0000] {dag.py:4180} INFO - Setting next_dagrun for s3_to_snowflake_dag to 2025-03-23 23:00:00+00:00, run_after=2025-03-24 23:00:00+00:00
[2025-03-24T02:49:37.637+0000] {processor.py:208} INFO - Processing /opt/airflow/dags/5deferable_operators.py took 0.253 seconds
[2025-03-24T02:50:07.874+0000] {processor.py:186} INFO - Started process (PID=319) to work on /opt/airflow/dags/5deferable_operators.py
[2025-03-24T02:50:07.876+0000] {processor.py:914} INFO - Processing file /opt/airflow/dags/5deferable_operators.py for tasks to queue
[2025-03-24T02:50:07.878+0000] {logging_mixin.py:190} INFO - [2025-03-24T02:50:07.878+0000] {dagbag.py:588} INFO - Filling up the DagBag from /opt/airflow/dags/5deferable_operators.py
[2025-03-24T02:50:07.927+0000] {processor.py:925} INFO - DAG(s) 's3_to_snowflake_dag' retrieved from /opt/airflow/dags/5deferable_operators.py
[2025-03-24T02:50:08.007+0000] {logging_mixin.py:190} INFO - [2025-03-24T02:50:08.007+0000] {dag.py:3239} INFO - Sync 1 DAGs
[2025-03-24T02:50:08.078+0000] {logging_mixin.py:190} INFO - [2025-03-24T02:50:08.077+0000] {dag.py:4180} INFO - Setting next_dagrun for s3_to_snowflake_dag to 2025-03-23 23:00:00+00:00, run_after=2025-03-24 23:00:00+00:00
[2025-03-24T02:50:08.221+0000] {processor.py:208} INFO - Processing /opt/airflow/dags/5deferable_operators.py took 0.359 seconds
[2025-03-24T02:50:38.978+0000] {processor.py:186} INFO - Started process (PID=326) to work on /opt/airflow/dags/5deferable_operators.py
[2025-03-24T02:50:38.981+0000] {processor.py:914} INFO - Processing file /opt/airflow/dags/5deferable_operators.py for tasks to queue
[2025-03-24T02:50:38.984+0000] {logging_mixin.py:190} INFO - [2025-03-24T02:50:38.984+0000] {dagbag.py:588} INFO - Filling up the DagBag from /opt/airflow/dags/5deferable_operators.py
[2025-03-24T02:50:39.075+0000] {processor.py:925} INFO - DAG(s) 's3_to_snowflake_dag' retrieved from /opt/airflow/dags/5deferable_operators.py
[2025-03-24T02:50:39.181+0000] {logging_mixin.py:190} INFO - [2025-03-24T02:50:39.180+0000] {dag.py:3239} INFO - Sync 1 DAGs
[2025-03-24T02:50:39.245+0000] {logging_mixin.py:190} INFO - [2025-03-24T02:50:39.244+0000] {dag.py:4180} INFO - Setting next_dagrun for s3_to_snowflake_dag to 2025-03-23 23:00:00+00:00, run_after=2025-03-24 23:00:00+00:00
[2025-03-24T02:50:39.419+0000] {processor.py:208} INFO - Processing /opt/airflow/dags/5deferable_operators.py took 0.452 seconds
[2025-03-24T02:51:10.762+0000] {processor.py:186} INFO - Started process (PID=333) to work on /opt/airflow/dags/5deferable_operators.py
[2025-03-24T02:51:10.764+0000] {processor.py:914} INFO - Processing file /opt/airflow/dags/5deferable_operators.py for tasks to queue
[2025-03-24T02:51:10.766+0000] {logging_mixin.py:190} INFO - [2025-03-24T02:51:10.766+0000] {dagbag.py:588} INFO - Filling up the DagBag from /opt/airflow/dags/5deferable_operators.py
[2025-03-24T02:51:10.852+0000] {processor.py:925} INFO - DAG(s) 's3_to_snowflake_dag' retrieved from /opt/airflow/dags/5deferable_operators.py
[2025-03-24T02:51:10.945+0000] {logging_mixin.py:190} INFO - [2025-03-24T02:51:10.945+0000] {dag.py:3239} INFO - Sync 1 DAGs
[2025-03-24T02:51:11.039+0000] {logging_mixin.py:190} INFO - [2025-03-24T02:51:11.039+0000] {dag.py:4180} INFO - Setting next_dagrun for s3_to_snowflake_dag to 2025-03-23 23:00:00+00:00, run_after=2025-03-24 23:00:00+00:00
[2025-03-24T02:51:11.257+0000] {processor.py:208} INFO - Processing /opt/airflow/dags/5deferable_operators.py took 0.504 seconds
[2025-03-24T02:51:41.460+0000] {processor.py:186} INFO - Started process (PID=340) to work on /opt/airflow/dags/5deferable_operators.py
[2025-03-24T02:51:41.463+0000] {processor.py:914} INFO - Processing file /opt/airflow/dags/5deferable_operators.py for tasks to queue
[2025-03-24T02:51:41.467+0000] {logging_mixin.py:190} INFO - [2025-03-24T02:51:41.466+0000] {dagbag.py:588} INFO - Filling up the DagBag from /opt/airflow/dags/5deferable_operators.py
[2025-03-24T02:51:41.533+0000] {processor.py:925} INFO - DAG(s) 's3_to_snowflake_dag' retrieved from /opt/airflow/dags/5deferable_operators.py
[2025-03-24T02:51:41.598+0000] {logging_mixin.py:190} INFO - [2025-03-24T02:51:41.597+0000] {dag.py:3239} INFO - Sync 1 DAGs
[2025-03-24T02:51:41.662+0000] {logging_mixin.py:190} INFO - [2025-03-24T02:51:41.662+0000] {dag.py:4180} INFO - Setting next_dagrun for s3_to_snowflake_dag to 2025-03-23 23:00:00+00:00, run_after=2025-03-24 23:00:00+00:00
[2025-03-24T02:51:41.797+0000] {processor.py:208} INFO - Processing /opt/airflow/dags/5deferable_operators.py took 0.349 seconds
[2025-03-24T02:52:13.044+0000] {processor.py:186} INFO - Started process (PID=347) to work on /opt/airflow/dags/5deferable_operators.py
[2025-03-24T02:52:13.045+0000] {processor.py:914} INFO - Processing file /opt/airflow/dags/5deferable_operators.py for tasks to queue
[2025-03-24T02:52:13.047+0000] {logging_mixin.py:190} INFO - [2025-03-24T02:52:13.047+0000] {dagbag.py:588} INFO - Filling up the DagBag from /opt/airflow/dags/5deferable_operators.py
[2025-03-24T02:52:13.087+0000] {processor.py:925} INFO - DAG(s) 's3_to_snowflake_dag' retrieved from /opt/airflow/dags/5deferable_operators.py
[2025-03-24T02:52:13.138+0000] {logging_mixin.py:190} INFO - [2025-03-24T02:52:13.137+0000] {dag.py:3239} INFO - Sync 1 DAGs
[2025-03-24T02:52:13.198+0000] {logging_mixin.py:190} INFO - [2025-03-24T02:52:13.198+0000] {dag.py:4180} INFO - Setting next_dagrun for s3_to_snowflake_dag to 2025-03-23 23:00:00+00:00, run_after=2025-03-24 23:00:00+00:00
[2025-03-24T02:52:13.297+0000] {processor.py:208} INFO - Processing /opt/airflow/dags/5deferable_operators.py took 0.262 seconds
[2025-03-24T02:52:44.075+0000] {processor.py:186} INFO - Started process (PID=354) to work on /opt/airflow/dags/5deferable_operators.py
[2025-03-24T02:52:44.077+0000] {processor.py:914} INFO - Processing file /opt/airflow/dags/5deferable_operators.py for tasks to queue
[2025-03-24T02:52:44.080+0000] {logging_mixin.py:190} INFO - [2025-03-24T02:52:44.080+0000] {dagbag.py:588} INFO - Filling up the DagBag from /opt/airflow/dags/5deferable_operators.py
[2025-03-24T02:52:44.138+0000] {processor.py:925} INFO - DAG(s) 's3_to_snowflake_dag' retrieved from /opt/airflow/dags/5deferable_operators.py
[2025-03-24T02:52:44.201+0000] {logging_mixin.py:190} INFO - [2025-03-24T02:52:44.200+0000] {dag.py:3239} INFO - Sync 1 DAGs
[2025-03-24T02:52:44.278+0000] {logging_mixin.py:190} INFO - [2025-03-24T02:52:44.277+0000] {dag.py:4180} INFO - Setting next_dagrun for s3_to_snowflake_dag to 2025-03-23 23:00:00+00:00, run_after=2025-03-24 23:00:00+00:00
[2025-03-24T02:52:44.386+0000] {processor.py:208} INFO - Processing /opt/airflow/dags/5deferable_operators.py took 0.330 seconds
[2025-03-24T02:53:15.069+0000] {processor.py:186} INFO - Started process (PID=361) to work on /opt/airflow/dags/5deferable_operators.py
[2025-03-24T02:53:15.072+0000] {processor.py:914} INFO - Processing file /opt/airflow/dags/5deferable_operators.py for tasks to queue
[2025-03-24T02:53:15.074+0000] {logging_mixin.py:190} INFO - [2025-03-24T02:53:15.073+0000] {dagbag.py:588} INFO - Filling up the DagBag from /opt/airflow/dags/5deferable_operators.py
[2025-03-24T02:53:15.136+0000] {processor.py:925} INFO - DAG(s) 's3_to_snowflake_dag' retrieved from /opt/airflow/dags/5deferable_operators.py
[2025-03-24T02:53:15.204+0000] {logging_mixin.py:190} INFO - [2025-03-24T02:53:15.203+0000] {dag.py:3239} INFO - Sync 1 DAGs
[2025-03-24T02:53:15.271+0000] {logging_mixin.py:190} INFO - [2025-03-24T02:53:15.270+0000] {dag.py:4180} INFO - Setting next_dagrun for s3_to_snowflake_dag to 2025-03-23 23:00:00+00:00, run_after=2025-03-24 23:00:00+00:00
[2025-03-24T02:53:15.443+0000] {processor.py:208} INFO - Processing /opt/airflow/dags/5deferable_operators.py took 0.388 seconds
[2025-03-24T02:53:46.624+0000] {processor.py:186} INFO - Started process (PID=368) to work on /opt/airflow/dags/5deferable_operators.py
[2025-03-24T02:53:46.625+0000] {processor.py:914} INFO - Processing file /opt/airflow/dags/5deferable_operators.py for tasks to queue
[2025-03-24T02:53:46.628+0000] {logging_mixin.py:190} INFO - [2025-03-24T02:53:46.628+0000] {dagbag.py:588} INFO - Filling up the DagBag from /opt/airflow/dags/5deferable_operators.py
[2025-03-24T02:53:46.690+0000] {processor.py:925} INFO - DAG(s) 's3_to_snowflake_dag' retrieved from /opt/airflow/dags/5deferable_operators.py
[2025-03-24T02:53:46.758+0000] {logging_mixin.py:190} INFO - [2025-03-24T02:53:46.757+0000] {dag.py:3239} INFO - Sync 1 DAGs
[2025-03-24T02:53:46.811+0000] {logging_mixin.py:190} INFO - [2025-03-24T02:53:46.810+0000] {dag.py:4180} INFO - Setting next_dagrun for s3_to_snowflake_dag to 2025-03-23 23:00:00+00:00, run_after=2025-03-24 23:00:00+00:00
[2025-03-24T02:53:46.959+0000] {processor.py:208} INFO - Processing /opt/airflow/dags/5deferable_operators.py took 0.344 seconds
