[2025-03-24T02:59:05.717+0000] {processor.py:186} INFO - Started process (PID=412) to work on /opt/airflow/dags/7.hooks.py
[2025-03-24T02:59:05.719+0000] {processor.py:914} INFO - Processing file /opt/airflow/dags/7.hooks.py for tasks to queue
[2025-03-24T02:59:05.722+0000] {logging_mixin.py:190} INFO - [2025-03-24T02:59:05.721+0000] {dagbag.py:588} INFO - Filling up the DagBag from /opt/airflow/dags/7.hooks.py
[2025-03-24T02:59:05.822+0000] {processor.py:925} INFO - DAG(s) 'hooks_demo' retrieved from /opt/airflow/dags/7.hooks.py
[2025-03-24T02:59:06.116+0000] {logging_mixin.py:190} INFO - [2025-03-24T02:59:06.116+0000] {dag.py:3239} INFO - Sync 1 DAGs
[2025-03-24T02:59:06.182+0000] {logging_mixin.py:190} INFO - [2025-03-24T02:59:06.181+0000] {dag.py:4180} INFO - Setting next_dagrun for hooks_demo to 2025-03-23 23:00:00+00:00, run_after=2025-03-24 23:00:00+00:00
[2025-03-24T02:59:06.362+0000] {processor.py:208} INFO - Processing /opt/airflow/dags/7.hooks.py took 0.656 seconds
[2025-03-24T02:59:37.277+0000] {processor.py:186} INFO - Started process (PID=421) to work on /opt/airflow/dags/7.hooks.py
[2025-03-24T02:59:37.280+0000] {processor.py:914} INFO - Processing file /opt/airflow/dags/7.hooks.py for tasks to queue
[2025-03-24T02:59:37.284+0000] {logging_mixin.py:190} INFO - [2025-03-24T02:59:37.283+0000] {dagbag.py:588} INFO - Filling up the DagBag from /opt/airflow/dags/7.hooks.py
[2025-03-24T02:59:37.325+0000] {processor.py:925} INFO - DAG(s) 'hooks_demo' retrieved from /opt/airflow/dags/7.hooks.py
[2025-03-24T02:59:37.380+0000] {logging_mixin.py:190} INFO - [2025-03-24T02:59:37.379+0000] {dag.py:3239} INFO - Sync 1 DAGs
[2025-03-24T02:59:37.426+0000] {logging_mixin.py:190} INFO - [2025-03-24T02:59:37.426+0000] {dag.py:4180} INFO - Setting next_dagrun for hooks_demo to 2025-03-23 23:00:00+00:00, run_after=2025-03-24 23:00:00+00:00
[2025-03-24T02:59:37.518+0000] {processor.py:208} INFO - Processing /opt/airflow/dags/7.hooks.py took 0.250 seconds
[2025-03-24T03:00:07.710+0000] {processor.py:186} INFO - Started process (PID=430) to work on /opt/airflow/dags/7.hooks.py
[2025-03-24T03:00:07.712+0000] {processor.py:914} INFO - Processing file /opt/airflow/dags/7.hooks.py for tasks to queue
[2025-03-24T03:00:07.714+0000] {logging_mixin.py:190} INFO - [2025-03-24T03:00:07.713+0000] {dagbag.py:588} INFO - Filling up the DagBag from /opt/airflow/dags/7.hooks.py
[2025-03-24T03:00:07.765+0000] {processor.py:925} INFO - DAG(s) 'hooks_demo' retrieved from /opt/airflow/dags/7.hooks.py
[2025-03-24T03:00:07.827+0000] {logging_mixin.py:190} INFO - [2025-03-24T03:00:07.827+0000] {dag.py:3239} INFO - Sync 1 DAGs
[2025-03-24T03:00:07.882+0000] {logging_mixin.py:190} INFO - [2025-03-24T03:00:07.882+0000] {dag.py:4180} INFO - Setting next_dagrun for hooks_demo to 2025-03-23 23:00:00+00:00, run_after=2025-03-24 23:00:00+00:00
[2025-03-24T03:00:07.984+0000] {processor.py:208} INFO - Processing /opt/airflow/dags/7.hooks.py took 0.282 seconds
[2025-03-24T03:00:38.604+0000] {processor.py:186} INFO - Started process (PID=439) to work on /opt/airflow/dags/7.hooks.py
[2025-03-24T03:00:38.606+0000] {processor.py:914} INFO - Processing file /opt/airflow/dags/7.hooks.py for tasks to queue
[2025-03-24T03:00:38.608+0000] {logging_mixin.py:190} INFO - [2025-03-24T03:00:38.607+0000] {dagbag.py:588} INFO - Filling up the DagBag from /opt/airflow/dags/7.hooks.py
[2025-03-24T03:00:38.639+0000] {processor.py:925} INFO - DAG(s) 'hooks_demo' retrieved from /opt/airflow/dags/7.hooks.py
[2025-03-24T03:00:38.692+0000] {logging_mixin.py:190} INFO - [2025-03-24T03:00:38.691+0000] {dag.py:3239} INFO - Sync 1 DAGs
[2025-03-24T03:00:38.734+0000] {logging_mixin.py:190} INFO - [2025-03-24T03:00:38.734+0000] {dag.py:4180} INFO - Setting next_dagrun for hooks_demo to 2025-03-23 23:00:00+00:00, run_after=2025-03-24 23:00:00+00:00
[2025-03-24T03:00:38.835+0000] {processor.py:208} INFO - Processing /opt/airflow/dags/7.hooks.py took 0.238 seconds
[2025-03-24T03:03:40.303+0000] {processor.py:186} INFO - Started process (PID=448) to work on /opt/airflow/dags/7.hooks.py
[2025-03-24T03:03:40.305+0000] {processor.py:914} INFO - Processing file /opt/airflow/dags/7.hooks.py for tasks to queue
[2025-03-24T03:03:40.315+0000] {logging_mixin.py:190} INFO - [2025-03-24T03:03:40.314+0000] {dagbag.py:588} INFO - Filling up the DagBag from /opt/airflow/dags/7.hooks.py
[2025-03-24T03:03:40.359+0000] {processor.py:925} INFO - DAG(s) 'hooks_demo' retrieved from /opt/airflow/dags/7.hooks.py
[2025-03-24T03:03:40.534+0000] {logging_mixin.py:190} INFO - [2025-03-24T03:03:40.530+0000] {dag.py:3239} INFO - Sync 1 DAGs
[2025-03-24T03:03:40.688+0000] {logging_mixin.py:190} INFO - [2025-03-24T03:03:40.688+0000] {dag.py:4180} INFO - Setting next_dagrun for hooks_demo to 2025-03-23 23:00:00+00:00, run_after=2025-03-24 23:00:00+00:00
[2025-03-24T03:03:40.917+0000] {processor.py:208} INFO - Processing /opt/airflow/dags/7.hooks.py took 0.638 seconds
[2025-03-24T03:04:12.352+0000] {processor.py:186} INFO - Started process (PID=457) to work on /opt/airflow/dags/7.hooks.py
[2025-03-24T03:04:12.355+0000] {processor.py:914} INFO - Processing file /opt/airflow/dags/7.hooks.py for tasks to queue
[2025-03-24T03:04:12.358+0000] {logging_mixin.py:190} INFO - [2025-03-24T03:04:12.357+0000] {dagbag.py:588} INFO - Filling up the DagBag from /opt/airflow/dags/7.hooks.py
[2025-03-24T03:04:12.440+0000] {processor.py:925} INFO - DAG(s) 'hooks_demo' retrieved from /opt/airflow/dags/7.hooks.py
[2025-03-24T03:04:12.500+0000] {logging_mixin.py:190} INFO - [2025-03-24T03:04:12.500+0000] {dag.py:3239} INFO - Sync 1 DAGs
[2025-03-24T03:04:12.574+0000] {logging_mixin.py:190} INFO - [2025-03-24T03:04:12.573+0000] {dag.py:4180} INFO - Setting next_dagrun for hooks_demo to 2025-03-23 23:00:00+00:00, run_after=2025-03-24 23:00:00+00:00
[2025-03-24T03:04:12.716+0000] {processor.py:208} INFO - Processing /opt/airflow/dags/7.hooks.py took 0.381 seconds
[2025-03-24T03:04:43.831+0000] {processor.py:186} INFO - Started process (PID=466) to work on /opt/airflow/dags/7.hooks.py
[2025-03-24T03:04:43.833+0000] {processor.py:914} INFO - Processing file /opt/airflow/dags/7.hooks.py for tasks to queue
[2025-03-24T03:04:43.836+0000] {logging_mixin.py:190} INFO - [2025-03-24T03:04:43.835+0000] {dagbag.py:588} INFO - Filling up the DagBag from /opt/airflow/dags/7.hooks.py
[2025-03-24T03:04:43.878+0000] {processor.py:925} INFO - DAG(s) 'hooks_demo' retrieved from /opt/airflow/dags/7.hooks.py
[2025-03-24T03:04:43.939+0000] {logging_mixin.py:190} INFO - [2025-03-24T03:04:43.938+0000] {dag.py:3239} INFO - Sync 1 DAGs
[2025-03-24T03:04:43.995+0000] {logging_mixin.py:190} INFO - [2025-03-24T03:04:43.994+0000] {dag.py:4180} INFO - Setting next_dagrun for hooks_demo to 2025-03-23 23:00:00+00:00, run_after=2025-03-24 23:00:00+00:00
[2025-03-24T03:04:44.095+0000] {processor.py:208} INFO - Processing /opt/airflow/dags/7.hooks.py took 0.272 seconds
[2025-03-24T03:05:15.358+0000] {processor.py:186} INFO - Started process (PID=475) to work on /opt/airflow/dags/7.hooks.py
[2025-03-24T03:05:15.361+0000] {processor.py:914} INFO - Processing file /opt/airflow/dags/7.hooks.py for tasks to queue
[2025-03-24T03:05:15.363+0000] {logging_mixin.py:190} INFO - [2025-03-24T03:05:15.362+0000] {dagbag.py:588} INFO - Filling up the DagBag from /opt/airflow/dags/7.hooks.py
[2025-03-24T03:05:15.403+0000] {processor.py:925} INFO - DAG(s) 'hooks_demo' retrieved from /opt/airflow/dags/7.hooks.py
[2025-03-24T03:05:15.452+0000] {logging_mixin.py:190} INFO - [2025-03-24T03:05:15.451+0000] {dag.py:3239} INFO - Sync 1 DAGs
[2025-03-24T03:05:15.507+0000] {logging_mixin.py:190} INFO - [2025-03-24T03:05:15.506+0000] {dag.py:4180} INFO - Setting next_dagrun for hooks_demo to 2025-03-23 23:00:00+00:00, run_after=2025-03-24 23:00:00+00:00
[2025-03-24T03:05:15.650+0000] {processor.py:208} INFO - Processing /opt/airflow/dags/7.hooks.py took 0.304 seconds
[2025-03-24T03:05:46.366+0000] {processor.py:186} INFO - Started process (PID=485) to work on /opt/airflow/dags/7.hooks.py
[2025-03-24T03:05:46.369+0000] {processor.py:914} INFO - Processing file /opt/airflow/dags/7.hooks.py for tasks to queue
[2025-03-24T03:05:46.373+0000] {logging_mixin.py:190} INFO - [2025-03-24T03:05:46.372+0000] {dagbag.py:588} INFO - Filling up the DagBag from /opt/airflow/dags/7.hooks.py
[2025-03-24T03:05:46.425+0000] {processor.py:925} INFO - DAG(s) 'hooks_demo' retrieved from /opt/airflow/dags/7.hooks.py
[2025-03-24T03:05:46.496+0000] {logging_mixin.py:190} INFO - [2025-03-24T03:05:46.495+0000] {dag.py:3239} INFO - Sync 1 DAGs
[2025-03-24T03:05:46.552+0000] {logging_mixin.py:190} INFO - [2025-03-24T03:05:46.552+0000] {dag.py:4180} INFO - Setting next_dagrun for hooks_demo to 2025-03-23 23:00:00+00:00, run_after=2025-03-24 23:00:00+00:00
[2025-03-24T03:05:46.659+0000] {processor.py:208} INFO - Processing /opt/airflow/dags/7.hooks.py took 0.310 seconds
