[2025-03-17T04:30:06.805+0000] {local_task_job_runner.py:123} INFO - ::group::Pre task execution logs
[2025-03-17T04:30:06.844+0000] {taskinstance.py:2614} INFO - Dependencies all met for dep_context=non-requeueable deps ti=<TaskInstance: exchange_rate_etl.download_file manual__2025-03-17T04:29:59.163078+00:00 [queued]>
[2025-03-17T04:30:06.867+0000] {taskinstance.py:2614} INFO - Dependencies all met for dep_context=requeueable deps ti=<TaskInstance: exchange_rate_etl.download_file manual__2025-03-17T04:29:59.163078+00:00 [queued]>
[2025-03-17T04:30:06.876+0000] {taskinstance.py:2867} INFO - Starting attempt 1 of 3
[2025-03-17T04:30:06.958+0000] {taskinstance.py:2890} INFO - Executing <Task(BashOperator): download_file> on 2025-03-17 04:29:59.163078+00:00
[2025-03-17T04:30:06.993+0000] {standard_task_runner.py:104} INFO - Running: ['airflow', 'tasks', 'run', 'exchange_rate_etl', 'download_file', 'manual__2025-03-17T04:29:59.163078+00:00', '--job-id', '53', '--raw', '--subdir', 'DAGS_FOLDER/exchange_rate_pipeline.py', '--cfg-path', '/tmp/tmpf5ciicyl']
[2025-03-17T04:30:07.003+0000] {standard_task_runner.py:105} INFO - Job 53: Subtask download_file
[2025-03-17T04:30:07.018+0000] {logging_mixin.py:190} WARNING - /home/airflow/.local/lib/python3.12/site-packages/airflow/task/task_runner/standard_task_runner.py:70 DeprecationWarning: This process (pid=788) is multi-threaded, use of fork() may lead to deadlocks in the child.
[2025-03-17T04:30:07.021+0000] {standard_task_runner.py:72} INFO - Started process 806 to run task
[2025-03-17T04:30:07.179+0000] {task_command.py:467} INFO - Running <TaskInstance: exchange_rate_etl.download_file manual__2025-03-17T04:29:59.163078+00:00 [running]> on host 8ae3f6e178cd
[2025-03-17T04:30:07.384+0000] {taskinstance.py:3134} INFO - Exporting env vars: AIRFLOW_CTX_DAG_OWNER='airflow' AIRFLOW_CTX_DAG_ID='exchange_rate_etl' AIRFLOW_CTX_TASK_ID='download_file' AIRFLOW_CTX_EXECUTION_DATE='2025-03-17T04:29:59.163078+00:00' AIRFLOW_CTX_TRY_NUMBER='1' AIRFLOW_CTX_DAG_RUN_ID='manual__2025-03-17T04:29:59.163078+00:00'
[2025-03-17T04:30:07.385+0000] {taskinstance.py:732} INFO - ::endgroup::
[2025-03-17T04:30:07.413+0000] {subprocess.py:78} INFO - Tmp dir root location: /tmp
[2025-03-17T04:30:07.416+0000] {subprocess.py:88} INFO - Running command: ['/usr/bin/bash', '-c', 'mkdir -p /tmp && curl -v -f -o /tmp/cd_population.csv http://personal.tcu.edu/kylewalker/data/cd_population.csv']
[2025-03-17T04:30:07.427+0000] {subprocess.py:99} INFO - Output:
[2025-03-17T04:30:07.445+0000] {subprocess.py:106} INFO -   % Total    % Received % Xferd  Average Speed   Time    Time     Time  Current
[2025-03-17T04:30:07.446+0000] {subprocess.py:106} INFO -                                  Dload  Upload   Total   Spent    Left  Speed
[2025-03-17T04:30:07.491+0000] {subprocess.py:106} INFO -   0     0    0     0    0     0      0      0 --:--:-- --:--:-- --:--:--     0*   Trying 138.237.38.126:80...
[2025-03-17T04:30:07.509+0000] {subprocess.py:106} INFO - * Connected to personal.tcu.edu (138.237.38.126) port 80 (#0)
[2025-03-17T04:30:07.512+0000] {subprocess.py:106} INFO - > GET /kylewalker/data/cd_population.csv HTTP/1.1
[2025-03-17T04:30:07.513+0000] {subprocess.py:106} INFO - > Host: personal.tcu.edu
[2025-03-17T04:30:07.514+0000] {subprocess.py:106} INFO - > User-Agent: curl/7.88.1
[2025-03-17T04:30:07.516+0000] {subprocess.py:106} INFO - > Accept: */*
[2025-03-17T04:30:07.517+0000] {subprocess.py:106} INFO - >
[2025-03-17T04:30:07.531+0000] {subprocess.py:106} INFO - * HTTP 1.0, assume close after body
[2025-03-17T04:30:07.533+0000] {subprocess.py:106} INFO - < HTTP/1.0 302 Moved Temporarily
[2025-03-17T04:30:07.534+0000] {subprocess.py:106} INFO - < Location: https://personal.tcu.edu/kylewalker/data/cd_population.csv
[2025-03-17T04:30:07.535+0000] {subprocess.py:106} INFO - < Server: BigIP
[2025-03-17T04:30:07.536+0000] {subprocess.py:106} INFO - * HTTP/1.0 connection set to keep alive
[2025-03-17T04:30:07.537+0000] {subprocess.py:106} INFO - < Connection: Keep-Alive
[2025-03-17T04:30:07.537+0000] {subprocess.py:106} INFO - < Content-Length: 0
[2025-03-17T04:30:07.538+0000] {subprocess.py:106} INFO - <
[2025-03-17T04:30:07.539+0000] {subprocess.py:106} INFO -   0     0    0     0    0     0      0      0 --:--:-- --:--:-- --:--:--     0
[2025-03-17T04:30:07.540+0000] {subprocess.py:106} INFO - * Connection #0 to host personal.tcu.edu left intact
[2025-03-17T04:30:07.541+0000] {subprocess.py:110} INFO - Command exited with return code 0
[2025-03-17T04:30:07.630+0000] {taskinstance.py:341} INFO - ::group::Post task execution logs
[2025-03-17T04:30:07.631+0000] {taskinstance.py:353} INFO - Marking task as SUCCESS. dag_id=exchange_rate_etl, task_id=download_file, run_id=manual__2025-03-17T04:29:59.163078+00:00, execution_date=20250317T042959, start_date=20250317T043006, end_date=20250317T043007
[2025-03-17T04:30:07.767+0000] {local_task_job_runner.py:266} INFO - Task exited with return code 0
[2025-03-17T04:30:07.851+0000] {taskinstance.py:3901} INFO - 1 downstream tasks scheduled from follow-on schedule check
[2025-03-17T04:30:07.871+0000] {local_task_job_runner.py:245} INFO - ::endgroup::
