[2025-03-17T03:59:24.796+0000] {local_task_job_runner.py:123} INFO - ::group::Pre task execution logs
[2025-03-17T03:59:24.847+0000] {taskinstance.py:2614} INFO - Dependencies all met for dep_context=non-requeueable deps ti=<TaskInstance: exchange_rate_etl.download_file scheduled__2025-03-15T22:00:00+00:00 [queued]>
[2025-03-17T03:59:24.887+0000] {taskinstance.py:2614} INFO - Dependencies all met for dep_context=requeueable deps ti=<TaskInstance: exchange_rate_etl.download_file scheduled__2025-03-15T22:00:00+00:00 [queued]>
[2025-03-17T03:59:24.889+0000] {taskinstance.py:2867} INFO - Starting attempt 1 of 3
[2025-03-17T03:59:24.998+0000] {taskinstance.py:2890} INFO - Executing <Task(BashOperator): download_file> on 2025-03-15 22:00:00+00:00
[2025-03-17T03:59:25.025+0000] {standard_task_runner.py:104} INFO - Running: ['airflow', 'tasks', 'run', 'exchange_rate_etl', 'download_file', 'scheduled__2025-03-15T22:00:00+00:00', '--job-id', '23', '--raw', '--subdir', 'DAGS_FOLDER/exchange_rate_pipeline.py', '--cfg-path', '/tmp/tmpr8ab0rlr']
[2025-03-17T03:59:25.031+0000] {standard_task_runner.py:105} INFO - Job 23: Subtask download_file
[2025-03-17T03:59:25.033+0000] {logging_mixin.py:190} WARNING - /home/airflow/.local/lib/python3.12/site-packages/airflow/task/task_runner/standard_task_runner.py:70 DeprecationWarning: This process (pid=161) is multi-threaded, use of fork() may lead to deadlocks in the child.
[2025-03-17T03:59:25.034+0000] {standard_task_runner.py:72} INFO - Started process 179 to run task
[2025-03-17T03:59:25.233+0000] {task_command.py:467} INFO - Running <TaskInstance: exchange_rate_etl.download_file scheduled__2025-03-15T22:00:00+00:00 [running]> on host 31e6e88a37b5
[2025-03-17T03:59:25.480+0000] {taskinstance.py:3134} INFO - Exporting env vars: AIRFLOW_CTX_DAG_OWNER='airflow' AIRFLOW_CTX_DAG_ID='exchange_rate_etl' AIRFLOW_CTX_TASK_ID='download_file' AIRFLOW_CTX_EXECUTION_DATE='2025-03-15T22:00:00+00:00' AIRFLOW_CTX_TRY_NUMBER='1' AIRFLOW_CTX_DAG_RUN_ID='scheduled__2025-03-15T22:00:00+00:00'
[2025-03-17T03:59:25.481+0000] {taskinstance.py:732} INFO - ::endgroup::
[2025-03-17T03:59:25.536+0000] {subprocess.py:78} INFO - Tmp dir root location: /tmp
[2025-03-17T03:59:25.537+0000] {subprocess.py:88} INFO - Running command: ['/usr/bin/bash', '-c', 'curl -o xrate.csv http://personal.tcu.edu/kylewalker/data/cd_population.csv']
[2025-03-17T03:59:25.554+0000] {subprocess.py:99} INFO - Output:
[2025-03-17T03:59:25.636+0000] {subprocess.py:106} INFO -   % Total    % Received % Xferd  Average Speed   Time    Time     Time  Current
[2025-03-17T03:59:25.637+0000] {subprocess.py:106} INFO -                                  Dload  Upload   Total   Spent    Left  Speed
[2025-03-17T03:59:25.830+0000] {subprocess.py:106} INFO -   0     0    0     0    0     0      0      0 --:--:-- --:--:-- --:--:--     0  0     0    0     0    0     0      0      0 --:--:-- --:--:-- --:--:--     0
[2025-03-17T03:59:25.835+0000] {subprocess.py:110} INFO - Command exited with return code 0
[2025-03-17T03:59:25.929+0000] {taskinstance.py:341} INFO - ::group::Post task execution logs
[2025-03-17T03:59:25.931+0000] {taskinstance.py:353} INFO - Marking task as SUCCESS. dag_id=exchange_rate_etl, task_id=download_file, run_id=scheduled__2025-03-15T22:00:00+00:00, execution_date=20250315T220000, start_date=20250317T035924, end_date=20250317T035925
[2025-03-17T03:59:26.096+0000] {local_task_job_runner.py:266} INFO - Task exited with return code 0
[2025-03-17T03:59:26.190+0000] {taskinstance.py:3901} INFO - 1 downstream tasks scheduled from follow-on schedule check
[2025-03-17T03:59:26.225+0000] {local_task_job_runner.py:245} INFO - ::endgroup::
[2025-03-17T04:05:44.651+0000] {local_task_job_runner.py:123} INFO - ::group::Pre task execution logs
[2025-03-17T04:05:44.682+0000] {taskinstance.py:2614} INFO - Dependencies all met for dep_context=non-requeueable deps ti=<TaskInstance: exchange_rate_etl.download_file scheduled__2025-03-15T22:00:00+00:00 [queued]>
[2025-03-17T04:05:44.702+0000] {taskinstance.py:2614} INFO - Dependencies all met for dep_context=requeueable deps ti=<TaskInstance: exchange_rate_etl.download_file scheduled__2025-03-15T22:00:00+00:00 [queued]>
[2025-03-17T04:05:44.702+0000] {taskinstance.py:2867} INFO - Starting attempt 1 of 3
[2025-03-17T04:05:44.753+0000] {taskinstance.py:2890} INFO - Executing <Task(BashOperator): download_file> on 2025-03-15 22:00:00+00:00
[2025-03-17T04:05:44.771+0000] {standard_task_runner.py:104} INFO - Running: ['airflow', 'tasks', 'run', 'exchange_rate_etl', 'download_file', 'scheduled__2025-03-15T22:00:00+00:00', '--job-id', '25', '--raw', '--subdir', 'DAGS_FOLDER/exchange_rate_pipeline.py', '--cfg-path', '/tmp/tmpkzq5ibjw']
[2025-03-17T04:05:44.777+0000] {standard_task_runner.py:105} INFO - Job 25: Subtask download_file
[2025-03-17T04:05:44.784+0000] {logging_mixin.py:190} WARNING - /home/airflow/.local/lib/python3.12/site-packages/airflow/task/task_runner/standard_task_runner.py:70 DeprecationWarning: This process (pid=117) is multi-threaded, use of fork() may lead to deadlocks in the child.
[2025-03-17T04:05:44.787+0000] {standard_task_runner.py:72} INFO - Started process 135 to run task
[2025-03-17T04:05:44.935+0000] {task_command.py:467} INFO - Running <TaskInstance: exchange_rate_etl.download_file scheduled__2025-03-15T22:00:00+00:00 [running]> on host 8ae3f6e178cd
[2025-03-17T04:05:45.123+0000] {taskinstance.py:3134} INFO - Exporting env vars: AIRFLOW_CTX_DAG_OWNER='airflow' AIRFLOW_CTX_DAG_ID='exchange_rate_etl' AIRFLOW_CTX_TASK_ID='download_file' AIRFLOW_CTX_EXECUTION_DATE='2025-03-15T22:00:00+00:00' AIRFLOW_CTX_TRY_NUMBER='1' AIRFLOW_CTX_DAG_RUN_ID='scheduled__2025-03-15T22:00:00+00:00'
[2025-03-17T04:05:45.125+0000] {taskinstance.py:732} INFO - ::endgroup::
[2025-03-17T04:05:45.167+0000] {subprocess.py:78} INFO - Tmp dir root location: /tmp
[2025-03-17T04:05:45.168+0000] {subprocess.py:88} INFO - Running command: ['/usr/bin/bash', '-c', 'curl -o xrate.csv http://personal.tcu.edu/kylewalker/data/cd_population.csv']
[2025-03-17T04:05:45.183+0000] {subprocess.py:99} INFO - Output:
[2025-03-17T04:05:45.203+0000] {subprocess.py:106} INFO -   % Total    % Received % Xferd  Average Speed   Time    Time     Time  Current
[2025-03-17T04:05:45.205+0000] {subprocess.py:106} INFO -                                  Dload  Upload   Total   Spent    Left  Speed
[2025-03-17T04:05:45.371+0000] {subprocess.py:106} INFO -   0     0    0     0    0     0      0      0 --:--:-- --:--:-- --:--:--     0  0     0    0     0    0     0      0      0 --:--:-- --:--:-- --:--:--     0
[2025-03-17T04:05:45.372+0000] {subprocess.py:110} INFO - Command exited with return code 0
[2025-03-17T04:05:45.445+0000] {taskinstance.py:341} INFO - ::group::Post task execution logs
[2025-03-17T04:05:45.446+0000] {taskinstance.py:353} INFO - Marking task as SUCCESS. dag_id=exchange_rate_etl, task_id=download_file, run_id=scheduled__2025-03-15T22:00:00+00:00, execution_date=20250315T220000, start_date=20250317T040544, end_date=20250317T040545
[2025-03-17T04:05:45.570+0000] {local_task_job_runner.py:266} INFO - Task exited with return code 0
[2025-03-17T04:05:45.647+0000] {taskinstance.py:3901} INFO - 1 downstream tasks scheduled from follow-on schedule check
[2025-03-17T04:05:45.663+0000] {local_task_job_runner.py:245} INFO - ::endgroup::
