[2025-03-17T03:59:34.468+0000] {local_task_job_runner.py:123} INFO - ::group::Pre task execution logs
[2025-03-17T03:59:34.523+0000] {taskinstance.py:2614} INFO - Dependencies all met for dep_context=non-requeueable deps ti=<TaskInstance: exchange_rate_etl.download_file manual__2025-03-17T03:59:18.434820+00:00 [queued]>
[2025-03-17T03:59:34.559+0000] {taskinstance.py:2614} INFO - Dependencies all met for dep_context=requeueable deps ti=<TaskInstance: exchange_rate_etl.download_file manual__2025-03-17T03:59:18.434820+00:00 [queued]>
[2025-03-17T03:59:34.562+0000] {taskinstance.py:2867} INFO - Starting attempt 1 of 3
[2025-03-17T03:59:34.669+0000] {taskinstance.py:2890} INFO - Executing <Task(BashOperator): download_file> on 2025-03-17 03:59:18.434820+00:00
[2025-03-17T03:59:34.686+0000] {standard_task_runner.py:104} INFO - Running: ['airflow', 'tasks', 'run', 'exchange_rate_etl', 'download_file', 'manual__2025-03-17T03:59:18.434820+00:00', '--job-id', '24', '--raw', '--subdir', 'DAGS_FOLDER/exchange_rate_pipeline.py', '--cfg-path', '/tmp/tmp50wjk8qd']
[2025-03-17T03:59:34.690+0000] {standard_task_runner.py:105} INFO - Job 24: Subtask download_file
[2025-03-17T03:59:34.692+0000] {logging_mixin.py:190} WARNING - /home/airflow/.local/lib/python3.12/site-packages/airflow/task/task_runner/standard_task_runner.py:70 DeprecationWarning: This process (pid=184) is multi-threaded, use of fork() may lead to deadlocks in the child.
[2025-03-17T03:59:34.694+0000] {standard_task_runner.py:72} INFO - Started process 202 to run task
[2025-03-17T03:59:34.874+0000] {task_command.py:467} INFO - Running <TaskInstance: exchange_rate_etl.download_file manual__2025-03-17T03:59:18.434820+00:00 [running]> on host 31e6e88a37b5
[2025-03-17T03:59:35.114+0000] {taskinstance.py:3134} INFO - Exporting env vars: AIRFLOW_CTX_DAG_OWNER='airflow' AIRFLOW_CTX_DAG_ID='exchange_rate_etl' AIRFLOW_CTX_TASK_ID='download_file' AIRFLOW_CTX_EXECUTION_DATE='2025-03-17T03:59:18.434820+00:00' AIRFLOW_CTX_TRY_NUMBER='1' AIRFLOW_CTX_DAG_RUN_ID='manual__2025-03-17T03:59:18.434820+00:00'
[2025-03-17T03:59:35.116+0000] {taskinstance.py:732} INFO - ::endgroup::
[2025-03-17T03:59:35.139+0000] {subprocess.py:78} INFO - Tmp dir root location: /tmp
[2025-03-17T03:59:35.140+0000] {subprocess.py:88} INFO - Running command: ['/usr/bin/bash', '-c', 'curl -o xrate.csv http://personal.tcu.edu/kylewalker/data/cd_population.csv']
[2025-03-17T03:59:35.155+0000] {subprocess.py:99} INFO - Output:
[2025-03-17T03:59:35.170+0000] {subprocess.py:106} INFO -   % Total    % Received % Xferd  Average Speed   Time    Time     Time  Current
[2025-03-17T03:59:35.172+0000] {subprocess.py:106} INFO -                                  Dload  Upload   Total   Spent    Left  Speed
[2025-03-17T03:59:35.328+0000] {subprocess.py:106} INFO -   0     0    0     0    0     0      0      0 --:--:-- --:--:-- --:--:--     0  0     0    0     0    0     0      0      0 --:--:-- --:--:-- --:--:--     0
[2025-03-17T03:59:35.332+0000] {subprocess.py:110} INFO - Command exited with return code 0
[2025-03-17T03:59:35.493+0000] {taskinstance.py:341} INFO - ::group::Post task execution logs
[2025-03-17T03:59:35.495+0000] {taskinstance.py:353} INFO - Marking task as SUCCESS. dag_id=exchange_rate_etl, task_id=download_file, run_id=manual__2025-03-17T03:59:18.434820+00:00, execution_date=20250317T035918, start_date=20250317T035934, end_date=20250317T035935
[2025-03-17T03:59:35.717+0000] {local_task_job_runner.py:266} INFO - Task exited with return code 0
[2025-03-17T03:59:35.840+0000] {taskinstance.py:3901} INFO - 1 downstream tasks scheduled from follow-on schedule check
[2025-03-17T03:59:35.881+0000] {local_task_job_runner.py:245} INFO - ::endgroup::
