[2025-03-19T05:08:29.263+0000] {local_task_job_runner.py:123} INFO - ::group::Pre task execution logs
[2025-03-19T05:08:29.305+0000] {taskinstance.py:2614} INFO - Dependencies all met for dep_context=non-requeueable deps ti=<TaskInstance: exchange_rate_etl.send_email manual__2025-03-19T05:08:06.838889+00:00 [queued]>
[2025-03-19T05:08:29.331+0000] {taskinstance.py:2614} INFO - Dependencies all met for dep_context=requeueable deps ti=<TaskInstance: exchange_rate_etl.send_email manual__2025-03-19T05:08:06.838889+00:00 [queued]>
[2025-03-19T05:08:29.333+0000] {taskinstance.py:2867} INFO - Starting attempt 1 of 3
[2025-03-19T05:08:29.389+0000] {taskinstance.py:2890} INFO - Executing <Task(EmailOperator): send_email> on 2025-03-19 05:08:06.838889+00:00
[2025-03-19T05:08:29.400+0000] {standard_task_runner.py:104} INFO - Running: ['airflow', 'tasks', 'run', 'exchange_rate_etl', 'send_email', 'manual__2025-03-19T05:08:06.838889+00:00', '--job-id', '98', '--raw', '--subdir', 'DAGS_FOLDER/exchange_rate_pipeline.py', '--cfg-path', '/tmp/tmp4rbe6g_b']
[2025-03-19T05:08:29.408+0000] {standard_task_runner.py:105} INFO - Job 98: Subtask send_email
[2025-03-19T05:08:29.411+0000] {logging_mixin.py:190} WARNING - /home/airflow/.local/lib/python3.12/site-packages/airflow/task/task_runner/standard_task_runner.py:70 DeprecationWarning: This process (pid=220) is multi-threaded, use of fork() may lead to deadlocks in the child.
[2025-03-19T05:08:29.415+0000] {standard_task_runner.py:72} INFO - Started process 238 to run task
[2025-03-19T05:08:29.586+0000] {task_command.py:467} INFO - Running <TaskInstance: exchange_rate_etl.send_email manual__2025-03-19T05:08:06.838889+00:00 [running]> on host d7214be6158c
[2025-03-19T05:08:29.879+0000] {taskinstance.py:3134} INFO - Exporting env vars: AIRFLOW_CTX_DAG_OWNER='airflow' AIRFLOW_CTX_DAG_ID='exchange_rate_etl' AIRFLOW_CTX_TASK_ID='send_email' AIRFLOW_CTX_EXECUTION_DATE='2025-03-19T05:08:06.838889+00:00' AIRFLOW_CTX_TRY_NUMBER='1' AIRFLOW_CTX_DAG_RUN_ID='manual__2025-03-19T05:08:06.838889+00:00'
[2025-03-19T05:08:29.881+0000] {taskinstance.py:732} INFO - ::endgroup::
[2025-03-19T05:08:29.938+0000] {logging_mixin.py:190} WARNING - /home/airflow/.local/lib/python3.12/site-packages/airflow/utils/email.py:155 RemovedInAirflow3Warning: Fetching SMTP credentials from configuration variables will be deprecated in a future release. Please set credentials using a connection instead.
[2025-03-19T05:08:29.939+0000] {configuration.py:1074} WARNING - section/key [smtp/smtp_password] not found in config
[2025-03-19T05:08:29.940+0000] {email.py:272} INFO - Email alerting: attempt 1
[2025-03-19T05:08:29.951+0000] {email.py:283} INFO - Sent an alert email to ['haminh6c2@gmail.com']
[2025-03-19T05:08:30.003+0000] {taskinstance.py:341} INFO - ::group::Post task execution logs
[2025-03-19T05:08:30.004+0000] {taskinstance.py:353} INFO - Marking task as SUCCESS. dag_id=exchange_rate_etl, task_id=send_email, run_id=manual__2025-03-19T05:08:06.838889+00:00, execution_date=20250319T050806, start_date=20250319T050829, end_date=20250319T050830
[2025-03-19T05:08:30.155+0000] {local_task_job_runner.py:266} INFO - Task exited with return code 0
[2025-03-19T05:08:30.191+0000] {taskinstance.py:3901} INFO - 0 downstream tasks scheduled from follow-on schedule check
[2025-03-19T05:08:30.194+0000] {local_task_job_runner.py:245} INFO - ::endgroup::
