[2025-03-17T04:36:42.958+0000] {local_task_job_runner.py:123} INFO - ::group::Pre task execution logs
[2025-03-17T04:36:42.991+0000] {taskinstance.py:2614} INFO - Dependencies all met for dep_context=non-requeueable deps ti=<TaskInstance: exchange_rate_etl.download_file manual__2025-03-17T04:36:35.072482+00:00 [queued]>
[2025-03-17T04:36:43.041+0000] {taskinstance.py:2614} INFO - Dependencies all met for dep_context=requeueable deps ti=<TaskInstance: exchange_rate_etl.download_file manual__2025-03-17T04:36:35.072482+00:00 [queued]>
[2025-03-17T04:36:43.043+0000] {taskinstance.py:2867} INFO - Starting attempt 1 of 3
[2025-03-17T04:36:43.112+0000] {taskinstance.py:2890} INFO - Executing <Task(BashOperator): download_file> on 2025-03-17 04:36:35.072482+00:00
[2025-03-17T04:36:43.127+0000] {standard_task_runner.py:104} INFO - Running: ['airflow', 'tasks', 'run', 'exchange_rate_etl', 'download_file', 'manual__2025-03-17T04:36:35.072482+00:00', '--job-id', '63', '--raw', '--subdir', 'DAGS_FOLDER/exchange_rate_pipeline.py', '--cfg-path', '/tmp/tmpf23l56b9']
[2025-03-17T04:36:43.133+0000] {standard_task_runner.py:105} INFO - Job 63: Subtask download_file
[2025-03-17T04:36:43.136+0000] {logging_mixin.py:190} WARNING - /home/airflow/.local/lib/python3.12/site-packages/airflow/task/task_runner/standard_task_runner.py:70 DeprecationWarning: This process (pid=1022) is multi-threaded, use of fork() may lead to deadlocks in the child.
[2025-03-17T04:36:43.137+0000] {standard_task_runner.py:72} INFO - Started process 1040 to run task
[2025-03-17T04:36:43.283+0000] {task_command.py:467} INFO - Running <TaskInstance: exchange_rate_etl.download_file manual__2025-03-17T04:36:35.072482+00:00 [running]> on host 8ae3f6e178cd
[2025-03-17T04:36:43.537+0000] {taskinstance.py:3134} INFO - Exporting env vars: AIRFLOW_CTX_DAG_OWNER='airflow' AIRFLOW_CTX_DAG_ID='exchange_rate_etl' AIRFLOW_CTX_TASK_ID='download_file' AIRFLOW_CTX_EXECUTION_DATE='2025-03-17T04:36:35.072482+00:00' AIRFLOW_CTX_TRY_NUMBER='1' AIRFLOW_CTX_DAG_RUN_ID='manual__2025-03-17T04:36:35.072482+00:00'
[2025-03-17T04:36:43.539+0000] {taskinstance.py:732} INFO - ::endgroup::
[2025-03-17T04:36:43.571+0000] {subprocess.py:78} INFO - Tmp dir root location: /tmp
[2025-03-17T04:36:43.573+0000] {subprocess.py:88} INFO - Running command: ['/usr/bin/bash', '-c', 'mkdir -p /tmp && curl -L -f -o /tmp/cd_population.csv http://personal.tcu.edu/kylewalker/data/cd_population.csv || echo "Download failed, check the URL or network connection."']
[2025-03-17T04:36:43.585+0000] {subprocess.py:99} INFO - Output:
[2025-03-17T04:36:43.600+0000] {subprocess.py:106} INFO -   % Total    % Received % Xferd  Average Speed   Time    Time     Time  Current
[2025-03-17T04:36:43.601+0000] {subprocess.py:106} INFO -                                  Dload  Upload   Total   Spent    Left  Speed
[2025-03-17T04:36:43.704+0000] {subprocess.py:106} INFO -   0     0    0     0    0     0      0      0 --:--:-- --:--:-- --:--:--     0  0     0    0     0    0     0      0      0 --:--:-- --:--:-- --:--:--     0
[2025-03-17T04:36:43.863+0000] {subprocess.py:106} INFO -   0     0    0     0    0     0      0      0 --:--:-- --:--:-- --:--:--     0100   227  100   227    0     0    863      0 --:--:-- --:--:-- --:--:--  1464
[2025-03-17T04:36:43.870+0000] {subprocess.py:110} INFO - Command exited with return code 0
[2025-03-17T04:36:43.989+0000] {taskinstance.py:341} INFO - ::group::Post task execution logs
[2025-03-17T04:36:43.991+0000] {taskinstance.py:353} INFO - Marking task as SUCCESS. dag_id=exchange_rate_etl, task_id=download_file, run_id=manual__2025-03-17T04:36:35.072482+00:00, execution_date=20250317T043635, start_date=20250317T043642, end_date=20250317T043643
[2025-03-17T04:36:44.155+0000] {local_task_job_runner.py:266} INFO - Task exited with return code 0
[2025-03-17T04:36:44.261+0000] {taskinstance.py:3901} INFO - 1 downstream tasks scheduled from follow-on schedule check
[2025-03-17T04:36:44.309+0000] {local_task_job_runner.py:245} INFO - ::endgroup::
