[2025-03-17T04:24:06.340+0000] {local_task_job_runner.py:123} INFO - ::group::Pre task execution logs
[2025-03-17T04:24:06.405+0000] {taskinstance.py:2614} INFO - Dependencies all met for dep_context=non-requeueable deps ti=<TaskInstance: exchange_rate_etl.download_file manual__2025-03-17T04:23:58.041416+00:00 [queued]>
[2025-03-17T04:24:06.443+0000] {taskinstance.py:2614} INFO - Dependencies all met for dep_context=requeueable deps ti=<TaskInstance: exchange_rate_etl.download_file manual__2025-03-17T04:23:58.041416+00:00 [queued]>
[2025-03-17T04:24:06.450+0000] {taskinstance.py:2867} INFO - Starting attempt 1 of 3
[2025-03-17T04:24:06.556+0000] {taskinstance.py:2890} INFO - Executing <Task(BashOperator): download_file> on 2025-03-17 04:23:58.041416+00:00
[2025-03-17T04:24:06.575+0000] {standard_task_runner.py:104} INFO - Running: ['airflow', 'tasks', 'run', 'exchange_rate_etl', 'download_file', 'manual__2025-03-17T04:23:58.041416+00:00', '--job-id', '45', '--raw', '--subdir', 'DAGS_FOLDER/exchange_rate_pipeline.py', '--cfg-path', '/tmp/tmp1583k7rh']
[2025-03-17T04:24:06.585+0000] {logging_mixin.py:190} WARNING - /home/airflow/.local/lib/python3.12/site-packages/airflow/task/task_runner/standard_task_runner.py:70 DeprecationWarning: This process (pid=598) is multi-threaded, use of fork() may lead to deadlocks in the child.
[2025-03-17T04:24:06.586+0000] {standard_task_runner.py:105} INFO - Job 45: Subtask download_file
[2025-03-17T04:24:06.587+0000] {standard_task_runner.py:72} INFO - Started process 616 to run task
[2025-03-17T04:24:06.773+0000] {task_command.py:467} INFO - Running <TaskInstance: exchange_rate_etl.download_file manual__2025-03-17T04:23:58.041416+00:00 [running]> on host 8ae3f6e178cd
[2025-03-17T04:24:06.986+0000] {taskinstance.py:3134} INFO - Exporting env vars: AIRFLOW_CTX_DAG_OWNER='airflow' AIRFLOW_CTX_DAG_ID='exchange_rate_etl' AIRFLOW_CTX_TASK_ID='download_file' AIRFLOW_CTX_EXECUTION_DATE='2025-03-17T04:23:58.041416+00:00' AIRFLOW_CTX_TRY_NUMBER='1' AIRFLOW_CTX_DAG_RUN_ID='manual__2025-03-17T04:23:58.041416+00:00'
[2025-03-17T04:24:06.988+0000] {taskinstance.py:732} INFO - ::endgroup::
[2025-03-17T04:24:07.015+0000] {subprocess.py:78} INFO - Tmp dir root location: /tmp
[2025-03-17T04:24:07.017+0000] {subprocess.py:88} INFO - Running command: ['/usr/bin/bash', '-c', 'mkdir -p /tmp && curl -o /tmp/cd_population.csv http://personal.tcu.edu/kylewalker/data/cd_population.csv']
[2025-03-17T04:24:07.027+0000] {subprocess.py:99} INFO - Output:
[2025-03-17T04:24:07.047+0000] {subprocess.py:106} INFO -   % Total    % Received % Xferd  Average Speed   Time    Time     Time  Current
[2025-03-17T04:24:07.049+0000] {subprocess.py:106} INFO -                                  Dload  Upload   Total   Spent    Left  Speed
[2025-03-17T04:24:07.278+0000] {subprocess.py:106} INFO -   0     0    0     0    0     0      0      0 --:--:-- --:--:-- --:--:--     0  0     0    0     0    0     0      0      0 --:--:-- --:--:-- --:--:--     0
[2025-03-17T04:24:07.285+0000] {subprocess.py:110} INFO - Command exited with return code 0
[2025-03-17T04:24:07.391+0000] {taskinstance.py:341} INFO - ::group::Post task execution logs
[2025-03-17T04:24:07.392+0000] {taskinstance.py:353} INFO - Marking task as SUCCESS. dag_id=exchange_rate_etl, task_id=download_file, run_id=manual__2025-03-17T04:23:58.041416+00:00, execution_date=20250317T042358, start_date=20250317T042406, end_date=20250317T042407
[2025-03-17T04:24:07.494+0000] {local_task_job_runner.py:266} INFO - Task exited with return code 0
[2025-03-17T04:24:07.572+0000] {taskinstance.py:3901} INFO - 1 downstream tasks scheduled from follow-on schedule check
[2025-03-17T04:24:07.598+0000] {local_task_job_runner.py:245} INFO - ::endgroup::
