[2025-03-17T23:25:30.611+0000] {local_task_job_runner.py:123} INFO - ::group::Pre task execution logs
[2025-03-17T23:25:30.644+0000] {taskinstance.py:2614} INFO - Dependencies all met for dep_context=non-requeueable deps ti=<TaskInstance: exchange_rate_etl.download_file scheduled__2025-03-16T22:00:00+00:00 [queued]>
[2025-03-17T23:25:30.665+0000] {taskinstance.py:2614} INFO - Dependencies all met for dep_context=requeueable deps ti=<TaskInstance: exchange_rate_etl.download_file scheduled__2025-03-16T22:00:00+00:00 [queued]>
[2025-03-17T23:25:30.667+0000] {taskinstance.py:2867} INFO - Starting attempt 1 of 3
[2025-03-17T23:25:30.721+0000] {taskinstance.py:2890} INFO - Executing <Task(BashOperator): download_file> on 2025-03-16 22:00:00+00:00
[2025-03-17T23:25:30.744+0000] {standard_task_runner.py:104} INFO - Running: ['airflow', 'tasks', 'run', 'exchange_rate_etl', 'download_file', 'scheduled__2025-03-16T22:00:00+00:00', '--job-id', '70', '--raw', '--subdir', 'DAGS_FOLDER/exchange_rate_pipeline.py', '--cfg-path', '/tmp/tmpecubp2rc']
[2025-03-17T23:25:30.750+0000] {standard_task_runner.py:105} INFO - Job 70: Subtask download_file
[2025-03-17T23:25:30.751+0000] {logging_mixin.py:190} WARNING - /home/airflow/.local/lib/python3.12/site-packages/airflow/task/task_runner/standard_task_runner.py:70 DeprecationWarning: This process (pid=84) is multi-threaded, use of fork() may lead to deadlocks in the child.
[2025-03-17T23:25:30.753+0000] {standard_task_runner.py:72} INFO - Started process 120 to run task
[2025-03-17T23:25:30.891+0000] {task_command.py:467} INFO - Running <TaskInstance: exchange_rate_etl.download_file scheduled__2025-03-16T22:00:00+00:00 [running]> on host a1ee847e4375
[2025-03-17T23:25:31.049+0000] {taskinstance.py:3134} INFO - Exporting env vars: AIRFLOW_CTX_DAG_OWNER='airflow' AIRFLOW_CTX_DAG_ID='exchange_rate_etl' AIRFLOW_CTX_TASK_ID='download_file' AIRFLOW_CTX_EXECUTION_DATE='2025-03-16T22:00:00+00:00' AIRFLOW_CTX_TRY_NUMBER='1' AIRFLOW_CTX_DAG_RUN_ID='scheduled__2025-03-16T22:00:00+00:00'
[2025-03-17T23:25:31.051+0000] {taskinstance.py:732} INFO - ::endgroup::
[2025-03-17T23:25:31.126+0000] {subprocess.py:78} INFO - Tmp dir root location: /tmp
[2025-03-17T23:25:31.129+0000] {subprocess.py:88} INFO - Running command: ['/usr/bin/bash', '-c', 'mkdir -p /tmp && curl -L -f -o /tmp/cd_population.csv http://personal.tcu.edu/kylewalker/data/cd_population.csv || echo "Download failed, check the URL or network connection."']
[2025-03-17T23:25:31.142+0000] {subprocess.py:99} INFO - Output:
[2025-03-17T23:25:31.202+0000] {subprocess.py:106} INFO -   % Total    % Received % Xferd  Average Speed   Time    Time     Time  Current
[2025-03-17T23:25:31.203+0000] {subprocess.py:106} INFO -                                  Dload  Upload   Total   Spent    Left  Speed
[2025-03-17T23:25:31.249+0000] {subprocess.py:106} INFO -   0     0    0     0    0     0      0      0 --:--:-- --:--:-- --:--:--     0  0     0    0     0    0     0      0      0 --:--:-- --:--:-- --:--:--     0
[2025-03-17T23:25:31.314+0000] {subprocess.py:106} INFO - 100   227  100   227    0     0   2026      0 --:--:-- --:--:-- --:--:--  2026
[2025-03-17T23:25:31.320+0000] {subprocess.py:110} INFO - Command exited with return code 0
[2025-03-17T23:25:31.381+0000] {taskinstance.py:341} INFO - ::group::Post task execution logs
[2025-03-17T23:25:31.381+0000] {taskinstance.py:353} INFO - Marking task as SUCCESS. dag_id=exchange_rate_etl, task_id=download_file, run_id=scheduled__2025-03-16T22:00:00+00:00, execution_date=20250316T220000, start_date=20250317T232530, end_date=20250317T232531
[2025-03-17T23:25:31.494+0000] {local_task_job_runner.py:266} INFO - Task exited with return code 0
[2025-03-17T23:25:31.550+0000] {taskinstance.py:3901} INFO - 1 downstream tasks scheduled from follow-on schedule check
[2025-03-17T23:25:31.564+0000] {local_task_job_runner.py:245} INFO - ::endgroup::
