[2025-03-20T01:20:09.415+0000] {processor.py:186} INFO - Started process (PID=294) to work on /opt/airflow/dags/1tasks.py
[2025-03-20T01:20:09.417+0000] {processor.py:914} INFO - Processing file /opt/airflow/dags/1tasks.py for tasks to queue
[2025-03-20T01:20:09.422+0000] {logging_mixin.py:190} INFO - [2025-03-20T01:20:09.421+0000] {dagbag.py:588} INFO - Filling up the DagBag from /opt/airflow/dags/1tasks.py
[2025-03-20T01:20:09.510+0000] {processor.py:925} INFO - DAG(s) 'welcome_dag' retrieved from /opt/airflow/dags/1tasks.py
[2025-03-20T01:20:09.795+0000] {logging_mixin.py:190} INFO - [2025-03-20T01:20:09.795+0000] {dag.py:3239} INFO - Sync 1 DAGs
[2025-03-20T01:20:09.844+0000] {logging_mixin.py:190} INFO - [2025-03-20T01:20:09.843+0000] {dag.py:4180} INFO - Setting next_dagrun for welcome_dag to 2025-03-19 23:00:00+00:00, run_after=2025-03-20 23:00:00+00:00
[2025-03-20T01:20:10.017+0000] {processor.py:208} INFO - Processing /opt/airflow/dags/1tasks.py took 0.611 seconds
[2025-03-20T01:20:40.430+0000] {processor.py:186} INFO - Started process (PID=299) to work on /opt/airflow/dags/1tasks.py
[2025-03-20T01:20:40.432+0000] {processor.py:914} INFO - Processing file /opt/airflow/dags/1tasks.py for tasks to queue
[2025-03-20T01:20:40.435+0000] {logging_mixin.py:190} INFO - [2025-03-20T01:20:40.434+0000] {dagbag.py:588} INFO - Filling up the DagBag from /opt/airflow/dags/1tasks.py
[2025-03-20T01:20:40.487+0000] {processor.py:925} INFO - DAG(s) 'welcome_dag' retrieved from /opt/airflow/dags/1tasks.py
[2025-03-20T01:20:40.538+0000] {logging_mixin.py:190} INFO - [2025-03-20T01:20:40.537+0000] {dag.py:3239} INFO - Sync 1 DAGs
[2025-03-20T01:20:40.580+0000] {logging_mixin.py:190} INFO - [2025-03-20T01:20:40.580+0000] {dag.py:4180} INFO - Setting next_dagrun for welcome_dag to 2025-03-19 23:00:00+00:00, run_after=2025-03-20 23:00:00+00:00
[2025-03-20T01:20:40.717+0000] {processor.py:208} INFO - Processing /opt/airflow/dags/1tasks.py took 0.295 seconds
[2025-03-20T01:21:11.139+0000] {processor.py:186} INFO - Started process (PID=304) to work on /opt/airflow/dags/1tasks.py
[2025-03-20T01:21:11.142+0000] {processor.py:914} INFO - Processing file /opt/airflow/dags/1tasks.py for tasks to queue
[2025-03-20T01:21:11.145+0000] {logging_mixin.py:190} INFO - [2025-03-20T01:21:11.144+0000] {dagbag.py:588} INFO - Filling up the DagBag from /opt/airflow/dags/1tasks.py
[2025-03-20T01:21:11.200+0000] {processor.py:925} INFO - DAG(s) 'welcome_dag' retrieved from /opt/airflow/dags/1tasks.py
[2025-03-20T01:21:11.249+0000] {logging_mixin.py:190} INFO - [2025-03-20T01:21:11.249+0000] {dag.py:3239} INFO - Sync 1 DAGs
[2025-03-20T01:21:11.291+0000] {logging_mixin.py:190} INFO - [2025-03-20T01:21:11.291+0000] {dag.py:4180} INFO - Setting next_dagrun for welcome_dag to 2025-03-19 23:00:00+00:00, run_after=2025-03-20 23:00:00+00:00
[2025-03-20T01:21:11.423+0000] {processor.py:208} INFO - Processing /opt/airflow/dags/1tasks.py took 0.292 seconds
[2025-03-20T01:21:43.363+0000] {processor.py:186} INFO - Started process (PID=309) to work on /opt/airflow/dags/1tasks.py
[2025-03-20T01:21:43.366+0000] {processor.py:914} INFO - Processing file /opt/airflow/dags/1tasks.py for tasks to queue
[2025-03-20T01:21:43.368+0000] {logging_mixin.py:190} INFO - [2025-03-20T01:21:43.368+0000] {dagbag.py:588} INFO - Filling up the DagBag from /opt/airflow/dags/1tasks.py
[2025-03-20T01:21:43.426+0000] {processor.py:925} INFO - DAG(s) 'welcome_dag' retrieved from /opt/airflow/dags/1tasks.py
[2025-03-20T01:21:43.474+0000] {logging_mixin.py:190} INFO - [2025-03-20T01:21:43.473+0000] {dag.py:3239} INFO - Sync 1 DAGs
[2025-03-20T01:21:43.524+0000] {logging_mixin.py:190} INFO - [2025-03-20T01:21:43.524+0000] {dag.py:4180} INFO - Setting next_dagrun for welcome_dag to 2025-03-19 23:00:00+00:00, run_after=2025-03-20 23:00:00+00:00
[2025-03-20T01:21:43.631+0000] {processor.py:208} INFO - Processing /opt/airflow/dags/1tasks.py took 0.277 seconds
[2025-03-20T01:22:13.930+0000] {processor.py:186} INFO - Started process (PID=314) to work on /opt/airflow/dags/1tasks.py
[2025-03-20T01:22:13.932+0000] {processor.py:914} INFO - Processing file /opt/airflow/dags/1tasks.py for tasks to queue
[2025-03-20T01:22:13.934+0000] {logging_mixin.py:190} INFO - [2025-03-20T01:22:13.934+0000] {dagbag.py:588} INFO - Filling up the DagBag from /opt/airflow/dags/1tasks.py
[2025-03-20T01:22:13.992+0000] {processor.py:925} INFO - DAG(s) 'welcome_dag' retrieved from /opt/airflow/dags/1tasks.py
[2025-03-20T01:22:14.028+0000] {logging_mixin.py:190} INFO - [2025-03-20T01:22:14.028+0000] {dag.py:3239} INFO - Sync 1 DAGs
[2025-03-20T01:22:14.065+0000] {logging_mixin.py:190} INFO - [2025-03-20T01:22:14.065+0000] {dag.py:4180} INFO - Setting next_dagrun for welcome_dag to 2025-03-19 23:00:00+00:00, run_after=2025-03-20 23:00:00+00:00
[2025-03-20T01:22:14.139+0000] {processor.py:208} INFO - Processing /opt/airflow/dags/1tasks.py took 0.220 seconds
[2025-03-20T01:22:45.008+0000] {processor.py:186} INFO - Started process (PID=319) to work on /opt/airflow/dags/1tasks.py
[2025-03-20T01:22:45.011+0000] {processor.py:914} INFO - Processing file /opt/airflow/dags/1tasks.py for tasks to queue
[2025-03-20T01:22:45.013+0000] {logging_mixin.py:190} INFO - [2025-03-20T01:22:45.013+0000] {dagbag.py:588} INFO - Filling up the DagBag from /opt/airflow/dags/1tasks.py
[2025-03-20T01:22:45.091+0000] {processor.py:925} INFO - DAG(s) 'welcome_dag' retrieved from /opt/airflow/dags/1tasks.py
[2025-03-20T01:22:45.165+0000] {logging_mixin.py:190} INFO - [2025-03-20T01:22:45.165+0000] {dag.py:3239} INFO - Sync 1 DAGs
[2025-03-20T01:22:45.219+0000] {logging_mixin.py:190} INFO - [2025-03-20T01:22:45.219+0000] {dag.py:4180} INFO - Setting next_dagrun for welcome_dag to 2025-03-19 23:00:00+00:00, run_after=2025-03-20 23:00:00+00:00
[2025-03-20T01:22:45.381+0000] {processor.py:208} INFO - Processing /opt/airflow/dags/1tasks.py took 0.383 seconds
[2025-03-20T01:23:17.088+0000] {processor.py:186} INFO - Started process (PID=324) to work on /opt/airflow/dags/1tasks.py
[2025-03-20T01:23:17.090+0000] {processor.py:914} INFO - Processing file /opt/airflow/dags/1tasks.py for tasks to queue
[2025-03-20T01:23:17.093+0000] {logging_mixin.py:190} INFO - [2025-03-20T01:23:17.092+0000] {dagbag.py:588} INFO - Filling up the DagBag from /opt/airflow/dags/1tasks.py
[2025-03-20T01:23:17.175+0000] {processor.py:925} INFO - DAG(s) 'welcome_dag' retrieved from /opt/airflow/dags/1tasks.py
[2025-03-20T01:23:17.252+0000] {logging_mixin.py:190} INFO - [2025-03-20T01:23:17.252+0000] {dag.py:3239} INFO - Sync 1 DAGs
[2025-03-20T01:23:17.309+0000] {logging_mixin.py:190} INFO - [2025-03-20T01:23:17.309+0000] {dag.py:4180} INFO - Setting next_dagrun for welcome_dag to 2025-03-19 23:00:00+00:00, run_after=2025-03-20 23:00:00+00:00
[2025-03-20T01:23:17.415+0000] {processor.py:208} INFO - Processing /opt/airflow/dags/1tasks.py took 0.340 seconds
[2025-03-20T01:23:51.309+0000] {processor.py:186} INFO - Started process (PID=329) to work on /opt/airflow/dags/1tasks.py
[2025-03-20T01:23:51.318+0000] {processor.py:914} INFO - Processing file /opt/airflow/dags/1tasks.py for tasks to queue
[2025-03-20T01:23:51.324+0000] {logging_mixin.py:190} INFO - [2025-03-20T01:23:51.323+0000] {dagbag.py:588} INFO - Filling up the DagBag from /opt/airflow/dags/1tasks.py
[2025-03-20T01:23:51.780+0000] {processor.py:925} INFO - DAG(s) 'welcome_dag' retrieved from /opt/airflow/dags/1tasks.py
[2025-03-20T01:23:52.316+0000] {logging_mixin.py:190} INFO - [2025-03-20T01:23:52.315+0000] {dag.py:3239} INFO - Sync 1 DAGs
[2025-03-20T01:23:52.696+0000] {logging_mixin.py:190} INFO - [2025-03-20T01:23:52.695+0000] {dag.py:4180} INFO - Setting next_dagrun for welcome_dag to 2025-03-19 23:00:00+00:00, run_after=2025-03-20 23:00:00+00:00
[2025-03-20T01:23:53.108+0000] {processor.py:208} INFO - Processing /opt/airflow/dags/1tasks.py took 1.808 seconds
[2025-03-20T01:24:24.386+0000] {processor.py:186} INFO - Started process (PID=333) to work on /opt/airflow/dags/1tasks.py
[2025-03-20T01:24:24.388+0000] {processor.py:914} INFO - Processing file /opt/airflow/dags/1tasks.py for tasks to queue
[2025-03-20T01:24:24.390+0000] {logging_mixin.py:190} INFO - [2025-03-20T01:24:24.389+0000] {dagbag.py:588} INFO - Filling up the DagBag from /opt/airflow/dags/1tasks.py
[2025-03-20T01:24:24.431+0000] {processor.py:925} INFO - DAG(s) 'welcome_dag' retrieved from /opt/airflow/dags/1tasks.py
[2025-03-20T01:24:24.491+0000] {logging_mixin.py:190} INFO - [2025-03-20T01:24:24.491+0000] {dag.py:3239} INFO - Sync 1 DAGs
[2025-03-20T01:24:24.553+0000] {logging_mixin.py:190} INFO - [2025-03-20T01:24:24.553+0000] {dag.py:4180} INFO - Setting next_dagrun for welcome_dag to 2025-03-19 23:00:00+00:00, run_after=2025-03-20 23:00:00+00:00
[2025-03-20T01:24:24.676+0000] {processor.py:208} INFO - Processing /opt/airflow/dags/1tasks.py took 0.298 seconds
[2025-03-20T01:24:55.572+0000] {processor.py:186} INFO - Started process (PID=337) to work on /opt/airflow/dags/1tasks.py
[2025-03-20T01:24:55.574+0000] {processor.py:914} INFO - Processing file /opt/airflow/dags/1tasks.py for tasks to queue
[2025-03-20T01:24:55.578+0000] {logging_mixin.py:190} INFO - [2025-03-20T01:24:55.578+0000] {dagbag.py:588} INFO - Filling up the DagBag from /opt/airflow/dags/1tasks.py
[2025-03-20T01:24:55.623+0000] {processor.py:925} INFO - DAG(s) 'welcome_dag' retrieved from /opt/airflow/dags/1tasks.py
[2025-03-20T01:24:55.683+0000] {logging_mixin.py:190} INFO - [2025-03-20T01:24:55.683+0000] {dag.py:3239} INFO - Sync 1 DAGs
[2025-03-20T01:24:55.746+0000] {logging_mixin.py:190} INFO - [2025-03-20T01:24:55.746+0000] {dag.py:4180} INFO - Setting next_dagrun for welcome_dag to 2025-03-19 23:00:00+00:00, run_after=2025-03-20 23:00:00+00:00
[2025-03-20T01:24:55.841+0000] {processor.py:208} INFO - Processing /opt/airflow/dags/1tasks.py took 0.278 seconds
[2025-03-20T01:26:55.728+0000] {processor.py:186} INFO - Started process (PID=105) to work on /opt/airflow/dags/1tasks.py
[2025-03-20T01:26:55.730+0000] {processor.py:914} INFO - Processing file /opt/airflow/dags/1tasks.py for tasks to queue
[2025-03-20T01:26:55.737+0000] {logging_mixin.py:190} INFO - [2025-03-20T01:26:55.736+0000] {dagbag.py:588} INFO - Filling up the DagBag from /opt/airflow/dags/1tasks.py
[2025-03-20T01:26:55.810+0000] {processor.py:925} INFO - DAG(s) 'welcome_dag' retrieved from /opt/airflow/dags/1tasks.py
[2025-03-20T01:26:55.865+0000] {logging_mixin.py:190} INFO - [2025-03-20T01:26:55.864+0000] {dag.py:3239} INFO - Sync 1 DAGs
[2025-03-20T01:26:55.925+0000] {logging_mixin.py:190} INFO - [2025-03-20T01:26:55.924+0000] {dag.py:4180} INFO - Setting next_dagrun for welcome_dag to 2025-03-19 23:00:00+00:00, run_after=2025-03-20 23:00:00+00:00
[2025-03-20T01:26:56.045+0000] {processor.py:208} INFO - Processing /opt/airflow/dags/1tasks.py took 0.327 seconds
[2025-03-20T01:27:26.722+0000] {processor.py:186} INFO - Started process (PID=110) to work on /opt/airflow/dags/1tasks.py
[2025-03-20T01:27:26.725+0000] {processor.py:914} INFO - Processing file /opt/airflow/dags/1tasks.py for tasks to queue
[2025-03-20T01:27:26.729+0000] {logging_mixin.py:190} INFO - [2025-03-20T01:27:26.729+0000] {dagbag.py:588} INFO - Filling up the DagBag from /opt/airflow/dags/1tasks.py
[2025-03-20T01:27:26.801+0000] {processor.py:925} INFO - DAG(s) 'welcome_dag' retrieved from /opt/airflow/dags/1tasks.py
[2025-03-20T01:27:26.853+0000] {logging_mixin.py:190} INFO - [2025-03-20T01:27:26.853+0000] {dag.py:3239} INFO - Sync 1 DAGs
[2025-03-20T01:27:26.898+0000] {logging_mixin.py:190} INFO - [2025-03-20T01:27:26.898+0000] {dag.py:4180} INFO - Setting next_dagrun for welcome_dag to 2025-03-19 23:00:00+00:00, run_after=2025-03-20 23:00:00+00:00
[2025-03-20T01:27:27.029+0000] {processor.py:208} INFO - Processing /opt/airflow/dags/1tasks.py took 0.314 seconds
[2025-03-20T01:27:58.603+0000] {processor.py:186} INFO - Started process (PID=115) to work on /opt/airflow/dags/1tasks.py
[2025-03-20T01:27:58.606+0000] {processor.py:914} INFO - Processing file /opt/airflow/dags/1tasks.py for tasks to queue
[2025-03-20T01:27:58.611+0000] {logging_mixin.py:190} INFO - [2025-03-20T01:27:58.610+0000] {dagbag.py:588} INFO - Filling up the DagBag from /opt/airflow/dags/1tasks.py
[2025-03-20T01:27:58.703+0000] {processor.py:925} INFO - DAG(s) 'welcome_dag' retrieved from /opt/airflow/dags/1tasks.py
[2025-03-20T01:27:58.780+0000] {logging_mixin.py:190} INFO - [2025-03-20T01:27:58.779+0000] {dag.py:3239} INFO - Sync 1 DAGs
[2025-03-20T01:27:58.850+0000] {logging_mixin.py:190} INFO - [2025-03-20T01:27:58.850+0000] {dag.py:4180} INFO - Setting next_dagrun for welcome_dag to 2025-03-19 23:00:00+00:00, run_after=2025-03-20 23:00:00+00:00
[2025-03-20T01:27:58.994+0000] {processor.py:208} INFO - Processing /opt/airflow/dags/1tasks.py took 0.405 seconds
[2025-03-20T01:28:29.224+0000] {processor.py:186} INFO - Started process (PID=120) to work on /opt/airflow/dags/1tasks.py
[2025-03-20T01:28:29.226+0000] {processor.py:914} INFO - Processing file /opt/airflow/dags/1tasks.py for tasks to queue
[2025-03-20T01:28:29.230+0000] {logging_mixin.py:190} INFO - [2025-03-20T01:28:29.229+0000] {dagbag.py:588} INFO - Filling up the DagBag from /opt/airflow/dags/1tasks.py
[2025-03-20T01:28:29.276+0000] {processor.py:925} INFO - DAG(s) 'welcome_dag' retrieved from /opt/airflow/dags/1tasks.py
[2025-03-20T01:28:29.323+0000] {logging_mixin.py:190} INFO - [2025-03-20T01:28:29.322+0000] {dag.py:3239} INFO - Sync 1 DAGs
[2025-03-20T01:28:29.367+0000] {logging_mixin.py:190} INFO - [2025-03-20T01:28:29.366+0000] {dag.py:4180} INFO - Setting next_dagrun for welcome_dag to 2025-03-19 23:00:00+00:00, run_after=2025-03-20 23:00:00+00:00
[2025-03-20T01:28:29.489+0000] {processor.py:208} INFO - Processing /opt/airflow/dags/1tasks.py took 0.273 seconds
[2025-03-20T01:29:00.580+0000] {processor.py:186} INFO - Started process (PID=125) to work on /opt/airflow/dags/1tasks.py
[2025-03-20T01:29:00.582+0000] {processor.py:914} INFO - Processing file /opt/airflow/dags/1tasks.py for tasks to queue
[2025-03-20T01:29:00.587+0000] {logging_mixin.py:190} INFO - [2025-03-20T01:29:00.586+0000] {dagbag.py:588} INFO - Filling up the DagBag from /opt/airflow/dags/1tasks.py
[2025-03-20T01:29:00.636+0000] {processor.py:925} INFO - DAG(s) 'welcome_dag' retrieved from /opt/airflow/dags/1tasks.py
[2025-03-20T01:29:00.703+0000] {logging_mixin.py:190} INFO - [2025-03-20T01:29:00.703+0000] {dag.py:3239} INFO - Sync 1 DAGs
[2025-03-20T01:29:00.771+0000] {logging_mixin.py:190} INFO - [2025-03-20T01:29:00.771+0000] {dag.py:4180} INFO - Setting next_dagrun for welcome_dag to 2025-03-19 23:00:00+00:00, run_after=2025-03-20 23:00:00+00:00
[2025-03-20T01:29:00.888+0000] {processor.py:208} INFO - Processing /opt/airflow/dags/1tasks.py took 0.318 seconds
[2025-03-20T01:29:31.456+0000] {processor.py:186} INFO - Started process (PID=130) to work on /opt/airflow/dags/1tasks.py
[2025-03-20T01:29:31.459+0000] {processor.py:914} INFO - Processing file /opt/airflow/dags/1tasks.py for tasks to queue
[2025-03-20T01:29:31.465+0000] {logging_mixin.py:190} INFO - [2025-03-20T01:29:31.464+0000] {dagbag.py:588} INFO - Filling up the DagBag from /opt/airflow/dags/1tasks.py
[2025-03-20T01:29:31.546+0000] {processor.py:925} INFO - DAG(s) 'welcome_dag' retrieved from /opt/airflow/dags/1tasks.py
[2025-03-20T01:29:31.606+0000] {logging_mixin.py:190} INFO - [2025-03-20T01:29:31.605+0000] {dag.py:3239} INFO - Sync 1 DAGs
[2025-03-20T01:29:31.666+0000] {logging_mixin.py:190} INFO - [2025-03-20T01:29:31.666+0000] {dag.py:4180} INFO - Setting next_dagrun for welcome_dag to 2025-03-19 23:00:00+00:00, run_after=2025-03-20 23:00:00+00:00
[2025-03-20T01:29:31.793+0000] {processor.py:208} INFO - Processing /opt/airflow/dags/1tasks.py took 0.351 seconds
[2025-03-20T01:30:02.059+0000] {processor.py:186} INFO - Started process (PID=135) to work on /opt/airflow/dags/1tasks.py
[2025-03-20T01:30:02.061+0000] {processor.py:914} INFO - Processing file /opt/airflow/dags/1tasks.py for tasks to queue
[2025-03-20T01:30:02.066+0000] {logging_mixin.py:190} INFO - [2025-03-20T01:30:02.065+0000] {dagbag.py:588} INFO - Filling up the DagBag from /opt/airflow/dags/1tasks.py
[2025-03-20T01:30:02.112+0000] {processor.py:925} INFO - DAG(s) 'welcome_dag' retrieved from /opt/airflow/dags/1tasks.py
[2025-03-20T01:30:02.153+0000] {logging_mixin.py:190} INFO - [2025-03-20T01:30:02.152+0000] {dag.py:3239} INFO - Sync 1 DAGs
[2025-03-20T01:30:02.198+0000] {logging_mixin.py:190} INFO - [2025-03-20T01:30:02.198+0000] {dag.py:4180} INFO - Setting next_dagrun for welcome_dag to 2025-03-19 23:00:00+00:00, run_after=2025-03-20 23:00:00+00:00
[2025-03-20T01:30:02.294+0000] {processor.py:208} INFO - Processing /opt/airflow/dags/1tasks.py took 0.250 seconds
[2025-03-20T01:30:33.173+0000] {processor.py:186} INFO - Started process (PID=140) to work on /opt/airflow/dags/1tasks.py
[2025-03-20T01:30:33.177+0000] {processor.py:914} INFO - Processing file /opt/airflow/dags/1tasks.py for tasks to queue
[2025-03-20T01:30:33.189+0000] {logging_mixin.py:190} INFO - [2025-03-20T01:30:33.188+0000] {dagbag.py:588} INFO - Filling up the DagBag from /opt/airflow/dags/1tasks.py
[2025-03-20T01:30:33.260+0000] {processor.py:925} INFO - DAG(s) 'welcome_dag' retrieved from /opt/airflow/dags/1tasks.py
[2025-03-20T01:30:33.316+0000] {logging_mixin.py:190} INFO - [2025-03-20T01:30:33.315+0000] {dag.py:3239} INFO - Sync 1 DAGs
[2025-03-20T01:30:33.365+0000] {logging_mixin.py:190} INFO - [2025-03-20T01:30:33.365+0000] {dag.py:4180} INFO - Setting next_dagrun for welcome_dag to 2025-03-19 23:00:00+00:00, run_after=2025-03-20 23:00:00+00:00
[2025-03-20T01:30:33.529+0000] {processor.py:208} INFO - Processing /opt/airflow/dags/1tasks.py took 0.368 seconds
[2025-03-20T01:31:04.844+0000] {processor.py:186} INFO - Started process (PID=145) to work on /opt/airflow/dags/1tasks.py
[2025-03-20T01:31:04.846+0000] {processor.py:914} INFO - Processing file /opt/airflow/dags/1tasks.py for tasks to queue
[2025-03-20T01:31:04.851+0000] {logging_mixin.py:190} INFO - [2025-03-20T01:31:04.850+0000] {dagbag.py:588} INFO - Filling up the DagBag from /opt/airflow/dags/1tasks.py
[2025-03-20T01:31:04.930+0000] {processor.py:925} INFO - DAG(s) 'welcome_dag' retrieved from /opt/airflow/dags/1tasks.py
[2025-03-20T01:31:05.015+0000] {logging_mixin.py:190} INFO - [2025-03-20T01:31:05.014+0000] {dag.py:3239} INFO - Sync 1 DAGs
[2025-03-20T01:31:05.067+0000] {logging_mixin.py:190} INFO - [2025-03-20T01:31:05.066+0000] {dag.py:4180} INFO - Setting next_dagrun for welcome_dag to 2025-03-19 23:00:00+00:00, run_after=2025-03-20 23:00:00+00:00
[2025-03-20T01:31:05.215+0000] {processor.py:208} INFO - Processing /opt/airflow/dags/1tasks.py took 0.380 seconds
[2025-03-20T01:31:35.564+0000] {processor.py:186} INFO - Started process (PID=150) to work on /opt/airflow/dags/1tasks.py
[2025-03-20T01:31:35.566+0000] {processor.py:914} INFO - Processing file /opt/airflow/dags/1tasks.py for tasks to queue
[2025-03-20T01:31:35.573+0000] {logging_mixin.py:190} INFO - [2025-03-20T01:31:35.572+0000] {dagbag.py:588} INFO - Filling up the DagBag from /opt/airflow/dags/1tasks.py
[2025-03-20T01:31:35.620+0000] {processor.py:925} INFO - DAG(s) 'welcome_dag' retrieved from /opt/airflow/dags/1tasks.py
[2025-03-20T01:31:35.664+0000] {logging_mixin.py:190} INFO - [2025-03-20T01:31:35.664+0000] {dag.py:3239} INFO - Sync 1 DAGs
[2025-03-20T01:31:35.740+0000] {logging_mixin.py:190} INFO - [2025-03-20T01:31:35.739+0000] {dag.py:4180} INFO - Setting next_dagrun for welcome_dag to 2025-03-19 23:00:00+00:00, run_after=2025-03-20 23:00:00+00:00
[2025-03-20T01:31:35.839+0000] {processor.py:208} INFO - Processing /opt/airflow/dags/1tasks.py took 0.286 seconds
[2025-03-20T01:32:06.186+0000] {processor.py:186} INFO - Started process (PID=155) to work on /opt/airflow/dags/1tasks.py
[2025-03-20T01:32:06.188+0000] {processor.py:914} INFO - Processing file /opt/airflow/dags/1tasks.py for tasks to queue
[2025-03-20T01:32:06.192+0000] {logging_mixin.py:190} INFO - [2025-03-20T01:32:06.192+0000] {dagbag.py:588} INFO - Filling up the DagBag from /opt/airflow/dags/1tasks.py
[2025-03-20T01:32:06.250+0000] {processor.py:925} INFO - DAG(s) 'welcome_dag' retrieved from /opt/airflow/dags/1tasks.py
[2025-03-20T01:32:06.304+0000] {logging_mixin.py:190} INFO - [2025-03-20T01:32:06.304+0000] {dag.py:3239} INFO - Sync 1 DAGs
[2025-03-20T01:32:06.358+0000] {logging_mixin.py:190} INFO - [2025-03-20T01:32:06.357+0000] {dag.py:4180} INFO - Setting next_dagrun for welcome_dag to 2025-03-19 23:00:00+00:00, run_after=2025-03-20 23:00:00+00:00
[2025-03-20T01:32:06.475+0000] {processor.py:208} INFO - Processing /opt/airflow/dags/1tasks.py took 0.300 seconds
[2025-03-20T01:32:36.764+0000] {processor.py:186} INFO - Started process (PID=160) to work on /opt/airflow/dags/1tasks.py
[2025-03-20T01:32:36.766+0000] {processor.py:914} INFO - Processing file /opt/airflow/dags/1tasks.py for tasks to queue
[2025-03-20T01:32:36.770+0000] {logging_mixin.py:190} INFO - [2025-03-20T01:32:36.770+0000] {dagbag.py:588} INFO - Filling up the DagBag from /opt/airflow/dags/1tasks.py
[2025-03-20T01:32:36.818+0000] {processor.py:925} INFO - DAG(s) 'welcome_dag' retrieved from /opt/airflow/dags/1tasks.py
[2025-03-20T01:32:36.860+0000] {logging_mixin.py:190} INFO - [2025-03-20T01:32:36.859+0000] {dag.py:3239} INFO - Sync 1 DAGs
[2025-03-20T01:32:36.901+0000] {logging_mixin.py:190} INFO - [2025-03-20T01:32:36.900+0000] {dag.py:4180} INFO - Setting next_dagrun for welcome_dag to 2025-03-19 23:00:00+00:00, run_after=2025-03-20 23:00:00+00:00
[2025-03-20T01:32:36.986+0000] {processor.py:208} INFO - Processing /opt/airflow/dags/1tasks.py took 0.231 seconds
[2025-03-20T01:33:08.016+0000] {processor.py:186} INFO - Started process (PID=165) to work on /opt/airflow/dags/1tasks.py
[2025-03-20T01:33:08.018+0000] {processor.py:914} INFO - Processing file /opt/airflow/dags/1tasks.py for tasks to queue
[2025-03-20T01:33:08.021+0000] {logging_mixin.py:190} INFO - [2025-03-20T01:33:08.021+0000] {dagbag.py:588} INFO - Filling up the DagBag from /opt/airflow/dags/1tasks.py
[2025-03-20T01:33:08.058+0000] {processor.py:925} INFO - DAG(s) 'welcome_dag' retrieved from /opt/airflow/dags/1tasks.py
[2025-03-20T01:33:08.100+0000] {logging_mixin.py:190} INFO - [2025-03-20T01:33:08.100+0000] {dag.py:3239} INFO - Sync 1 DAGs
[2025-03-20T01:33:08.171+0000] {logging_mixin.py:190} INFO - [2025-03-20T01:33:08.171+0000] {dag.py:4180} INFO - Setting next_dagrun for welcome_dag to 2025-03-19 23:00:00+00:00, run_after=2025-03-20 23:00:00+00:00
[2025-03-20T01:33:08.268+0000] {processor.py:208} INFO - Processing /opt/airflow/dags/1tasks.py took 0.260 seconds
[2025-03-20T01:33:39.109+0000] {processor.py:186} INFO - Started process (PID=170) to work on /opt/airflow/dags/1tasks.py
[2025-03-20T01:33:39.111+0000] {processor.py:914} INFO - Processing file /opt/airflow/dags/1tasks.py for tasks to queue
[2025-03-20T01:33:39.122+0000] {logging_mixin.py:190} INFO - [2025-03-20T01:33:39.121+0000] {dagbag.py:588} INFO - Filling up the DagBag from /opt/airflow/dags/1tasks.py
[2025-03-20T01:33:39.177+0000] {processor.py:925} INFO - DAG(s) 'welcome_dag' retrieved from /opt/airflow/dags/1tasks.py
[2025-03-20T01:33:39.224+0000] {logging_mixin.py:190} INFO - [2025-03-20T01:33:39.223+0000] {dag.py:3239} INFO - Sync 1 DAGs
[2025-03-20T01:33:39.270+0000] {logging_mixin.py:190} INFO - [2025-03-20T01:33:39.269+0000] {dag.py:4180} INFO - Setting next_dagrun for welcome_dag to 2025-03-19 23:00:00+00:00, run_after=2025-03-20 23:00:00+00:00
[2025-03-20T01:33:39.370+0000] {processor.py:208} INFO - Processing /opt/airflow/dags/1tasks.py took 0.268 seconds
[2025-03-20T01:34:09.835+0000] {processor.py:186} INFO - Started process (PID=175) to work on /opt/airflow/dags/1tasks.py
[2025-03-20T01:34:09.840+0000] {processor.py:914} INFO - Processing file /opt/airflow/dags/1tasks.py for tasks to queue
[2025-03-20T01:34:09.846+0000] {logging_mixin.py:190} INFO - [2025-03-20T01:34:09.845+0000] {dagbag.py:588} INFO - Filling up the DagBag from /opt/airflow/dags/1tasks.py
[2025-03-20T01:34:09.892+0000] {processor.py:925} INFO - DAG(s) 'welcome_dag' retrieved from /opt/airflow/dags/1tasks.py
[2025-03-20T01:34:09.932+0000] {logging_mixin.py:190} INFO - [2025-03-20T01:34:09.931+0000] {dag.py:3239} INFO - Sync 1 DAGs
[2025-03-20T01:34:09.972+0000] {logging_mixin.py:190} INFO - [2025-03-20T01:34:09.972+0000] {dag.py:4180} INFO - Setting next_dagrun for welcome_dag to 2025-03-19 23:00:00+00:00, run_after=2025-03-20 23:00:00+00:00
[2025-03-20T01:34:10.049+0000] {processor.py:208} INFO - Processing /opt/airflow/dags/1tasks.py took 0.222 seconds
[2025-03-20T01:34:41.971+0000] {processor.py:186} INFO - Started process (PID=180) to work on /opt/airflow/dags/1tasks.py
[2025-03-20T01:34:41.973+0000] {processor.py:914} INFO - Processing file /opt/airflow/dags/1tasks.py for tasks to queue
[2025-03-20T01:34:41.979+0000] {logging_mixin.py:190} INFO - [2025-03-20T01:34:41.978+0000] {dagbag.py:588} INFO - Filling up the DagBag from /opt/airflow/dags/1tasks.py
[2025-03-20T01:34:42.052+0000] {processor.py:925} INFO - DAG(s) 'welcome_dag' retrieved from /opt/airflow/dags/1tasks.py
[2025-03-20T01:34:42.116+0000] {logging_mixin.py:190} INFO - [2025-03-20T01:34:42.116+0000] {dag.py:3239} INFO - Sync 1 DAGs
[2025-03-20T01:34:42.185+0000] {logging_mixin.py:190} INFO - [2025-03-20T01:34:42.185+0000] {dag.py:4180} INFO - Setting next_dagrun for welcome_dag to 2025-03-19 23:00:00+00:00, run_after=2025-03-20 23:00:00+00:00
[2025-03-20T01:34:42.313+0000] {processor.py:208} INFO - Processing /opt/airflow/dags/1tasks.py took 0.352 seconds
[2025-03-20T01:35:49.207+0000] {processor.py:186} INFO - Started process (PID=106) to work on /opt/airflow/dags/1tasks.py
[2025-03-20T01:35:49.209+0000] {processor.py:914} INFO - Processing file /opt/airflow/dags/1tasks.py for tasks to queue
[2025-03-20T01:35:49.213+0000] {logging_mixin.py:190} INFO - [2025-03-20T01:35:49.213+0000] {dagbag.py:588} INFO - Filling up the DagBag from /opt/airflow/dags/1tasks.py
[2025-03-20T01:35:49.283+0000] {processor.py:925} INFO - DAG(s) 'welcome_dag' retrieved from /opt/airflow/dags/1tasks.py
[2025-03-20T01:35:49.368+0000] {logging_mixin.py:190} INFO - [2025-03-20T01:35:49.368+0000] {dag.py:3239} INFO - Sync 1 DAGs
[2025-03-20T01:35:49.422+0000] {logging_mixin.py:190} INFO - [2025-03-20T01:35:49.421+0000] {dag.py:4180} INFO - Setting next_dagrun for welcome_dag to 2025-03-19 23:00:00+00:00, run_after=2025-03-20 23:00:00+00:00
[2025-03-20T01:35:49.523+0000] {processor.py:208} INFO - Processing /opt/airflow/dags/1tasks.py took 0.326 seconds
[2025-03-20T01:36:19.752+0000] {processor.py:186} INFO - Started process (PID=121) to work on /opt/airflow/dags/1tasks.py
[2025-03-20T01:36:19.754+0000] {processor.py:914} INFO - Processing file /opt/airflow/dags/1tasks.py for tasks to queue
[2025-03-20T01:36:19.760+0000] {logging_mixin.py:190} INFO - [2025-03-20T01:36:19.759+0000] {dagbag.py:588} INFO - Filling up the DagBag from /opt/airflow/dags/1tasks.py
[2025-03-20T01:36:19.806+0000] {processor.py:925} INFO - DAG(s) 'welcome_dag' retrieved from /opt/airflow/dags/1tasks.py
[2025-03-20T01:36:19.849+0000] {logging_mixin.py:190} INFO - [2025-03-20T01:36:19.848+0000] {dag.py:3239} INFO - Sync 1 DAGs
[2025-03-20T01:36:19.905+0000] {logging_mixin.py:190} INFO - [2025-03-20T01:36:19.905+0000] {dag.py:4180} INFO - Setting next_dagrun for welcome_dag to 2025-03-19 23:00:00+00:00, run_after=2025-03-20 23:00:00+00:00
[2025-03-20T01:36:19.994+0000] {processor.py:208} INFO - Processing /opt/airflow/dags/1tasks.py took 0.250 seconds
[2025-03-20T01:36:51.891+0000] {processor.py:186} INFO - Started process (PID=126) to work on /opt/airflow/dags/1tasks.py
[2025-03-20T01:36:51.893+0000] {processor.py:914} INFO - Processing file /opt/airflow/dags/1tasks.py for tasks to queue
[2025-03-20T01:36:51.899+0000] {logging_mixin.py:190} INFO - [2025-03-20T01:36:51.898+0000] {dagbag.py:588} INFO - Filling up the DagBag from /opt/airflow/dags/1tasks.py
[2025-03-20T01:36:51.947+0000] {processor.py:925} INFO - DAG(s) 'welcome_dag' retrieved from /opt/airflow/dags/1tasks.py
[2025-03-20T01:36:51.999+0000] {logging_mixin.py:190} INFO - [2025-03-20T01:36:51.999+0000] {dag.py:3239} INFO - Sync 1 DAGs
[2025-03-20T01:36:52.056+0000] {logging_mixin.py:190} INFO - [2025-03-20T01:36:52.055+0000] {dag.py:4180} INFO - Setting next_dagrun for welcome_dag to 2025-03-19 23:00:00+00:00, run_after=2025-03-20 23:00:00+00:00
[2025-03-20T01:36:52.200+0000] {processor.py:208} INFO - Processing /opt/airflow/dags/1tasks.py took 0.318 seconds
[2025-03-20T01:37:22.427+0000] {processor.py:186} INFO - Started process (PID=131) to work on /opt/airflow/dags/1tasks.py
[2025-03-20T01:37:22.429+0000] {processor.py:914} INFO - Processing file /opt/airflow/dags/1tasks.py for tasks to queue
[2025-03-20T01:37:22.433+0000] {logging_mixin.py:190} INFO - [2025-03-20T01:37:22.432+0000] {dagbag.py:588} INFO - Filling up the DagBag from /opt/airflow/dags/1tasks.py
[2025-03-20T01:37:22.489+0000] {processor.py:925} INFO - DAG(s) 'welcome_dag' retrieved from /opt/airflow/dags/1tasks.py
[2025-03-20T01:37:22.558+0000] {logging_mixin.py:190} INFO - [2025-03-20T01:37:22.557+0000] {dag.py:3239} INFO - Sync 1 DAGs
[2025-03-20T01:37:22.627+0000] {logging_mixin.py:190} INFO - [2025-03-20T01:37:22.627+0000] {dag.py:4180} INFO - Setting next_dagrun for welcome_dag to 2025-03-19 23:00:00+00:00, run_after=2025-03-20 23:00:00+00:00
[2025-03-20T01:37:22.795+0000] {processor.py:208} INFO - Processing /opt/airflow/dags/1tasks.py took 0.376 seconds
[2025-03-20T01:37:53.955+0000] {processor.py:186} INFO - Started process (PID=136) to work on /opt/airflow/dags/1tasks.py
[2025-03-20T01:37:53.957+0000] {processor.py:914} INFO - Processing file /opt/airflow/dags/1tasks.py for tasks to queue
[2025-03-20T01:37:53.962+0000] {logging_mixin.py:190} INFO - [2025-03-20T01:37:53.962+0000] {dagbag.py:588} INFO - Filling up the DagBag from /opt/airflow/dags/1tasks.py
[2025-03-20T01:37:54.015+0000] {processor.py:925} INFO - DAG(s) 'welcome_dag' retrieved from /opt/airflow/dags/1tasks.py
[2025-03-20T01:37:54.070+0000] {logging_mixin.py:190} INFO - [2025-03-20T01:37:54.069+0000] {dag.py:3239} INFO - Sync 1 DAGs
[2025-03-20T01:37:54.120+0000] {logging_mixin.py:190} INFO - [2025-03-20T01:37:54.120+0000] {dag.py:4180} INFO - Setting next_dagrun for welcome_dag to 2025-03-19 23:00:00+00:00, run_after=2025-03-20 23:00:00+00:00
[2025-03-20T01:37:54.293+0000] {processor.py:208} INFO - Processing /opt/airflow/dags/1tasks.py took 0.347 seconds
[2025-03-20T01:38:25.806+0000] {processor.py:186} INFO - Started process (PID=141) to work on /opt/airflow/dags/1tasks.py
[2025-03-20T01:38:25.808+0000] {processor.py:914} INFO - Processing file /opt/airflow/dags/1tasks.py for tasks to queue
[2025-03-20T01:38:25.818+0000] {logging_mixin.py:190} INFO - [2025-03-20T01:38:25.817+0000] {dagbag.py:588} INFO - Filling up the DagBag from /opt/airflow/dags/1tasks.py
[2025-03-20T01:38:25.916+0000] {processor.py:925} INFO - DAG(s) 'welcome_dag' retrieved from /opt/airflow/dags/1tasks.py
[2025-03-20T01:38:25.996+0000] {logging_mixin.py:190} INFO - [2025-03-20T01:38:25.995+0000] {dag.py:3239} INFO - Sync 1 DAGs
[2025-03-20T01:38:26.063+0000] {logging_mixin.py:190} INFO - [2025-03-20T01:38:26.062+0000] {dag.py:4180} INFO - Setting next_dagrun for welcome_dag to 2025-03-19 23:00:00+00:00, run_after=2025-03-20 23:00:00+00:00
[2025-03-20T01:38:26.248+0000] {processor.py:208} INFO - Processing /opt/airflow/dags/1tasks.py took 0.459 seconds
[2025-03-20T01:38:56.463+0000] {processor.py:186} INFO - Started process (PID=146) to work on /opt/airflow/dags/1tasks.py
[2025-03-20T01:38:56.465+0000] {processor.py:914} INFO - Processing file /opt/airflow/dags/1tasks.py for tasks to queue
[2025-03-20T01:38:56.468+0000] {logging_mixin.py:190} INFO - [2025-03-20T01:38:56.468+0000] {dagbag.py:588} INFO - Filling up the DagBag from /opt/airflow/dags/1tasks.py
[2025-03-20T01:38:56.518+0000] {processor.py:925} INFO - DAG(s) 'welcome_dag' retrieved from /opt/airflow/dags/1tasks.py
[2025-03-20T01:38:56.565+0000] {logging_mixin.py:190} INFO - [2025-03-20T01:38:56.565+0000] {dag.py:3239} INFO - Sync 1 DAGs
[2025-03-20T01:38:56.615+0000] {logging_mixin.py:190} INFO - [2025-03-20T01:38:56.615+0000] {dag.py:4180} INFO - Setting next_dagrun for welcome_dag to 2025-03-19 23:00:00+00:00, run_after=2025-03-20 23:00:00+00:00
[2025-03-20T01:38:56.753+0000] {processor.py:208} INFO - Processing /opt/airflow/dags/1tasks.py took 0.298 seconds
[2025-03-20T01:39:28.215+0000] {processor.py:186} INFO - Started process (PID=151) to work on /opt/airflow/dags/1tasks.py
[2025-03-20T01:39:28.218+0000] {processor.py:914} INFO - Processing file /opt/airflow/dags/1tasks.py for tasks to queue
[2025-03-20T01:39:28.221+0000] {logging_mixin.py:190} INFO - [2025-03-20T01:39:28.221+0000] {dagbag.py:588} INFO - Filling up the DagBag from /opt/airflow/dags/1tasks.py
[2025-03-20T01:39:28.285+0000] {processor.py:925} INFO - DAG(s) 'welcome_dag' retrieved from /opt/airflow/dags/1tasks.py
[2025-03-20T01:39:28.343+0000] {logging_mixin.py:190} INFO - [2025-03-20T01:39:28.342+0000] {dag.py:3239} INFO - Sync 1 DAGs
[2025-03-20T01:39:28.397+0000] {logging_mixin.py:190} INFO - [2025-03-20T01:39:28.396+0000] {dag.py:4180} INFO - Setting next_dagrun for welcome_dag to 2025-03-19 23:00:00+00:00, run_after=2025-03-20 23:00:00+00:00
[2025-03-20T01:39:28.526+0000] {processor.py:208} INFO - Processing /opt/airflow/dags/1tasks.py took 0.319 seconds
[2025-03-20T01:39:59.204+0000] {processor.py:186} INFO - Started process (PID=156) to work on /opt/airflow/dags/1tasks.py
[2025-03-20T01:39:59.206+0000] {processor.py:914} INFO - Processing file /opt/airflow/dags/1tasks.py for tasks to queue
[2025-03-20T01:39:59.213+0000] {logging_mixin.py:190} INFO - [2025-03-20T01:39:59.212+0000] {dagbag.py:588} INFO - Filling up the DagBag from /opt/airflow/dags/1tasks.py
[2025-03-20T01:39:59.260+0000] {processor.py:925} INFO - DAG(s) 'welcome_dag' retrieved from /opt/airflow/dags/1tasks.py
[2025-03-20T01:39:59.302+0000] {logging_mixin.py:190} INFO - [2025-03-20T01:39:59.302+0000] {dag.py:3239} INFO - Sync 1 DAGs
[2025-03-20T01:39:59.344+0000] {logging_mixin.py:190} INFO - [2025-03-20T01:39:59.344+0000] {dag.py:4180} INFO - Setting next_dagrun for welcome_dag to 2025-03-19 23:00:00+00:00, run_after=2025-03-20 23:00:00+00:00
[2025-03-20T01:39:59.496+0000] {processor.py:208} INFO - Processing /opt/airflow/dags/1tasks.py took 0.301 seconds
[2025-03-20T01:40:30.441+0000] {processor.py:186} INFO - Started process (PID=161) to work on /opt/airflow/dags/1tasks.py
[2025-03-20T01:40:30.444+0000] {processor.py:914} INFO - Processing file /opt/airflow/dags/1tasks.py for tasks to queue
[2025-03-20T01:40:30.449+0000] {logging_mixin.py:190} INFO - [2025-03-20T01:40:30.449+0000] {dagbag.py:588} INFO - Filling up the DagBag from /opt/airflow/dags/1tasks.py
[2025-03-20T01:40:30.523+0000] {processor.py:925} INFO - DAG(s) 'welcome_dag' retrieved from /opt/airflow/dags/1tasks.py
[2025-03-20T01:40:30.573+0000] {logging_mixin.py:190} INFO - [2025-03-20T01:40:30.572+0000] {dag.py:3239} INFO - Sync 1 DAGs
[2025-03-20T01:40:30.619+0000] {logging_mixin.py:190} INFO - [2025-03-20T01:40:30.618+0000] {dag.py:4180} INFO - Setting next_dagrun for welcome_dag to 2025-03-19 23:00:00+00:00, run_after=2025-03-20 23:00:00+00:00
[2025-03-20T01:40:30.733+0000] {processor.py:208} INFO - Processing /opt/airflow/dags/1tasks.py took 0.301 seconds
[2025-03-20T01:41:01.621+0000] {processor.py:186} INFO - Started process (PID=167) to work on /opt/airflow/dags/1tasks.py
[2025-03-20T01:41:01.623+0000] {processor.py:914} INFO - Processing file /opt/airflow/dags/1tasks.py for tasks to queue
[2025-03-20T01:41:01.628+0000] {logging_mixin.py:190} INFO - [2025-03-20T01:41:01.628+0000] {dagbag.py:588} INFO - Filling up the DagBag from /opt/airflow/dags/1tasks.py
[2025-03-20T01:41:01.693+0000] {processor.py:925} INFO - DAG(s) 'welcome_dag' retrieved from /opt/airflow/dags/1tasks.py
[2025-03-20T01:41:01.787+0000] {logging_mixin.py:190} INFO - [2025-03-20T01:41:01.786+0000] {dag.py:3239} INFO - Sync 1 DAGs
[2025-03-20T01:41:01.904+0000] {logging_mixin.py:190} INFO - [2025-03-20T01:41:01.903+0000] {dag.py:4180} INFO - Setting next_dagrun for welcome_dag to 2025-03-19 23:00:00+00:00, run_after=2025-03-20 23:00:00+00:00
[2025-03-20T01:41:02.468+0000] {processor.py:208} INFO - Processing /opt/airflow/dags/1tasks.py took 0.867 seconds
[2025-03-20T01:41:24.488+0000] {processor.py:186} INFO - Started process (PID=168) to work on /opt/airflow/dags/1tasks.py
[2025-03-20T01:41:24.491+0000] {processor.py:914} INFO - Processing file /opt/airflow/dags/1tasks.py for tasks to queue
[2025-03-20T01:41:24.496+0000] {logging_mixin.py:190} INFO - [2025-03-20T01:41:24.496+0000] {dagbag.py:588} INFO - Filling up the DagBag from /opt/airflow/dags/1tasks.py
[2025-03-20T01:41:24.584+0000] {processor.py:925} INFO - DAG(s) 'tasks_demo' retrieved from /opt/airflow/dags/1tasks.py
[2025-03-20T01:41:24.885+0000] {logging_mixin.py:190} INFO - [2025-03-20T01:41:24.883+0000] {override.py:1912} INFO - Created Permission View: can read on DAG:tasks_demo
[2025-03-20T01:41:24.947+0000] {logging_mixin.py:190} INFO - [2025-03-20T01:41:24.946+0000] {override.py:1912} INFO - Created Permission View: can edit on DAG:tasks_demo
[2025-03-20T01:41:25.002+0000] {logging_mixin.py:190} INFO - [2025-03-20T01:41:25.001+0000] {override.py:1912} INFO - Created Permission View: can delete on DAG:tasks_demo
[2025-03-20T01:41:25.083+0000] {logging_mixin.py:190} INFO - [2025-03-20T01:41:25.082+0000] {override.py:1912} INFO - Created Permission View: can read on DAG Run:tasks_demo
[2025-03-20T01:41:25.142+0000] {logging_mixin.py:190} INFO - [2025-03-20T01:41:25.141+0000] {override.py:1912} INFO - Created Permission View: can create on DAG Run:tasks_demo
[2025-03-20T01:41:25.197+0000] {logging_mixin.py:190} INFO - [2025-03-20T01:41:25.196+0000] {override.py:1912} INFO - Created Permission View: can delete on DAG Run:tasks_demo
[2025-03-20T01:41:25.258+0000] {logging_mixin.py:190} INFO - [2025-03-20T01:41:25.257+0000] {override.py:1912} INFO - Created Permission View: menu access on DAG Run:tasks_demo
[2025-03-20T01:41:25.260+0000] {logging_mixin.py:190} INFO - [2025-03-20T01:41:25.259+0000] {dag.py:3239} INFO - Sync 1 DAGs
[2025-03-20T01:41:25.295+0000] {logging_mixin.py:190} INFO - [2025-03-20T01:41:25.295+0000] {dag.py:3262} INFO - Creating ORM DAG for tasks_demo
[2025-03-20T01:41:25.320+0000] {logging_mixin.py:190} INFO - [2025-03-20T01:41:25.320+0000] {dag.py:4180} INFO - Setting next_dagrun for tasks_demo to 2025-03-19 23:00:00+00:00, run_after=2025-03-20 23:00:00+00:00
[2025-03-20T01:41:25.474+0000] {processor.py:208} INFO - Processing /opt/airflow/dags/1tasks.py took 0.997 seconds
[2025-03-20T01:41:55.662+0000] {processor.py:186} INFO - Started process (PID=173) to work on /opt/airflow/dags/1tasks.py
[2025-03-20T01:41:55.665+0000] {processor.py:914} INFO - Processing file /opt/airflow/dags/1tasks.py for tasks to queue
[2025-03-20T01:41:55.671+0000] {logging_mixin.py:190} INFO - [2025-03-20T01:41:55.670+0000] {dagbag.py:588} INFO - Filling up the DagBag from /opt/airflow/dags/1tasks.py
[2025-03-20T01:41:55.716+0000] {processor.py:925} INFO - DAG(s) 'tasks_demo' retrieved from /opt/airflow/dags/1tasks.py
[2025-03-20T01:41:55.763+0000] {logging_mixin.py:190} INFO - [2025-03-20T01:41:55.763+0000] {dag.py:3239} INFO - Sync 1 DAGs
[2025-03-20T01:41:55.819+0000] {logging_mixin.py:190} INFO - [2025-03-20T01:41:55.819+0000] {dag.py:4180} INFO - Setting next_dagrun for tasks_demo to 2025-03-19 23:00:00+00:00, run_after=2025-03-20 23:00:00+00:00
[2025-03-20T01:41:55.926+0000] {processor.py:208} INFO - Processing /opt/airflow/dags/1tasks.py took 0.284 seconds
[2025-03-20T01:42:26.521+0000] {processor.py:186} INFO - Started process (PID=178) to work on /opt/airflow/dags/1tasks.py
[2025-03-20T01:42:26.523+0000] {processor.py:914} INFO - Processing file /opt/airflow/dags/1tasks.py for tasks to queue
[2025-03-20T01:42:26.527+0000] {logging_mixin.py:190} INFO - [2025-03-20T01:42:26.526+0000] {dagbag.py:588} INFO - Filling up the DagBag from /opt/airflow/dags/1tasks.py
[2025-03-20T01:42:26.586+0000] {processor.py:925} INFO - DAG(s) 'tasks_demo' retrieved from /opt/airflow/dags/1tasks.py
[2025-03-20T01:42:26.654+0000] {logging_mixin.py:190} INFO - [2025-03-20T01:42:26.654+0000] {dag.py:3239} INFO - Sync 1 DAGs
[2025-03-20T01:42:26.707+0000] {logging_mixin.py:190} INFO - [2025-03-20T01:42:26.707+0000] {dag.py:4180} INFO - Setting next_dagrun for tasks_demo to 2025-03-19 23:00:00+00:00, run_after=2025-03-20 23:00:00+00:00
[2025-03-20T01:42:26.852+0000] {processor.py:208} INFO - Processing /opt/airflow/dags/1tasks.py took 0.338 seconds
[2025-03-20T01:42:57.404+0000] {processor.py:186} INFO - Started process (PID=183) to work on /opt/airflow/dags/1tasks.py
[2025-03-20T01:42:57.406+0000] {processor.py:914} INFO - Processing file /opt/airflow/dags/1tasks.py for tasks to queue
[2025-03-20T01:42:57.410+0000] {logging_mixin.py:190} INFO - [2025-03-20T01:42:57.409+0000] {dagbag.py:588} INFO - Filling up the DagBag from /opt/airflow/dags/1tasks.py
[2025-03-20T01:42:57.466+0000] {processor.py:925} INFO - DAG(s) 'tasks_demo' retrieved from /opt/airflow/dags/1tasks.py
[2025-03-20T01:42:57.518+0000] {logging_mixin.py:190} INFO - [2025-03-20T01:42:57.518+0000] {dag.py:3239} INFO - Sync 1 DAGs
[2025-03-20T01:42:57.566+0000] {logging_mixin.py:190} INFO - [2025-03-20T01:42:57.566+0000] {dag.py:4180} INFO - Setting next_dagrun for tasks_demo to 2025-03-19 23:00:00+00:00, run_after=2025-03-20 23:00:00+00:00
[2025-03-20T01:42:57.745+0000] {processor.py:208} INFO - Processing /opt/airflow/dags/1tasks.py took 0.348 seconds
[2025-03-20T01:43:28.214+0000] {processor.py:186} INFO - Started process (PID=188) to work on /opt/airflow/dags/1tasks.py
[2025-03-20T01:43:28.215+0000] {processor.py:914} INFO - Processing file /opt/airflow/dags/1tasks.py for tasks to queue
[2025-03-20T01:43:28.219+0000] {logging_mixin.py:190} INFO - [2025-03-20T01:43:28.219+0000] {dagbag.py:588} INFO - Filling up the DagBag from /opt/airflow/dags/1tasks.py
[2025-03-20T01:43:28.260+0000] {processor.py:925} INFO - DAG(s) 'tasks_demo' retrieved from /opt/airflow/dags/1tasks.py
[2025-03-20T01:43:28.305+0000] {logging_mixin.py:190} INFO - [2025-03-20T01:43:28.305+0000] {dag.py:3239} INFO - Sync 1 DAGs
[2025-03-20T01:43:28.346+0000] {logging_mixin.py:190} INFO - [2025-03-20T01:43:28.346+0000] {dag.py:4180} INFO - Setting next_dagrun for tasks_demo to 2025-03-19 23:00:00+00:00, run_after=2025-03-20 23:00:00+00:00
[2025-03-20T01:43:28.469+0000] {processor.py:208} INFO - Processing /opt/airflow/dags/1tasks.py took 0.262 seconds
[2025-03-20T01:43:59.998+0000] {processor.py:186} INFO - Started process (PID=194) to work on /opt/airflow/dags/1tasks.py
[2025-03-20T01:44:00.000+0000] {processor.py:914} INFO - Processing file /opt/airflow/dags/1tasks.py for tasks to queue
[2025-03-20T01:44:00.005+0000] {logging_mixin.py:190} INFO - [2025-03-20T01:44:00.005+0000] {dagbag.py:588} INFO - Filling up the DagBag from /opt/airflow/dags/1tasks.py
[2025-03-20T01:44:00.102+0000] {processor.py:925} INFO - DAG(s) 'tasks_demo' retrieved from /opt/airflow/dags/1tasks.py
[2025-03-20T01:44:00.170+0000] {logging_mixin.py:190} INFO - [2025-03-20T01:44:00.169+0000] {dag.py:3239} INFO - Sync 1 DAGs
[2025-03-20T01:44:00.229+0000] {logging_mixin.py:190} INFO - [2025-03-20T01:44:00.229+0000] {dag.py:4180} INFO - Setting next_dagrun for tasks_demo to 2025-03-19 23:00:00+00:00, run_after=2025-03-20 23:00:00+00:00
[2025-03-20T01:44:00.405+0000] {processor.py:208} INFO - Processing /opt/airflow/dags/1tasks.py took 0.416 seconds
[2025-03-20T01:44:41.542+0000] {processor.py:186} INFO - Started process (PID=242) to work on /opt/airflow/dags/1tasks.py
[2025-03-20T01:44:41.544+0000] {processor.py:914} INFO - Processing file /opt/airflow/dags/1tasks.py for tasks to queue
[2025-03-20T01:44:41.550+0000] {logging_mixin.py:190} INFO - [2025-03-20T01:44:41.549+0000] {dagbag.py:588} INFO - Filling up the DagBag from /opt/airflow/dags/1tasks.py
[2025-03-20T01:44:41.594+0000] {processor.py:925} INFO - DAG(s) 'tasks_demo' retrieved from /opt/airflow/dags/1tasks.py
[2025-03-20T01:44:41.655+0000] {logging_mixin.py:190} INFO - [2025-03-20T01:44:41.654+0000] {dag.py:3239} INFO - Sync 1 DAGs
[2025-03-20T01:44:41.738+0000] {logging_mixin.py:190} INFO - [2025-03-20T01:44:41.738+0000] {dag.py:4180} INFO - Setting next_dagrun for tasks_demo to 2025-03-19 23:00:00+00:00, run_after=2025-03-20 23:00:00+00:00
[2025-03-20T01:44:41.854+0000] {processor.py:208} INFO - Processing /opt/airflow/dags/1tasks.py took 0.321 seconds
[2025-03-20T01:45:12.712+0000] {processor.py:186} INFO - Started process (PID=247) to work on /opt/airflow/dags/1tasks.py
[2025-03-20T01:45:12.714+0000] {processor.py:914} INFO - Processing file /opt/airflow/dags/1tasks.py for tasks to queue
[2025-03-20T01:45:12.722+0000] {logging_mixin.py:190} INFO - [2025-03-20T01:45:12.721+0000] {dagbag.py:588} INFO - Filling up the DagBag from /opt/airflow/dags/1tasks.py
[2025-03-20T01:45:12.798+0000] {processor.py:925} INFO - DAG(s) 'tasks_demo' retrieved from /opt/airflow/dags/1tasks.py
[2025-03-20T01:45:12.872+0000] {logging_mixin.py:190} INFO - [2025-03-20T01:45:12.871+0000] {dag.py:3239} INFO - Sync 1 DAGs
[2025-03-20T01:45:12.916+0000] {logging_mixin.py:190} INFO - [2025-03-20T01:45:12.915+0000] {dag.py:4180} INFO - Setting next_dagrun for tasks_demo to 2025-03-19 23:00:00+00:00, run_after=2025-03-20 23:00:00+00:00
[2025-03-20T01:45:13.053+0000] {processor.py:208} INFO - Processing /opt/airflow/dags/1tasks.py took 0.349 seconds
[2025-03-20T01:45:43.996+0000] {processor.py:186} INFO - Started process (PID=253) to work on /opt/airflow/dags/1tasks.py
[2025-03-20T01:45:43.998+0000] {processor.py:914} INFO - Processing file /opt/airflow/dags/1tasks.py for tasks to queue
[2025-03-20T01:45:44.003+0000] {logging_mixin.py:190} INFO - [2025-03-20T01:45:44.002+0000] {dagbag.py:588} INFO - Filling up the DagBag from /opt/airflow/dags/1tasks.py
[2025-03-20T01:45:44.047+0000] {processor.py:925} INFO - DAG(s) 'tasks_demo' retrieved from /opt/airflow/dags/1tasks.py
[2025-03-20T01:45:44.110+0000] {logging_mixin.py:190} INFO - [2025-03-20T01:45:44.109+0000] {dag.py:3239} INFO - Sync 1 DAGs
[2025-03-20T01:45:44.171+0000] {logging_mixin.py:190} INFO - [2025-03-20T01:45:44.171+0000] {dag.py:4180} INFO - Setting next_dagrun for tasks_demo to 2025-03-19 23:00:00+00:00, run_after=2025-03-20 23:00:00+00:00
[2025-03-20T01:45:44.331+0000] {processor.py:208} INFO - Processing /opt/airflow/dags/1tasks.py took 0.350 seconds
[2025-03-20T01:46:14.544+0000] {processor.py:186} INFO - Started process (PID=258) to work on /opt/airflow/dags/1tasks.py
[2025-03-20T01:46:14.546+0000] {processor.py:914} INFO - Processing file /opt/airflow/dags/1tasks.py for tasks to queue
[2025-03-20T01:46:14.551+0000] {logging_mixin.py:190} INFO - [2025-03-20T01:46:14.550+0000] {dagbag.py:588} INFO - Filling up the DagBag from /opt/airflow/dags/1tasks.py
[2025-03-20T01:46:14.618+0000] {processor.py:925} INFO - DAG(s) 'tasks_demo' retrieved from /opt/airflow/dags/1tasks.py
[2025-03-20T01:46:14.682+0000] {logging_mixin.py:190} INFO - [2025-03-20T01:46:14.682+0000] {dag.py:3239} INFO - Sync 1 DAGs
[2025-03-20T01:46:14.739+0000] {logging_mixin.py:190} INFO - [2025-03-20T01:46:14.739+0000] {dag.py:4180} INFO - Setting next_dagrun for tasks_demo to 2025-03-19 23:00:00+00:00, run_after=2025-03-20 23:00:00+00:00
[2025-03-20T01:46:14.857+0000] {processor.py:208} INFO - Processing /opt/airflow/dags/1tasks.py took 0.324 seconds
[2025-03-20T01:46:46.073+0000] {processor.py:186} INFO - Started process (PID=263) to work on /opt/airflow/dags/1tasks.py
[2025-03-20T01:46:46.075+0000] {processor.py:914} INFO - Processing file /opt/airflow/dags/1tasks.py for tasks to queue
[2025-03-20T01:46:46.079+0000] {logging_mixin.py:190} INFO - [2025-03-20T01:46:46.078+0000] {dagbag.py:588} INFO - Filling up the DagBag from /opt/airflow/dags/1tasks.py
[2025-03-20T01:46:46.132+0000] {processor.py:925} INFO - DAG(s) 'tasks_demo' retrieved from /opt/airflow/dags/1tasks.py
[2025-03-20T01:46:46.186+0000] {logging_mixin.py:190} INFO - [2025-03-20T01:46:46.186+0000] {dag.py:3239} INFO - Sync 1 DAGs
[2025-03-20T01:46:46.228+0000] {logging_mixin.py:190} INFO - [2025-03-20T01:46:46.228+0000] {dag.py:4180} INFO - Setting next_dagrun for tasks_demo to 2025-03-19 23:00:00+00:00, run_after=2025-03-20 23:00:00+00:00
[2025-03-20T01:46:46.354+0000] {processor.py:208} INFO - Processing /opt/airflow/dags/1tasks.py took 0.295 seconds
[2025-03-20T01:47:17.476+0000] {processor.py:186} INFO - Started process (PID=268) to work on /opt/airflow/dags/1tasks.py
[2025-03-20T01:47:17.478+0000] {processor.py:914} INFO - Processing file /opt/airflow/dags/1tasks.py for tasks to queue
[2025-03-20T01:47:17.482+0000] {logging_mixin.py:190} INFO - [2025-03-20T01:47:17.481+0000] {dagbag.py:588} INFO - Filling up the DagBag from /opt/airflow/dags/1tasks.py
[2025-03-20T01:47:17.536+0000] {processor.py:925} INFO - DAG(s) 'tasks_demo' retrieved from /opt/airflow/dags/1tasks.py
[2025-03-20T01:47:17.599+0000] {logging_mixin.py:190} INFO - [2025-03-20T01:47:17.599+0000] {dag.py:3239} INFO - Sync 1 DAGs
[2025-03-20T01:47:17.665+0000] {logging_mixin.py:190} INFO - [2025-03-20T01:47:17.664+0000] {dag.py:4180} INFO - Setting next_dagrun for tasks_demo to 2025-03-19 23:00:00+00:00, run_after=2025-03-20 23:00:00+00:00
[2025-03-20T01:47:17.811+0000] {processor.py:208} INFO - Processing /opt/airflow/dags/1tasks.py took 0.348 seconds
[2025-03-20T01:47:48.487+0000] {processor.py:186} INFO - Started process (PID=275) to work on /opt/airflow/dags/1tasks.py
[2025-03-20T01:47:48.490+0000] {processor.py:914} INFO - Processing file /opt/airflow/dags/1tasks.py for tasks to queue
[2025-03-20T01:47:48.496+0000] {logging_mixin.py:190} INFO - [2025-03-20T01:47:48.495+0000] {dagbag.py:588} INFO - Filling up the DagBag from /opt/airflow/dags/1tasks.py
[2025-03-20T01:47:48.548+0000] {processor.py:925} INFO - DAG(s) 'tasks_demo' retrieved from /opt/airflow/dags/1tasks.py
[2025-03-20T01:47:48.611+0000] {logging_mixin.py:190} INFO - [2025-03-20T01:47:48.611+0000] {dag.py:3239} INFO - Sync 1 DAGs
[2025-03-20T01:47:48.669+0000] {logging_mixin.py:190} INFO - [2025-03-20T01:47:48.668+0000] {dag.py:4180} INFO - Setting next_dagrun for tasks_demo to 2025-03-19 23:00:00+00:00, run_after=2025-03-20 23:00:00+00:00
[2025-03-20T01:47:48.775+0000] {processor.py:208} INFO - Processing /opt/airflow/dags/1tasks.py took 0.299 seconds
[2025-03-20T01:48:19.079+0000] {processor.py:186} INFO - Started process (PID=281) to work on /opt/airflow/dags/1tasks.py
[2025-03-20T01:48:19.081+0000] {processor.py:914} INFO - Processing file /opt/airflow/dags/1tasks.py for tasks to queue
[2025-03-20T01:48:19.084+0000] {logging_mixin.py:190} INFO - [2025-03-20T01:48:19.084+0000] {dagbag.py:588} INFO - Filling up the DagBag from /opt/airflow/dags/1tasks.py
[2025-03-20T01:48:19.130+0000] {processor.py:925} INFO - DAG(s) 'tasks_demo' retrieved from /opt/airflow/dags/1tasks.py
[2025-03-20T01:48:19.195+0000] {logging_mixin.py:190} INFO - [2025-03-20T01:48:19.194+0000] {dag.py:3239} INFO - Sync 1 DAGs
[2025-03-20T01:48:19.299+0000] {logging_mixin.py:190} INFO - [2025-03-20T01:48:19.299+0000] {dag.py:4180} INFO - Setting next_dagrun for tasks_demo to 2025-03-19 23:00:00+00:00, run_after=2025-03-20 23:00:00+00:00
[2025-03-20T01:48:19.479+0000] {processor.py:208} INFO - Processing /opt/airflow/dags/1tasks.py took 0.407 seconds
[2025-03-20T01:48:49.932+0000] {processor.py:186} INFO - Started process (PID=287) to work on /opt/airflow/dags/1tasks.py
[2025-03-20T01:48:49.934+0000] {processor.py:914} INFO - Processing file /opt/airflow/dags/1tasks.py for tasks to queue
[2025-03-20T01:48:49.936+0000] {logging_mixin.py:190} INFO - [2025-03-20T01:48:49.936+0000] {dagbag.py:588} INFO - Filling up the DagBag from /opt/airflow/dags/1tasks.py
[2025-03-20T01:48:49.972+0000] {processor.py:925} INFO - DAG(s) 'tasks_demo' retrieved from /opt/airflow/dags/1tasks.py
[2025-03-20T01:48:50.018+0000] {logging_mixin.py:190} INFO - [2025-03-20T01:48:50.018+0000] {dag.py:3239} INFO - Sync 1 DAGs
[2025-03-20T01:48:50.085+0000] {logging_mixin.py:190} INFO - [2025-03-20T01:48:50.085+0000] {dag.py:4180} INFO - Setting next_dagrun for tasks_demo to 2025-03-19 23:00:00+00:00, run_after=2025-03-20 23:00:00+00:00
[2025-03-20T01:48:50.197+0000] {processor.py:208} INFO - Processing /opt/airflow/dags/1tasks.py took 0.272 seconds
[2025-03-20T01:49:20.717+0000] {processor.py:186} INFO - Started process (PID=293) to work on /opt/airflow/dags/1tasks.py
[2025-03-20T01:49:20.720+0000] {processor.py:914} INFO - Processing file /opt/airflow/dags/1tasks.py for tasks to queue
[2025-03-20T01:49:20.723+0000] {logging_mixin.py:190} INFO - [2025-03-20T01:49:20.722+0000] {dagbag.py:588} INFO - Filling up the DagBag from /opt/airflow/dags/1tasks.py
[2025-03-20T01:49:20.771+0000] {processor.py:925} INFO - DAG(s) 'tasks_demo' retrieved from /opt/airflow/dags/1tasks.py
[2025-03-20T01:49:20.843+0000] {logging_mixin.py:190} INFO - [2025-03-20T01:49:20.843+0000] {dag.py:3239} INFO - Sync 1 DAGs
[2025-03-20T01:49:20.899+0000] {logging_mixin.py:190} INFO - [2025-03-20T01:49:20.898+0000] {dag.py:4180} INFO - Setting next_dagrun for tasks_demo to 2025-03-19 23:00:00+00:00, run_after=2025-03-20 23:00:00+00:00
[2025-03-20T01:49:21.030+0000] {processor.py:208} INFO - Processing /opt/airflow/dags/1tasks.py took 0.325 seconds
[2025-03-20T01:49:51.411+0000] {processor.py:186} INFO - Started process (PID=298) to work on /opt/airflow/dags/1tasks.py
[2025-03-20T01:49:51.413+0000] {processor.py:914} INFO - Processing file /opt/airflow/dags/1tasks.py for tasks to queue
[2025-03-20T01:49:51.416+0000] {logging_mixin.py:190} INFO - [2025-03-20T01:49:51.416+0000] {dagbag.py:588} INFO - Filling up the DagBag from /opt/airflow/dags/1tasks.py
[2025-03-20T01:49:51.464+0000] {processor.py:925} INFO - DAG(s) 'tasks_demo' retrieved from /opt/airflow/dags/1tasks.py
[2025-03-20T01:49:51.512+0000] {logging_mixin.py:190} INFO - [2025-03-20T01:49:51.512+0000] {dag.py:3239} INFO - Sync 1 DAGs
[2025-03-20T01:49:51.567+0000] {logging_mixin.py:190} INFO - [2025-03-20T01:49:51.566+0000] {dag.py:4180} INFO - Setting next_dagrun for tasks_demo to 2025-03-19 23:00:00+00:00, run_after=2025-03-20 23:00:00+00:00
[2025-03-20T01:49:51.696+0000] {processor.py:208} INFO - Processing /opt/airflow/dags/1tasks.py took 0.305 seconds
[2025-03-20T01:50:22.658+0000] {processor.py:186} INFO - Started process (PID=303) to work on /opt/airflow/dags/1tasks.py
[2025-03-20T01:50:22.660+0000] {processor.py:914} INFO - Processing file /opt/airflow/dags/1tasks.py for tasks to queue
[2025-03-20T01:50:22.663+0000] {logging_mixin.py:190} INFO - [2025-03-20T01:50:22.662+0000] {dagbag.py:588} INFO - Filling up the DagBag from /opt/airflow/dags/1tasks.py
[2025-03-20T01:50:22.722+0000] {processor.py:925} INFO - DAG(s) 'tasks_demo' retrieved from /opt/airflow/dags/1tasks.py
[2025-03-20T01:50:22.798+0000] {logging_mixin.py:190} INFO - [2025-03-20T01:50:22.798+0000] {dag.py:3239} INFO - Sync 1 DAGs
[2025-03-20T01:50:22.867+0000] {logging_mixin.py:190} INFO - [2025-03-20T01:50:22.867+0000] {dag.py:4180} INFO - Setting next_dagrun for tasks_demo to 2025-03-19 23:00:00+00:00, run_after=2025-03-20 23:00:00+00:00
[2025-03-20T01:50:22.988+0000] {processor.py:208} INFO - Processing /opt/airflow/dags/1tasks.py took 0.337 seconds
[2025-03-20T01:50:53.648+0000] {processor.py:186} INFO - Started process (PID=308) to work on /opt/airflow/dags/1tasks.py
[2025-03-20T01:50:53.650+0000] {processor.py:914} INFO - Processing file /opt/airflow/dags/1tasks.py for tasks to queue
[2025-03-20T01:50:53.653+0000] {logging_mixin.py:190} INFO - [2025-03-20T01:50:53.652+0000] {dagbag.py:588} INFO - Filling up the DagBag from /opt/airflow/dags/1tasks.py
[2025-03-20T01:50:53.711+0000] {processor.py:925} INFO - DAG(s) 'tasks_demo' retrieved from /opt/airflow/dags/1tasks.py
[2025-03-20T01:50:53.787+0000] {logging_mixin.py:190} INFO - [2025-03-20T01:50:53.786+0000] {dag.py:3239} INFO - Sync 1 DAGs
[2025-03-20T01:50:53.859+0000] {logging_mixin.py:190} INFO - [2025-03-20T01:50:53.858+0000] {dag.py:4180} INFO - Setting next_dagrun for tasks_demo to 2025-03-19 23:00:00+00:00, run_after=2025-03-20 23:00:00+00:00
[2025-03-20T01:50:54.004+0000] {processor.py:208} INFO - Processing /opt/airflow/dags/1tasks.py took 0.371 seconds
[2025-03-20T01:51:25.183+0000] {processor.py:186} INFO - Started process (PID=313) to work on /opt/airflow/dags/1tasks.py
[2025-03-20T01:51:25.185+0000] {processor.py:914} INFO - Processing file /opt/airflow/dags/1tasks.py for tasks to queue
[2025-03-20T01:51:25.188+0000] {logging_mixin.py:190} INFO - [2025-03-20T01:51:25.187+0000] {dagbag.py:588} INFO - Filling up the DagBag from /opt/airflow/dags/1tasks.py
[2025-03-20T01:51:25.233+0000] {processor.py:925} INFO - DAG(s) 'tasks_demo' retrieved from /opt/airflow/dags/1tasks.py
[2025-03-20T01:51:25.284+0000] {logging_mixin.py:190} INFO - [2025-03-20T01:51:25.284+0000] {dag.py:3239} INFO - Sync 1 DAGs
[2025-03-20T01:51:25.336+0000] {logging_mixin.py:190} INFO - [2025-03-20T01:51:25.335+0000] {dag.py:4180} INFO - Setting next_dagrun for tasks_demo to 2025-03-19 23:00:00+00:00, run_after=2025-03-20 23:00:00+00:00
[2025-03-20T01:51:25.464+0000] {processor.py:208} INFO - Processing /opt/airflow/dags/1tasks.py took 0.289 seconds
[2025-03-20T01:51:55.895+0000] {processor.py:186} INFO - Started process (PID=318) to work on /opt/airflow/dags/1tasks.py
[2025-03-20T01:51:55.897+0000] {processor.py:914} INFO - Processing file /opt/airflow/dags/1tasks.py for tasks to queue
[2025-03-20T01:51:55.900+0000] {logging_mixin.py:190} INFO - [2025-03-20T01:51:55.899+0000] {dagbag.py:588} INFO - Filling up the DagBag from /opt/airflow/dags/1tasks.py
[2025-03-20T01:51:55.948+0000] {processor.py:925} INFO - DAG(s) 'tasks_demo' retrieved from /opt/airflow/dags/1tasks.py
[2025-03-20T01:51:55.998+0000] {logging_mixin.py:190} INFO - [2025-03-20T01:51:55.998+0000] {dag.py:3239} INFO - Sync 1 DAGs
[2025-03-20T01:51:56.051+0000] {logging_mixin.py:190} INFO - [2025-03-20T01:51:56.050+0000] {dag.py:4180} INFO - Setting next_dagrun for tasks_demo to 2025-03-19 23:00:00+00:00, run_after=2025-03-20 23:00:00+00:00
[2025-03-20T01:51:56.196+0000] {processor.py:208} INFO - Processing /opt/airflow/dags/1tasks.py took 0.312 seconds
[2025-03-20T01:52:27.529+0000] {processor.py:186} INFO - Started process (PID=323) to work on /opt/airflow/dags/1tasks.py
[2025-03-20T01:52:27.533+0000] {processor.py:914} INFO - Processing file /opt/airflow/dags/1tasks.py for tasks to queue
[2025-03-20T01:52:27.543+0000] {logging_mixin.py:190} INFO - [2025-03-20T01:52:27.542+0000] {dagbag.py:588} INFO - Filling up the DagBag from /opt/airflow/dags/1tasks.py
[2025-03-20T01:52:27.599+0000] {processor.py:925} INFO - DAG(s) 'tasks_demo' retrieved from /opt/airflow/dags/1tasks.py
[2025-03-20T01:52:27.698+0000] {logging_mixin.py:190} INFO - [2025-03-20T01:52:27.697+0000] {dag.py:3239} INFO - Sync 1 DAGs
[2025-03-20T01:52:27.808+0000] {logging_mixin.py:190} INFO - [2025-03-20T01:52:27.806+0000] {dag.py:4180} INFO - Setting next_dagrun for tasks_demo to 2025-03-19 23:00:00+00:00, run_after=2025-03-20 23:00:00+00:00
[2025-03-20T01:52:28.106+0000] {processor.py:208} INFO - Processing /opt/airflow/dags/1tasks.py took 0.596 seconds
[2025-03-20T01:52:58.422+0000] {processor.py:186} INFO - Started process (PID=328) to work on /opt/airflow/dags/1tasks.py
[2025-03-20T01:52:58.424+0000] {processor.py:914} INFO - Processing file /opt/airflow/dags/1tasks.py for tasks to queue
[2025-03-20T01:52:58.427+0000] {logging_mixin.py:190} INFO - [2025-03-20T01:52:58.426+0000] {dagbag.py:588} INFO - Filling up the DagBag from /opt/airflow/dags/1tasks.py
[2025-03-20T01:52:58.467+0000] {processor.py:925} INFO - DAG(s) 'tasks_demo' retrieved from /opt/airflow/dags/1tasks.py
[2025-03-20T01:52:58.506+0000] {logging_mixin.py:190} INFO - [2025-03-20T01:52:58.506+0000] {dag.py:3239} INFO - Sync 1 DAGs
[2025-03-20T01:52:58.557+0000] {logging_mixin.py:190} INFO - [2025-03-20T01:52:58.557+0000] {dag.py:4180} INFO - Setting next_dagrun for tasks_demo to 2025-03-19 23:00:00+00:00, run_after=2025-03-20 23:00:00+00:00
[2025-03-20T01:52:58.749+0000] {processor.py:208} INFO - Processing /opt/airflow/dags/1tasks.py took 0.337 seconds
[2025-03-20T01:53:29.814+0000] {processor.py:186} INFO - Started process (PID=333) to work on /opt/airflow/dags/1tasks.py
[2025-03-20T01:53:29.816+0000] {processor.py:914} INFO - Processing file /opt/airflow/dags/1tasks.py for tasks to queue
[2025-03-20T01:53:29.823+0000] {logging_mixin.py:190} INFO - [2025-03-20T01:53:29.822+0000] {dagbag.py:588} INFO - Filling up the DagBag from /opt/airflow/dags/1tasks.py
[2025-03-20T01:53:29.880+0000] {processor.py:925} INFO - DAG(s) 'tasks_demo' retrieved from /opt/airflow/dags/1tasks.py
[2025-03-20T01:53:29.928+0000] {logging_mixin.py:190} INFO - [2025-03-20T01:53:29.927+0000] {dag.py:3239} INFO - Sync 1 DAGs
[2025-03-20T01:53:29.976+0000] {logging_mixin.py:190} INFO - [2025-03-20T01:53:29.976+0000] {dag.py:4180} INFO - Setting next_dagrun for tasks_demo to 2025-03-19 23:00:00+00:00, run_after=2025-03-20 23:00:00+00:00
[2025-03-20T01:53:30.112+0000] {processor.py:208} INFO - Processing /opt/airflow/dags/1tasks.py took 0.310 seconds
[2025-03-20T01:54:00.749+0000] {processor.py:186} INFO - Started process (PID=338) to work on /opt/airflow/dags/1tasks.py
[2025-03-20T01:54:00.756+0000] {processor.py:914} INFO - Processing file /opt/airflow/dags/1tasks.py for tasks to queue
[2025-03-20T01:54:00.760+0000] {logging_mixin.py:190} INFO - [2025-03-20T01:54:00.759+0000] {dagbag.py:588} INFO - Filling up the DagBag from /opt/airflow/dags/1tasks.py
[2025-03-20T01:54:00.807+0000] {processor.py:925} INFO - DAG(s) 'tasks_demo' retrieved from /opt/airflow/dags/1tasks.py
[2025-03-20T01:54:00.850+0000] {logging_mixin.py:190} INFO - [2025-03-20T01:54:00.849+0000] {dag.py:3239} INFO - Sync 1 DAGs
[2025-03-20T01:54:00.910+0000] {logging_mixin.py:190} INFO - [2025-03-20T01:54:00.910+0000] {dag.py:4180} INFO - Setting next_dagrun for tasks_demo to 2025-03-19 23:00:00+00:00, run_after=2025-03-20 23:00:00+00:00
[2025-03-20T01:54:01.045+0000] {processor.py:208} INFO - Processing /opt/airflow/dags/1tasks.py took 0.311 seconds
[2025-03-20T01:54:32.029+0000] {processor.py:186} INFO - Started process (PID=343) to work on /opt/airflow/dags/1tasks.py
[2025-03-20T01:54:32.031+0000] {processor.py:914} INFO - Processing file /opt/airflow/dags/1tasks.py for tasks to queue
[2025-03-20T01:54:32.033+0000] {logging_mixin.py:190} INFO - [2025-03-20T01:54:32.032+0000] {dagbag.py:588} INFO - Filling up the DagBag from /opt/airflow/dags/1tasks.py
[2025-03-20T01:54:32.095+0000] {processor.py:925} INFO - DAG(s) 'tasks_demo' retrieved from /opt/airflow/dags/1tasks.py
[2025-03-20T01:54:32.149+0000] {logging_mixin.py:190} INFO - [2025-03-20T01:54:32.148+0000] {dag.py:3239} INFO - Sync 1 DAGs
[2025-03-20T01:54:32.211+0000] {logging_mixin.py:190} INFO - [2025-03-20T01:54:32.211+0000] {dag.py:4180} INFO - Setting next_dagrun for tasks_demo to 2025-03-19 23:00:00+00:00, run_after=2025-03-20 23:00:00+00:00
[2025-03-20T01:54:32.357+0000] {processor.py:208} INFO - Processing /opt/airflow/dags/1tasks.py took 0.336 seconds
[2025-03-20T01:55:03.298+0000] {processor.py:186} INFO - Started process (PID=348) to work on /opt/airflow/dags/1tasks.py
[2025-03-20T01:55:03.299+0000] {processor.py:914} INFO - Processing file /opt/airflow/dags/1tasks.py for tasks to queue
[2025-03-20T01:55:03.301+0000] {logging_mixin.py:190} INFO - [2025-03-20T01:55:03.301+0000] {dagbag.py:588} INFO - Filling up the DagBag from /opt/airflow/dags/1tasks.py
[2025-03-20T01:55:03.334+0000] {processor.py:925} INFO - DAG(s) 'tasks_demo' retrieved from /opt/airflow/dags/1tasks.py
[2025-03-20T01:55:03.403+0000] {logging_mixin.py:190} INFO - [2025-03-20T01:55:03.402+0000] {dag.py:3239} INFO - Sync 1 DAGs
[2025-03-20T01:55:03.471+0000] {logging_mixin.py:190} INFO - [2025-03-20T01:55:03.471+0000] {dag.py:4180} INFO - Setting next_dagrun for tasks_demo to 2025-03-19 23:00:00+00:00, run_after=2025-03-20 23:00:00+00:00
[2025-03-20T01:55:03.642+0000] {processor.py:208} INFO - Processing /opt/airflow/dags/1tasks.py took 0.352 seconds
[2025-03-20T01:55:34.040+0000] {processor.py:186} INFO - Started process (PID=353) to work on /opt/airflow/dags/1tasks.py
[2025-03-20T01:55:34.042+0000] {processor.py:914} INFO - Processing file /opt/airflow/dags/1tasks.py for tasks to queue
[2025-03-20T01:55:34.045+0000] {logging_mixin.py:190} INFO - [2025-03-20T01:55:34.044+0000] {dagbag.py:588} INFO - Filling up the DagBag from /opt/airflow/dags/1tasks.py
[2025-03-20T01:55:34.091+0000] {processor.py:925} INFO - DAG(s) 'tasks_demo' retrieved from /opt/airflow/dags/1tasks.py
[2025-03-20T01:55:34.158+0000] {logging_mixin.py:190} INFO - [2025-03-20T01:55:34.158+0000] {dag.py:3239} INFO - Sync 1 DAGs
[2025-03-20T01:55:34.224+0000] {logging_mixin.py:190} INFO - [2025-03-20T01:55:34.223+0000] {dag.py:4180} INFO - Setting next_dagrun for tasks_demo to 2025-03-19 23:00:00+00:00, run_after=2025-03-20 23:00:00+00:00
[2025-03-20T01:55:34.329+0000] {processor.py:208} INFO - Processing /opt/airflow/dags/1tasks.py took 0.301 seconds
[2025-03-20T01:56:04.721+0000] {processor.py:186} INFO - Started process (PID=359) to work on /opt/airflow/dags/1tasks.py
[2025-03-20T01:56:04.724+0000] {processor.py:914} INFO - Processing file /opt/airflow/dags/1tasks.py for tasks to queue
[2025-03-20T01:56:04.728+0000] {logging_mixin.py:190} INFO - [2025-03-20T01:56:04.728+0000] {dagbag.py:588} INFO - Filling up the DagBag from /opt/airflow/dags/1tasks.py
[2025-03-20T01:56:04.794+0000] {processor.py:925} INFO - DAG(s) 'tasks_demo' retrieved from /opt/airflow/dags/1tasks.py
[2025-03-20T01:56:04.881+0000] {logging_mixin.py:190} INFO - [2025-03-20T01:56:04.881+0000] {dag.py:3239} INFO - Sync 1 DAGs
[2025-03-20T01:56:04.944+0000] {logging_mixin.py:190} INFO - [2025-03-20T01:56:04.944+0000] {dag.py:4180} INFO - Setting next_dagrun for tasks_demo to 2025-03-19 23:00:00+00:00, run_after=2025-03-20 23:00:00+00:00
[2025-03-20T01:56:05.134+0000] {processor.py:208} INFO - Processing /opt/airflow/dags/1tasks.py took 0.423 seconds
[2025-03-20T01:56:35.375+0000] {processor.py:186} INFO - Started process (PID=365) to work on /opt/airflow/dags/1tasks.py
[2025-03-20T01:56:35.378+0000] {processor.py:914} INFO - Processing file /opt/airflow/dags/1tasks.py for tasks to queue
[2025-03-20T01:56:35.382+0000] {logging_mixin.py:190} INFO - [2025-03-20T01:56:35.381+0000] {dagbag.py:588} INFO - Filling up the DagBag from /opt/airflow/dags/1tasks.py
[2025-03-20T01:56:35.460+0000] {processor.py:925} INFO - DAG(s) 'tasks_demo' retrieved from /opt/airflow/dags/1tasks.py
[2025-03-20T01:56:35.516+0000] {logging_mixin.py:190} INFO - [2025-03-20T01:56:35.515+0000] {dag.py:3239} INFO - Sync 1 DAGs
[2025-03-20T01:56:35.577+0000] {logging_mixin.py:190} INFO - [2025-03-20T01:56:35.576+0000] {dag.py:4180} INFO - Setting next_dagrun for tasks_demo to 2025-03-19 23:00:00+00:00, run_after=2025-03-20 23:00:00+00:00
[2025-03-20T01:56:35.689+0000] {processor.py:208} INFO - Processing /opt/airflow/dags/1tasks.py took 0.338 seconds
[2025-03-20T01:57:07.106+0000] {processor.py:186} INFO - Started process (PID=371) to work on /opt/airflow/dags/1tasks.py
[2025-03-20T01:57:07.108+0000] {processor.py:914} INFO - Processing file /opt/airflow/dags/1tasks.py for tasks to queue
[2025-03-20T01:57:07.111+0000] {logging_mixin.py:190} INFO - [2025-03-20T01:57:07.111+0000] {dagbag.py:588} INFO - Filling up the DagBag from /opt/airflow/dags/1tasks.py
[2025-03-20T01:57:07.201+0000] {processor.py:925} INFO - DAG(s) 'tasks_demo' retrieved from /opt/airflow/dags/1tasks.py
[2025-03-20T01:57:07.253+0000] {logging_mixin.py:190} INFO - [2025-03-20T01:57:07.252+0000] {dag.py:3239} INFO - Sync 1 DAGs
[2025-03-20T01:57:07.310+0000] {logging_mixin.py:190} INFO - [2025-03-20T01:57:07.309+0000] {dag.py:4180} INFO - Setting next_dagrun for tasks_demo to 2025-03-19 23:00:00+00:00, run_after=2025-03-20 23:00:00+00:00
[2025-03-20T01:57:07.449+0000] {processor.py:208} INFO - Processing /opt/airflow/dags/1tasks.py took 0.357 seconds
