[2025-03-20T01:20:07.510+0000] {processor.py:186} INFO - Started process (PID=293) to work on /opt/airflow/dags/2operators&variables.py
[2025-03-20T01:20:07.512+0000] {processor.py:914} INFO - Processing file /opt/airflow/dags/2operators&variables.py for tasks to queue
[2025-03-20T01:20:07.515+0000] {logging_mixin.py:190} INFO - [2025-03-20T01:20:07.514+0000] {dagbag.py:588} INFO - Filling up the DagBag from /opt/airflow/dags/2operators&variables.py
[2025-03-20T01:20:07.621+0000] {processor.py:925} INFO - DAG(s) 'exchange_rate_etl' retrieved from /opt/airflow/dags/2operators&variables.py
[2025-03-20T01:20:07.880+0000] {logging_mixin.py:190} INFO - [2025-03-20T01:20:07.880+0000] {dag.py:3239} INFO - Sync 1 DAGs
[2025-03-20T01:20:07.929+0000] {logging_mixin.py:190} INFO - [2025-03-20T01:20:07.929+0000] {dag.py:4180} INFO - Setting next_dagrun for exchange_rate_etl to 2025-03-19 22:00:00+00:00, run_after=2025-03-20 22:00:00+00:00
[2025-03-20T01:20:08.104+0000] {processor.py:208} INFO - Processing /opt/airflow/dags/2operators&variables.py took 0.601 seconds
[2025-03-20T01:20:38.762+0000] {processor.py:186} INFO - Started process (PID=298) to work on /opt/airflow/dags/2operators&variables.py
[2025-03-20T01:20:38.764+0000] {processor.py:914} INFO - Processing file /opt/airflow/dags/2operators&variables.py for tasks to queue
[2025-03-20T01:20:38.767+0000] {logging_mixin.py:190} INFO - [2025-03-20T01:20:38.766+0000] {dagbag.py:588} INFO - Filling up the DagBag from /opt/airflow/dags/2operators&variables.py
[2025-03-20T01:20:38.828+0000] {processor.py:925} INFO - DAG(s) 'exchange_rate_etl' retrieved from /opt/airflow/dags/2operators&variables.py
[2025-03-20T01:20:38.886+0000] {logging_mixin.py:190} INFO - [2025-03-20T01:20:38.886+0000] {dag.py:3239} INFO - Sync 1 DAGs
[2025-03-20T01:20:38.948+0000] {logging_mixin.py:190} INFO - [2025-03-20T01:20:38.948+0000] {dag.py:4180} INFO - Setting next_dagrun for exchange_rate_etl to 2025-03-19 22:00:00+00:00, run_after=2025-03-20 22:00:00+00:00
[2025-03-20T01:20:39.055+0000] {processor.py:208} INFO - Processing /opt/airflow/dags/2operators&variables.py took 0.303 seconds
[2025-03-20T01:21:10.327+0000] {processor.py:186} INFO - Started process (PID=303) to work on /opt/airflow/dags/2operators&variables.py
[2025-03-20T01:21:10.329+0000] {processor.py:914} INFO - Processing file /opt/airflow/dags/2operators&variables.py for tasks to queue
[2025-03-20T01:21:10.331+0000] {logging_mixin.py:190} INFO - [2025-03-20T01:21:10.331+0000] {dagbag.py:588} INFO - Filling up the DagBag from /opt/airflow/dags/2operators&variables.py
[2025-03-20T01:21:10.406+0000] {processor.py:925} INFO - DAG(s) 'exchange_rate_etl' retrieved from /opt/airflow/dags/2operators&variables.py
[2025-03-20T01:21:10.452+0000] {logging_mixin.py:190} INFO - [2025-03-20T01:21:10.451+0000] {dag.py:3239} INFO - Sync 1 DAGs
[2025-03-20T01:21:10.502+0000] {logging_mixin.py:190} INFO - [2025-03-20T01:21:10.501+0000] {dag.py:4180} INFO - Setting next_dagrun for exchange_rate_etl to 2025-03-19 22:00:00+00:00, run_after=2025-03-20 22:00:00+00:00
[2025-03-20T01:21:10.634+0000] {processor.py:208} INFO - Processing /opt/airflow/dags/2operators&variables.py took 0.314 seconds
[2025-03-20T01:21:41.743+0000] {processor.py:186} INFO - Started process (PID=308) to work on /opt/airflow/dags/2operators&variables.py
[2025-03-20T01:21:41.747+0000] {processor.py:914} INFO - Processing file /opt/airflow/dags/2operators&variables.py for tasks to queue
[2025-03-20T01:21:41.750+0000] {logging_mixin.py:190} INFO - [2025-03-20T01:21:41.750+0000] {dagbag.py:588} INFO - Filling up the DagBag from /opt/airflow/dags/2operators&variables.py
[2025-03-20T01:21:41.804+0000] {processor.py:925} INFO - DAG(s) 'exchange_rate_etl' retrieved from /opt/airflow/dags/2operators&variables.py
[2025-03-20T01:21:41.845+0000] {logging_mixin.py:190} INFO - [2025-03-20T01:21:41.845+0000] {dag.py:3239} INFO - Sync 1 DAGs
[2025-03-20T01:21:41.910+0000] {logging_mixin.py:190} INFO - [2025-03-20T01:21:41.909+0000] {dag.py:4180} INFO - Setting next_dagrun for exchange_rate_etl to 2025-03-19 22:00:00+00:00, run_after=2025-03-20 22:00:00+00:00
[2025-03-20T01:21:42.037+0000] {processor.py:208} INFO - Processing /opt/airflow/dags/2operators&variables.py took 0.304 seconds
[2025-03-20T01:22:12.216+0000] {processor.py:186} INFO - Started process (PID=313) to work on /opt/airflow/dags/2operators&variables.py
[2025-03-20T01:22:12.218+0000] {processor.py:914} INFO - Processing file /opt/airflow/dags/2operators&variables.py for tasks to queue
[2025-03-20T01:22:12.219+0000] {logging_mixin.py:190} INFO - [2025-03-20T01:22:12.219+0000] {dagbag.py:588} INFO - Filling up the DagBag from /opt/airflow/dags/2operators&variables.py
[2025-03-20T01:22:12.259+0000] {processor.py:925} INFO - DAG(s) 'exchange_rate_etl' retrieved from /opt/airflow/dags/2operators&variables.py
[2025-03-20T01:22:12.296+0000] {logging_mixin.py:190} INFO - [2025-03-20T01:22:12.295+0000] {dag.py:3239} INFO - Sync 1 DAGs
[2025-03-20T01:22:12.338+0000] {logging_mixin.py:190} INFO - [2025-03-20T01:22:12.338+0000] {dag.py:4180} INFO - Setting next_dagrun for exchange_rate_etl to 2025-03-19 22:00:00+00:00, run_after=2025-03-20 22:00:00+00:00
[2025-03-20T01:22:12.453+0000] {processor.py:208} INFO - Processing /opt/airflow/dags/2operators&variables.py took 0.243 seconds
[2025-03-20T01:22:43.235+0000] {processor.py:186} INFO - Started process (PID=318) to work on /opt/airflow/dags/2operators&variables.py
[2025-03-20T01:22:43.239+0000] {processor.py:914} INFO - Processing file /opt/airflow/dags/2operators&variables.py for tasks to queue
[2025-03-20T01:22:43.241+0000] {logging_mixin.py:190} INFO - [2025-03-20T01:22:43.241+0000] {dagbag.py:588} INFO - Filling up the DagBag from /opt/airflow/dags/2operators&variables.py
[2025-03-20T01:22:43.310+0000] {processor.py:925} INFO - DAG(s) 'exchange_rate_etl' retrieved from /opt/airflow/dags/2operators&variables.py
[2025-03-20T01:22:43.372+0000] {logging_mixin.py:190} INFO - [2025-03-20T01:22:43.372+0000] {dag.py:3239} INFO - Sync 1 DAGs
[2025-03-20T01:22:43.435+0000] {logging_mixin.py:190} INFO - [2025-03-20T01:22:43.435+0000] {dag.py:4180} INFO - Setting next_dagrun for exchange_rate_etl to 2025-03-19 22:00:00+00:00, run_after=2025-03-20 22:00:00+00:00
[2025-03-20T01:22:43.571+0000] {processor.py:208} INFO - Processing /opt/airflow/dags/2operators&variables.py took 0.347 seconds
[2025-03-20T01:23:15.911+0000] {processor.py:186} INFO - Started process (PID=323) to work on /opt/airflow/dags/2operators&variables.py
[2025-03-20T01:23:15.913+0000] {processor.py:914} INFO - Processing file /opt/airflow/dags/2operators&variables.py for tasks to queue
[2025-03-20T01:23:15.915+0000] {logging_mixin.py:190} INFO - [2025-03-20T01:23:15.915+0000] {dagbag.py:588} INFO - Filling up the DagBag from /opt/airflow/dags/2operators&variables.py
[2025-03-20T01:23:16.010+0000] {processor.py:925} INFO - DAG(s) 'exchange_rate_etl' retrieved from /opt/airflow/dags/2operators&variables.py
[2025-03-20T01:23:16.080+0000] {logging_mixin.py:190} INFO - [2025-03-20T01:23:16.080+0000] {dag.py:3239} INFO - Sync 1 DAGs
[2025-03-20T01:23:16.138+0000] {logging_mixin.py:190} INFO - [2025-03-20T01:23:16.137+0000] {dag.py:4180} INFO - Setting next_dagrun for exchange_rate_etl to 2025-03-19 22:00:00+00:00, run_after=2025-03-20 22:00:00+00:00
[2025-03-20T01:23:16.339+0000] {processor.py:208} INFO - Processing /opt/airflow/dags/2operators&variables.py took 0.437 seconds
[2025-03-20T01:23:49.537+0000] {processor.py:186} INFO - Started process (PID=328) to work on /opt/airflow/dags/2operators&variables.py
[2025-03-20T01:23:49.586+0000] {processor.py:914} INFO - Processing file /opt/airflow/dags/2operators&variables.py for tasks to queue
[2025-03-20T01:23:49.606+0000] {logging_mixin.py:190} INFO - [2025-03-20T01:23:49.605+0000] {dagbag.py:588} INFO - Filling up the DagBag from /opt/airflow/dags/2operators&variables.py
[2025-03-20T01:23:50.093+0000] {processor.py:925} INFO - DAG(s) 'exchange_rate_etl' retrieved from /opt/airflow/dags/2operators&variables.py
[2025-03-20T01:23:50.149+0000] {logging_mixin.py:190} INFO - [2025-03-20T01:23:50.148+0000] {dag.py:3239} INFO - Sync 1 DAGs
[2025-03-20T01:23:50.414+0000] {logging_mixin.py:190} INFO - [2025-03-20T01:23:50.413+0000] {dag.py:4180} INFO - Setting next_dagrun for exchange_rate_etl to 2025-03-19 22:00:00+00:00, run_after=2025-03-20 22:00:00+00:00
[2025-03-20T01:23:50.533+0000] {processor.py:208} INFO - Processing /opt/airflow/dags/2operators&variables.py took 1.003 seconds
[2025-03-20T01:24:21.351+0000] {processor.py:186} INFO - Started process (PID=332) to work on /opt/airflow/dags/2operators&variables.py
[2025-03-20T01:24:21.353+0000] {processor.py:914} INFO - Processing file /opt/airflow/dags/2operators&variables.py for tasks to queue
[2025-03-20T01:24:21.356+0000] {logging_mixin.py:190} INFO - [2025-03-20T01:24:21.355+0000] {dagbag.py:588} INFO - Filling up the DagBag from /opt/airflow/dags/2operators&variables.py
[2025-03-20T01:24:21.419+0000] {processor.py:925} INFO - DAG(s) 'exchange_rate_etl' retrieved from /opt/airflow/dags/2operators&variables.py
[2025-03-20T01:24:21.510+0000] {logging_mixin.py:190} INFO - [2025-03-20T01:24:21.509+0000] {dag.py:3239} INFO - Sync 1 DAGs
[2025-03-20T01:24:21.582+0000] {logging_mixin.py:190} INFO - [2025-03-20T01:24:21.581+0000] {dag.py:4180} INFO - Setting next_dagrun for exchange_rate_etl to 2025-03-19 22:00:00+00:00, run_after=2025-03-20 22:00:00+00:00
[2025-03-20T01:24:21.736+0000] {processor.py:208} INFO - Processing /opt/airflow/dags/2operators&variables.py took 0.397 seconds
[2025-03-20T01:24:52.590+0000] {processor.py:186} INFO - Started process (PID=336) to work on /opt/airflow/dags/2operators&variables.py
[2025-03-20T01:24:52.592+0000] {processor.py:914} INFO - Processing file /opt/airflow/dags/2operators&variables.py for tasks to queue
[2025-03-20T01:24:52.598+0000] {logging_mixin.py:190} INFO - [2025-03-20T01:24:52.597+0000] {dagbag.py:588} INFO - Filling up the DagBag from /opt/airflow/dags/2operators&variables.py
[2025-03-20T01:24:52.656+0000] {processor.py:925} INFO - DAG(s) 'exchange_rate_etl' retrieved from /opt/airflow/dags/2operators&variables.py
[2025-03-20T01:24:52.711+0000] {logging_mixin.py:190} INFO - [2025-03-20T01:24:52.711+0000] {dag.py:3239} INFO - Sync 1 DAGs
[2025-03-20T01:24:52.763+0000] {logging_mixin.py:190} INFO - [2025-03-20T01:24:52.762+0000] {dag.py:4180} INFO - Setting next_dagrun for exchange_rate_etl to 2025-03-19 22:00:00+00:00, run_after=2025-03-20 22:00:00+00:00
[2025-03-20T01:24:52.886+0000] {processor.py:208} INFO - Processing /opt/airflow/dags/2operators&variables.py took 0.309 seconds
[2025-03-20T01:26:54.105+0000] {processor.py:186} INFO - Started process (PID=104) to work on /opt/airflow/dags/2operators&variables.py
[2025-03-20T01:26:54.107+0000] {processor.py:914} INFO - Processing file /opt/airflow/dags/2operators&variables.py for tasks to queue
[2025-03-20T01:26:54.112+0000] {logging_mixin.py:190} INFO - [2025-03-20T01:26:54.111+0000] {dagbag.py:588} INFO - Filling up the DagBag from /opt/airflow/dags/2operators&variables.py
[2025-03-20T01:26:54.203+0000] {processor.py:925} INFO - DAG(s) 'exchange_rate_etl' retrieved from /opt/airflow/dags/2operators&variables.py
[2025-03-20T01:26:54.247+0000] {logging_mixin.py:190} INFO - [2025-03-20T01:26:54.246+0000] {dag.py:3239} INFO - Sync 1 DAGs
[2025-03-20T01:26:54.293+0000] {logging_mixin.py:190} INFO - [2025-03-20T01:26:54.293+0000] {dag.py:4180} INFO - Setting next_dagrun for exchange_rate_etl to 2025-03-19 22:00:00+00:00, run_after=2025-03-20 22:00:00+00:00
[2025-03-20T01:26:54.380+0000] {processor.py:208} INFO - Processing /opt/airflow/dags/2operators&variables.py took 0.287 seconds
[2025-03-20T01:27:24.939+0000] {processor.py:186} INFO - Started process (PID=109) to work on /opt/airflow/dags/2operators&variables.py
[2025-03-20T01:27:24.942+0000] {processor.py:914} INFO - Processing file /opt/airflow/dags/2operators&variables.py for tasks to queue
[2025-03-20T01:27:24.953+0000] {logging_mixin.py:190} INFO - [2025-03-20T01:27:24.952+0000] {dagbag.py:588} INFO - Filling up the DagBag from /opt/airflow/dags/2operators&variables.py
[2025-03-20T01:27:25.040+0000] {processor.py:925} INFO - DAG(s) 'exchange_rate_etl' retrieved from /opt/airflow/dags/2operators&variables.py
[2025-03-20T01:27:25.113+0000] {logging_mixin.py:190} INFO - [2025-03-20T01:27:25.112+0000] {dag.py:3239} INFO - Sync 1 DAGs
[2025-03-20T01:27:25.161+0000] {logging_mixin.py:190} INFO - [2025-03-20T01:27:25.161+0000] {dag.py:4180} INFO - Setting next_dagrun for exchange_rate_etl to 2025-03-19 22:00:00+00:00, run_after=2025-03-20 22:00:00+00:00
[2025-03-20T01:27:25.278+0000] {processor.py:208} INFO - Processing /opt/airflow/dags/2operators&variables.py took 0.349 seconds
[2025-03-20T01:27:56.711+0000] {processor.py:186} INFO - Started process (PID=114) to work on /opt/airflow/dags/2operators&variables.py
[2025-03-20T01:27:56.713+0000] {processor.py:914} INFO - Processing file /opt/airflow/dags/2operators&variables.py for tasks to queue
[2025-03-20T01:27:56.720+0000] {logging_mixin.py:190} INFO - [2025-03-20T01:27:56.719+0000] {dagbag.py:588} INFO - Filling up the DagBag from /opt/airflow/dags/2operators&variables.py
[2025-03-20T01:27:56.805+0000] {processor.py:925} INFO - DAG(s) 'exchange_rate_etl' retrieved from /opt/airflow/dags/2operators&variables.py
[2025-03-20T01:27:56.885+0000] {logging_mixin.py:190} INFO - [2025-03-20T01:27:56.885+0000] {dag.py:3239} INFO - Sync 1 DAGs
[2025-03-20T01:27:56.938+0000] {logging_mixin.py:190} INFO - [2025-03-20T01:27:56.938+0000] {dag.py:4180} INFO - Setting next_dagrun for exchange_rate_etl to 2025-03-19 22:00:00+00:00, run_after=2025-03-20 22:00:00+00:00
[2025-03-20T01:27:57.070+0000] {processor.py:208} INFO - Processing /opt/airflow/dags/2operators&variables.py took 0.369 seconds
[2025-03-20T01:28:28.220+0000] {processor.py:186} INFO - Started process (PID=119) to work on /opt/airflow/dags/2operators&variables.py
[2025-03-20T01:28:28.221+0000] {processor.py:914} INFO - Processing file /opt/airflow/dags/2operators&variables.py for tasks to queue
[2025-03-20T01:28:28.225+0000] {logging_mixin.py:190} INFO - [2025-03-20T01:28:28.225+0000] {dagbag.py:588} INFO - Filling up the DagBag from /opt/airflow/dags/2operators&variables.py
[2025-03-20T01:28:28.275+0000] {processor.py:925} INFO - DAG(s) 'exchange_rate_etl' retrieved from /opt/airflow/dags/2operators&variables.py
[2025-03-20T01:28:28.320+0000] {logging_mixin.py:190} INFO - [2025-03-20T01:28:28.319+0000] {dag.py:3239} INFO - Sync 1 DAGs
[2025-03-20T01:28:28.359+0000] {logging_mixin.py:190} INFO - [2025-03-20T01:28:28.359+0000] {dag.py:4180} INFO - Setting next_dagrun for exchange_rate_etl to 2025-03-19 22:00:00+00:00, run_after=2025-03-20 22:00:00+00:00
[2025-03-20T01:28:28.477+0000] {processor.py:208} INFO - Processing /opt/airflow/dags/2operators&variables.py took 0.265 seconds
[2025-03-20T01:28:58.921+0000] {processor.py:186} INFO - Started process (PID=124) to work on /opt/airflow/dags/2operators&variables.py
[2025-03-20T01:28:58.922+0000] {processor.py:914} INFO - Processing file /opt/airflow/dags/2operators&variables.py for tasks to queue
[2025-03-20T01:28:58.926+0000] {logging_mixin.py:190} INFO - [2025-03-20T01:28:58.926+0000] {dagbag.py:588} INFO - Filling up the DagBag from /opt/airflow/dags/2operators&variables.py
[2025-03-20T01:28:58.981+0000] {processor.py:925} INFO - DAG(s) 'exchange_rate_etl' retrieved from /opt/airflow/dags/2operators&variables.py
[2025-03-20T01:28:59.034+0000] {logging_mixin.py:190} INFO - [2025-03-20T01:28:59.033+0000] {dag.py:3239} INFO - Sync 1 DAGs
[2025-03-20T01:28:59.078+0000] {logging_mixin.py:190} INFO - [2025-03-20T01:28:59.077+0000] {dag.py:4180} INFO - Setting next_dagrun for exchange_rate_etl to 2025-03-19 22:00:00+00:00, run_after=2025-03-20 22:00:00+00:00
[2025-03-20T01:28:59.190+0000] {processor.py:208} INFO - Processing /opt/airflow/dags/2operators&variables.py took 0.278 seconds
[2025-03-20T01:29:29.877+0000] {processor.py:186} INFO - Started process (PID=129) to work on /opt/airflow/dags/2operators&variables.py
[2025-03-20T01:29:29.879+0000] {processor.py:914} INFO - Processing file /opt/airflow/dags/2operators&variables.py for tasks to queue
[2025-03-20T01:29:29.883+0000] {logging_mixin.py:190} INFO - [2025-03-20T01:29:29.883+0000] {dagbag.py:588} INFO - Filling up the DagBag from /opt/airflow/dags/2operators&variables.py
[2025-03-20T01:29:29.936+0000] {processor.py:925} INFO - DAG(s) 'exchange_rate_etl' retrieved from /opt/airflow/dags/2operators&variables.py
[2025-03-20T01:29:29.980+0000] {logging_mixin.py:190} INFO - [2025-03-20T01:29:29.980+0000] {dag.py:3239} INFO - Sync 1 DAGs
[2025-03-20T01:29:30.025+0000] {logging_mixin.py:190} INFO - [2025-03-20T01:29:30.025+0000] {dag.py:4180} INFO - Setting next_dagrun for exchange_rate_etl to 2025-03-19 22:00:00+00:00, run_after=2025-03-20 22:00:00+00:00
[2025-03-20T01:29:30.126+0000] {processor.py:208} INFO - Processing /opt/airflow/dags/2operators&variables.py took 0.258 seconds
[2025-03-20T01:30:00.380+0000] {processor.py:186} INFO - Started process (PID=134) to work on /opt/airflow/dags/2operators&variables.py
[2025-03-20T01:30:00.381+0000] {processor.py:914} INFO - Processing file /opt/airflow/dags/2operators&variables.py for tasks to queue
[2025-03-20T01:30:00.387+0000] {logging_mixin.py:190} INFO - [2025-03-20T01:30:00.386+0000] {dagbag.py:588} INFO - Filling up the DagBag from /opt/airflow/dags/2operators&variables.py
[2025-03-20T01:30:00.442+0000] {processor.py:925} INFO - DAG(s) 'exchange_rate_etl' retrieved from /opt/airflow/dags/2operators&variables.py
[2025-03-20T01:30:00.495+0000] {logging_mixin.py:190} INFO - [2025-03-20T01:30:00.494+0000] {dag.py:3239} INFO - Sync 1 DAGs
[2025-03-20T01:30:00.548+0000] {logging_mixin.py:190} INFO - [2025-03-20T01:30:00.547+0000] {dag.py:4180} INFO - Setting next_dagrun for exchange_rate_etl to 2025-03-19 22:00:00+00:00, run_after=2025-03-20 22:00:00+00:00
[2025-03-20T01:30:00.659+0000] {processor.py:208} INFO - Processing /opt/airflow/dags/2operators&variables.py took 0.298 seconds
[2025-03-20T01:30:32.241+0000] {processor.py:186} INFO - Started process (PID=139) to work on /opt/airflow/dags/2operators&variables.py
[2025-03-20T01:30:32.243+0000] {processor.py:914} INFO - Processing file /opt/airflow/dags/2operators&variables.py for tasks to queue
[2025-03-20T01:30:32.247+0000] {logging_mixin.py:190} INFO - [2025-03-20T01:30:32.247+0000] {dagbag.py:588} INFO - Filling up the DagBag from /opt/airflow/dags/2operators&variables.py
[2025-03-20T01:30:32.310+0000] {processor.py:925} INFO - DAG(s) 'exchange_rate_etl' retrieved from /opt/airflow/dags/2operators&variables.py
[2025-03-20T01:30:32.420+0000] {logging_mixin.py:190} INFO - [2025-03-20T01:30:32.419+0000] {dag.py:3239} INFO - Sync 1 DAGs
[2025-03-20T01:30:32.521+0000] {logging_mixin.py:190} INFO - [2025-03-20T01:30:32.521+0000] {dag.py:4180} INFO - Setting next_dagrun for exchange_rate_etl to 2025-03-19 22:00:00+00:00, run_after=2025-03-20 22:00:00+00:00
[2025-03-20T01:30:32.666+0000] {processor.py:208} INFO - Processing /opt/airflow/dags/2operators&variables.py took 0.433 seconds
[2025-03-20T01:31:03.195+0000] {processor.py:186} INFO - Started process (PID=144) to work on /opt/airflow/dags/2operators&variables.py
[2025-03-20T01:31:03.197+0000] {processor.py:914} INFO - Processing file /opt/airflow/dags/2operators&variables.py for tasks to queue
[2025-03-20T01:31:03.212+0000] {logging_mixin.py:190} INFO - [2025-03-20T01:31:03.211+0000] {dagbag.py:588} INFO - Filling up the DagBag from /opt/airflow/dags/2operators&variables.py
[2025-03-20T01:31:03.308+0000] {processor.py:925} INFO - DAG(s) 'exchange_rate_etl' retrieved from /opt/airflow/dags/2operators&variables.py
[2025-03-20T01:31:03.370+0000] {logging_mixin.py:190} INFO - [2025-03-20T01:31:03.369+0000] {dag.py:3239} INFO - Sync 1 DAGs
[2025-03-20T01:31:03.424+0000] {logging_mixin.py:190} INFO - [2025-03-20T01:31:03.424+0000] {dag.py:4180} INFO - Setting next_dagrun for exchange_rate_etl to 2025-03-19 22:00:00+00:00, run_after=2025-03-20 22:00:00+00:00
[2025-03-20T01:31:03.619+0000] {processor.py:208} INFO - Processing /opt/airflow/dags/2operators&variables.py took 0.432 seconds
[2025-03-20T01:31:33.967+0000] {processor.py:186} INFO - Started process (PID=149) to work on /opt/airflow/dags/2operators&variables.py
[2025-03-20T01:31:33.970+0000] {processor.py:914} INFO - Processing file /opt/airflow/dags/2operators&variables.py for tasks to queue
[2025-03-20T01:31:33.976+0000] {logging_mixin.py:190} INFO - [2025-03-20T01:31:33.975+0000] {dagbag.py:588} INFO - Filling up the DagBag from /opt/airflow/dags/2operators&variables.py
[2025-03-20T01:31:34.035+0000] {processor.py:925} INFO - DAG(s) 'exchange_rate_etl' retrieved from /opt/airflow/dags/2operators&variables.py
[2025-03-20T01:31:34.086+0000] {logging_mixin.py:190} INFO - [2025-03-20T01:31:34.086+0000] {dag.py:3239} INFO - Sync 1 DAGs
[2025-03-20T01:31:34.176+0000] {logging_mixin.py:190} INFO - [2025-03-20T01:31:34.169+0000] {dag.py:4180} INFO - Setting next_dagrun for exchange_rate_etl to 2025-03-19 22:00:00+00:00, run_after=2025-03-20 22:00:00+00:00
[2025-03-20T01:31:34.283+0000] {processor.py:208} INFO - Processing /opt/airflow/dags/2operators&variables.py took 0.329 seconds
[2025-03-20T01:32:04.530+0000] {processor.py:186} INFO - Started process (PID=154) to work on /opt/airflow/dags/2operators&variables.py
[2025-03-20T01:32:04.532+0000] {processor.py:914} INFO - Processing file /opt/airflow/dags/2operators&variables.py for tasks to queue
[2025-03-20T01:32:04.536+0000] {logging_mixin.py:190} INFO - [2025-03-20T01:32:04.536+0000] {dagbag.py:588} INFO - Filling up the DagBag from /opt/airflow/dags/2operators&variables.py
[2025-03-20T01:32:04.599+0000] {processor.py:925} INFO - DAG(s) 'exchange_rate_etl' retrieved from /opt/airflow/dags/2operators&variables.py
[2025-03-20T01:32:04.648+0000] {logging_mixin.py:190} INFO - [2025-03-20T01:32:04.648+0000] {dag.py:3239} INFO - Sync 1 DAGs
[2025-03-20T01:32:04.698+0000] {logging_mixin.py:190} INFO - [2025-03-20T01:32:04.698+0000] {dag.py:4180} INFO - Setting next_dagrun for exchange_rate_etl to 2025-03-19 22:00:00+00:00, run_after=2025-03-20 22:00:00+00:00
[2025-03-20T01:32:04.808+0000] {processor.py:208} INFO - Processing /opt/airflow/dags/2operators&variables.py took 0.288 seconds
[2025-03-20T01:32:35.573+0000] {processor.py:186} INFO - Started process (PID=159) to work on /opt/airflow/dags/2operators&variables.py
[2025-03-20T01:32:35.576+0000] {processor.py:914} INFO - Processing file /opt/airflow/dags/2operators&variables.py for tasks to queue
[2025-03-20T01:32:35.581+0000] {logging_mixin.py:190} INFO - [2025-03-20T01:32:35.580+0000] {dagbag.py:588} INFO - Filling up the DagBag from /opt/airflow/dags/2operators&variables.py
[2025-03-20T01:32:35.633+0000] {processor.py:925} INFO - DAG(s) 'exchange_rate_etl' retrieved from /opt/airflow/dags/2operators&variables.py
[2025-03-20T01:32:35.678+0000] {logging_mixin.py:190} INFO - [2025-03-20T01:32:35.677+0000] {dag.py:3239} INFO - Sync 1 DAGs
[2025-03-20T01:32:35.723+0000] {logging_mixin.py:190} INFO - [2025-03-20T01:32:35.722+0000] {dag.py:4180} INFO - Setting next_dagrun for exchange_rate_etl to 2025-03-19 22:00:00+00:00, run_after=2025-03-20 22:00:00+00:00
[2025-03-20T01:32:35.835+0000] {processor.py:208} INFO - Processing /opt/airflow/dags/2operators&variables.py took 0.270 seconds
[2025-03-20T01:33:07.016+0000] {processor.py:186} INFO - Started process (PID=164) to work on /opt/airflow/dags/2operators&variables.py
[2025-03-20T01:33:07.019+0000] {processor.py:914} INFO - Processing file /opt/airflow/dags/2operators&variables.py for tasks to queue
[2025-03-20T01:33:07.024+0000] {logging_mixin.py:190} INFO - [2025-03-20T01:33:07.023+0000] {dagbag.py:588} INFO - Filling up the DagBag from /opt/airflow/dags/2operators&variables.py
[2025-03-20T01:33:07.085+0000] {processor.py:925} INFO - DAG(s) 'exchange_rate_etl' retrieved from /opt/airflow/dags/2operators&variables.py
[2025-03-20T01:33:07.138+0000] {logging_mixin.py:190} INFO - [2025-03-20T01:33:07.138+0000] {dag.py:3239} INFO - Sync 1 DAGs
[2025-03-20T01:33:07.186+0000] {logging_mixin.py:190} INFO - [2025-03-20T01:33:07.186+0000] {dag.py:4180} INFO - Setting next_dagrun for exchange_rate_etl to 2025-03-19 22:00:00+00:00, run_after=2025-03-20 22:00:00+00:00
[2025-03-20T01:33:07.289+0000] {processor.py:208} INFO - Processing /opt/airflow/dags/2operators&variables.py took 0.284 seconds
[2025-03-20T01:33:37.632+0000] {processor.py:186} INFO - Started process (PID=169) to work on /opt/airflow/dags/2operators&variables.py
[2025-03-20T01:33:37.634+0000] {processor.py:914} INFO - Processing file /opt/airflow/dags/2operators&variables.py for tasks to queue
[2025-03-20T01:33:37.639+0000] {logging_mixin.py:190} INFO - [2025-03-20T01:33:37.639+0000] {dagbag.py:588} INFO - Filling up the DagBag from /opt/airflow/dags/2operators&variables.py
[2025-03-20T01:33:37.694+0000] {processor.py:925} INFO - DAG(s) 'exchange_rate_etl' retrieved from /opt/airflow/dags/2operators&variables.py
[2025-03-20T01:33:37.745+0000] {logging_mixin.py:190} INFO - [2025-03-20T01:33:37.745+0000] {dag.py:3239} INFO - Sync 1 DAGs
[2025-03-20T01:33:37.794+0000] {logging_mixin.py:190} INFO - [2025-03-20T01:33:37.793+0000] {dag.py:4180} INFO - Setting next_dagrun for exchange_rate_etl to 2025-03-19 22:00:00+00:00, run_after=2025-03-20 22:00:00+00:00
[2025-03-20T01:33:37.882+0000] {processor.py:208} INFO - Processing /opt/airflow/dags/2operators&variables.py took 0.259 seconds
[2025-03-20T01:34:09.199+0000] {processor.py:186} INFO - Started process (PID=174) to work on /opt/airflow/dags/2operators&variables.py
[2025-03-20T01:34:09.201+0000] {processor.py:914} INFO - Processing file /opt/airflow/dags/2operators&variables.py for tasks to queue
[2025-03-20T01:34:09.207+0000] {logging_mixin.py:190} INFO - [2025-03-20T01:34:09.206+0000] {dagbag.py:588} INFO - Filling up the DagBag from /opt/airflow/dags/2operators&variables.py
[2025-03-20T01:34:09.249+0000] {processor.py:925} INFO - DAG(s) 'exchange_rate_etl' retrieved from /opt/airflow/dags/2operators&variables.py
[2025-03-20T01:34:09.287+0000] {logging_mixin.py:190} INFO - [2025-03-20T01:34:09.286+0000] {dag.py:3239} INFO - Sync 1 DAGs
[2025-03-20T01:34:09.325+0000] {logging_mixin.py:190} INFO - [2025-03-20T01:34:09.324+0000] {dag.py:4180} INFO - Setting next_dagrun for exchange_rate_etl to 2025-03-19 22:00:00+00:00, run_after=2025-03-20 22:00:00+00:00
[2025-03-20T01:34:09.445+0000] {processor.py:208} INFO - Processing /opt/airflow/dags/2operators&variables.py took 0.254 seconds
[2025-03-20T01:34:40.000+0000] {processor.py:186} INFO - Started process (PID=179) to work on /opt/airflow/dags/2operators&variables.py
[2025-03-20T01:34:40.003+0000] {processor.py:914} INFO - Processing file /opt/airflow/dags/2operators&variables.py for tasks to queue
[2025-03-20T01:34:40.008+0000] {logging_mixin.py:190} INFO - [2025-03-20T01:34:40.008+0000] {dagbag.py:588} INFO - Filling up the DagBag from /opt/airflow/dags/2operators&variables.py
[2025-03-20T01:34:40.126+0000] {processor.py:925} INFO - DAG(s) 'exchange_rate_etl' retrieved from /opt/airflow/dags/2operators&variables.py
[2025-03-20T01:34:40.172+0000] {logging_mixin.py:190} INFO - [2025-03-20T01:34:40.172+0000] {dag.py:3239} INFO - Sync 1 DAGs
[2025-03-20T01:34:40.221+0000] {logging_mixin.py:190} INFO - [2025-03-20T01:34:40.221+0000] {dag.py:4180} INFO - Setting next_dagrun for exchange_rate_etl to 2025-03-19 22:00:00+00:00, run_after=2025-03-20 22:00:00+00:00
[2025-03-20T01:34:40.363+0000] {processor.py:208} INFO - Processing /opt/airflow/dags/2operators&variables.py took 0.371 seconds
[2025-03-20T01:35:47.540+0000] {processor.py:186} INFO - Started process (PID=89) to work on /opt/airflow/dags/2operators&variables.py
[2025-03-20T01:35:47.542+0000] {processor.py:914} INFO - Processing file /opt/airflow/dags/2operators&variables.py for tasks to queue
[2025-03-20T01:35:47.546+0000] {logging_mixin.py:190} INFO - [2025-03-20T01:35:47.545+0000] {dagbag.py:588} INFO - Filling up the DagBag from /opt/airflow/dags/2operators&variables.py
[2025-03-20T01:35:47.606+0000] {processor.py:925} INFO - DAG(s) 'exchange_rate_etl' retrieved from /opt/airflow/dags/2operators&variables.py
[2025-03-20T01:35:47.650+0000] {logging_mixin.py:190} INFO - [2025-03-20T01:35:47.649+0000] {dag.py:3239} INFO - Sync 1 DAGs
[2025-03-20T01:35:47.695+0000] {logging_mixin.py:190} INFO - [2025-03-20T01:35:47.694+0000] {dag.py:4180} INFO - Setting next_dagrun for exchange_rate_etl to 2025-03-19 22:00:00+00:00, run_after=2025-03-20 22:00:00+00:00
[2025-03-20T01:35:47.798+0000] {processor.py:208} INFO - Processing /opt/airflow/dags/2operators&variables.py took 0.265 seconds
[2025-03-20T01:36:18.968+0000] {processor.py:186} INFO - Started process (PID=120) to work on /opt/airflow/dags/2operators&variables.py
[2025-03-20T01:36:18.970+0000] {processor.py:914} INFO - Processing file /opt/airflow/dags/2operators&variables.py for tasks to queue
[2025-03-20T01:36:18.977+0000] {logging_mixin.py:190} INFO - [2025-03-20T01:36:18.976+0000] {dagbag.py:588} INFO - Filling up the DagBag from /opt/airflow/dags/2operators&variables.py
[2025-03-20T01:36:19.031+0000] {processor.py:925} INFO - DAG(s) 'exchange_rate_etl' retrieved from /opt/airflow/dags/2operators&variables.py
[2025-03-20T01:36:19.092+0000] {logging_mixin.py:190} INFO - [2025-03-20T01:36:19.091+0000] {dag.py:3239} INFO - Sync 1 DAGs
[2025-03-20T01:36:19.155+0000] {logging_mixin.py:190} INFO - [2025-03-20T01:36:19.155+0000] {dag.py:4180} INFO - Setting next_dagrun for exchange_rate_etl to 2025-03-19 22:00:00+00:00, run_after=2025-03-20 22:00:00+00:00
[2025-03-20T01:36:19.244+0000] {processor.py:208} INFO - Processing /opt/airflow/dags/2operators&variables.py took 0.288 seconds
[2025-03-20T01:36:50.153+0000] {processor.py:186} INFO - Started process (PID=125) to work on /opt/airflow/dags/2operators&variables.py
[2025-03-20T01:36:50.155+0000] {processor.py:914} INFO - Processing file /opt/airflow/dags/2operators&variables.py for tasks to queue
[2025-03-20T01:36:50.161+0000] {logging_mixin.py:190} INFO - [2025-03-20T01:36:50.160+0000] {dagbag.py:588} INFO - Filling up the DagBag from /opt/airflow/dags/2operators&variables.py
[2025-03-20T01:36:50.235+0000] {processor.py:925} INFO - DAG(s) 'exchange_rate_etl' retrieved from /opt/airflow/dags/2operators&variables.py
[2025-03-20T01:36:50.311+0000] {logging_mixin.py:190} INFO - [2025-03-20T01:36:50.310+0000] {dag.py:3239} INFO - Sync 1 DAGs
[2025-03-20T01:36:50.388+0000] {logging_mixin.py:190} INFO - [2025-03-20T01:36:50.388+0000] {dag.py:4180} INFO - Setting next_dagrun for exchange_rate_etl to 2025-03-19 22:00:00+00:00, run_after=2025-03-20 22:00:00+00:00
[2025-03-20T01:36:50.545+0000] {processor.py:208} INFO - Processing /opt/airflow/dags/2operators&variables.py took 0.403 seconds
[2025-03-20T01:37:20.756+0000] {processor.py:186} INFO - Started process (PID=130) to work on /opt/airflow/dags/2operators&variables.py
[2025-03-20T01:37:20.758+0000] {processor.py:914} INFO - Processing file /opt/airflow/dags/2operators&variables.py for tasks to queue
[2025-03-20T01:37:20.763+0000] {logging_mixin.py:190} INFO - [2025-03-20T01:37:20.763+0000] {dagbag.py:588} INFO - Filling up the DagBag from /opt/airflow/dags/2operators&variables.py
[2025-03-20T01:37:20.838+0000] {processor.py:925} INFO - DAG(s) 'exchange_rate_etl' retrieved from /opt/airflow/dags/2operators&variables.py
[2025-03-20T01:37:20.894+0000] {logging_mixin.py:190} INFO - [2025-03-20T01:37:20.894+0000] {dag.py:3239} INFO - Sync 1 DAGs
[2025-03-20T01:37:20.947+0000] {logging_mixin.py:190} INFO - [2025-03-20T01:37:20.946+0000] {dag.py:4180} INFO - Setting next_dagrun for exchange_rate_etl to 2025-03-19 22:00:00+00:00, run_after=2025-03-20 22:00:00+00:00
[2025-03-20T01:37:21.075+0000] {processor.py:208} INFO - Processing /opt/airflow/dags/2operators&variables.py took 0.329 seconds
[2025-03-20T01:37:52.363+0000] {processor.py:186} INFO - Started process (PID=135) to work on /opt/airflow/dags/2operators&variables.py
[2025-03-20T01:37:52.365+0000] {processor.py:914} INFO - Processing file /opt/airflow/dags/2operators&variables.py for tasks to queue
[2025-03-20T01:37:52.371+0000] {logging_mixin.py:190} INFO - [2025-03-20T01:37:52.370+0000] {dagbag.py:588} INFO - Filling up the DagBag from /opt/airflow/dags/2operators&variables.py
[2025-03-20T01:37:52.444+0000] {processor.py:925} INFO - DAG(s) 'exchange_rate_etl' retrieved from /opt/airflow/dags/2operators&variables.py
[2025-03-20T01:37:52.500+0000] {logging_mixin.py:190} INFO - [2025-03-20T01:37:52.500+0000] {dag.py:3239} INFO - Sync 1 DAGs
[2025-03-20T01:37:52.551+0000] {logging_mixin.py:190} INFO - [2025-03-20T01:37:52.551+0000] {dag.py:4180} INFO - Setting next_dagrun for exchange_rate_etl to 2025-03-19 22:00:00+00:00, run_after=2025-03-20 22:00:00+00:00
[2025-03-20T01:37:52.674+0000] {processor.py:208} INFO - Processing /opt/airflow/dags/2operators&variables.py took 0.324 seconds
[2025-03-20T01:38:23.914+0000] {processor.py:186} INFO - Started process (PID=140) to work on /opt/airflow/dags/2operators&variables.py
[2025-03-20T01:38:23.917+0000] {processor.py:914} INFO - Processing file /opt/airflow/dags/2operators&variables.py for tasks to queue
[2025-03-20T01:38:23.922+0000] {logging_mixin.py:190} INFO - [2025-03-20T01:38:23.921+0000] {dagbag.py:588} INFO - Filling up the DagBag from /opt/airflow/dags/2operators&variables.py
[2025-03-20T01:38:24.014+0000] {processor.py:925} INFO - DAG(s) 'exchange_rate_etl' retrieved from /opt/airflow/dags/2operators&variables.py
[2025-03-20T01:38:24.089+0000] {logging_mixin.py:190} INFO - [2025-03-20T01:38:24.088+0000] {dag.py:3239} INFO - Sync 1 DAGs
[2025-03-20T01:38:24.154+0000] {logging_mixin.py:190} INFO - [2025-03-20T01:38:24.153+0000] {dag.py:4180} INFO - Setting next_dagrun for exchange_rate_etl to 2025-03-19 22:00:00+00:00, run_after=2025-03-20 22:00:00+00:00
[2025-03-20T01:38:24.323+0000] {processor.py:208} INFO - Processing /opt/airflow/dags/2operators&variables.py took 0.418 seconds
[2025-03-20T01:38:54.650+0000] {processor.py:186} INFO - Started process (PID=145) to work on /opt/airflow/dags/2operators&variables.py
[2025-03-20T01:38:54.652+0000] {processor.py:914} INFO - Processing file /opt/airflow/dags/2operators&variables.py for tasks to queue
[2025-03-20T01:38:54.656+0000] {logging_mixin.py:190} INFO - [2025-03-20T01:38:54.656+0000] {dagbag.py:588} INFO - Filling up the DagBag from /opt/airflow/dags/2operators&variables.py
[2025-03-20T01:38:54.740+0000] {processor.py:925} INFO - DAG(s) 'exchange_rate_etl' retrieved from /opt/airflow/dags/2operators&variables.py
[2025-03-20T01:38:54.801+0000] {logging_mixin.py:190} INFO - [2025-03-20T01:38:54.801+0000] {dag.py:3239} INFO - Sync 1 DAGs
[2025-03-20T01:38:54.852+0000] {logging_mixin.py:190} INFO - [2025-03-20T01:38:54.852+0000] {dag.py:4180} INFO - Setting next_dagrun for exchange_rate_etl to 2025-03-19 22:00:00+00:00, run_after=2025-03-20 22:00:00+00:00
[2025-03-20T01:38:54.983+0000] {processor.py:208} INFO - Processing /opt/airflow/dags/2operators&variables.py took 0.342 seconds
[2025-03-20T01:39:26.369+0000] {processor.py:186} INFO - Started process (PID=150) to work on /opt/airflow/dags/2operators&variables.py
[2025-03-20T01:39:26.370+0000] {processor.py:914} INFO - Processing file /opt/airflow/dags/2operators&variables.py for tasks to queue
[2025-03-20T01:39:26.374+0000] {logging_mixin.py:190} INFO - [2025-03-20T01:39:26.374+0000] {dagbag.py:588} INFO - Filling up the DagBag from /opt/airflow/dags/2operators&variables.py
[2025-03-20T01:39:26.444+0000] {processor.py:925} INFO - DAG(s) 'exchange_rate_etl' retrieved from /opt/airflow/dags/2operators&variables.py
[2025-03-20T01:39:26.499+0000] {logging_mixin.py:190} INFO - [2025-03-20T01:39:26.499+0000] {dag.py:3239} INFO - Sync 1 DAGs
[2025-03-20T01:39:26.549+0000] {logging_mixin.py:190} INFO - [2025-03-20T01:39:26.548+0000] {dag.py:4180} INFO - Setting next_dagrun for exchange_rate_etl to 2025-03-19 22:00:00+00:00, run_after=2025-03-20 22:00:00+00:00
[2025-03-20T01:39:26.689+0000] {processor.py:208} INFO - Processing /opt/airflow/dags/2operators&variables.py took 0.329 seconds
[2025-03-20T01:39:56.985+0000] {processor.py:186} INFO - Started process (PID=155) to work on /opt/airflow/dags/2operators&variables.py
[2025-03-20T01:39:56.987+0000] {processor.py:914} INFO - Processing file /opt/airflow/dags/2operators&variables.py for tasks to queue
[2025-03-20T01:39:56.990+0000] {logging_mixin.py:190} INFO - [2025-03-20T01:39:56.990+0000] {dagbag.py:588} INFO - Filling up the DagBag from /opt/airflow/dags/2operators&variables.py
[2025-03-20T01:39:57.063+0000] {processor.py:925} INFO - DAG(s) 'exchange_rate_etl' retrieved from /opt/airflow/dags/2operators&variables.py
[2025-03-20T01:39:57.117+0000] {logging_mixin.py:190} INFO - [2025-03-20T01:39:57.117+0000] {dag.py:3239} INFO - Sync 1 DAGs
[2025-03-20T01:39:57.177+0000] {logging_mixin.py:190} INFO - [2025-03-20T01:39:57.176+0000] {dag.py:4180} INFO - Setting next_dagrun for exchange_rate_etl to 2025-03-19 22:00:00+00:00, run_after=2025-03-20 22:00:00+00:00
[2025-03-20T01:39:57.341+0000] {processor.py:208} INFO - Processing /opt/airflow/dags/2operators&variables.py took 0.364 seconds
[2025-03-20T01:40:27.456+0000] {processor.py:186} INFO - Started process (PID=160) to work on /opt/airflow/dags/2operators&variables.py
[2025-03-20T01:40:27.458+0000] {processor.py:914} INFO - Processing file /opt/airflow/dags/2operators&variables.py for tasks to queue
[2025-03-20T01:40:27.461+0000] {logging_mixin.py:190} INFO - [2025-03-20T01:40:27.461+0000] {dagbag.py:588} INFO - Filling up the DagBag from /opt/airflow/dags/2operators&variables.py
[2025-03-20T01:40:27.511+0000] {processor.py:925} INFO - DAG(s) 'exchange_rate_etl' retrieved from /opt/airflow/dags/2operators&variables.py
[2025-03-20T01:40:27.559+0000] {logging_mixin.py:190} INFO - [2025-03-20T01:40:27.559+0000] {dag.py:3239} INFO - Sync 1 DAGs
[2025-03-20T01:40:27.607+0000] {logging_mixin.py:190} INFO - [2025-03-20T01:40:27.607+0000] {dag.py:4180} INFO - Setting next_dagrun for exchange_rate_etl to 2025-03-19 22:00:00+00:00, run_after=2025-03-20 22:00:00+00:00
[2025-03-20T01:40:27.769+0000] {processor.py:208} INFO - Processing /opt/airflow/dags/2operators&variables.py took 0.320 seconds
[2025-03-20T01:40:58.298+0000] {processor.py:186} INFO - Started process (PID=165) to work on /opt/airflow/dags/2operators&variables.py
[2025-03-20T01:40:58.300+0000] {processor.py:914} INFO - Processing file /opt/airflow/dags/2operators&variables.py for tasks to queue
[2025-03-20T01:40:58.303+0000] {logging_mixin.py:190} INFO - [2025-03-20T01:40:58.303+0000] {dagbag.py:588} INFO - Filling up the DagBag from /opt/airflow/dags/2operators&variables.py
[2025-03-20T01:40:58.362+0000] {processor.py:925} INFO - DAG(s) 'exchange_rate_etl' retrieved from /opt/airflow/dags/2operators&variables.py
[2025-03-20T01:40:58.458+0000] {logging_mixin.py:190} INFO - [2025-03-20T01:40:58.458+0000] {dag.py:3239} INFO - Sync 1 DAGs
[2025-03-20T01:40:58.562+0000] {logging_mixin.py:190} INFO - [2025-03-20T01:40:58.562+0000] {dag.py:4180} INFO - Setting next_dagrun for exchange_rate_etl to 2025-03-19 22:00:00+00:00, run_after=2025-03-20 22:00:00+00:00
[2025-03-20T01:40:58.665+0000] {processor.py:208} INFO - Processing /opt/airflow/dags/2operators&variables.py took 0.376 seconds
[2025-03-20T01:41:30.350+0000] {processor.py:186} INFO - Started process (PID=171) to work on /opt/airflow/dags/2operators&variables.py
[2025-03-20T01:41:30.351+0000] {processor.py:914} INFO - Processing file /opt/airflow/dags/2operators&variables.py for tasks to queue
[2025-03-20T01:41:30.355+0000] {logging_mixin.py:190} INFO - [2025-03-20T01:41:30.354+0000] {dagbag.py:588} INFO - Filling up the DagBag from /opt/airflow/dags/2operators&variables.py
[2025-03-20T01:41:30.401+0000] {processor.py:925} INFO - DAG(s) 'exchange_rate_etl' retrieved from /opt/airflow/dags/2operators&variables.py
[2025-03-20T01:41:30.458+0000] {logging_mixin.py:190} INFO - [2025-03-20T01:41:30.457+0000] {dag.py:3239} INFO - Sync 1 DAGs
[2025-03-20T01:41:30.505+0000] {logging_mixin.py:190} INFO - [2025-03-20T01:41:30.505+0000] {dag.py:4180} INFO - Setting next_dagrun for exchange_rate_etl to 2025-03-19 22:00:00+00:00, run_after=2025-03-20 22:00:00+00:00
[2025-03-20T01:41:30.592+0000] {processor.py:208} INFO - Processing /opt/airflow/dags/2operators&variables.py took 0.251 seconds
[2025-03-20T01:42:01.366+0000] {processor.py:186} INFO - Started process (PID=176) to work on /opt/airflow/dags/2operators&variables.py
[2025-03-20T01:42:01.368+0000] {processor.py:914} INFO - Processing file /opt/airflow/dags/2operators&variables.py for tasks to queue
[2025-03-20T01:42:01.372+0000] {logging_mixin.py:190} INFO - [2025-03-20T01:42:01.372+0000] {dagbag.py:588} INFO - Filling up the DagBag from /opt/airflow/dags/2operators&variables.py
[2025-03-20T01:42:01.443+0000] {processor.py:925} INFO - DAG(s) 'exchange_rate_etl' retrieved from /opt/airflow/dags/2operators&variables.py
[2025-03-20T01:42:01.487+0000] {logging_mixin.py:190} INFO - [2025-03-20T01:42:01.487+0000] {dag.py:3239} INFO - Sync 1 DAGs
[2025-03-20T01:42:01.527+0000] {logging_mixin.py:190} INFO - [2025-03-20T01:42:01.527+0000] {dag.py:4180} INFO - Setting next_dagrun for exchange_rate_etl to 2025-03-19 22:00:00+00:00, run_after=2025-03-20 22:00:00+00:00
[2025-03-20T01:42:01.605+0000] {processor.py:208} INFO - Processing /opt/airflow/dags/2operators&variables.py took 0.247 seconds
[2025-03-20T01:42:33.295+0000] {processor.py:186} INFO - Started process (PID=181) to work on /opt/airflow/dags/2operators&variables.py
[2025-03-20T01:42:33.297+0000] {processor.py:914} INFO - Processing file /opt/airflow/dags/2operators&variables.py for tasks to queue
[2025-03-20T01:42:33.304+0000] {logging_mixin.py:190} INFO - [2025-03-20T01:42:33.303+0000] {dagbag.py:588} INFO - Filling up the DagBag from /opt/airflow/dags/2operators&variables.py
[2025-03-20T01:42:33.364+0000] {processor.py:925} INFO - DAG(s) 'exchange_rate_etl' retrieved from /opt/airflow/dags/2operators&variables.py
[2025-03-20T01:42:33.441+0000] {logging_mixin.py:190} INFO - [2025-03-20T01:42:33.440+0000] {dag.py:3239} INFO - Sync 1 DAGs
[2025-03-20T01:42:33.502+0000] {logging_mixin.py:190} INFO - [2025-03-20T01:42:33.501+0000] {dag.py:4180} INFO - Setting next_dagrun for exchange_rate_etl to 2025-03-19 22:00:00+00:00, run_after=2025-03-20 22:00:00+00:00
[2025-03-20T01:42:33.632+0000] {processor.py:208} INFO - Processing /opt/airflow/dags/2operators&variables.py took 0.346 seconds
[2025-03-20T01:43:06.385+0000] {processor.py:186} INFO - Started process (PID=187) to work on /opt/airflow/dags/2operators&variables.py
[2025-03-20T01:43:06.388+0000] {processor.py:914} INFO - Processing file /opt/airflow/dags/2operators&variables.py for tasks to queue
[2025-03-20T01:43:06.391+0000] {logging_mixin.py:190} INFO - [2025-03-20T01:43:06.391+0000] {dagbag.py:588} INFO - Filling up the DagBag from /opt/airflow/dags/2operators&variables.py
[2025-03-20T01:43:06.436+0000] {processor.py:925} INFO - DAG(s) 'exchange_rate_etl' retrieved from /opt/airflow/dags/2operators&variables.py
[2025-03-20T01:43:06.481+0000] {logging_mixin.py:190} INFO - [2025-03-20T01:43:06.481+0000] {dag.py:3239} INFO - Sync 1 DAGs
[2025-03-20T01:43:06.522+0000] {logging_mixin.py:190} INFO - [2025-03-20T01:43:06.522+0000] {dag.py:4180} INFO - Setting next_dagrun for exchange_rate_etl to 2025-03-19 22:00:00+00:00, run_after=2025-03-20 22:00:00+00:00
[2025-03-20T01:43:06.656+0000] {processor.py:208} INFO - Processing /opt/airflow/dags/2operators&variables.py took 0.279 seconds
[2025-03-20T01:43:37.357+0000] {processor.py:186} INFO - Started process (PID=192) to work on /opt/airflow/dags/2operators&variables.py
[2025-03-20T01:43:37.359+0000] {processor.py:914} INFO - Processing file /opt/airflow/dags/2operators&variables.py for tasks to queue
[2025-03-20T01:43:37.363+0000] {logging_mixin.py:190} INFO - [2025-03-20T01:43:37.362+0000] {dagbag.py:588} INFO - Filling up the DagBag from /opt/airflow/dags/2operators&variables.py
[2025-03-20T01:43:37.423+0000] {processor.py:925} INFO - DAG(s) 'exchange_rate_etl' retrieved from /opt/airflow/dags/2operators&variables.py
[2025-03-20T01:43:37.468+0000] {logging_mixin.py:190} INFO - [2025-03-20T01:43:37.468+0000] {dag.py:3239} INFO - Sync 1 DAGs
[2025-03-20T01:43:37.510+0000] {logging_mixin.py:190} INFO - [2025-03-20T01:43:37.510+0000] {dag.py:4180} INFO - Setting next_dagrun for exchange_rate_etl to 2025-03-19 22:00:00+00:00, run_after=2025-03-20 22:00:00+00:00
[2025-03-20T01:43:37.636+0000] {processor.py:208} INFO - Processing /opt/airflow/dags/2operators&variables.py took 0.287 seconds
[2025-03-20T01:44:08.629+0000] {processor.py:186} INFO - Started process (PID=198) to work on /opt/airflow/dags/2operators&variables.py
[2025-03-20T01:44:08.632+0000] {processor.py:914} INFO - Processing file /opt/airflow/dags/2operators&variables.py for tasks to queue
[2025-03-20T01:44:08.645+0000] {logging_mixin.py:190} INFO - [2025-03-20T01:44:08.644+0000] {dagbag.py:588} INFO - Filling up the DagBag from /opt/airflow/dags/2operators&variables.py
[2025-03-20T01:44:08.709+0000] {processor.py:925} INFO - DAG(s) 'exchange_rate_etl' retrieved from /opt/airflow/dags/2operators&variables.py
[2025-03-20T01:44:08.807+0000] {logging_mixin.py:190} INFO - [2025-03-20T01:44:08.807+0000] {dag.py:3239} INFO - Sync 1 DAGs
[2025-03-20T01:44:08.969+0000] {logging_mixin.py:190} INFO - [2025-03-20T01:44:08.968+0000] {dag.py:4180} INFO - Setting next_dagrun for exchange_rate_etl to 2025-03-19 22:00:00+00:00, run_after=2025-03-20 22:00:00+00:00
[2025-03-20T01:44:09.310+0000] {processor.py:208} INFO - Processing /opt/airflow/dags/2operators&variables.py took 0.701 seconds
[2025-03-20T01:44:46.435+0000] {processor.py:186} INFO - Started process (PID=245) to work on /opt/airflow/dags/2operators&variables.py
[2025-03-20T01:44:46.437+0000] {processor.py:914} INFO - Processing file /opt/airflow/dags/2operators&variables.py for tasks to queue
[2025-03-20T01:44:46.442+0000] {logging_mixin.py:190} INFO - [2025-03-20T01:44:46.441+0000] {dagbag.py:588} INFO - Filling up the DagBag from /opt/airflow/dags/2operators&variables.py
[2025-03-20T01:44:46.514+0000] {processor.py:925} INFO - DAG(s) 'exchange_rate_etl' retrieved from /opt/airflow/dags/2operators&variables.py
[2025-03-20T01:44:46.586+0000] {logging_mixin.py:190} INFO - [2025-03-20T01:44:46.586+0000] {dag.py:3239} INFO - Sync 1 DAGs
[2025-03-20T01:44:46.634+0000] {logging_mixin.py:190} INFO - [2025-03-20T01:44:46.634+0000] {dag.py:4180} INFO - Setting next_dagrun for exchange_rate_etl to 2025-03-19 22:00:00+00:00, run_after=2025-03-20 22:00:00+00:00
[2025-03-20T01:44:46.755+0000] {processor.py:208} INFO - Processing /opt/airflow/dags/2operators&variables.py took 0.331 seconds
[2025-03-20T01:45:18.166+0000] {processor.py:186} INFO - Started process (PID=250) to work on /opt/airflow/dags/2operators&variables.py
[2025-03-20T01:45:18.168+0000] {processor.py:914} INFO - Processing file /opt/airflow/dags/2operators&variables.py for tasks to queue
[2025-03-20T01:45:18.172+0000] {logging_mixin.py:190} INFO - [2025-03-20T01:45:18.171+0000] {dagbag.py:588} INFO - Filling up the DagBag from /opt/airflow/dags/2operators&variables.py
[2025-03-20T01:45:18.233+0000] {processor.py:925} INFO - DAG(s) 'exchange_rate_etl' retrieved from /opt/airflow/dags/2operators&variables.py
[2025-03-20T01:45:18.290+0000] {logging_mixin.py:190} INFO - [2025-03-20T01:45:18.289+0000] {dag.py:3239} INFO - Sync 1 DAGs
[2025-03-20T01:45:18.341+0000] {logging_mixin.py:190} INFO - [2025-03-20T01:45:18.341+0000] {dag.py:4180} INFO - Setting next_dagrun for exchange_rate_etl to 2025-03-19 22:00:00+00:00, run_after=2025-03-20 22:00:00+00:00
[2025-03-20T01:45:18.468+0000] {processor.py:208} INFO - Processing /opt/airflow/dags/2operators&variables.py took 0.310 seconds
[2025-03-20T01:45:48.911+0000] {processor.py:186} INFO - Started process (PID=256) to work on /opt/airflow/dags/2operators&variables.py
[2025-03-20T01:45:48.914+0000] {processor.py:914} INFO - Processing file /opt/airflow/dags/2operators&variables.py for tasks to queue
[2025-03-20T01:45:48.920+0000] {logging_mixin.py:190} INFO - [2025-03-20T01:45:48.919+0000] {dagbag.py:588} INFO - Filling up the DagBag from /opt/airflow/dags/2operators&variables.py
[2025-03-20T01:45:48.983+0000] {processor.py:925} INFO - DAG(s) 'exchange_rate_etl' retrieved from /opt/airflow/dags/2operators&variables.py
[2025-03-20T01:45:49.054+0000] {logging_mixin.py:190} INFO - [2025-03-20T01:45:49.053+0000] {dag.py:3239} INFO - Sync 1 DAGs
[2025-03-20T01:45:49.138+0000] {logging_mixin.py:190} INFO - [2025-03-20T01:45:49.138+0000] {dag.py:4180} INFO - Setting next_dagrun for exchange_rate_etl to 2025-03-19 22:00:00+00:00, run_after=2025-03-20 22:00:00+00:00
[2025-03-20T01:45:49.267+0000] {processor.py:208} INFO - Processing /opt/airflow/dags/2operators&variables.py took 0.368 seconds
[2025-03-20T01:46:19.491+0000] {processor.py:186} INFO - Started process (PID=261) to work on /opt/airflow/dags/2operators&variables.py
[2025-03-20T01:46:19.493+0000] {processor.py:914} INFO - Processing file /opt/airflow/dags/2operators&variables.py for tasks to queue
[2025-03-20T01:46:19.500+0000] {logging_mixin.py:190} INFO - [2025-03-20T01:46:19.499+0000] {dagbag.py:588} INFO - Filling up the DagBag from /opt/airflow/dags/2operators&variables.py
[2025-03-20T01:46:19.548+0000] {processor.py:925} INFO - DAG(s) 'exchange_rate_etl' retrieved from /opt/airflow/dags/2operators&variables.py
[2025-03-20T01:46:19.600+0000] {logging_mixin.py:190} INFO - [2025-03-20T01:46:19.600+0000] {dag.py:3239} INFO - Sync 1 DAGs
[2025-03-20T01:46:19.647+0000] {logging_mixin.py:190} INFO - [2025-03-20T01:46:19.646+0000] {dag.py:4180} INFO - Setting next_dagrun for exchange_rate_etl to 2025-03-19 22:00:00+00:00, run_after=2025-03-20 22:00:00+00:00
[2025-03-20T01:46:19.769+0000] {processor.py:208} INFO - Processing /opt/airflow/dags/2operators&variables.py took 0.288 seconds
[2025-03-20T01:46:52.066+0000] {processor.py:186} INFO - Started process (PID=266) to work on /opt/airflow/dags/2operators&variables.py
[2025-03-20T01:46:52.068+0000] {processor.py:914} INFO - Processing file /opt/airflow/dags/2operators&variables.py for tasks to queue
[2025-03-20T01:46:52.072+0000] {logging_mixin.py:190} INFO - [2025-03-20T01:46:52.072+0000] {dagbag.py:588} INFO - Filling up the DagBag from /opt/airflow/dags/2operators&variables.py
[2025-03-20T01:46:52.142+0000] {processor.py:925} INFO - DAG(s) 'exchange_rate_etl' retrieved from /opt/airflow/dags/2operators&variables.py
[2025-03-20T01:46:52.203+0000] {logging_mixin.py:190} INFO - [2025-03-20T01:46:52.202+0000] {dag.py:3239} INFO - Sync 1 DAGs
[2025-03-20T01:46:52.259+0000] {logging_mixin.py:190} INFO - [2025-03-20T01:46:52.258+0000] {dag.py:4180} INFO - Setting next_dagrun for exchange_rate_etl to 2025-03-19 22:00:00+00:00, run_after=2025-03-20 22:00:00+00:00
[2025-03-20T01:46:52.393+0000] {processor.py:208} INFO - Processing /opt/airflow/dags/2operators&variables.py took 0.337 seconds
[2025-03-20T01:47:24.604+0000] {processor.py:186} INFO - Started process (PID=272) to work on /opt/airflow/dags/2operators&variables.py
[2025-03-20T01:47:24.606+0000] {processor.py:914} INFO - Processing file /opt/airflow/dags/2operators&variables.py for tasks to queue
[2025-03-20T01:47:24.611+0000] {logging_mixin.py:190} INFO - [2025-03-20T01:47:24.610+0000] {dagbag.py:588} INFO - Filling up the DagBag from /opt/airflow/dags/2operators&variables.py
[2025-03-20T01:47:24.656+0000] {processor.py:925} INFO - DAG(s) 'exchange_rate_etl' retrieved from /opt/airflow/dags/2operators&variables.py
[2025-03-20T01:47:24.717+0000] {logging_mixin.py:190} INFO - [2025-03-20T01:47:24.717+0000] {dag.py:3239} INFO - Sync 1 DAGs
[2025-03-20T01:47:24.787+0000] {logging_mixin.py:190} INFO - [2025-03-20T01:47:24.787+0000] {dag.py:4180} INFO - Setting next_dagrun for exchange_rate_etl to 2025-03-19 22:00:00+00:00, run_after=2025-03-20 22:00:00+00:00
[2025-03-20T01:47:24.956+0000] {processor.py:208} INFO - Processing /opt/airflow/dags/2operators&variables.py took 0.362 seconds
[2025-03-20T01:47:56.476+0000] {processor.py:186} INFO - Started process (PID=278) to work on /opt/airflow/dags/2operators&variables.py
[2025-03-20T01:47:56.479+0000] {processor.py:914} INFO - Processing file /opt/airflow/dags/2operators&variables.py for tasks to queue
[2025-03-20T01:47:56.483+0000] {logging_mixin.py:190} INFO - [2025-03-20T01:47:56.483+0000] {dagbag.py:588} INFO - Filling up the DagBag from /opt/airflow/dags/2operators&variables.py
[2025-03-20T01:47:56.561+0000] {processor.py:925} INFO - DAG(s) 'exchange_rate_etl' retrieved from /opt/airflow/dags/2operators&variables.py
[2025-03-20T01:47:56.621+0000] {logging_mixin.py:190} INFO - [2025-03-20T01:47:56.621+0000] {dag.py:3239} INFO - Sync 1 DAGs
[2025-03-20T01:47:56.672+0000] {logging_mixin.py:190} INFO - [2025-03-20T01:47:56.671+0000] {dag.py:4180} INFO - Setting next_dagrun for exchange_rate_etl to 2025-03-19 22:00:00+00:00, run_after=2025-03-20 22:00:00+00:00
[2025-03-20T01:47:57.061+0000] {processor.py:208} INFO - Processing /opt/airflow/dags/2operators&variables.py took 0.596 seconds
[2025-03-20T01:48:27.673+0000] {processor.py:186} INFO - Started process (PID=283) to work on /opt/airflow/dags/2operators&variables.py
[2025-03-20T01:48:27.675+0000] {processor.py:914} INFO - Processing file /opt/airflow/dags/2operators&variables.py for tasks to queue
[2025-03-20T01:48:27.680+0000] {logging_mixin.py:190} INFO - [2025-03-20T01:48:27.679+0000] {dagbag.py:588} INFO - Filling up the DagBag from /opt/airflow/dags/2operators&variables.py
[2025-03-20T01:48:27.740+0000] {processor.py:925} INFO - DAG(s) 'exchange_rate_etl' retrieved from /opt/airflow/dags/2operators&variables.py
[2025-03-20T01:48:27.931+0000] {logging_mixin.py:190} INFO - [2025-03-20T01:48:27.931+0000] {dag.py:3239} INFO - Sync 1 DAGs
[2025-03-20T01:48:27.992+0000] {logging_mixin.py:190} INFO - [2025-03-20T01:48:27.991+0000] {dag.py:4180} INFO - Setting next_dagrun for exchange_rate_etl to 2025-03-19 22:00:00+00:00, run_after=2025-03-20 22:00:00+00:00
[2025-03-20T01:48:28.152+0000] {processor.py:208} INFO - Processing /opt/airflow/dags/2operators&variables.py took 0.490 seconds
[2025-03-20T01:48:32.189+0000] {processor.py:186} INFO - Started process (PID=284) to work on /opt/airflow/dags/2operators&variables.py
[2025-03-20T01:48:32.191+0000] {processor.py:914} INFO - Processing file /opt/airflow/dags/2operators&variables.py for tasks to queue
[2025-03-20T01:48:32.197+0000] {logging_mixin.py:190} INFO - [2025-03-20T01:48:32.195+0000] {dagbag.py:588} INFO - Filling up the DagBag from /opt/airflow/dags/2operators&variables.py
[2025-03-20T01:48:32.281+0000] {logging_mixin.py:190} INFO - [2025-03-20T01:48:32.271+0000] {dagbag.py:387} ERROR - Failed to import: /opt/airflow/dags/2operators&variables.py
Traceback (most recent call last):
  File "/home/airflow/.local/lib/python3.12/site-packages/airflow/models/dagbag.py", line 383, in parse
    loader.exec_module(new_module)
  File "<frozen importlib._bootstrap_external>", line 999, in exec_module
  File "<frozen importlib._bootstrap>", line 488, in _call_with_frames_removed
  File "/opt/airflow/dags/2operators&variables.py", line 10, in <module>
    dag = DAG(
          ^^^^
  File "/home/airflow/.local/lib/python3.12/site-packages/airflow/models/dag.py", line 593, in __init__
    validate_key(dag_id)
  File "/home/airflow/.local/lib/python3.12/site-packages/airflow/utils/helpers.py", line 57, in validate_key
    raise AirflowException(
airflow.exceptions.AirflowException: The key 'operators&variables_demo' has to be made of alphanumeric characters, dashes, dots and underscores exclusively
[2025-03-20T01:48:32.283+0000] {processor.py:927} WARNING - No viable dags retrieved from /opt/airflow/dags/2operators&variables.py
[2025-03-20T01:48:32.349+0000] {processor.py:208} INFO - Processing /opt/airflow/dags/2operators&variables.py took 0.169 seconds
[2025-03-20T01:49:03.963+0000] {processor.py:186} INFO - Started process (PID=289) to work on /opt/airflow/dags/2operators&variables.py
[2025-03-20T01:49:03.965+0000] {processor.py:914} INFO - Processing file /opt/airflow/dags/2operators&variables.py for tasks to queue
[2025-03-20T01:49:03.967+0000] {logging_mixin.py:190} INFO - [2025-03-20T01:49:03.967+0000] {dagbag.py:588} INFO - Filling up the DagBag from /opt/airflow/dags/2operators&variables.py
[2025-03-20T01:49:04.012+0000] {logging_mixin.py:190} INFO - [2025-03-20T01:49:03.996+0000] {dagbag.py:387} ERROR - Failed to import: /opt/airflow/dags/2operators&variables.py
Traceback (most recent call last):
  File "/home/airflow/.local/lib/python3.12/site-packages/airflow/models/dagbag.py", line 383, in parse
    loader.exec_module(new_module)
  File "<frozen importlib._bootstrap_external>", line 999, in exec_module
  File "<frozen importlib._bootstrap>", line 488, in _call_with_frames_removed
  File "/opt/airflow/dags/2operators&variables.py", line 10, in <module>
    dag = DAG(
          ^^^^
  File "/home/airflow/.local/lib/python3.12/site-packages/airflow/models/dag.py", line 593, in __init__
    validate_key(dag_id)
  File "/home/airflow/.local/lib/python3.12/site-packages/airflow/utils/helpers.py", line 57, in validate_key
    raise AirflowException(
airflow.exceptions.AirflowException: The key 'operators&variables_demo' has to be made of alphanumeric characters, dashes, dots and underscores exclusively
[2025-03-20T01:49:04.013+0000] {processor.py:927} WARNING - No viable dags retrieved from /opt/airflow/dags/2operators&variables.py
[2025-03-20T01:49:04.095+0000] {processor.py:208} INFO - Processing /opt/airflow/dags/2operators&variables.py took 0.145 seconds
[2025-03-20T01:49:29.814+0000] {processor.py:186} INFO - Started process (PID=294) to work on /opt/airflow/dags/2operators&variables.py
[2025-03-20T01:49:29.816+0000] {processor.py:914} INFO - Processing file /opt/airflow/dags/2operators&variables.py for tasks to queue
[2025-03-20T01:49:29.820+0000] {logging_mixin.py:190} INFO - [2025-03-20T01:49:29.818+0000] {dagbag.py:588} INFO - Filling up the DagBag from /opt/airflow/dags/2operators&variables.py
[2025-03-20T01:49:29.906+0000] {processor.py:925} INFO - DAG(s) 'operators_and_variables_demo' retrieved from /opt/airflow/dags/2operators&variables.py
[2025-03-20T01:49:30.257+0000] {logging_mixin.py:190} INFO - [2025-03-20T01:49:30.244+0000] {override.py:1912} INFO - Created Permission View: can read on DAG:operators_and_variables_demo
[2025-03-20T01:49:30.347+0000] {logging_mixin.py:190} INFO - [2025-03-20T01:49:30.346+0000] {override.py:1912} INFO - Created Permission View: can edit on DAG:operators_and_variables_demo
[2025-03-20T01:49:30.409+0000] {logging_mixin.py:190} INFO - [2025-03-20T01:49:30.408+0000] {override.py:1912} INFO - Created Permission View: can delete on DAG:operators_and_variables_demo
[2025-03-20T01:49:30.508+0000] {logging_mixin.py:190} INFO - [2025-03-20T01:49:30.507+0000] {override.py:1912} INFO - Created Permission View: can read on DAG Run:operators_and_variables_demo
[2025-03-20T01:49:30.580+0000] {logging_mixin.py:190} INFO - [2025-03-20T01:49:30.579+0000] {override.py:1912} INFO - Created Permission View: can create on DAG Run:operators_and_variables_demo
[2025-03-20T01:49:30.653+0000] {logging_mixin.py:190} INFO - [2025-03-20T01:49:30.652+0000] {override.py:1912} INFO - Created Permission View: can delete on DAG Run:operators_and_variables_demo
[2025-03-20T01:49:30.722+0000] {logging_mixin.py:190} INFO - [2025-03-20T01:49:30.721+0000] {override.py:1912} INFO - Created Permission View: menu access on DAG Run:operators_and_variables_demo
[2025-03-20T01:49:30.723+0000] {logging_mixin.py:190} INFO - [2025-03-20T01:49:30.723+0000] {dag.py:3239} INFO - Sync 1 DAGs
[2025-03-20T01:49:30.761+0000] {logging_mixin.py:190} INFO - [2025-03-20T01:49:30.760+0000] {dag.py:3262} INFO - Creating ORM DAG for operators_and_variables_demo
[2025-03-20T01:49:30.787+0000] {logging_mixin.py:190} INFO - [2025-03-20T01:49:30.787+0000] {dag.py:4180} INFO - Setting next_dagrun for operators_and_variables_demo to 2025-03-18 22:00:00+00:00, run_after=2025-03-19 22:00:00+00:00
[2025-03-20T01:49:30.944+0000] {processor.py:208} INFO - Processing /opt/airflow/dags/2operators&variables.py took 1.140 seconds
[2025-03-20T01:50:01.824+0000] {processor.py:186} INFO - Started process (PID=299) to work on /opt/airflow/dags/2operators&variables.py
[2025-03-20T01:50:01.827+0000] {processor.py:914} INFO - Processing file /opt/airflow/dags/2operators&variables.py for tasks to queue
[2025-03-20T01:50:01.831+0000] {logging_mixin.py:190} INFO - [2025-03-20T01:50:01.830+0000] {dagbag.py:588} INFO - Filling up the DagBag from /opt/airflow/dags/2operators&variables.py
[2025-03-20T01:50:01.898+0000] {processor.py:925} INFO - DAG(s) 'operators_and_variables_demo' retrieved from /opt/airflow/dags/2operators&variables.py
[2025-03-20T01:50:01.990+0000] {logging_mixin.py:190} INFO - [2025-03-20T01:50:01.989+0000] {dag.py:3239} INFO - Sync 1 DAGs
[2025-03-20T01:50:02.068+0000] {logging_mixin.py:190} INFO - [2025-03-20T01:50:02.068+0000] {dag.py:4180} INFO - Setting next_dagrun for operators_and_variables_demo to 2025-03-18 22:00:00+00:00, run_after=2025-03-19 22:00:00+00:00
[2025-03-20T01:50:02.178+0000] {processor.py:208} INFO - Processing /opt/airflow/dags/2operators&variables.py took 0.369 seconds
[2025-03-20T01:50:33.383+0000] {processor.py:186} INFO - Started process (PID=304) to work on /opt/airflow/dags/2operators&variables.py
[2025-03-20T01:50:33.387+0000] {processor.py:914} INFO - Processing file /opt/airflow/dags/2operators&variables.py for tasks to queue
[2025-03-20T01:50:33.390+0000] {logging_mixin.py:190} INFO - [2025-03-20T01:50:33.389+0000] {dagbag.py:588} INFO - Filling up the DagBag from /opt/airflow/dags/2operators&variables.py
[2025-03-20T01:50:33.477+0000] {processor.py:925} INFO - DAG(s) 'operators_and_variables_demo' retrieved from /opt/airflow/dags/2operators&variables.py
[2025-03-20T01:50:33.548+0000] {logging_mixin.py:190} INFO - [2025-03-20T01:50:33.547+0000] {dag.py:3239} INFO - Sync 1 DAGs
[2025-03-20T01:50:33.601+0000] {logging_mixin.py:190} INFO - [2025-03-20T01:50:33.601+0000] {dag.py:4180} INFO - Setting next_dagrun for operators_and_variables_demo to 2025-03-18 22:00:00+00:00, run_after=2025-03-19 22:00:00+00:00
[2025-03-20T01:50:33.749+0000] {processor.py:208} INFO - Processing /opt/airflow/dags/2operators&variables.py took 0.381 seconds
[2025-03-20T01:51:04.951+0000] {processor.py:186} INFO - Started process (PID=309) to work on /opt/airflow/dags/2operators&variables.py
[2025-03-20T01:51:04.954+0000] {processor.py:914} INFO - Processing file /opt/airflow/dags/2operators&variables.py for tasks to queue
[2025-03-20T01:51:04.956+0000] {logging_mixin.py:190} INFO - [2025-03-20T01:51:04.956+0000] {dagbag.py:588} INFO - Filling up the DagBag from /opt/airflow/dags/2operators&variables.py
[2025-03-20T01:51:05.028+0000] {processor.py:925} INFO - DAG(s) 'operators_and_variables_demo' retrieved from /opt/airflow/dags/2operators&variables.py
[2025-03-20T01:51:05.108+0000] {logging_mixin.py:190} INFO - [2025-03-20T01:51:05.108+0000] {dag.py:3239} INFO - Sync 1 DAGs
[2025-03-20T01:51:05.177+0000] {logging_mixin.py:190} INFO - [2025-03-20T01:51:05.176+0000] {dag.py:4180} INFO - Setting next_dagrun for operators_and_variables_demo to 2025-03-18 22:00:00+00:00, run_after=2025-03-19 22:00:00+00:00
[2025-03-20T01:51:05.344+0000] {processor.py:208} INFO - Processing /opt/airflow/dags/2operators&variables.py took 0.407 seconds
[2025-03-20T01:51:35.733+0000] {processor.py:186} INFO - Started process (PID=314) to work on /opt/airflow/dags/2operators&variables.py
[2025-03-20T01:51:35.735+0000] {processor.py:914} INFO - Processing file /opt/airflow/dags/2operators&variables.py for tasks to queue
[2025-03-20T01:51:35.737+0000] {logging_mixin.py:190} INFO - [2025-03-20T01:51:35.736+0000] {dagbag.py:588} INFO - Filling up the DagBag from /opt/airflow/dags/2operators&variables.py
[2025-03-20T01:51:35.786+0000] {processor.py:925} INFO - DAG(s) 'operators_and_variables_demo' retrieved from /opt/airflow/dags/2operators&variables.py
[2025-03-20T01:51:35.865+0000] {logging_mixin.py:190} INFO - [2025-03-20T01:51:35.865+0000] {dag.py:3239} INFO - Sync 1 DAGs
[2025-03-20T01:51:35.931+0000] {logging_mixin.py:190} INFO - [2025-03-20T01:51:35.930+0000] {dag.py:4180} INFO - Setting next_dagrun for operators_and_variables_demo to 2025-03-18 22:00:00+00:00, run_after=2025-03-19 22:00:00+00:00
[2025-03-20T01:51:36.084+0000] {processor.py:208} INFO - Processing /opt/airflow/dags/2operators&variables.py took 0.359 seconds
[2025-03-20T01:52:06.374+0000] {processor.py:186} INFO - Started process (PID=319) to work on /opt/airflow/dags/2operators&variables.py
[2025-03-20T01:52:06.377+0000] {processor.py:914} INFO - Processing file /opt/airflow/dags/2operators&variables.py for tasks to queue
[2025-03-20T01:52:06.382+0000] {logging_mixin.py:190} INFO - [2025-03-20T01:52:06.380+0000] {dagbag.py:588} INFO - Filling up the DagBag from /opt/airflow/dags/2operators&variables.py
[2025-03-20T01:52:06.465+0000] {processor.py:925} INFO - DAG(s) 'operators_and_variables_demo' retrieved from /opt/airflow/dags/2operators&variables.py
[2025-03-20T01:52:06.545+0000] {logging_mixin.py:190} INFO - [2025-03-20T01:52:06.544+0000] {dag.py:3239} INFO - Sync 1 DAGs
[2025-03-20T01:52:06.645+0000] {logging_mixin.py:190} INFO - [2025-03-20T01:52:06.644+0000] {dag.py:4180} INFO - Setting next_dagrun for operators_and_variables_demo to 2025-03-18 22:00:00+00:00, run_after=2025-03-19 22:00:00+00:00
[2025-03-20T01:52:06.798+0000] {processor.py:208} INFO - Processing /opt/airflow/dags/2operators&variables.py took 0.441 seconds
[2025-03-20T01:52:37.758+0000] {processor.py:186} INFO - Started process (PID=324) to work on /opt/airflow/dags/2operators&variables.py
[2025-03-20T01:52:37.762+0000] {processor.py:914} INFO - Processing file /opt/airflow/dags/2operators&variables.py for tasks to queue
[2025-03-20T01:52:37.767+0000] {logging_mixin.py:190} INFO - [2025-03-20T01:52:37.765+0000] {dagbag.py:588} INFO - Filling up the DagBag from /opt/airflow/dags/2operators&variables.py
[2025-03-20T01:52:37.833+0000] {processor.py:925} INFO - DAG(s) 'operators_and_variables_demo' retrieved from /opt/airflow/dags/2operators&variables.py
[2025-03-20T01:52:37.914+0000] {logging_mixin.py:190} INFO - [2025-03-20T01:52:37.913+0000] {dag.py:3239} INFO - Sync 1 DAGs
[2025-03-20T01:52:38.033+0000] {logging_mixin.py:190} INFO - [2025-03-20T01:52:38.032+0000] {dag.py:4180} INFO - Setting next_dagrun for operators_and_variables_demo to 2025-03-18 22:00:00+00:00, run_after=2025-03-19 22:00:00+00:00
[2025-03-20T01:52:38.198+0000] {processor.py:208} INFO - Processing /opt/airflow/dags/2operators&variables.py took 0.453 seconds
[2025-03-20T01:53:08.956+0000] {processor.py:186} INFO - Started process (PID=329) to work on /opt/airflow/dags/2operators&variables.py
[2025-03-20T01:53:08.958+0000] {processor.py:914} INFO - Processing file /opt/airflow/dags/2operators&variables.py for tasks to queue
[2025-03-20T01:53:08.961+0000] {logging_mixin.py:190} INFO - [2025-03-20T01:53:08.961+0000] {dagbag.py:588} INFO - Filling up the DagBag from /opt/airflow/dags/2operators&variables.py
[2025-03-20T01:53:09.013+0000] {processor.py:925} INFO - DAG(s) 'operators_and_variables_demo' retrieved from /opt/airflow/dags/2operators&variables.py
[2025-03-20T01:53:09.055+0000] {logging_mixin.py:190} INFO - [2025-03-20T01:53:09.055+0000] {dag.py:3239} INFO - Sync 1 DAGs
[2025-03-20T01:53:09.106+0000] {logging_mixin.py:190} INFO - [2025-03-20T01:53:09.105+0000] {dag.py:4180} INFO - Setting next_dagrun for operators_and_variables_demo to 2025-03-18 22:00:00+00:00, run_after=2025-03-19 22:00:00+00:00
[2025-03-20T01:53:09.262+0000] {processor.py:208} INFO - Processing /opt/airflow/dags/2operators&variables.py took 0.314 seconds
[2025-03-20T01:53:39.432+0000] {processor.py:186} INFO - Started process (PID=334) to work on /opt/airflow/dags/2operators&variables.py
[2025-03-20T01:53:39.434+0000] {processor.py:914} INFO - Processing file /opt/airflow/dags/2operators&variables.py for tasks to queue
[2025-03-20T01:53:39.437+0000] {logging_mixin.py:190} INFO - [2025-03-20T01:53:39.436+0000] {dagbag.py:588} INFO - Filling up the DagBag from /opt/airflow/dags/2operators&variables.py
[2025-03-20T01:53:39.479+0000] {processor.py:925} INFO - DAG(s) 'operators_and_variables_demo' retrieved from /opt/airflow/dags/2operators&variables.py
[2025-03-20T01:53:39.536+0000] {logging_mixin.py:190} INFO - [2025-03-20T01:53:39.536+0000] {dag.py:3239} INFO - Sync 1 DAGs
[2025-03-20T01:53:39.600+0000] {logging_mixin.py:190} INFO - [2025-03-20T01:53:39.599+0000] {dag.py:4180} INFO - Setting next_dagrun for operators_and_variables_demo to 2025-03-18 22:00:00+00:00, run_after=2025-03-19 22:00:00+00:00
[2025-03-20T01:53:39.702+0000] {processor.py:208} INFO - Processing /opt/airflow/dags/2operators&variables.py took 0.279 seconds
[2025-03-20T01:54:10.079+0000] {processor.py:186} INFO - Started process (PID=339) to work on /opt/airflow/dags/2operators&variables.py
[2025-03-20T01:54:10.091+0000] {processor.py:914} INFO - Processing file /opt/airflow/dags/2operators&variables.py for tasks to queue
[2025-03-20T01:54:10.099+0000] {logging_mixin.py:190} INFO - [2025-03-20T01:54:10.098+0000] {dagbag.py:588} INFO - Filling up the DagBag from /opt/airflow/dags/2operators&variables.py
[2025-03-20T01:54:10.168+0000] {processor.py:925} INFO - DAG(s) 'operators_and_variables_demo' retrieved from /opt/airflow/dags/2operators&variables.py
[2025-03-20T01:54:10.238+0000] {logging_mixin.py:190} INFO - [2025-03-20T01:54:10.238+0000] {dag.py:3239} INFO - Sync 1 DAGs
[2025-03-20T01:54:10.307+0000] {logging_mixin.py:190} INFO - [2025-03-20T01:54:10.307+0000] {dag.py:4180} INFO - Setting next_dagrun for operators_and_variables_demo to 2025-03-18 22:00:00+00:00, run_after=2025-03-19 22:00:00+00:00
[2025-03-20T01:54:10.401+0000] {processor.py:208} INFO - Processing /opt/airflow/dags/2operators&variables.py took 0.330 seconds
[2025-03-20T01:54:40.609+0000] {processor.py:186} INFO - Started process (PID=344) to work on /opt/airflow/dags/2operators&variables.py
[2025-03-20T01:54:40.613+0000] {processor.py:914} INFO - Processing file /opt/airflow/dags/2operators&variables.py for tasks to queue
[2025-03-20T01:54:40.617+0000] {logging_mixin.py:190} INFO - [2025-03-20T01:54:40.615+0000] {dagbag.py:588} INFO - Filling up the DagBag from /opt/airflow/dags/2operators&variables.py
[2025-03-20T01:54:40.727+0000] {processor.py:925} INFO - DAG(s) 'operators_and_variables_demo' retrieved from /opt/airflow/dags/2operators&variables.py
[2025-03-20T01:54:40.808+0000] {logging_mixin.py:190} INFO - [2025-03-20T01:54:40.807+0000] {dag.py:3239} INFO - Sync 1 DAGs
[2025-03-20T01:54:40.866+0000] {logging_mixin.py:190} INFO - [2025-03-20T01:54:40.866+0000] {dag.py:4180} INFO - Setting next_dagrun for operators_and_variables_demo to 2025-03-18 22:00:00+00:00, run_after=2025-03-19 22:00:00+00:00
[2025-03-20T01:54:41.044+0000] {processor.py:208} INFO - Processing /opt/airflow/dags/2operators&variables.py took 0.447 seconds
[2025-03-20T01:55:12.602+0000] {processor.py:186} INFO - Started process (PID=349) to work on /opt/airflow/dags/2operators&variables.py
[2025-03-20T01:55:12.604+0000] {processor.py:914} INFO - Processing file /opt/airflow/dags/2operators&variables.py for tasks to queue
[2025-03-20T01:55:12.607+0000] {logging_mixin.py:190} INFO - [2025-03-20T01:55:12.606+0000] {dagbag.py:588} INFO - Filling up the DagBag from /opt/airflow/dags/2operators&variables.py
[2025-03-20T01:55:12.685+0000] {processor.py:925} INFO - DAG(s) 'operators_and_variables_demo' retrieved from /opt/airflow/dags/2operators&variables.py
[2025-03-20T01:55:12.754+0000] {logging_mixin.py:190} INFO - [2025-03-20T01:55:12.754+0000] {dag.py:3239} INFO - Sync 1 DAGs
[2025-03-20T01:55:12.823+0000] {logging_mixin.py:190} INFO - [2025-03-20T01:55:12.822+0000] {dag.py:4180} INFO - Setting next_dagrun for operators_and_variables_demo to 2025-03-18 22:00:00+00:00, run_after=2025-03-19 22:00:00+00:00
[2025-03-20T01:55:12.979+0000] {processor.py:208} INFO - Processing /opt/airflow/dags/2operators&variables.py took 0.392 seconds
[2025-03-20T01:55:43.517+0000] {processor.py:186} INFO - Started process (PID=354) to work on /opt/airflow/dags/2operators&variables.py
[2025-03-20T01:55:43.520+0000] {processor.py:914} INFO - Processing file /opt/airflow/dags/2operators&variables.py for tasks to queue
[2025-03-20T01:55:43.523+0000] {logging_mixin.py:190} INFO - [2025-03-20T01:55:43.522+0000] {dagbag.py:588} INFO - Filling up the DagBag from /opt/airflow/dags/2operators&variables.py
[2025-03-20T01:55:43.608+0000] {processor.py:925} INFO - DAG(s) 'operators_and_variables_demo' retrieved from /opt/airflow/dags/2operators&variables.py
[2025-03-20T01:55:43.675+0000] {logging_mixin.py:190} INFO - [2025-03-20T01:55:43.675+0000] {dag.py:3239} INFO - Sync 1 DAGs
[2025-03-20T01:55:43.725+0000] {logging_mixin.py:190} INFO - [2025-03-20T01:55:43.725+0000] {dag.py:4180} INFO - Setting next_dagrun for operators_and_variables_demo to 2025-03-18 22:00:00+00:00, run_after=2025-03-19 22:00:00+00:00
[2025-03-20T01:55:43.873+0000] {processor.py:208} INFO - Processing /opt/airflow/dags/2operators&variables.py took 0.366 seconds
[2025-03-20T01:56:14.733+0000] {processor.py:186} INFO - Started process (PID=360) to work on /opt/airflow/dags/2operators&variables.py
[2025-03-20T01:56:14.735+0000] {processor.py:914} INFO - Processing file /opt/airflow/dags/2operators&variables.py for tasks to queue
[2025-03-20T01:56:14.737+0000] {logging_mixin.py:190} INFO - [2025-03-20T01:56:14.737+0000] {dagbag.py:588} INFO - Filling up the DagBag from /opt/airflow/dags/2operators&variables.py
[2025-03-20T01:56:14.788+0000] {processor.py:925} INFO - DAG(s) 'operators_and_variables_demo' retrieved from /opt/airflow/dags/2operators&variables.py
[2025-03-20T01:56:14.836+0000] {logging_mixin.py:190} INFO - [2025-03-20T01:56:14.836+0000] {dag.py:3239} INFO - Sync 1 DAGs
[2025-03-20T01:56:14.894+0000] {logging_mixin.py:190} INFO - [2025-03-20T01:56:14.893+0000] {dag.py:4180} INFO - Setting next_dagrun for operators_and_variables_demo to 2025-03-18 22:00:00+00:00, run_after=2025-03-19 22:00:00+00:00
[2025-03-20T01:56:15.068+0000] {processor.py:208} INFO - Processing /opt/airflow/dags/2operators&variables.py took 0.344 seconds
[2025-03-20T01:56:45.912+0000] {processor.py:186} INFO - Started process (PID=366) to work on /opt/airflow/dags/2operators&variables.py
[2025-03-20T01:56:45.914+0000] {processor.py:914} INFO - Processing file /opt/airflow/dags/2operators&variables.py for tasks to queue
[2025-03-20T01:56:45.916+0000] {logging_mixin.py:190} INFO - [2025-03-20T01:56:45.915+0000] {dagbag.py:588} INFO - Filling up the DagBag from /opt/airflow/dags/2operators&variables.py
[2025-03-20T01:56:45.962+0000] {processor.py:925} INFO - DAG(s) 'operators_and_variables_demo' retrieved from /opt/airflow/dags/2operators&variables.py
[2025-03-20T01:56:46.058+0000] {logging_mixin.py:190} INFO - [2025-03-20T01:56:46.058+0000] {dag.py:3239} INFO - Sync 1 DAGs
[2025-03-20T01:56:46.143+0000] {logging_mixin.py:190} INFO - [2025-03-20T01:56:46.142+0000] {dag.py:4180} INFO - Setting next_dagrun for operators_and_variables_demo to 2025-03-18 22:00:00+00:00, run_after=2025-03-19 22:00:00+00:00
[2025-03-20T01:56:46.295+0000] {processor.py:208} INFO - Processing /opt/airflow/dags/2operators&variables.py took 0.393 seconds
[2025-03-20T01:57:17.271+0000] {processor.py:186} INFO - Started process (PID=372) to work on /opt/airflow/dags/2operators&variables.py
[2025-03-20T01:57:17.274+0000] {processor.py:914} INFO - Processing file /opt/airflow/dags/2operators&variables.py for tasks to queue
[2025-03-20T01:57:17.276+0000] {logging_mixin.py:190} INFO - [2025-03-20T01:57:17.275+0000] {dagbag.py:588} INFO - Filling up the DagBag from /opt/airflow/dags/2operators&variables.py
[2025-03-20T01:57:17.355+0000] {processor.py:925} INFO - DAG(s) 'operators_and_variables_demo' retrieved from /opt/airflow/dags/2operators&variables.py
[2025-03-20T01:57:17.422+0000] {logging_mixin.py:190} INFO - [2025-03-20T01:57:17.422+0000] {dag.py:3239} INFO - Sync 1 DAGs
[2025-03-20T01:57:17.476+0000] {logging_mixin.py:190} INFO - [2025-03-20T01:57:17.475+0000] {dag.py:4180} INFO - Setting next_dagrun for operators_and_variables_demo to 2025-03-18 22:00:00+00:00, run_after=2025-03-19 22:00:00+00:00
[2025-03-20T01:57:17.622+0000] {processor.py:208} INFO - Processing /opt/airflow/dags/2operators&variables.py took 0.362 seconds
