[2025-03-20T01:20:05.651+0000] {processor.py:186} INFO - Started process (PID=292) to work on /opt/airflow/dags/3conections.py
[2025-03-20T01:20:05.653+0000] {processor.py:914} INFO - Processing file /opt/airflow/dags/3conections.py for tasks to queue
[2025-03-20T01:20:05.656+0000] {logging_mixin.py:190} INFO - [2025-03-20T01:20:05.655+0000] {dagbag.py:588} INFO - Filling up the DagBag from /opt/airflow/dags/3conections.py
[2025-03-20T01:20:05.762+0000] {processor.py:925} INFO - DAG(s) 'load_profit_uk' retrieved from /opt/airflow/dags/3conections.py
[2025-03-20T01:20:05.994+0000] {logging_mixin.py:190} INFO - [2025-03-20T01:20:05.993+0000] {dag.py:3239} INFO - Sync 1 DAGs
[2025-03-20T01:20:06.027+0000] {logging_mixin.py:190} INFO - [2025-03-20T01:20:06.027+0000] {dag.py:4180} INFO - Setting next_dagrun for load_profit_uk to 2025-03-19 21:00:00+00:00, run_after=2025-03-20 21:00:00+00:00
[2025-03-20T01:20:06.118+0000] {processor.py:208} INFO - Processing /opt/airflow/dags/3conections.py took 0.475 seconds
[2025-03-20T01:20:37.072+0000] {processor.py:186} INFO - Started process (PID=297) to work on /opt/airflow/dags/3conections.py
[2025-03-20T01:20:37.074+0000] {processor.py:914} INFO - Processing file /opt/airflow/dags/3conections.py for tasks to queue
[2025-03-20T01:20:37.077+0000] {logging_mixin.py:190} INFO - [2025-03-20T01:20:37.076+0000] {dagbag.py:588} INFO - Filling up the DagBag from /opt/airflow/dags/3conections.py
[2025-03-20T01:20:37.154+0000] {processor.py:925} INFO - DAG(s) 'load_profit_uk' retrieved from /opt/airflow/dags/3conections.py
[2025-03-20T01:20:37.233+0000] {logging_mixin.py:190} INFO - [2025-03-20T01:20:37.233+0000] {dag.py:3239} INFO - Sync 1 DAGs
[2025-03-20T01:20:37.308+0000] {logging_mixin.py:190} INFO - [2025-03-20T01:20:37.308+0000] {dag.py:4180} INFO - Setting next_dagrun for load_profit_uk to 2025-03-19 21:00:00+00:00, run_after=2025-03-20 21:00:00+00:00
[2025-03-20T01:20:37.411+0000] {processor.py:208} INFO - Processing /opt/airflow/dags/3conections.py took 0.347 seconds
[2025-03-20T01:21:08.104+0000] {processor.py:186} INFO - Started process (PID=302) to work on /opt/airflow/dags/3conections.py
[2025-03-20T01:21:08.108+0000] {processor.py:914} INFO - Processing file /opt/airflow/dags/3conections.py for tasks to queue
[2025-03-20T01:21:08.112+0000] {logging_mixin.py:190} INFO - [2025-03-20T01:21:08.111+0000] {dagbag.py:588} INFO - Filling up the DagBag from /opt/airflow/dags/3conections.py
[2025-03-20T01:21:08.244+0000] {processor.py:925} INFO - DAG(s) 'load_profit_uk' retrieved from /opt/airflow/dags/3conections.py
[2025-03-20T01:21:08.319+0000] {logging_mixin.py:190} INFO - [2025-03-20T01:21:08.319+0000] {dag.py:3239} INFO - Sync 1 DAGs
[2025-03-20T01:21:08.368+0000] {logging_mixin.py:190} INFO - [2025-03-20T01:21:08.367+0000] {dag.py:4180} INFO - Setting next_dagrun for load_profit_uk to 2025-03-19 21:00:00+00:00, run_after=2025-03-20 21:00:00+00:00
[2025-03-20T01:21:08.483+0000] {processor.py:208} INFO - Processing /opt/airflow/dags/3conections.py took 0.390 seconds
[2025-03-20T01:21:39.380+0000] {processor.py:186} INFO - Started process (PID=307) to work on /opt/airflow/dags/3conections.py
[2025-03-20T01:21:39.382+0000] {processor.py:914} INFO - Processing file /opt/airflow/dags/3conections.py for tasks to queue
[2025-03-20T01:21:39.385+0000] {logging_mixin.py:190} INFO - [2025-03-20T01:21:39.384+0000] {dagbag.py:588} INFO - Filling up the DagBag from /opt/airflow/dags/3conections.py
[2025-03-20T01:21:39.455+0000] {processor.py:925} INFO - DAG(s) 'load_profit_uk' retrieved from /opt/airflow/dags/3conections.py
[2025-03-20T01:21:39.536+0000] {logging_mixin.py:190} INFO - [2025-03-20T01:21:39.536+0000] {dag.py:3239} INFO - Sync 1 DAGs
[2025-03-20T01:21:39.606+0000] {logging_mixin.py:190} INFO - [2025-03-20T01:21:39.606+0000] {dag.py:4180} INFO - Setting next_dagrun for load_profit_uk to 2025-03-19 21:00:00+00:00, run_after=2025-03-20 21:00:00+00:00
[2025-03-20T01:21:39.763+0000] {processor.py:208} INFO - Processing /opt/airflow/dags/3conections.py took 0.394 seconds
[2025-03-20T01:22:11.043+0000] {processor.py:186} INFO - Started process (PID=312) to work on /opt/airflow/dags/3conections.py
[2025-03-20T01:22:11.045+0000] {processor.py:914} INFO - Processing file /opt/airflow/dags/3conections.py for tasks to queue
[2025-03-20T01:22:11.047+0000] {logging_mixin.py:190} INFO - [2025-03-20T01:22:11.047+0000] {dagbag.py:588} INFO - Filling up the DagBag from /opt/airflow/dags/3conections.py
[2025-03-20T01:22:11.091+0000] {processor.py:925} INFO - DAG(s) 'load_profit_uk' retrieved from /opt/airflow/dags/3conections.py
[2025-03-20T01:22:11.127+0000] {logging_mixin.py:190} INFO - [2025-03-20T01:22:11.126+0000] {dag.py:3239} INFO - Sync 1 DAGs
[2025-03-20T01:22:11.168+0000] {logging_mixin.py:190} INFO - [2025-03-20T01:22:11.168+0000] {dag.py:4180} INFO - Setting next_dagrun for load_profit_uk to 2025-03-19 21:00:00+00:00, run_after=2025-03-20 21:00:00+00:00
[2025-03-20T01:22:11.253+0000] {processor.py:208} INFO - Processing /opt/airflow/dags/3conections.py took 0.217 seconds
[2025-03-20T01:22:42.261+0000] {processor.py:186} INFO - Started process (PID=317) to work on /opt/airflow/dags/3conections.py
[2025-03-20T01:22:42.263+0000] {processor.py:914} INFO - Processing file /opt/airflow/dags/3conections.py for tasks to queue
[2025-03-20T01:22:42.265+0000] {logging_mixin.py:190} INFO - [2025-03-20T01:22:42.265+0000] {dagbag.py:588} INFO - Filling up the DagBag from /opt/airflow/dags/3conections.py
[2025-03-20T01:22:42.362+0000] {processor.py:925} INFO - DAG(s) 'load_profit_uk' retrieved from /opt/airflow/dags/3conections.py
[2025-03-20T01:22:42.452+0000] {logging_mixin.py:190} INFO - [2025-03-20T01:22:42.451+0000] {dag.py:3239} INFO - Sync 1 DAGs
[2025-03-20T01:22:42.537+0000] {logging_mixin.py:190} INFO - [2025-03-20T01:22:42.537+0000] {dag.py:4180} INFO - Setting next_dagrun for load_profit_uk to 2025-03-19 21:00:00+00:00, run_after=2025-03-20 21:00:00+00:00
[2025-03-20T01:22:42.701+0000] {processor.py:208} INFO - Processing /opt/airflow/dags/3conections.py took 0.447 seconds
[2025-03-20T01:23:14.050+0000] {processor.py:186} INFO - Started process (PID=322) to work on /opt/airflow/dags/3conections.py
[2025-03-20T01:23:14.052+0000] {processor.py:914} INFO - Processing file /opt/airflow/dags/3conections.py for tasks to queue
[2025-03-20T01:23:14.055+0000] {logging_mixin.py:190} INFO - [2025-03-20T01:23:14.055+0000] {dagbag.py:588} INFO - Filling up the DagBag from /opt/airflow/dags/3conections.py
[2025-03-20T01:23:14.173+0000] {processor.py:925} INFO - DAG(s) 'load_profit_uk' retrieved from /opt/airflow/dags/3conections.py
[2025-03-20T01:23:14.276+0000] {logging_mixin.py:190} INFO - [2025-03-20T01:23:14.275+0000] {dag.py:3239} INFO - Sync 1 DAGs
[2025-03-20T01:23:14.345+0000] {logging_mixin.py:190} INFO - [2025-03-20T01:23:14.344+0000] {dag.py:4180} INFO - Setting next_dagrun for load_profit_uk to 2025-03-19 21:00:00+00:00, run_after=2025-03-20 21:00:00+00:00
[2025-03-20T01:23:14.465+0000] {processor.py:208} INFO - Processing /opt/airflow/dags/3conections.py took 0.425 seconds
[2025-03-20T01:23:45.263+0000] {processor.py:186} INFO - Started process (PID=327) to work on /opt/airflow/dags/3conections.py
[2025-03-20T01:23:45.264+0000] {processor.py:914} INFO - Processing file /opt/airflow/dags/3conections.py for tasks to queue
[2025-03-20T01:23:45.266+0000] {logging_mixin.py:190} INFO - [2025-03-20T01:23:45.266+0000] {dagbag.py:588} INFO - Filling up the DagBag from /opt/airflow/dags/3conections.py
[2025-03-20T01:23:45.358+0000] {processor.py:925} INFO - DAG(s) 'load_profit_uk' retrieved from /opt/airflow/dags/3conections.py
[2025-03-20T01:23:45.429+0000] {logging_mixin.py:190} INFO - [2025-03-20T01:23:45.428+0000] {dag.py:3239} INFO - Sync 1 DAGs
[2025-03-20T01:23:45.519+0000] {logging_mixin.py:190} INFO - [2025-03-20T01:23:45.518+0000] {dag.py:4180} INFO - Setting next_dagrun for load_profit_uk to 2025-03-19 21:00:00+00:00, run_after=2025-03-20 21:00:00+00:00
[2025-03-20T01:23:45.665+0000] {processor.py:208} INFO - Processing /opt/airflow/dags/3conections.py took 0.410 seconds
[2025-03-20T01:24:16.084+0000] {processor.py:186} INFO - Started process (PID=331) to work on /opt/airflow/dags/3conections.py
[2025-03-20T01:24:16.086+0000] {processor.py:914} INFO - Processing file /opt/airflow/dags/3conections.py for tasks to queue
[2025-03-20T01:24:16.089+0000] {logging_mixin.py:190} INFO - [2025-03-20T01:24:16.089+0000] {dagbag.py:588} INFO - Filling up the DagBag from /opt/airflow/dags/3conections.py
[2025-03-20T01:24:16.183+0000] {processor.py:925} INFO - DAG(s) 'load_profit_uk' retrieved from /opt/airflow/dags/3conections.py
[2025-03-20T01:24:16.249+0000] {logging_mixin.py:190} INFO - [2025-03-20T01:24:16.249+0000] {dag.py:3239} INFO - Sync 1 DAGs
[2025-03-20T01:24:16.394+0000] {logging_mixin.py:190} INFO - [2025-03-20T01:24:16.393+0000] {dag.py:4180} INFO - Setting next_dagrun for load_profit_uk to 2025-03-19 21:00:00+00:00, run_after=2025-03-20 21:00:00+00:00
[2025-03-20T01:24:16.550+0000] {processor.py:208} INFO - Processing /opt/airflow/dags/3conections.py took 0.475 seconds
[2025-03-20T01:24:47.198+0000] {processor.py:186} INFO - Started process (PID=335) to work on /opt/airflow/dags/3conections.py
[2025-03-20T01:24:47.200+0000] {processor.py:914} INFO - Processing file /opt/airflow/dags/3conections.py for tasks to queue
[2025-03-20T01:24:47.203+0000] {logging_mixin.py:190} INFO - [2025-03-20T01:24:47.202+0000] {dagbag.py:588} INFO - Filling up the DagBag from /opt/airflow/dags/3conections.py
[2025-03-20T01:24:47.287+0000] {processor.py:925} INFO - DAG(s) 'load_profit_uk' retrieved from /opt/airflow/dags/3conections.py
[2025-03-20T01:24:47.340+0000] {logging_mixin.py:190} INFO - [2025-03-20T01:24:47.339+0000] {dag.py:3239} INFO - Sync 1 DAGs
[2025-03-20T01:24:47.393+0000] {logging_mixin.py:190} INFO - [2025-03-20T01:24:47.392+0000] {dag.py:4180} INFO - Setting next_dagrun for load_profit_uk to 2025-03-19 21:00:00+00:00, run_after=2025-03-20 21:00:00+00:00
[2025-03-20T01:24:47.484+0000] {processor.py:208} INFO - Processing /opt/airflow/dags/3conections.py took 0.298 seconds
[2025-03-20T01:26:52.461+0000] {processor.py:186} INFO - Started process (PID=87) to work on /opt/airflow/dags/3conections.py
[2025-03-20T01:26:52.463+0000] {processor.py:914} INFO - Processing file /opt/airflow/dags/3conections.py for tasks to queue
[2025-03-20T01:26:52.466+0000] {logging_mixin.py:190} INFO - [2025-03-20T01:26:52.466+0000] {dagbag.py:588} INFO - Filling up the DagBag from /opt/airflow/dags/3conections.py
[2025-03-20T01:26:52.541+0000] {processor.py:925} INFO - DAG(s) 'load_profit_uk' retrieved from /opt/airflow/dags/3conections.py
[2025-03-20T01:26:52.596+0000] {logging_mixin.py:190} INFO - [2025-03-20T01:26:52.595+0000] {dag.py:3239} INFO - Sync 1 DAGs
[2025-03-20T01:26:52.638+0000] {logging_mixin.py:190} INFO - [2025-03-20T01:26:52.638+0000] {dag.py:4180} INFO - Setting next_dagrun for load_profit_uk to 2025-03-19 21:00:00+00:00, run_after=2025-03-20 21:00:00+00:00
[2025-03-20T01:26:52.734+0000] {processor.py:208} INFO - Processing /opt/airflow/dags/3conections.py took 0.282 seconds
[2025-03-20T01:27:23.811+0000] {processor.py:186} INFO - Started process (PID=108) to work on /opt/airflow/dags/3conections.py
[2025-03-20T01:27:23.812+0000] {processor.py:914} INFO - Processing file /opt/airflow/dags/3conections.py for tasks to queue
[2025-03-20T01:27:23.823+0000] {logging_mixin.py:190} INFO - [2025-03-20T01:27:23.822+0000] {dagbag.py:588} INFO - Filling up the DagBag from /opt/airflow/dags/3conections.py
[2025-03-20T01:27:23.898+0000] {processor.py:925} INFO - DAG(s) 'load_profit_uk' retrieved from /opt/airflow/dags/3conections.py
[2025-03-20T01:27:23.958+0000] {logging_mixin.py:190} INFO - [2025-03-20T01:27:23.958+0000] {dag.py:3239} INFO - Sync 1 DAGs
[2025-03-20T01:27:24.000+0000] {logging_mixin.py:190} INFO - [2025-03-20T01:27:24.000+0000] {dag.py:4180} INFO - Setting next_dagrun for load_profit_uk to 2025-03-19 21:00:00+00:00, run_after=2025-03-20 21:00:00+00:00
[2025-03-20T01:27:24.153+0000] {processor.py:208} INFO - Processing /opt/airflow/dags/3conections.py took 0.352 seconds
[2025-03-20T01:27:54.842+0000] {processor.py:186} INFO - Started process (PID=113) to work on /opt/airflow/dags/3conections.py
[2025-03-20T01:27:54.845+0000] {processor.py:914} INFO - Processing file /opt/airflow/dags/3conections.py for tasks to queue
[2025-03-20T01:27:54.849+0000] {logging_mixin.py:190} INFO - [2025-03-20T01:27:54.849+0000] {dagbag.py:588} INFO - Filling up the DagBag from /opt/airflow/dags/3conections.py
[2025-03-20T01:27:54.921+0000] {processor.py:925} INFO - DAG(s) 'load_profit_uk' retrieved from /opt/airflow/dags/3conections.py
[2025-03-20T01:27:54.986+0000] {logging_mixin.py:190} INFO - [2025-03-20T01:27:54.985+0000] {dag.py:3239} INFO - Sync 1 DAGs
[2025-03-20T01:27:55.047+0000] {logging_mixin.py:190} INFO - [2025-03-20T01:27:55.046+0000] {dag.py:4180} INFO - Setting next_dagrun for load_profit_uk to 2025-03-19 21:00:00+00:00, run_after=2025-03-20 21:00:00+00:00
[2025-03-20T01:27:55.208+0000] {processor.py:208} INFO - Processing /opt/airflow/dags/3conections.py took 0.374 seconds
[2025-03-20T01:28:26.493+0000] {processor.py:186} INFO - Started process (PID=118) to work on /opt/airflow/dags/3conections.py
[2025-03-20T01:28:26.495+0000] {processor.py:914} INFO - Processing file /opt/airflow/dags/3conections.py for tasks to queue
[2025-03-20T01:28:26.500+0000] {logging_mixin.py:190} INFO - [2025-03-20T01:28:26.500+0000] {dagbag.py:588} INFO - Filling up the DagBag from /opt/airflow/dags/3conections.py
[2025-03-20T01:28:26.714+0000] {processor.py:925} INFO - DAG(s) 'load_profit_uk' retrieved from /opt/airflow/dags/3conections.py
[2025-03-20T01:28:26.765+0000] {logging_mixin.py:190} INFO - [2025-03-20T01:28:26.764+0000] {dag.py:3239} INFO - Sync 1 DAGs
[2025-03-20T01:28:26.804+0000] {logging_mixin.py:190} INFO - [2025-03-20T01:28:26.804+0000] {dag.py:4180} INFO - Setting next_dagrun for load_profit_uk to 2025-03-19 21:00:00+00:00, run_after=2025-03-20 21:00:00+00:00
[2025-03-20T01:28:26.923+0000] {processor.py:208} INFO - Processing /opt/airflow/dags/3conections.py took 0.439 seconds
[2025-03-20T01:28:57.449+0000] {processor.py:186} INFO - Started process (PID=123) to work on /opt/airflow/dags/3conections.py
[2025-03-20T01:28:57.451+0000] {processor.py:914} INFO - Processing file /opt/airflow/dags/3conections.py for tasks to queue
[2025-03-20T01:28:57.454+0000] {logging_mixin.py:190} INFO - [2025-03-20T01:28:57.454+0000] {dagbag.py:588} INFO - Filling up the DagBag from /opt/airflow/dags/3conections.py
[2025-03-20T01:28:57.505+0000] {processor.py:925} INFO - DAG(s) 'load_profit_uk' retrieved from /opt/airflow/dags/3conections.py
[2025-03-20T01:28:57.552+0000] {logging_mixin.py:190} INFO - [2025-03-20T01:28:57.551+0000] {dag.py:3239} INFO - Sync 1 DAGs
[2025-03-20T01:28:57.599+0000] {logging_mixin.py:190} INFO - [2025-03-20T01:28:57.599+0000] {dag.py:4180} INFO - Setting next_dagrun for load_profit_uk to 2025-03-19 21:00:00+00:00, run_after=2025-03-20 21:00:00+00:00
[2025-03-20T01:28:57.704+0000] {processor.py:208} INFO - Processing /opt/airflow/dags/3conections.py took 0.263 seconds
[2025-03-20T01:29:28.221+0000] {processor.py:186} INFO - Started process (PID=128) to work on /opt/airflow/dags/3conections.py
[2025-03-20T01:29:28.223+0000] {processor.py:914} INFO - Processing file /opt/airflow/dags/3conections.py for tasks to queue
[2025-03-20T01:29:28.229+0000] {logging_mixin.py:190} INFO - [2025-03-20T01:29:28.228+0000] {dagbag.py:588} INFO - Filling up the DagBag from /opt/airflow/dags/3conections.py
[2025-03-20T01:29:28.312+0000] {processor.py:925} INFO - DAG(s) 'load_profit_uk' retrieved from /opt/airflow/dags/3conections.py
[2025-03-20T01:29:28.359+0000] {logging_mixin.py:190} INFO - [2025-03-20T01:29:28.359+0000] {dag.py:3239} INFO - Sync 1 DAGs
[2025-03-20T01:29:28.417+0000] {logging_mixin.py:190} INFO - [2025-03-20T01:29:28.416+0000] {dag.py:4180} INFO - Setting next_dagrun for load_profit_uk to 2025-03-19 21:00:00+00:00, run_after=2025-03-20 21:00:00+00:00
[2025-03-20T01:29:28.534+0000] {processor.py:208} INFO - Processing /opt/airflow/dags/3conections.py took 0.332 seconds
[2025-03-20T01:29:59.013+0000] {processor.py:186} INFO - Started process (PID=133) to work on /opt/airflow/dags/3conections.py
[2025-03-20T01:29:59.014+0000] {processor.py:914} INFO - Processing file /opt/airflow/dags/3conections.py for tasks to queue
[2025-03-20T01:29:59.019+0000] {logging_mixin.py:190} INFO - [2025-03-20T01:29:59.018+0000] {dagbag.py:588} INFO - Filling up the DagBag from /opt/airflow/dags/3conections.py
[2025-03-20T01:29:59.090+0000] {processor.py:925} INFO - DAG(s) 'load_profit_uk' retrieved from /opt/airflow/dags/3conections.py
[2025-03-20T01:29:59.134+0000] {logging_mixin.py:190} INFO - [2025-03-20T01:29:59.133+0000] {dag.py:3239} INFO - Sync 1 DAGs
[2025-03-20T01:29:59.191+0000] {logging_mixin.py:190} INFO - [2025-03-20T01:29:59.190+0000] {dag.py:4180} INFO - Setting next_dagrun for load_profit_uk to 2025-03-19 21:00:00+00:00, run_after=2025-03-20 21:00:00+00:00
[2025-03-20T01:29:59.337+0000] {processor.py:208} INFO - Processing /opt/airflow/dags/3conections.py took 0.333 seconds
[2025-03-20T01:30:30.383+0000] {processor.py:186} INFO - Started process (PID=138) to work on /opt/airflow/dags/3conections.py
[2025-03-20T01:30:30.385+0000] {processor.py:914} INFO - Processing file /opt/airflow/dags/3conections.py for tasks to queue
[2025-03-20T01:30:30.391+0000] {logging_mixin.py:190} INFO - [2025-03-20T01:30:30.390+0000] {dagbag.py:588} INFO - Filling up the DagBag from /opt/airflow/dags/3conections.py
[2025-03-20T01:30:30.472+0000] {processor.py:925} INFO - DAG(s) 'load_profit_uk' retrieved from /opt/airflow/dags/3conections.py
[2025-03-20T01:30:30.551+0000] {logging_mixin.py:190} INFO - [2025-03-20T01:30:30.550+0000] {dag.py:3239} INFO - Sync 1 DAGs
[2025-03-20T01:30:30.619+0000] {logging_mixin.py:190} INFO - [2025-03-20T01:30:30.618+0000] {dag.py:4180} INFO - Setting next_dagrun for load_profit_uk to 2025-03-19 21:00:00+00:00, run_after=2025-03-20 21:00:00+00:00
[2025-03-20T01:30:30.803+0000] {processor.py:208} INFO - Processing /opt/airflow/dags/3conections.py took 0.433 seconds
[2025-03-20T01:31:01.361+0000] {processor.py:186} INFO - Started process (PID=143) to work on /opt/airflow/dags/3conections.py
[2025-03-20T01:31:01.362+0000] {processor.py:914} INFO - Processing file /opt/airflow/dags/3conections.py for tasks to queue
[2025-03-20T01:31:01.367+0000] {logging_mixin.py:190} INFO - [2025-03-20T01:31:01.367+0000] {dagbag.py:588} INFO - Filling up the DagBag from /opt/airflow/dags/3conections.py
[2025-03-20T01:31:01.478+0000] {processor.py:925} INFO - DAG(s) 'load_profit_uk' retrieved from /opt/airflow/dags/3conections.py
[2025-03-20T01:31:01.543+0000] {logging_mixin.py:190} INFO - [2025-03-20T01:31:01.543+0000] {dag.py:3239} INFO - Sync 1 DAGs
[2025-03-20T01:31:01.597+0000] {logging_mixin.py:190} INFO - [2025-03-20T01:31:01.597+0000] {dag.py:4180} INFO - Setting next_dagrun for load_profit_uk to 2025-03-19 21:00:00+00:00, run_after=2025-03-20 21:00:00+00:00
[2025-03-20T01:31:01.768+0000] {processor.py:208} INFO - Processing /opt/airflow/dags/3conections.py took 0.418 seconds
[2025-03-20T01:31:32.150+0000] {processor.py:186} INFO - Started process (PID=148) to work on /opt/airflow/dags/3conections.py
[2025-03-20T01:31:32.152+0000] {processor.py:914} INFO - Processing file /opt/airflow/dags/3conections.py for tasks to queue
[2025-03-20T01:31:32.156+0000] {logging_mixin.py:190} INFO - [2025-03-20T01:31:32.156+0000] {dagbag.py:588} INFO - Filling up the DagBag from /opt/airflow/dags/3conections.py
[2025-03-20T01:31:32.230+0000] {processor.py:925} INFO - DAG(s) 'load_profit_uk' retrieved from /opt/airflow/dags/3conections.py
[2025-03-20T01:31:32.272+0000] {logging_mixin.py:190} INFO - [2025-03-20T01:31:32.272+0000] {dag.py:3239} INFO - Sync 1 DAGs
[2025-03-20T01:31:32.326+0000] {logging_mixin.py:190} INFO - [2025-03-20T01:31:32.326+0000] {dag.py:4180} INFO - Setting next_dagrun for load_profit_uk to 2025-03-19 21:00:00+00:00, run_after=2025-03-20 21:00:00+00:00
[2025-03-20T01:31:32.539+0000] {processor.py:208} INFO - Processing /opt/airflow/dags/3conections.py took 0.396 seconds
[2025-03-20T01:32:03.371+0000] {processor.py:186} INFO - Started process (PID=153) to work on /opt/airflow/dags/3conections.py
[2025-03-20T01:32:03.375+0000] {processor.py:914} INFO - Processing file /opt/airflow/dags/3conections.py for tasks to queue
[2025-03-20T01:32:03.379+0000] {logging_mixin.py:190} INFO - [2025-03-20T01:32:03.378+0000] {dagbag.py:588} INFO - Filling up the DagBag from /opt/airflow/dags/3conections.py
[2025-03-20T01:32:03.452+0000] {processor.py:925} INFO - DAG(s) 'load_profit_uk' retrieved from /opt/airflow/dags/3conections.py
[2025-03-20T01:32:03.510+0000] {logging_mixin.py:190} INFO - [2025-03-20T01:32:03.509+0000] {dag.py:3239} INFO - Sync 1 DAGs
[2025-03-20T01:32:03.561+0000] {logging_mixin.py:190} INFO - [2025-03-20T01:32:03.561+0000] {dag.py:4180} INFO - Setting next_dagrun for load_profit_uk to 2025-03-19 21:00:00+00:00, run_after=2025-03-20 21:00:00+00:00
[2025-03-20T01:32:03.680+0000] {processor.py:208} INFO - Processing /opt/airflow/dags/3conections.py took 0.318 seconds
[2025-03-20T01:32:34.078+0000] {processor.py:186} INFO - Started process (PID=158) to work on /opt/airflow/dags/3conections.py
[2025-03-20T01:32:34.080+0000] {processor.py:914} INFO - Processing file /opt/airflow/dags/3conections.py for tasks to queue
[2025-03-20T01:32:34.084+0000] {logging_mixin.py:190} INFO - [2025-03-20T01:32:34.084+0000] {dagbag.py:588} INFO - Filling up the DagBag from /opt/airflow/dags/3conections.py
[2025-03-20T01:32:34.140+0000] {processor.py:925} INFO - DAG(s) 'load_profit_uk' retrieved from /opt/airflow/dags/3conections.py
[2025-03-20T01:32:34.190+0000] {logging_mixin.py:190} INFO - [2025-03-20T01:32:34.190+0000] {dag.py:3239} INFO - Sync 1 DAGs
[2025-03-20T01:32:34.240+0000] {logging_mixin.py:190} INFO - [2025-03-20T01:32:34.239+0000] {dag.py:4180} INFO - Setting next_dagrun for load_profit_uk to 2025-03-19 21:00:00+00:00, run_after=2025-03-20 21:00:00+00:00
[2025-03-20T01:32:34.337+0000] {processor.py:208} INFO - Processing /opt/airflow/dags/3conections.py took 0.266 seconds
[2025-03-20T01:33:05.432+0000] {processor.py:186} INFO - Started process (PID=163) to work on /opt/airflow/dags/3conections.py
[2025-03-20T01:33:05.434+0000] {processor.py:914} INFO - Processing file /opt/airflow/dags/3conections.py for tasks to queue
[2025-03-20T01:33:05.438+0000] {logging_mixin.py:190} INFO - [2025-03-20T01:33:05.437+0000] {dagbag.py:588} INFO - Filling up the DagBag from /opt/airflow/dags/3conections.py
[2025-03-20T01:33:05.505+0000] {processor.py:925} INFO - DAG(s) 'load_profit_uk' retrieved from /opt/airflow/dags/3conections.py
[2025-03-20T01:33:05.559+0000] {logging_mixin.py:190} INFO - [2025-03-20T01:33:05.558+0000] {dag.py:3239} INFO - Sync 1 DAGs
[2025-03-20T01:33:05.607+0000] {logging_mixin.py:190} INFO - [2025-03-20T01:33:05.606+0000] {dag.py:4180} INFO - Setting next_dagrun for load_profit_uk to 2025-03-19 21:00:00+00:00, run_after=2025-03-20 21:00:00+00:00
[2025-03-20T01:33:05.707+0000] {processor.py:208} INFO - Processing /opt/airflow/dags/3conections.py took 0.283 seconds
[2025-03-20T01:33:36.142+0000] {processor.py:186} INFO - Started process (PID=168) to work on /opt/airflow/dags/3conections.py
[2025-03-20T01:33:36.144+0000] {processor.py:914} INFO - Processing file /opt/airflow/dags/3conections.py for tasks to queue
[2025-03-20T01:33:36.151+0000] {logging_mixin.py:190} INFO - [2025-03-20T01:33:36.150+0000] {dagbag.py:588} INFO - Filling up the DagBag from /opt/airflow/dags/3conections.py
[2025-03-20T01:33:36.206+0000] {processor.py:925} INFO - DAG(s) 'load_profit_uk' retrieved from /opt/airflow/dags/3conections.py
[2025-03-20T01:33:36.255+0000] {logging_mixin.py:190} INFO - [2025-03-20T01:33:36.254+0000] {dag.py:3239} INFO - Sync 1 DAGs
[2025-03-20T01:33:36.297+0000] {logging_mixin.py:190} INFO - [2025-03-20T01:33:36.296+0000] {dag.py:4180} INFO - Setting next_dagrun for load_profit_uk to 2025-03-19 21:00:00+00:00, run_after=2025-03-20 21:00:00+00:00
[2025-03-20T01:33:36.385+0000] {processor.py:208} INFO - Processing /opt/airflow/dags/3conections.py took 0.252 seconds
[2025-03-20T01:34:07.563+0000] {processor.py:186} INFO - Started process (PID=173) to work on /opt/airflow/dags/3conections.py
[2025-03-20T01:34:07.565+0000] {processor.py:914} INFO - Processing file /opt/airflow/dags/3conections.py for tasks to queue
[2025-03-20T01:34:07.572+0000] {logging_mixin.py:190} INFO - [2025-03-20T01:34:07.571+0000] {dagbag.py:588} INFO - Filling up the DagBag from /opt/airflow/dags/3conections.py
[2025-03-20T01:34:07.643+0000] {processor.py:925} INFO - DAG(s) 'load_profit_uk' retrieved from /opt/airflow/dags/3conections.py
[2025-03-20T01:34:07.709+0000] {logging_mixin.py:190} INFO - [2025-03-20T01:34:07.709+0000] {dag.py:3239} INFO - Sync 1 DAGs
[2025-03-20T01:34:07.756+0000] {logging_mixin.py:190} INFO - [2025-03-20T01:34:07.756+0000] {dag.py:4180} INFO - Setting next_dagrun for load_profit_uk to 2025-03-19 21:00:00+00:00, run_after=2025-03-20 21:00:00+00:00
[2025-03-20T01:34:07.879+0000] {processor.py:208} INFO - Processing /opt/airflow/dags/3conections.py took 0.327 seconds
[2025-03-20T01:34:38.092+0000] {processor.py:186} INFO - Started process (PID=178) to work on /opt/airflow/dags/3conections.py
[2025-03-20T01:34:38.094+0000] {processor.py:914} INFO - Processing file /opt/airflow/dags/3conections.py for tasks to queue
[2025-03-20T01:34:38.102+0000] {logging_mixin.py:190} INFO - [2025-03-20T01:34:38.101+0000] {dagbag.py:588} INFO - Filling up the DagBag from /opt/airflow/dags/3conections.py
[2025-03-20T01:34:38.174+0000] {processor.py:925} INFO - DAG(s) 'load_profit_uk' retrieved from /opt/airflow/dags/3conections.py
[2025-03-20T01:34:38.229+0000] {logging_mixin.py:190} INFO - [2025-03-20T01:34:38.229+0000] {dag.py:3239} INFO - Sync 1 DAGs
[2025-03-20T01:34:38.273+0000] {logging_mixin.py:190} INFO - [2025-03-20T01:34:38.273+0000] {dag.py:4180} INFO - Setting next_dagrun for load_profit_uk to 2025-03-19 21:00:00+00:00, run_after=2025-03-20 21:00:00+00:00
[2025-03-20T01:34:38.501+0000] {processor.py:208} INFO - Processing /opt/airflow/dags/3conections.py took 0.418 seconds
[2025-03-20T01:35:46.569+0000] {processor.py:186} INFO - Started process (PID=88) to work on /opt/airflow/dags/3conections.py
[2025-03-20T01:35:46.573+0000] {processor.py:914} INFO - Processing file /opt/airflow/dags/3conections.py for tasks to queue
[2025-03-20T01:35:46.577+0000] {logging_mixin.py:190} INFO - [2025-03-20T01:35:46.576+0000] {dagbag.py:588} INFO - Filling up the DagBag from /opt/airflow/dags/3conections.py
[2025-03-20T01:35:46.635+0000] {processor.py:925} INFO - DAG(s) 'load_profit_uk' retrieved from /opt/airflow/dags/3conections.py
[2025-03-20T01:35:46.682+0000] {logging_mixin.py:190} INFO - [2025-03-20T01:35:46.681+0000] {dag.py:3239} INFO - Sync 1 DAGs
[2025-03-20T01:35:46.735+0000] {logging_mixin.py:190} INFO - [2025-03-20T01:35:46.735+0000] {dag.py:4180} INFO - Setting next_dagrun for load_profit_uk to 2025-03-19 21:00:00+00:00, run_after=2025-03-20 21:00:00+00:00
[2025-03-20T01:35:46.911+0000] {processor.py:208} INFO - Processing /opt/airflow/dags/3conections.py took 0.350 seconds
[2025-03-20T01:36:17.327+0000] {processor.py:186} INFO - Started process (PID=119) to work on /opt/airflow/dags/3conections.py
[2025-03-20T01:36:17.329+0000] {processor.py:914} INFO - Processing file /opt/airflow/dags/3conections.py for tasks to queue
[2025-03-20T01:36:17.334+0000] {logging_mixin.py:190} INFO - [2025-03-20T01:36:17.333+0000] {dagbag.py:588} INFO - Filling up the DagBag from /opt/airflow/dags/3conections.py
[2025-03-20T01:36:17.394+0000] {processor.py:925} INFO - DAG(s) 'load_profit_uk' retrieved from /opt/airflow/dags/3conections.py
[2025-03-20T01:36:17.460+0000] {logging_mixin.py:190} INFO - [2025-03-20T01:36:17.460+0000] {dag.py:3239} INFO - Sync 1 DAGs
[2025-03-20T01:36:17.530+0000] {logging_mixin.py:190} INFO - [2025-03-20T01:36:17.530+0000] {dag.py:4180} INFO - Setting next_dagrun for load_profit_uk to 2025-03-19 21:00:00+00:00, run_after=2025-03-20 21:00:00+00:00
[2025-03-20T01:36:17.646+0000] {processor.py:208} INFO - Processing /opt/airflow/dags/3conections.py took 0.329 seconds
[2025-03-20T01:36:48.336+0000] {processor.py:186} INFO - Started process (PID=124) to work on /opt/airflow/dags/3conections.py
[2025-03-20T01:36:48.338+0000] {processor.py:914} INFO - Processing file /opt/airflow/dags/3conections.py for tasks to queue
[2025-03-20T01:36:48.343+0000] {logging_mixin.py:190} INFO - [2025-03-20T01:36:48.342+0000] {dagbag.py:588} INFO - Filling up the DagBag from /opt/airflow/dags/3conections.py
[2025-03-20T01:36:48.424+0000] {processor.py:925} INFO - DAG(s) 'load_profit_uk' retrieved from /opt/airflow/dags/3conections.py
[2025-03-20T01:36:48.509+0000] {logging_mixin.py:190} INFO - [2025-03-20T01:36:48.508+0000] {dag.py:3239} INFO - Sync 1 DAGs
[2025-03-20T01:36:48.589+0000] {logging_mixin.py:190} INFO - [2025-03-20T01:36:48.589+0000] {dag.py:4180} INFO - Setting next_dagrun for load_profit_uk to 2025-03-19 21:00:00+00:00, run_after=2025-03-20 21:00:00+00:00
[2025-03-20T01:36:48.735+0000] {processor.py:208} INFO - Processing /opt/airflow/dags/3conections.py took 0.412 seconds
[2025-03-20T01:37:18.954+0000] {processor.py:186} INFO - Started process (PID=129) to work on /opt/airflow/dags/3conections.py
[2025-03-20T01:37:18.956+0000] {processor.py:914} INFO - Processing file /opt/airflow/dags/3conections.py for tasks to queue
[2025-03-20T01:37:18.961+0000] {logging_mixin.py:190} INFO - [2025-03-20T01:37:18.960+0000] {dagbag.py:588} INFO - Filling up the DagBag from /opt/airflow/dags/3conections.py
[2025-03-20T01:37:19.028+0000] {processor.py:925} INFO - DAG(s) 'load_profit_uk' retrieved from /opt/airflow/dags/3conections.py
[2025-03-20T01:37:19.096+0000] {logging_mixin.py:190} INFO - [2025-03-20T01:37:19.095+0000] {dag.py:3239} INFO - Sync 1 DAGs
[2025-03-20T01:37:19.142+0000] {logging_mixin.py:190} INFO - [2025-03-20T01:37:19.142+0000] {dag.py:4180} INFO - Setting next_dagrun for load_profit_uk to 2025-03-19 21:00:00+00:00, run_after=2025-03-20 21:00:00+00:00
[2025-03-20T01:37:19.241+0000] {processor.py:208} INFO - Processing /opt/airflow/dags/3conections.py took 0.295 seconds
[2025-03-20T01:37:50.300+0000] {processor.py:186} INFO - Started process (PID=134) to work on /opt/airflow/dags/3conections.py
[2025-03-20T01:37:50.302+0000] {processor.py:914} INFO - Processing file /opt/airflow/dags/3conections.py for tasks to queue
[2025-03-20T01:37:50.305+0000] {logging_mixin.py:190} INFO - [2025-03-20T01:37:50.305+0000] {dagbag.py:588} INFO - Filling up the DagBag from /opt/airflow/dags/3conections.py
[2025-03-20T01:37:50.377+0000] {processor.py:925} INFO - DAG(s) 'load_profit_uk' retrieved from /opt/airflow/dags/3conections.py
[2025-03-20T01:37:50.441+0000] {logging_mixin.py:190} INFO - [2025-03-20T01:37:50.441+0000] {dag.py:3239} INFO - Sync 1 DAGs
[2025-03-20T01:37:50.513+0000] {logging_mixin.py:190} INFO - [2025-03-20T01:37:50.512+0000] {dag.py:4180} INFO - Setting next_dagrun for load_profit_uk to 2025-03-19 21:00:00+00:00, run_after=2025-03-20 21:00:00+00:00
[2025-03-20T01:37:50.651+0000] {processor.py:208} INFO - Processing /opt/airflow/dags/3conections.py took 0.360 seconds
[2025-03-20T01:38:21.922+0000] {processor.py:186} INFO - Started process (PID=139) to work on /opt/airflow/dags/3conections.py
[2025-03-20T01:38:21.925+0000] {processor.py:914} INFO - Processing file /opt/airflow/dags/3conections.py for tasks to queue
[2025-03-20T01:38:21.930+0000] {logging_mixin.py:190} INFO - [2025-03-20T01:38:21.929+0000] {dagbag.py:588} INFO - Filling up the DagBag from /opt/airflow/dags/3conections.py
[2025-03-20T01:38:22.019+0000] {processor.py:925} INFO - DAG(s) 'load_profit_uk' retrieved from /opt/airflow/dags/3conections.py
[2025-03-20T01:38:22.111+0000] {logging_mixin.py:190} INFO - [2025-03-20T01:38:22.111+0000] {dag.py:3239} INFO - Sync 1 DAGs
[2025-03-20T01:38:22.170+0000] {logging_mixin.py:190} INFO - [2025-03-20T01:38:22.169+0000] {dag.py:4180} INFO - Setting next_dagrun for load_profit_uk to 2025-03-19 21:00:00+00:00, run_after=2025-03-20 21:00:00+00:00
[2025-03-20T01:38:22.354+0000] {processor.py:208} INFO - Processing /opt/airflow/dags/3conections.py took 0.441 seconds
[2025-03-20T01:38:52.728+0000] {processor.py:186} INFO - Started process (PID=144) to work on /opt/airflow/dags/3conections.py
[2025-03-20T01:38:52.738+0000] {processor.py:914} INFO - Processing file /opt/airflow/dags/3conections.py for tasks to queue
[2025-03-20T01:38:52.750+0000] {logging_mixin.py:190} INFO - [2025-03-20T01:38:52.749+0000] {dagbag.py:588} INFO - Filling up the DagBag from /opt/airflow/dags/3conections.py
[2025-03-20T01:38:52.910+0000] {processor.py:925} INFO - DAG(s) 'load_profit_uk' retrieved from /opt/airflow/dags/3conections.py
[2025-03-20T01:38:52.966+0000] {logging_mixin.py:190} INFO - [2025-03-20T01:38:52.965+0000] {dag.py:3239} INFO - Sync 1 DAGs
[2025-03-20T01:38:53.025+0000] {logging_mixin.py:190} INFO - [2025-03-20T01:38:53.024+0000] {dag.py:4180} INFO - Setting next_dagrun for load_profit_uk to 2025-03-19 21:00:00+00:00, run_after=2025-03-20 21:00:00+00:00
[2025-03-20T01:38:53.194+0000] {processor.py:208} INFO - Processing /opt/airflow/dags/3conections.py took 0.478 seconds
[2025-03-20T01:39:24.432+0000] {processor.py:186} INFO - Started process (PID=149) to work on /opt/airflow/dags/3conections.py
[2025-03-20T01:39:24.434+0000] {processor.py:914} INFO - Processing file /opt/airflow/dags/3conections.py for tasks to queue
[2025-03-20T01:39:24.437+0000] {logging_mixin.py:190} INFO - [2025-03-20T01:39:24.436+0000] {dagbag.py:588} INFO - Filling up the DagBag from /opt/airflow/dags/3conections.py
[2025-03-20T01:39:24.511+0000] {processor.py:925} INFO - DAG(s) 'load_profit_uk' retrieved from /opt/airflow/dags/3conections.py
[2025-03-20T01:39:24.556+0000] {logging_mixin.py:190} INFO - [2025-03-20T01:39:24.555+0000] {dag.py:3239} INFO - Sync 1 DAGs
[2025-03-20T01:39:24.607+0000] {logging_mixin.py:190} INFO - [2025-03-20T01:39:24.607+0000] {dag.py:4180} INFO - Setting next_dagrun for load_profit_uk to 2025-03-19 21:00:00+00:00, run_after=2025-03-20 21:00:00+00:00
[2025-03-20T01:39:24.820+0000] {processor.py:208} INFO - Processing /opt/airflow/dags/3conections.py took 0.398 seconds
[2025-03-20T01:39:55.194+0000] {processor.py:186} INFO - Started process (PID=154) to work on /opt/airflow/dags/3conections.py
[2025-03-20T01:39:55.196+0000] {processor.py:914} INFO - Processing file /opt/airflow/dags/3conections.py for tasks to queue
[2025-03-20T01:39:55.202+0000] {logging_mixin.py:190} INFO - [2025-03-20T01:39:55.201+0000] {dagbag.py:588} INFO - Filling up the DagBag from /opt/airflow/dags/3conections.py
[2025-03-20T01:39:55.266+0000] {processor.py:925} INFO - DAG(s) 'load_profit_uk' retrieved from /opt/airflow/dags/3conections.py
[2025-03-20T01:39:55.312+0000] {logging_mixin.py:190} INFO - [2025-03-20T01:39:55.311+0000] {dag.py:3239} INFO - Sync 1 DAGs
[2025-03-20T01:39:55.350+0000] {logging_mixin.py:190} INFO - [2025-03-20T01:39:55.350+0000] {dag.py:4180} INFO - Setting next_dagrun for load_profit_uk to 2025-03-19 21:00:00+00:00, run_after=2025-03-20 21:00:00+00:00
[2025-03-20T01:39:55.497+0000] {processor.py:208} INFO - Processing /opt/airflow/dags/3conections.py took 0.310 seconds
[2025-03-20T01:40:25.823+0000] {processor.py:186} INFO - Started process (PID=159) to work on /opt/airflow/dags/3conections.py
[2025-03-20T01:40:25.825+0000] {processor.py:914} INFO - Processing file /opt/airflow/dags/3conections.py for tasks to queue
[2025-03-20T01:40:25.830+0000] {logging_mixin.py:190} INFO - [2025-03-20T01:40:25.829+0000] {dagbag.py:588} INFO - Filling up the DagBag from /opt/airflow/dags/3conections.py
[2025-03-20T01:40:25.898+0000] {processor.py:925} INFO - DAG(s) 'load_profit_uk' retrieved from /opt/airflow/dags/3conections.py
[2025-03-20T01:40:25.951+0000] {logging_mixin.py:190} INFO - [2025-03-20T01:40:25.950+0000] {dag.py:3239} INFO - Sync 1 DAGs
[2025-03-20T01:40:26.013+0000] {logging_mixin.py:190} INFO - [2025-03-20T01:40:26.012+0000] {dag.py:4180} INFO - Setting next_dagrun for load_profit_uk to 2025-03-19 21:00:00+00:00, run_after=2025-03-20 21:00:00+00:00
[2025-03-20T01:40:26.115+0000] {processor.py:208} INFO - Processing /opt/airflow/dags/3conections.py took 0.308 seconds
[2025-03-20T01:40:57.323+0000] {processor.py:186} INFO - Started process (PID=164) to work on /opt/airflow/dags/3conections.py
[2025-03-20T01:40:57.325+0000] {processor.py:914} INFO - Processing file /opt/airflow/dags/3conections.py for tasks to queue
[2025-03-20T01:40:57.337+0000] {logging_mixin.py:190} INFO - [2025-03-20T01:40:57.336+0000] {dagbag.py:588} INFO - Filling up the DagBag from /opt/airflow/dags/3conections.py
[2025-03-20T01:40:57.435+0000] {processor.py:925} INFO - DAG(s) 'load_profit_uk' retrieved from /opt/airflow/dags/3conections.py
[2025-03-20T01:40:57.486+0000] {logging_mixin.py:190} INFO - [2025-03-20T01:40:57.486+0000] {dag.py:3239} INFO - Sync 1 DAGs
[2025-03-20T01:40:57.541+0000] {logging_mixin.py:190} INFO - [2025-03-20T01:40:57.541+0000] {dag.py:4180} INFO - Setting next_dagrun for load_profit_uk to 2025-03-19 21:00:00+00:00, run_after=2025-03-20 21:00:00+00:00
[2025-03-20T01:40:57.651+0000] {processor.py:208} INFO - Processing /opt/airflow/dags/3conections.py took 0.346 seconds
[2025-03-20T01:41:28.622+0000] {processor.py:186} INFO - Started process (PID=170) to work on /opt/airflow/dags/3conections.py
[2025-03-20T01:41:28.624+0000] {processor.py:914} INFO - Processing file /opt/airflow/dags/3conections.py for tasks to queue
[2025-03-20T01:41:28.638+0000] {logging_mixin.py:190} INFO - [2025-03-20T01:41:28.637+0000] {dagbag.py:588} INFO - Filling up the DagBag from /opt/airflow/dags/3conections.py
[2025-03-20T01:41:28.789+0000] {processor.py:925} INFO - DAG(s) 'load_profit_uk' retrieved from /opt/airflow/dags/3conections.py
[2025-03-20T01:41:28.931+0000] {logging_mixin.py:190} INFO - [2025-03-20T01:41:28.931+0000] {dag.py:3239} INFO - Sync 1 DAGs
[2025-03-20T01:41:28.990+0000] {logging_mixin.py:190} INFO - [2025-03-20T01:41:28.989+0000] {dag.py:4180} INFO - Setting next_dagrun for load_profit_uk to 2025-03-19 21:00:00+00:00, run_after=2025-03-20 21:00:00+00:00
[2025-03-20T01:41:29.126+0000] {processor.py:208} INFO - Processing /opt/airflow/dags/3conections.py took 0.524 seconds
[2025-03-20T01:41:59.820+0000] {processor.py:186} INFO - Started process (PID=175) to work on /opt/airflow/dags/3conections.py
[2025-03-20T01:41:59.822+0000] {processor.py:914} INFO - Processing file /opt/airflow/dags/3conections.py for tasks to queue
[2025-03-20T01:41:59.826+0000] {logging_mixin.py:190} INFO - [2025-03-20T01:41:59.825+0000] {dagbag.py:588} INFO - Filling up the DagBag from /opt/airflow/dags/3conections.py
[2025-03-20T01:41:59.879+0000] {processor.py:925} INFO - DAG(s) 'load_profit_uk' retrieved from /opt/airflow/dags/3conections.py
[2025-03-20T01:41:59.924+0000] {logging_mixin.py:190} INFO - [2025-03-20T01:41:59.923+0000] {dag.py:3239} INFO - Sync 1 DAGs
[2025-03-20T01:41:59.978+0000] {logging_mixin.py:190} INFO - [2025-03-20T01:41:59.978+0000] {dag.py:4180} INFO - Setting next_dagrun for load_profit_uk to 2025-03-19 21:00:00+00:00, run_after=2025-03-20 21:00:00+00:00
[2025-03-20T01:42:00.059+0000] {processor.py:208} INFO - Processing /opt/airflow/dags/3conections.py took 0.247 seconds
[2025-03-20T01:42:31.670+0000] {processor.py:186} INFO - Started process (PID=180) to work on /opt/airflow/dags/3conections.py
[2025-03-20T01:42:31.673+0000] {processor.py:914} INFO - Processing file /opt/airflow/dags/3conections.py for tasks to queue
[2025-03-20T01:42:31.679+0000] {logging_mixin.py:190} INFO - [2025-03-20T01:42:31.678+0000] {dagbag.py:588} INFO - Filling up the DagBag from /opt/airflow/dags/3conections.py
[2025-03-20T01:42:31.751+0000] {processor.py:925} INFO - DAG(s) 'load_profit_uk' retrieved from /opt/airflow/dags/3conections.py
[2025-03-20T01:42:31.805+0000] {logging_mixin.py:190} INFO - [2025-03-20T01:42:31.805+0000] {dag.py:3239} INFO - Sync 1 DAGs
[2025-03-20T01:42:31.853+0000] {logging_mixin.py:190} INFO - [2025-03-20T01:42:31.853+0000] {dag.py:4180} INFO - Setting next_dagrun for load_profit_uk to 2025-03-19 21:00:00+00:00, run_after=2025-03-20 21:00:00+00:00
[2025-03-20T01:42:31.988+0000] {processor.py:208} INFO - Processing /opt/airflow/dags/3conections.py took 0.330 seconds
[2025-03-20T01:43:03.194+0000] {processor.py:186} INFO - Started process (PID=185) to work on /opt/airflow/dags/3conections.py
[2025-03-20T01:43:03.196+0000] {processor.py:914} INFO - Processing file /opt/airflow/dags/3conections.py for tasks to queue
[2025-03-20T01:43:03.200+0000] {logging_mixin.py:190} INFO - [2025-03-20T01:43:03.199+0000] {dagbag.py:588} INFO - Filling up the DagBag from /opt/airflow/dags/3conections.py
[2025-03-20T01:43:03.260+0000] {processor.py:925} INFO - DAG(s) 'load_profit_uk' retrieved from /opt/airflow/dags/3conections.py
[2025-03-20T01:43:03.306+0000] {logging_mixin.py:190} INFO - [2025-03-20T01:43:03.305+0000] {dag.py:3239} INFO - Sync 1 DAGs
[2025-03-20T01:43:03.357+0000] {logging_mixin.py:190} INFO - [2025-03-20T01:43:03.357+0000] {dag.py:4180} INFO - Setting next_dagrun for load_profit_uk to 2025-03-19 21:00:00+00:00, run_after=2025-03-20 21:00:00+00:00
[2025-03-20T01:43:03.483+0000] {processor.py:208} INFO - Processing /opt/airflow/dags/3conections.py took 0.297 seconds
[2025-03-20T01:43:33.879+0000] {processor.py:186} INFO - Started process (PID=190) to work on /opt/airflow/dags/3conections.py
[2025-03-20T01:43:33.881+0000] {processor.py:914} INFO - Processing file /opt/airflow/dags/3conections.py for tasks to queue
[2025-03-20T01:43:33.884+0000] {logging_mixin.py:190} INFO - [2025-03-20T01:43:33.884+0000] {dagbag.py:588} INFO - Filling up the DagBag from /opt/airflow/dags/3conections.py
[2025-03-20T01:43:33.952+0000] {processor.py:925} INFO - DAG(s) 'load_profit_uk' retrieved from /opt/airflow/dags/3conections.py
[2025-03-20T01:43:34.004+0000] {logging_mixin.py:190} INFO - [2025-03-20T01:43:34.003+0000] {dag.py:3239} INFO - Sync 1 DAGs
[2025-03-20T01:43:34.048+0000] {logging_mixin.py:190} INFO - [2025-03-20T01:43:34.048+0000] {dag.py:4180} INFO - Setting next_dagrun for load_profit_uk to 2025-03-19 21:00:00+00:00, run_after=2025-03-20 21:00:00+00:00
[2025-03-20T01:43:34.170+0000] {processor.py:208} INFO - Processing /opt/airflow/dags/3conections.py took 0.299 seconds
[2025-03-20T01:44:06.581+0000] {processor.py:186} INFO - Started process (PID=197) to work on /opt/airflow/dags/3conections.py
[2025-03-20T01:44:06.583+0000] {processor.py:914} INFO - Processing file /opt/airflow/dags/3conections.py for tasks to queue
[2025-03-20T01:44:06.589+0000] {logging_mixin.py:190} INFO - [2025-03-20T01:44:06.588+0000] {dagbag.py:588} INFO - Filling up the DagBag from /opt/airflow/dags/3conections.py
[2025-03-20T01:44:06.656+0000] {processor.py:925} INFO - DAG(s) 'load_profit_uk' retrieved from /opt/airflow/dags/3conections.py
[2025-03-20T01:44:06.719+0000] {logging_mixin.py:190} INFO - [2025-03-20T01:44:06.718+0000] {dag.py:3239} INFO - Sync 1 DAGs
[2025-03-20T01:44:06.778+0000] {logging_mixin.py:190} INFO - [2025-03-20T01:44:06.777+0000] {dag.py:4180} INFO - Setting next_dagrun for load_profit_uk to 2025-03-19 21:00:00+00:00, run_after=2025-03-20 21:00:00+00:00
[2025-03-20T01:44:06.967+0000] {processor.py:208} INFO - Processing /opt/airflow/dags/3conections.py took 0.403 seconds
[2025-03-20T01:44:44.747+0000] {processor.py:186} INFO - Started process (PID=244) to work on /opt/airflow/dags/3conections.py
[2025-03-20T01:44:44.749+0000] {processor.py:914} INFO - Processing file /opt/airflow/dags/3conections.py for tasks to queue
[2025-03-20T01:44:44.755+0000] {logging_mixin.py:190} INFO - [2025-03-20T01:44:44.755+0000] {dagbag.py:588} INFO - Filling up the DagBag from /opt/airflow/dags/3conections.py
[2025-03-20T01:44:44.807+0000] {processor.py:925} INFO - DAG(s) 'load_profit_uk' retrieved from /opt/airflow/dags/3conections.py
[2025-03-20T01:44:44.854+0000] {logging_mixin.py:190} INFO - [2025-03-20T01:44:44.854+0000] {dag.py:3239} INFO - Sync 1 DAGs
[2025-03-20T01:44:44.936+0000] {logging_mixin.py:190} INFO - [2025-03-20T01:44:44.935+0000] {dag.py:4180} INFO - Setting next_dagrun for load_profit_uk to 2025-03-19 21:00:00+00:00, run_after=2025-03-20 21:00:00+00:00
[2025-03-20T01:44:45.045+0000] {processor.py:208} INFO - Processing /opt/airflow/dags/3conections.py took 0.307 seconds
[2025-03-20T01:45:16.342+0000] {processor.py:186} INFO - Started process (PID=249) to work on /opt/airflow/dags/3conections.py
[2025-03-20T01:45:16.343+0000] {processor.py:914} INFO - Processing file /opt/airflow/dags/3conections.py for tasks to queue
[2025-03-20T01:45:16.350+0000] {logging_mixin.py:190} INFO - [2025-03-20T01:45:16.349+0000] {dagbag.py:588} INFO - Filling up the DagBag from /opt/airflow/dags/3conections.py
[2025-03-20T01:45:16.405+0000] {processor.py:925} INFO - DAG(s) 'load_profit_uk' retrieved from /opt/airflow/dags/3conections.py
[2025-03-20T01:45:16.490+0000] {logging_mixin.py:190} INFO - [2025-03-20T01:45:16.488+0000] {dag.py:3239} INFO - Sync 1 DAGs
[2025-03-20T01:45:16.602+0000] {logging_mixin.py:190} INFO - [2025-03-20T01:45:16.601+0000] {dag.py:4180} INFO - Setting next_dagrun for load_profit_uk to 2025-03-19 21:00:00+00:00, run_after=2025-03-20 21:00:00+00:00
[2025-03-20T01:45:16.740+0000] {processor.py:208} INFO - Processing /opt/airflow/dags/3conections.py took 0.411 seconds
[2025-03-20T01:45:47.146+0000] {processor.py:186} INFO - Started process (PID=255) to work on /opt/airflow/dags/3conections.py
[2025-03-20T01:45:47.152+0000] {processor.py:914} INFO - Processing file /opt/airflow/dags/3conections.py for tasks to queue
[2025-03-20T01:45:47.160+0000] {logging_mixin.py:190} INFO - [2025-03-20T01:45:47.159+0000] {dagbag.py:588} INFO - Filling up the DagBag from /opt/airflow/dags/3conections.py
[2025-03-20T01:45:47.363+0000] {processor.py:925} INFO - DAG(s) 'load_profit_uk' retrieved from /opt/airflow/dags/3conections.py
[2025-03-20T01:45:47.419+0000] {logging_mixin.py:190} INFO - [2025-03-20T01:45:47.418+0000] {dag.py:3239} INFO - Sync 1 DAGs
[2025-03-20T01:45:47.476+0000] {logging_mixin.py:190} INFO - [2025-03-20T01:45:47.475+0000] {dag.py:4180} INFO - Setting next_dagrun for load_profit_uk to 2025-03-19 21:00:00+00:00, run_after=2025-03-20 21:00:00+00:00
[2025-03-20T01:45:47.586+0000] {processor.py:208} INFO - Processing /opt/airflow/dags/3conections.py took 0.452 seconds
[2025-03-20T01:46:17.832+0000] {processor.py:186} INFO - Started process (PID=260) to work on /opt/airflow/dags/3conections.py
[2025-03-20T01:46:17.834+0000] {processor.py:914} INFO - Processing file /opt/airflow/dags/3conections.py for tasks to queue
[2025-03-20T01:46:17.837+0000] {logging_mixin.py:190} INFO - [2025-03-20T01:46:17.837+0000] {dagbag.py:588} INFO - Filling up the DagBag from /opt/airflow/dags/3conections.py
[2025-03-20T01:46:17.907+0000] {processor.py:925} INFO - DAG(s) 'load_profit_uk' retrieved from /opt/airflow/dags/3conections.py
[2025-03-20T01:46:17.958+0000] {logging_mixin.py:190} INFO - [2025-03-20T01:46:17.958+0000] {dag.py:3239} INFO - Sync 1 DAGs
[2025-03-20T01:46:18.003+0000] {logging_mixin.py:190} INFO - [2025-03-20T01:46:18.002+0000] {dag.py:4180} INFO - Setting next_dagrun for load_profit_uk to 2025-03-19 21:00:00+00:00, run_after=2025-03-20 21:00:00+00:00
[2025-03-20T01:46:18.139+0000] {processor.py:208} INFO - Processing /opt/airflow/dags/3conections.py took 0.315 seconds
[2025-03-20T01:46:50.088+0000] {processor.py:186} INFO - Started process (PID=265) to work on /opt/airflow/dags/3conections.py
[2025-03-20T01:46:50.090+0000] {processor.py:914} INFO - Processing file /opt/airflow/dags/3conections.py for tasks to queue
[2025-03-20T01:46:50.094+0000] {logging_mixin.py:190} INFO - [2025-03-20T01:46:50.093+0000] {dagbag.py:588} INFO - Filling up the DagBag from /opt/airflow/dags/3conections.py
[2025-03-20T01:46:50.166+0000] {processor.py:925} INFO - DAG(s) 'load_profit_uk' retrieved from /opt/airflow/dags/3conections.py
[2025-03-20T01:46:50.372+0000] {logging_mixin.py:190} INFO - [2025-03-20T01:46:50.371+0000] {dag.py:3239} INFO - Sync 1 DAGs
[2025-03-20T01:46:50.422+0000] {logging_mixin.py:190} INFO - [2025-03-20T01:46:50.421+0000] {dag.py:4180} INFO - Setting next_dagrun for load_profit_uk to 2025-03-19 21:00:00+00:00, run_after=2025-03-20 21:00:00+00:00
[2025-03-20T01:46:50.576+0000] {processor.py:208} INFO - Processing /opt/airflow/dags/3conections.py took 0.496 seconds
[2025-03-20T01:47:23.394+0000] {processor.py:186} INFO - Started process (PID=271) to work on /opt/airflow/dags/3conections.py
[2025-03-20T01:47:23.396+0000] {processor.py:914} INFO - Processing file /opt/airflow/dags/3conections.py for tasks to queue
[2025-03-20T01:47:23.405+0000] {logging_mixin.py:190} INFO - [2025-03-20T01:47:23.404+0000] {dagbag.py:588} INFO - Filling up the DagBag from /opt/airflow/dags/3conections.py
[2025-03-20T01:47:23.483+0000] {processor.py:925} INFO - DAG(s) 'load_profit_uk' retrieved from /opt/airflow/dags/3conections.py
[2025-03-20T01:47:23.534+0000] {logging_mixin.py:190} INFO - [2025-03-20T01:47:23.534+0000] {dag.py:3239} INFO - Sync 1 DAGs
[2025-03-20T01:47:23.573+0000] {logging_mixin.py:190} INFO - [2025-03-20T01:47:23.573+0000] {dag.py:4180} INFO - Setting next_dagrun for load_profit_uk to 2025-03-19 21:00:00+00:00, run_after=2025-03-20 21:00:00+00:00
[2025-03-20T01:47:23.673+0000] {processor.py:208} INFO - Processing /opt/airflow/dags/3conections.py took 0.288 seconds
[2025-03-20T01:47:55.071+0000] {processor.py:186} INFO - Started process (PID=277) to work on /opt/airflow/dags/3conections.py
[2025-03-20T01:47:55.073+0000] {processor.py:914} INFO - Processing file /opt/airflow/dags/3conections.py for tasks to queue
[2025-03-20T01:47:55.082+0000] {logging_mixin.py:190} INFO - [2025-03-20T01:47:55.081+0000] {dagbag.py:588} INFO - Filling up the DagBag from /opt/airflow/dags/3conections.py
[2025-03-20T01:47:55.183+0000] {processor.py:925} INFO - DAG(s) 'load_profit_uk' retrieved from /opt/airflow/dags/3conections.py
[2025-03-20T01:47:55.236+0000] {logging_mixin.py:190} INFO - [2025-03-20T01:47:55.235+0000] {dag.py:3239} INFO - Sync 1 DAGs
[2025-03-20T01:47:55.300+0000] {logging_mixin.py:190} INFO - [2025-03-20T01:47:55.300+0000] {dag.py:4180} INFO - Setting next_dagrun for load_profit_uk to 2025-03-19 21:00:00+00:00, run_after=2025-03-20 21:00:00+00:00
[2025-03-20T01:47:55.388+0000] {processor.py:208} INFO - Processing /opt/airflow/dags/3conections.py took 0.325 seconds
[2025-03-20T01:48:14.266+0000] {processor.py:186} INFO - Started process (PID=280) to work on /opt/airflow/dags/3conections.py
[2025-03-20T01:48:14.268+0000] {processor.py:914} INFO - Processing file /opt/airflow/dags/3conections.py for tasks to queue
[2025-03-20T01:48:14.273+0000] {logging_mixin.py:190} INFO - [2025-03-20T01:48:14.273+0000] {dagbag.py:588} INFO - Filling up the DagBag from /opt/airflow/dags/3conections.py
[2025-03-20T01:48:14.368+0000] {processor.py:925} INFO - DAG(s) 'connections_demo' retrieved from /opt/airflow/dags/3conections.py
[2025-03-20T01:48:14.798+0000] {logging_mixin.py:190} INFO - [2025-03-20T01:48:14.797+0000] {override.py:1912} INFO - Created Permission View: can read on DAG:connections_demo
[2025-03-20T01:48:14.866+0000] {logging_mixin.py:190} INFO - [2025-03-20T01:48:14.865+0000] {override.py:1912} INFO - Created Permission View: can edit on DAG:connections_demo
[2025-03-20T01:48:14.926+0000] {logging_mixin.py:190} INFO - [2025-03-20T01:48:14.925+0000] {override.py:1912} INFO - Created Permission View: can delete on DAG:connections_demo
[2025-03-20T01:48:15.021+0000] {logging_mixin.py:190} INFO - [2025-03-20T01:48:15.021+0000] {override.py:1912} INFO - Created Permission View: can read on DAG Run:connections_demo
[2025-03-20T01:48:15.084+0000] {logging_mixin.py:190} INFO - [2025-03-20T01:48:15.083+0000] {override.py:1912} INFO - Created Permission View: can create on DAG Run:connections_demo
[2025-03-20T01:48:15.160+0000] {logging_mixin.py:190} INFO - [2025-03-20T01:48:15.159+0000] {override.py:1912} INFO - Created Permission View: can delete on DAG Run:connections_demo
[2025-03-20T01:48:15.223+0000] {logging_mixin.py:190} INFO - [2025-03-20T01:48:15.222+0000] {override.py:1912} INFO - Created Permission View: menu access on DAG Run:connections_demo
[2025-03-20T01:48:15.225+0000] {logging_mixin.py:190} INFO - [2025-03-20T01:48:15.225+0000] {dag.py:3239} INFO - Sync 1 DAGs
[2025-03-20T01:48:15.270+0000] {logging_mixin.py:190} INFO - [2025-03-20T01:48:15.269+0000] {dag.py:3262} INFO - Creating ORM DAG for connections_demo
[2025-03-20T01:48:15.297+0000] {logging_mixin.py:190} INFO - [2025-03-20T01:48:15.296+0000] {dag.py:4180} INFO - Setting next_dagrun for connections_demo to 2025-03-19 21:00:00+00:00, run_after=2025-03-20 21:00:00+00:00
[2025-03-20T01:48:15.412+0000] {processor.py:208} INFO - Processing /opt/airflow/dags/3conections.py took 1.160 seconds
[2025-03-20T01:48:45.954+0000] {processor.py:186} INFO - Started process (PID=286) to work on /opt/airflow/dags/3conections.py
[2025-03-20T01:48:45.955+0000] {processor.py:914} INFO - Processing file /opt/airflow/dags/3conections.py for tasks to queue
[2025-03-20T01:48:45.960+0000] {logging_mixin.py:190} INFO - [2025-03-20T01:48:45.959+0000] {dagbag.py:588} INFO - Filling up the DagBag from /opt/airflow/dags/3conections.py
[2025-03-20T01:48:46.023+0000] {processor.py:925} INFO - DAG(s) 'connections_demo' retrieved from /opt/airflow/dags/3conections.py
[2025-03-20T01:48:46.081+0000] {logging_mixin.py:190} INFO - [2025-03-20T01:48:46.081+0000] {dag.py:3239} INFO - Sync 1 DAGs
[2025-03-20T01:48:46.131+0000] {logging_mixin.py:190} INFO - [2025-03-20T01:48:46.131+0000] {dag.py:4180} INFO - Setting next_dagrun for connections_demo to 2025-03-19 21:00:00+00:00, run_after=2025-03-20 21:00:00+00:00
[2025-03-20T01:48:46.239+0000] {processor.py:208} INFO - Processing /opt/airflow/dags/3conections.py took 0.296 seconds
[2025-03-20T01:49:16.813+0000] {processor.py:186} INFO - Started process (PID=292) to work on /opt/airflow/dags/3conections.py
[2025-03-20T01:49:16.815+0000] {processor.py:914} INFO - Processing file /opt/airflow/dags/3conections.py for tasks to queue
[2025-03-20T01:49:16.819+0000] {logging_mixin.py:190} INFO - [2025-03-20T01:49:16.818+0000] {dagbag.py:588} INFO - Filling up the DagBag from /opt/airflow/dags/3conections.py
[2025-03-20T01:49:16.883+0000] {processor.py:925} INFO - DAG(s) 'connections_demo' retrieved from /opt/airflow/dags/3conections.py
[2025-03-20T01:49:16.936+0000] {logging_mixin.py:190} INFO - [2025-03-20T01:49:16.935+0000] {dag.py:3239} INFO - Sync 1 DAGs
[2025-03-20T01:49:17.001+0000] {logging_mixin.py:190} INFO - [2025-03-20T01:49:17.001+0000] {dag.py:4180} INFO - Setting next_dagrun for connections_demo to 2025-03-19 21:00:00+00:00, run_after=2025-03-20 21:00:00+00:00
[2025-03-20T01:49:17.116+0000] {processor.py:208} INFO - Processing /opt/airflow/dags/3conections.py took 0.311 seconds
[2025-03-20T01:49:47.365+0000] {processor.py:186} INFO - Started process (PID=297) to work on /opt/airflow/dags/3conections.py
[2025-03-20T01:49:47.367+0000] {processor.py:914} INFO - Processing file /opt/airflow/dags/3conections.py for tasks to queue
[2025-03-20T01:49:47.369+0000] {logging_mixin.py:190} INFO - [2025-03-20T01:49:47.368+0000] {dagbag.py:588} INFO - Filling up the DagBag from /opt/airflow/dags/3conections.py
[2025-03-20T01:49:47.422+0000] {processor.py:925} INFO - DAG(s) 'connections_demo' retrieved from /opt/airflow/dags/3conections.py
[2025-03-20T01:49:47.467+0000] {logging_mixin.py:190} INFO - [2025-03-20T01:49:47.467+0000] {dag.py:3239} INFO - Sync 1 DAGs
[2025-03-20T01:49:47.508+0000] {logging_mixin.py:190} INFO - [2025-03-20T01:49:47.507+0000] {dag.py:4180} INFO - Setting next_dagrun for connections_demo to 2025-03-19 21:00:00+00:00, run_after=2025-03-20 21:00:00+00:00
[2025-03-20T01:49:47.648+0000] {processor.py:208} INFO - Processing /opt/airflow/dags/3conections.py took 0.293 seconds
[2025-03-20T01:50:18.418+0000] {processor.py:186} INFO - Started process (PID=302) to work on /opt/airflow/dags/3conections.py
[2025-03-20T01:50:18.420+0000] {processor.py:914} INFO - Processing file /opt/airflow/dags/3conections.py for tasks to queue
[2025-03-20T01:50:18.421+0000] {logging_mixin.py:190} INFO - [2025-03-20T01:50:18.421+0000] {dagbag.py:588} INFO - Filling up the DagBag from /opt/airflow/dags/3conections.py
[2025-03-20T01:50:18.485+0000] {processor.py:925} INFO - DAG(s) 'connections_demo' retrieved from /opt/airflow/dags/3conections.py
[2025-03-20T01:50:18.545+0000] {logging_mixin.py:190} INFO - [2025-03-20T01:50:18.545+0000] {dag.py:3239} INFO - Sync 1 DAGs
[2025-03-20T01:50:18.610+0000] {logging_mixin.py:190} INFO - [2025-03-20T01:50:18.609+0000] {dag.py:4180} INFO - Setting next_dagrun for connections_demo to 2025-03-19 21:00:00+00:00, run_after=2025-03-20 21:00:00+00:00
[2025-03-20T01:50:18.698+0000] {processor.py:208} INFO - Processing /opt/airflow/dags/3conections.py took 0.288 seconds
[2025-03-20T01:50:49.288+0000] {processor.py:186} INFO - Started process (PID=307) to work on /opt/airflow/dags/3conections.py
[2025-03-20T01:50:49.291+0000] {processor.py:914} INFO - Processing file /opt/airflow/dags/3conections.py for tasks to queue
[2025-03-20T01:50:49.294+0000] {logging_mixin.py:190} INFO - [2025-03-20T01:50:49.293+0000] {dagbag.py:588} INFO - Filling up the DagBag from /opt/airflow/dags/3conections.py
[2025-03-20T01:50:49.386+0000] {processor.py:925} INFO - DAG(s) 'connections_demo' retrieved from /opt/airflow/dags/3conections.py
[2025-03-20T01:50:49.463+0000] {logging_mixin.py:190} INFO - [2025-03-20T01:50:49.462+0000] {dag.py:3239} INFO - Sync 1 DAGs
[2025-03-20T01:50:49.534+0000] {logging_mixin.py:190} INFO - [2025-03-20T01:50:49.533+0000] {dag.py:4180} INFO - Setting next_dagrun for connections_demo to 2025-03-19 21:00:00+00:00, run_after=2025-03-20 21:00:00+00:00
[2025-03-20T01:50:49.685+0000] {processor.py:208} INFO - Processing /opt/airflow/dags/3conections.py took 0.410 seconds
[2025-03-20T01:51:20.038+0000] {processor.py:186} INFO - Started process (PID=312) to work on /opt/airflow/dags/3conections.py
[2025-03-20T01:51:20.041+0000] {processor.py:914} INFO - Processing file /opt/airflow/dags/3conections.py for tasks to queue
[2025-03-20T01:51:20.044+0000] {logging_mixin.py:190} INFO - [2025-03-20T01:51:20.043+0000] {dagbag.py:588} INFO - Filling up the DagBag from /opt/airflow/dags/3conections.py
[2025-03-20T01:51:20.181+0000] {processor.py:925} INFO - DAG(s) 'connections_demo' retrieved from /opt/airflow/dags/3conections.py
[2025-03-20T01:51:20.242+0000] {logging_mixin.py:190} INFO - [2025-03-20T01:51:20.242+0000] {dag.py:3239} INFO - Sync 1 DAGs
[2025-03-20T01:51:20.303+0000] {logging_mixin.py:190} INFO - [2025-03-20T01:51:20.302+0000] {dag.py:4180} INFO - Setting next_dagrun for connections_demo to 2025-03-19 21:00:00+00:00, run_after=2025-03-20 21:00:00+00:00
[2025-03-20T01:51:20.492+0000] {processor.py:208} INFO - Processing /opt/airflow/dags/3conections.py took 0.466 seconds
[2025-03-20T01:51:51.088+0000] {processor.py:186} INFO - Started process (PID=317) to work on /opt/airflow/dags/3conections.py
[2025-03-20T01:51:51.089+0000] {processor.py:914} INFO - Processing file /opt/airflow/dags/3conections.py for tasks to queue
[2025-03-20T01:51:51.091+0000] {logging_mixin.py:190} INFO - [2025-03-20T01:51:51.091+0000] {dagbag.py:588} INFO - Filling up the DagBag from /opt/airflow/dags/3conections.py
[2025-03-20T01:51:51.153+0000] {processor.py:925} INFO - DAG(s) 'connections_demo' retrieved from /opt/airflow/dags/3conections.py
[2025-03-20T01:51:51.216+0000] {logging_mixin.py:190} INFO - [2025-03-20T01:51:51.216+0000] {dag.py:3239} INFO - Sync 1 DAGs
[2025-03-20T01:51:51.276+0000] {logging_mixin.py:190} INFO - [2025-03-20T01:51:51.275+0000] {dag.py:4180} INFO - Setting next_dagrun for connections_demo to 2025-03-19 21:00:00+00:00, run_after=2025-03-20 21:00:00+00:00
[2025-03-20T01:51:51.702+0000] {processor.py:208} INFO - Processing /opt/airflow/dags/3conections.py took 0.623 seconds
[2025-03-20T01:52:22.126+0000] {processor.py:186} INFO - Started process (PID=322) to work on /opt/airflow/dags/3conections.py
[2025-03-20T01:52:22.128+0000] {processor.py:914} INFO - Processing file /opt/airflow/dags/3conections.py for tasks to queue
[2025-03-20T01:52:22.130+0000] {logging_mixin.py:190} INFO - [2025-03-20T01:52:22.129+0000] {dagbag.py:588} INFO - Filling up the DagBag from /opt/airflow/dags/3conections.py
[2025-03-20T01:52:22.220+0000] {processor.py:925} INFO - DAG(s) 'connections_demo' retrieved from /opt/airflow/dags/3conections.py
[2025-03-20T01:52:22.275+0000] {logging_mixin.py:190} INFO - [2025-03-20T01:52:22.275+0000] {dag.py:3239} INFO - Sync 1 DAGs
[2025-03-20T01:52:22.338+0000] {logging_mixin.py:190} INFO - [2025-03-20T01:52:22.338+0000] {dag.py:4180} INFO - Setting next_dagrun for connections_demo to 2025-03-19 21:00:00+00:00, run_after=2025-03-20 21:00:00+00:00
[2025-03-20T01:52:22.435+0000] {processor.py:208} INFO - Processing /opt/airflow/dags/3conections.py took 0.322 seconds
[2025-03-20T01:52:53.080+0000] {processor.py:186} INFO - Started process (PID=327) to work on /opt/airflow/dags/3conections.py
[2025-03-20T01:52:53.081+0000] {processor.py:914} INFO - Processing file /opt/airflow/dags/3conections.py for tasks to queue
[2025-03-20T01:52:53.083+0000] {logging_mixin.py:190} INFO - [2025-03-20T01:52:53.083+0000] {dagbag.py:588} INFO - Filling up the DagBag from /opt/airflow/dags/3conections.py
[2025-03-20T01:52:53.139+0000] {processor.py:925} INFO - DAG(s) 'connections_demo' retrieved from /opt/airflow/dags/3conections.py
[2025-03-20T01:52:53.211+0000] {logging_mixin.py:190} INFO - [2025-03-20T01:52:53.210+0000] {dag.py:3239} INFO - Sync 1 DAGs
[2025-03-20T01:52:53.275+0000] {logging_mixin.py:190} INFO - [2025-03-20T01:52:53.274+0000] {dag.py:4180} INFO - Setting next_dagrun for connections_demo to 2025-03-19 21:00:00+00:00, run_after=2025-03-20 21:00:00+00:00
[2025-03-20T01:52:53.465+0000] {processor.py:208} INFO - Processing /opt/airflow/dags/3conections.py took 0.395 seconds
[2025-03-20T01:53:24.430+0000] {processor.py:186} INFO - Started process (PID=332) to work on /opt/airflow/dags/3conections.py
[2025-03-20T01:53:24.432+0000] {processor.py:914} INFO - Processing file /opt/airflow/dags/3conections.py for tasks to queue
[2025-03-20T01:53:24.435+0000] {logging_mixin.py:190} INFO - [2025-03-20T01:53:24.434+0000] {dagbag.py:588} INFO - Filling up the DagBag from /opt/airflow/dags/3conections.py
[2025-03-20T01:53:24.512+0000] {processor.py:925} INFO - DAG(s) 'connections_demo' retrieved from /opt/airflow/dags/3conections.py
[2025-03-20T01:53:24.575+0000] {logging_mixin.py:190} INFO - [2025-03-20T01:53:24.575+0000] {dag.py:3239} INFO - Sync 1 DAGs
[2025-03-20T01:53:24.626+0000] {logging_mixin.py:190} INFO - [2025-03-20T01:53:24.625+0000] {dag.py:4180} INFO - Setting next_dagrun for connections_demo to 2025-03-19 21:00:00+00:00, run_after=2025-03-20 21:00:00+00:00
[2025-03-20T01:53:24.757+0000] {processor.py:208} INFO - Processing /opt/airflow/dags/3conections.py took 0.337 seconds
[2025-03-20T01:53:55.466+0000] {processor.py:186} INFO - Started process (PID=337) to work on /opt/airflow/dags/3conections.py
[2025-03-20T01:53:55.472+0000] {processor.py:914} INFO - Processing file /opt/airflow/dags/3conections.py for tasks to queue
[2025-03-20T01:53:55.477+0000] {logging_mixin.py:190} INFO - [2025-03-20T01:53:55.476+0000] {dagbag.py:588} INFO - Filling up the DagBag from /opt/airflow/dags/3conections.py
[2025-03-20T01:53:55.555+0000] {processor.py:925} INFO - DAG(s) 'connections_demo' retrieved from /opt/airflow/dags/3conections.py
[2025-03-20T01:53:55.607+0000] {logging_mixin.py:190} INFO - [2025-03-20T01:53:55.606+0000] {dag.py:3239} INFO - Sync 1 DAGs
[2025-03-20T01:53:55.682+0000] {logging_mixin.py:190} INFO - [2025-03-20T01:53:55.682+0000] {dag.py:4180} INFO - Setting next_dagrun for connections_demo to 2025-03-19 21:00:00+00:00, run_after=2025-03-20 21:00:00+00:00
[2025-03-20T01:53:55.817+0000] {processor.py:208} INFO - Processing /opt/airflow/dags/3conections.py took 0.361 seconds
[2025-03-20T01:54:26.423+0000] {processor.py:186} INFO - Started process (PID=342) to work on /opt/airflow/dags/3conections.py
[2025-03-20T01:54:26.426+0000] {processor.py:914} INFO - Processing file /opt/airflow/dags/3conections.py for tasks to queue
[2025-03-20T01:54:26.428+0000] {logging_mixin.py:190} INFO - [2025-03-20T01:54:26.428+0000] {dagbag.py:588} INFO - Filling up the DagBag from /opt/airflow/dags/3conections.py
[2025-03-20T01:54:26.586+0000] {processor.py:925} INFO - DAG(s) 'connections_demo' retrieved from /opt/airflow/dags/3conections.py
[2025-03-20T01:54:26.655+0000] {logging_mixin.py:190} INFO - [2025-03-20T01:54:26.654+0000] {dag.py:3239} INFO - Sync 1 DAGs
[2025-03-20T01:54:26.707+0000] {logging_mixin.py:190} INFO - [2025-03-20T01:54:26.706+0000] {dag.py:4180} INFO - Setting next_dagrun for connections_demo to 2025-03-19 21:00:00+00:00, run_after=2025-03-20 21:00:00+00:00
[2025-03-20T01:54:26.863+0000] {processor.py:208} INFO - Processing /opt/airflow/dags/3conections.py took 0.451 seconds
[2025-03-20T01:54:57.611+0000] {processor.py:186} INFO - Started process (PID=347) to work on /opt/airflow/dags/3conections.py
[2025-03-20T01:54:57.613+0000] {processor.py:914} INFO - Processing file /opt/airflow/dags/3conections.py for tasks to queue
[2025-03-20T01:54:57.615+0000] {logging_mixin.py:190} INFO - [2025-03-20T01:54:57.615+0000] {dagbag.py:588} INFO - Filling up the DagBag from /opt/airflow/dags/3conections.py
[2025-03-20T01:54:57.724+0000] {processor.py:925} INFO - DAG(s) 'connections_demo' retrieved from /opt/airflow/dags/3conections.py
[2025-03-20T01:54:57.802+0000] {logging_mixin.py:190} INFO - [2025-03-20T01:54:57.802+0000] {dag.py:3239} INFO - Sync 1 DAGs
[2025-03-20T01:54:57.861+0000] {logging_mixin.py:190} INFO - [2025-03-20T01:54:57.860+0000] {dag.py:4180} INFO - Setting next_dagrun for connections_demo to 2025-03-19 21:00:00+00:00, run_after=2025-03-20 21:00:00+00:00
[2025-03-20T01:54:58.034+0000] {processor.py:208} INFO - Processing /opt/airflow/dags/3conections.py took 0.431 seconds
[2025-03-20T01:55:28.709+0000] {processor.py:186} INFO - Started process (PID=352) to work on /opt/airflow/dags/3conections.py
[2025-03-20T01:55:28.710+0000] {processor.py:914} INFO - Processing file /opt/airflow/dags/3conections.py for tasks to queue
[2025-03-20T01:55:28.714+0000] {logging_mixin.py:190} INFO - [2025-03-20T01:55:28.712+0000] {dagbag.py:588} INFO - Filling up the DagBag from /opt/airflow/dags/3conections.py
[2025-03-20T01:55:28.786+0000] {processor.py:925} INFO - DAG(s) 'connections_demo' retrieved from /opt/airflow/dags/3conections.py
[2025-03-20T01:55:28.843+0000] {logging_mixin.py:190} INFO - [2025-03-20T01:55:28.843+0000] {dag.py:3239} INFO - Sync 1 DAGs
[2025-03-20T01:55:28.904+0000] {logging_mixin.py:190} INFO - [2025-03-20T01:55:28.903+0000] {dag.py:4180} INFO - Setting next_dagrun for connections_demo to 2025-03-19 21:00:00+00:00, run_after=2025-03-20 21:00:00+00:00
[2025-03-20T01:55:29.110+0000] {processor.py:208} INFO - Processing /opt/airflow/dags/3conections.py took 0.409 seconds
[2025-03-20T01:55:59.784+0000] {processor.py:186} INFO - Started process (PID=358) to work on /opt/airflow/dags/3conections.py
[2025-03-20T01:55:59.785+0000] {processor.py:914} INFO - Processing file /opt/airflow/dags/3conections.py for tasks to queue
[2025-03-20T01:55:59.787+0000] {logging_mixin.py:190} INFO - [2025-03-20T01:55:59.787+0000] {dagbag.py:588} INFO - Filling up the DagBag from /opt/airflow/dags/3conections.py
[2025-03-20T01:55:59.855+0000] {processor.py:925} INFO - DAG(s) 'connections_demo' retrieved from /opt/airflow/dags/3conections.py
[2025-03-20T01:55:59.908+0000] {logging_mixin.py:190} INFO - [2025-03-20T01:55:59.907+0000] {dag.py:3239} INFO - Sync 1 DAGs
[2025-03-20T01:55:59.954+0000] {logging_mixin.py:190} INFO - [2025-03-20T01:55:59.954+0000] {dag.py:4180} INFO - Setting next_dagrun for connections_demo to 2025-03-19 21:00:00+00:00, run_after=2025-03-20 21:00:00+00:00
[2025-03-20T01:56:00.055+0000] {processor.py:208} INFO - Processing /opt/airflow/dags/3conections.py took 0.279 seconds
[2025-03-20T01:56:31.456+0000] {processor.py:186} INFO - Started process (PID=364) to work on /opt/airflow/dags/3conections.py
[2025-03-20T01:56:31.459+0000] {processor.py:914} INFO - Processing file /opt/airflow/dags/3conections.py for tasks to queue
[2025-03-20T01:56:31.461+0000] {logging_mixin.py:190} INFO - [2025-03-20T01:56:31.461+0000] {dagbag.py:588} INFO - Filling up the DagBag from /opt/airflow/dags/3conections.py
[2025-03-20T01:56:31.527+0000] {processor.py:925} INFO - DAG(s) 'connections_demo' retrieved from /opt/airflow/dags/3conections.py
[2025-03-20T01:56:31.577+0000] {logging_mixin.py:190} INFO - [2025-03-20T01:56:31.577+0000] {dag.py:3239} INFO - Sync 1 DAGs
[2025-03-20T01:56:31.638+0000] {logging_mixin.py:190} INFO - [2025-03-20T01:56:31.638+0000] {dag.py:4180} INFO - Setting next_dagrun for connections_demo to 2025-03-19 21:00:00+00:00, run_after=2025-03-20 21:00:00+00:00
[2025-03-20T01:56:31.741+0000] {processor.py:208} INFO - Processing /opt/airflow/dags/3conections.py took 0.296 seconds
[2025-03-20T01:57:02.815+0000] {processor.py:186} INFO - Started process (PID=370) to work on /opt/airflow/dags/3conections.py
[2025-03-20T01:57:02.817+0000] {processor.py:914} INFO - Processing file /opt/airflow/dags/3conections.py for tasks to queue
[2025-03-20T01:57:02.820+0000] {logging_mixin.py:190} INFO - [2025-03-20T01:57:02.820+0000] {dagbag.py:588} INFO - Filling up the DagBag from /opt/airflow/dags/3conections.py
[2025-03-20T01:57:02.890+0000] {processor.py:925} INFO - DAG(s) 'connections_demo' retrieved from /opt/airflow/dags/3conections.py
[2025-03-20T01:57:02.958+0000] {logging_mixin.py:190} INFO - [2025-03-20T01:57:02.957+0000] {dag.py:3239} INFO - Sync 1 DAGs
[2025-03-20T01:57:03.043+0000] {logging_mixin.py:190} INFO - [2025-03-20T01:57:03.042+0000] {dag.py:4180} INFO - Setting next_dagrun for connections_demo to 2025-03-19 21:00:00+00:00, run_after=2025-03-20 21:00:00+00:00
[2025-03-20T01:57:03.190+0000] {processor.py:208} INFO - Processing /opt/airflow/dags/3conections.py took 0.385 seconds
