[2025-03-20T01:20:03.401+0000] {processor.py:186} INFO - Started process (PID=291) to work on /opt/airflow/dags/4sensors.py
[2025-03-20T01:20:03.403+0000] {processor.py:914} INFO - Processing file /opt/airflow/dags/4sensors.py for tasks to queue
[2025-03-20T01:20:03.405+0000] {logging_mixin.py:190} INFO - [2025-03-20T01:20:03.405+0000] {dagbag.py:588} INFO - Filling up the DagBag from /opt/airflow/dags/4sensors.py
[2025-03-20T01:20:03.458+0000] {processor.py:925} INFO - DAG(s) 's3_to_snowflake_dag' retrieved from /opt/airflow/dags/4sensors.py
[2025-03-20T01:20:03.759+0000] {logging_mixin.py:190} INFO - [2025-03-20T01:20:03.757+0000] {override.py:1912} INFO - Created Permission View: can delete on DAG:s3_to_snowflake_dag
[2025-03-20T01:20:03.815+0000] {logging_mixin.py:190} INFO - [2025-03-20T01:20:03.815+0000] {override.py:1912} INFO - Created Permission View: can edit on DAG:s3_to_snowflake_dag
[2025-03-20T01:20:03.868+0000] {logging_mixin.py:190} INFO - [2025-03-20T01:20:03.868+0000] {override.py:1912} INFO - Created Permission View: can read on DAG:s3_to_snowflake_dag
[2025-03-20T01:20:03.946+0000] {logging_mixin.py:190} INFO - [2025-03-20T01:20:03.945+0000] {override.py:1912} INFO - Created Permission View: can delete on DAG Run:s3_to_snowflake_dag
[2025-03-20T01:20:04.003+0000] {logging_mixin.py:190} INFO - [2025-03-20T01:20:04.003+0000] {override.py:1912} INFO - Created Permission View: menu access on DAG Run:s3_to_snowflake_dag
[2025-03-20T01:20:04.063+0000] {logging_mixin.py:190} INFO - [2025-03-20T01:20:04.063+0000] {override.py:1912} INFO - Created Permission View: can create on DAG Run:s3_to_snowflake_dag
[2025-03-20T01:20:04.117+0000] {logging_mixin.py:190} INFO - [2025-03-20T01:20:04.117+0000] {override.py:1912} INFO - Created Permission View: can read on DAG Run:s3_to_snowflake_dag
[2025-03-20T01:20:04.119+0000] {logging_mixin.py:190} INFO - [2025-03-20T01:20:04.118+0000] {dag.py:3239} INFO - Sync 1 DAGs
[2025-03-20T01:20:04.152+0000] {logging_mixin.py:190} INFO - [2025-03-20T01:20:04.152+0000] {dag.py:3262} INFO - Creating ORM DAG for s3_to_snowflake_dag
[2025-03-20T01:20:04.176+0000] {logging_mixin.py:190} INFO - [2025-03-20T01:20:04.174+0000] {dag.py:4180} INFO - Setting next_dagrun for s3_to_snowflake_dag to 2025-03-19 23:00:00+00:00, run_after=2025-03-20 23:00:00+00:00
[2025-03-20T01:20:04.283+0000] {processor.py:208} INFO - Processing /opt/airflow/dags/4sensors.py took 0.889 seconds
[2025-03-20T01:20:35.601+0000] {processor.py:186} INFO - Started process (PID=296) to work on /opt/airflow/dags/4sensors.py
[2025-03-20T01:20:35.605+0000] {processor.py:914} INFO - Processing file /opt/airflow/dags/4sensors.py for tasks to queue
[2025-03-20T01:20:35.610+0000] {logging_mixin.py:190} INFO - [2025-03-20T01:20:35.609+0000] {dagbag.py:588} INFO - Filling up the DagBag from /opt/airflow/dags/4sensors.py
[2025-03-20T01:20:35.698+0000] {processor.py:925} INFO - DAG(s) 's3_to_snowflake_dag' retrieved from /opt/airflow/dags/4sensors.py
[2025-03-20T01:20:35.801+0000] {logging_mixin.py:190} INFO - [2025-03-20T01:20:35.800+0000] {dag.py:3239} INFO - Sync 1 DAGs
[2025-03-20T01:20:35.871+0000] {logging_mixin.py:190} INFO - [2025-03-20T01:20:35.871+0000] {dag.py:4180} INFO - Setting next_dagrun for s3_to_snowflake_dag to 2025-03-19 23:00:00+00:00, run_after=2025-03-20 23:00:00+00:00
[2025-03-20T01:20:36.032+0000] {processor.py:208} INFO - Processing /opt/airflow/dags/4sensors.py took 0.442 seconds
[2025-03-20T01:21:06.281+0000] {processor.py:186} INFO - Started process (PID=301) to work on /opt/airflow/dags/4sensors.py
[2025-03-20T01:21:06.283+0000] {processor.py:914} INFO - Processing file /opt/airflow/dags/4sensors.py for tasks to queue
[2025-03-20T01:21:06.286+0000] {logging_mixin.py:190} INFO - [2025-03-20T01:21:06.285+0000] {dagbag.py:588} INFO - Filling up the DagBag from /opt/airflow/dags/4sensors.py
[2025-03-20T01:21:06.339+0000] {processor.py:925} INFO - DAG(s) 's3_to_snowflake_dag' retrieved from /opt/airflow/dags/4sensors.py
[2025-03-20T01:21:06.392+0000] {logging_mixin.py:190} INFO - [2025-03-20T01:21:06.391+0000] {dag.py:3239} INFO - Sync 1 DAGs
[2025-03-20T01:21:06.432+0000] {logging_mixin.py:190} INFO - [2025-03-20T01:21:06.432+0000] {dag.py:4180} INFO - Setting next_dagrun for s3_to_snowflake_dag to 2025-03-19 23:00:00+00:00, run_after=2025-03-20 23:00:00+00:00
[2025-03-20T01:21:06.566+0000] {processor.py:208} INFO - Processing /opt/airflow/dags/4sensors.py took 0.292 seconds
[2025-03-20T01:21:37.674+0000] {processor.py:186} INFO - Started process (PID=306) to work on /opt/airflow/dags/4sensors.py
[2025-03-20T01:21:37.677+0000] {processor.py:914} INFO - Processing file /opt/airflow/dags/4sensors.py for tasks to queue
[2025-03-20T01:21:37.679+0000] {logging_mixin.py:190} INFO - [2025-03-20T01:21:37.679+0000] {dagbag.py:588} INFO - Filling up the DagBag from /opt/airflow/dags/4sensors.py
[2025-03-20T01:21:37.726+0000] {processor.py:925} INFO - DAG(s) 's3_to_snowflake_dag' retrieved from /opt/airflow/dags/4sensors.py
[2025-03-20T01:21:37.783+0000] {logging_mixin.py:190} INFO - [2025-03-20T01:21:37.783+0000] {dag.py:3239} INFO - Sync 1 DAGs
[2025-03-20T01:21:37.836+0000] {logging_mixin.py:190} INFO - [2025-03-20T01:21:37.835+0000] {dag.py:4180} INFO - Setting next_dagrun for s3_to_snowflake_dag to 2025-03-19 23:00:00+00:00, run_after=2025-03-20 23:00:00+00:00
[2025-03-20T01:21:37.939+0000] {processor.py:208} INFO - Processing /opt/airflow/dags/4sensors.py took 0.275 seconds
[2025-03-20T01:22:08.324+0000] {processor.py:186} INFO - Started process (PID=311) to work on /opt/airflow/dags/4sensors.py
[2025-03-20T01:22:08.326+0000] {processor.py:914} INFO - Processing file /opt/airflow/dags/4sensors.py for tasks to queue
[2025-03-20T01:22:08.329+0000] {logging_mixin.py:190} INFO - [2025-03-20T01:22:08.328+0000] {dagbag.py:588} INFO - Filling up the DagBag from /opt/airflow/dags/4sensors.py
[2025-03-20T01:22:08.374+0000] {processor.py:925} INFO - DAG(s) 's3_to_snowflake_dag' retrieved from /opt/airflow/dags/4sensors.py
[2025-03-20T01:22:08.435+0000] {logging_mixin.py:190} INFO - [2025-03-20T01:22:08.435+0000] {dag.py:3239} INFO - Sync 1 DAGs
[2025-03-20T01:22:08.503+0000] {logging_mixin.py:190} INFO - [2025-03-20T01:22:08.503+0000] {dag.py:4180} INFO - Setting next_dagrun for s3_to_snowflake_dag to 2025-03-19 23:00:00+00:00, run_after=2025-03-20 23:00:00+00:00
[2025-03-20T01:22:08.601+0000] {processor.py:208} INFO - Processing /opt/airflow/dags/4sensors.py took 0.289 seconds
[2025-03-20T01:22:39.173+0000] {processor.py:186} INFO - Started process (PID=316) to work on /opt/airflow/dags/4sensors.py
[2025-03-20T01:22:39.175+0000] {processor.py:914} INFO - Processing file /opt/airflow/dags/4sensors.py for tasks to queue
[2025-03-20T01:22:39.176+0000] {logging_mixin.py:190} INFO - [2025-03-20T01:22:39.176+0000] {dagbag.py:588} INFO - Filling up the DagBag from /opt/airflow/dags/4sensors.py
[2025-03-20T01:22:39.230+0000] {processor.py:925} INFO - DAG(s) 's3_to_snowflake_dag' retrieved from /opt/airflow/dags/4sensors.py
[2025-03-20T01:22:39.281+0000] {logging_mixin.py:190} INFO - [2025-03-20T01:22:39.281+0000] {dag.py:3239} INFO - Sync 1 DAGs
[2025-03-20T01:22:39.342+0000] {logging_mixin.py:190} INFO - [2025-03-20T01:22:39.342+0000] {dag.py:4180} INFO - Setting next_dagrun for s3_to_snowflake_dag to 2025-03-19 23:00:00+00:00, run_after=2025-03-20 23:00:00+00:00
[2025-03-20T01:22:39.501+0000] {processor.py:208} INFO - Processing /opt/airflow/dags/4sensors.py took 0.336 seconds
[2025-03-20T01:23:09.931+0000] {processor.py:186} INFO - Started process (PID=321) to work on /opt/airflow/dags/4sensors.py
[2025-03-20T01:23:09.933+0000] {processor.py:914} INFO - Processing file /opt/airflow/dags/4sensors.py for tasks to queue
[2025-03-20T01:23:09.935+0000] {logging_mixin.py:190} INFO - [2025-03-20T01:23:09.935+0000] {dagbag.py:588} INFO - Filling up the DagBag from /opt/airflow/dags/4sensors.py
[2025-03-20T01:23:10.004+0000] {processor.py:925} INFO - DAG(s) 's3_to_snowflake_dag' retrieved from /opt/airflow/dags/4sensors.py
[2025-03-20T01:23:10.093+0000] {logging_mixin.py:190} INFO - [2025-03-20T01:23:10.092+0000] {dag.py:3239} INFO - Sync 1 DAGs
[2025-03-20T01:23:10.202+0000] {logging_mixin.py:190} INFO - [2025-03-20T01:23:10.201+0000] {dag.py:4180} INFO - Setting next_dagrun for s3_to_snowflake_dag to 2025-03-19 23:00:00+00:00, run_after=2025-03-20 23:00:00+00:00
[2025-03-20T01:23:10.312+0000] {processor.py:208} INFO - Processing /opt/airflow/dags/4sensors.py took 0.388 seconds
[2025-03-20T01:23:41.732+0000] {processor.py:186} INFO - Started process (PID=326) to work on /opt/airflow/dags/4sensors.py
[2025-03-20T01:23:41.735+0000] {processor.py:914} INFO - Processing file /opt/airflow/dags/4sensors.py for tasks to queue
[2025-03-20T01:23:41.740+0000] {logging_mixin.py:190} INFO - [2025-03-20T01:23:41.739+0000] {dagbag.py:588} INFO - Filling up the DagBag from /opt/airflow/dags/4sensors.py
[2025-03-20T01:23:41.814+0000] {processor.py:925} INFO - DAG(s) 's3_to_snowflake_dag' retrieved from /opt/airflow/dags/4sensors.py
[2025-03-20T01:23:41.872+0000] {logging_mixin.py:190} INFO - [2025-03-20T01:23:41.871+0000] {dag.py:3239} INFO - Sync 1 DAGs
[2025-03-20T01:23:41.936+0000] {logging_mixin.py:190} INFO - [2025-03-20T01:23:41.935+0000] {dag.py:4180} INFO - Setting next_dagrun for s3_to_snowflake_dag to 2025-03-19 23:00:00+00:00, run_after=2025-03-20 23:00:00+00:00
[2025-03-20T01:23:42.036+0000] {processor.py:208} INFO - Processing /opt/airflow/dags/4sensors.py took 0.315 seconds
[2025-03-20T01:24:12.450+0000] {processor.py:186} INFO - Started process (PID=330) to work on /opt/airflow/dags/4sensors.py
[2025-03-20T01:24:12.452+0000] {processor.py:914} INFO - Processing file /opt/airflow/dags/4sensors.py for tasks to queue
[2025-03-20T01:24:12.454+0000] {logging_mixin.py:190} INFO - [2025-03-20T01:24:12.454+0000] {dagbag.py:588} INFO - Filling up the DagBag from /opt/airflow/dags/4sensors.py
[2025-03-20T01:24:12.517+0000] {processor.py:925} INFO - DAG(s) 's3_to_snowflake_dag' retrieved from /opt/airflow/dags/4sensors.py
[2025-03-20T01:24:12.586+0000] {logging_mixin.py:190} INFO - [2025-03-20T01:24:12.586+0000] {dag.py:3239} INFO - Sync 1 DAGs
[2025-03-20T01:24:12.673+0000] {logging_mixin.py:190} INFO - [2025-03-20T01:24:12.672+0000] {dag.py:4180} INFO - Setting next_dagrun for s3_to_snowflake_dag to 2025-03-19 23:00:00+00:00, run_after=2025-03-20 23:00:00+00:00
[2025-03-20T01:24:12.868+0000] {processor.py:208} INFO - Processing /opt/airflow/dags/4sensors.py took 0.428 seconds
[2025-03-20T01:24:43.556+0000] {processor.py:186} INFO - Started process (PID=334) to work on /opt/airflow/dags/4sensors.py
[2025-03-20T01:24:43.558+0000] {processor.py:914} INFO - Processing file /opt/airflow/dags/4sensors.py for tasks to queue
[2025-03-20T01:24:43.562+0000] {logging_mixin.py:190} INFO - [2025-03-20T01:24:43.561+0000] {dagbag.py:588} INFO - Filling up the DagBag from /opt/airflow/dags/4sensors.py
[2025-03-20T01:24:43.623+0000] {processor.py:925} INFO - DAG(s) 's3_to_snowflake_dag' retrieved from /opt/airflow/dags/4sensors.py
[2025-03-20T01:24:43.694+0000] {logging_mixin.py:190} INFO - [2025-03-20T01:24:43.694+0000] {dag.py:3239} INFO - Sync 1 DAGs
[2025-03-20T01:24:43.752+0000] {logging_mixin.py:190} INFO - [2025-03-20T01:24:43.752+0000] {dag.py:4180} INFO - Setting next_dagrun for s3_to_snowflake_dag to 2025-03-19 23:00:00+00:00, run_after=2025-03-20 23:00:00+00:00
[2025-03-20T01:24:43.854+0000] {processor.py:208} INFO - Processing /opt/airflow/dags/4sensors.py took 0.315 seconds
[2025-03-20T01:26:51.195+0000] {processor.py:186} INFO - Started process (PID=86) to work on /opt/airflow/dags/4sensors.py
[2025-03-20T01:26:51.197+0000] {processor.py:914} INFO - Processing file /opt/airflow/dags/4sensors.py for tasks to queue
[2025-03-20T01:26:51.204+0000] {logging_mixin.py:190} INFO - [2025-03-20T01:26:51.203+0000] {dagbag.py:588} INFO - Filling up the DagBag from /opt/airflow/dags/4sensors.py
[2025-03-20T01:26:51.256+0000] {processor.py:925} INFO - DAG(s) 's3_to_snowflake_dag' retrieved from /opt/airflow/dags/4sensors.py
[2025-03-20T01:26:51.324+0000] {logging_mixin.py:190} INFO - [2025-03-20T01:26:51.324+0000] {dag.py:3239} INFO - Sync 1 DAGs
[2025-03-20T01:26:51.362+0000] {logging_mixin.py:190} INFO - [2025-03-20T01:26:51.362+0000] {dag.py:4180} INFO - Setting next_dagrun for s3_to_snowflake_dag to 2025-03-19 23:00:00+00:00, run_after=2025-03-20 23:00:00+00:00
[2025-03-20T01:26:51.452+0000] {processor.py:208} INFO - Processing /opt/airflow/dags/4sensors.py took 0.269 seconds
[2025-03-20T01:27:22.119+0000] {processor.py:186} INFO - Started process (PID=107) to work on /opt/airflow/dags/4sensors.py
[2025-03-20T01:27:22.121+0000] {processor.py:914} INFO - Processing file /opt/airflow/dags/4sensors.py for tasks to queue
[2025-03-20T01:27:22.131+0000] {logging_mixin.py:190} INFO - [2025-03-20T01:27:22.130+0000] {dagbag.py:588} INFO - Filling up the DagBag from /opt/airflow/dags/4sensors.py
[2025-03-20T01:27:22.191+0000] {processor.py:925} INFO - DAG(s) 's3_to_snowflake_dag' retrieved from /opt/airflow/dags/4sensors.py
[2025-03-20T01:27:22.245+0000] {logging_mixin.py:190} INFO - [2025-03-20T01:27:22.245+0000] {dag.py:3239} INFO - Sync 1 DAGs
[2025-03-20T01:27:22.303+0000] {logging_mixin.py:190} INFO - [2025-03-20T01:27:22.303+0000] {dag.py:4180} INFO - Setting next_dagrun for s3_to_snowflake_dag to 2025-03-19 23:00:00+00:00, run_after=2025-03-20 23:00:00+00:00
[2025-03-20T01:27:22.428+0000] {processor.py:208} INFO - Processing /opt/airflow/dags/4sensors.py took 0.317 seconds
[2025-03-20T01:27:53.102+0000] {processor.py:186} INFO - Started process (PID=112) to work on /opt/airflow/dags/4sensors.py
[2025-03-20T01:27:53.105+0000] {processor.py:914} INFO - Processing file /opt/airflow/dags/4sensors.py for tasks to queue
[2025-03-20T01:27:53.110+0000] {logging_mixin.py:190} INFO - [2025-03-20T01:27:53.109+0000] {dagbag.py:588} INFO - Filling up the DagBag from /opt/airflow/dags/4sensors.py
[2025-03-20T01:27:53.201+0000] {processor.py:925} INFO - DAG(s) 's3_to_snowflake_dag' retrieved from /opt/airflow/dags/4sensors.py
[2025-03-20T01:27:53.272+0000] {logging_mixin.py:190} INFO - [2025-03-20T01:27:53.271+0000] {dag.py:3239} INFO - Sync 1 DAGs
[2025-03-20T01:27:53.333+0000] {logging_mixin.py:190} INFO - [2025-03-20T01:27:53.333+0000] {dag.py:4180} INFO - Setting next_dagrun for s3_to_snowflake_dag to 2025-03-19 23:00:00+00:00, run_after=2025-03-20 23:00:00+00:00
[2025-03-20T01:27:53.444+0000] {processor.py:208} INFO - Processing /opt/airflow/dags/4sensors.py took 0.352 seconds
[2025-03-20T01:28:23.654+0000] {processor.py:186} INFO - Started process (PID=117) to work on /opt/airflow/dags/4sensors.py
[2025-03-20T01:28:23.665+0000] {processor.py:914} INFO - Processing file /opt/airflow/dags/4sensors.py for tasks to queue
[2025-03-20T01:28:23.669+0000] {logging_mixin.py:190} INFO - [2025-03-20T01:28:23.669+0000] {dagbag.py:588} INFO - Filling up the DagBag from /opt/airflow/dags/4sensors.py
[2025-03-20T01:28:23.714+0000] {processor.py:925} INFO - DAG(s) 's3_to_snowflake_dag' retrieved from /opt/airflow/dags/4sensors.py
[2025-03-20T01:28:23.766+0000] {logging_mixin.py:190} INFO - [2025-03-20T01:28:23.766+0000] {dag.py:3239} INFO - Sync 1 DAGs
[2025-03-20T01:28:23.809+0000] {logging_mixin.py:190} INFO - [2025-03-20T01:28:23.808+0000] {dag.py:4180} INFO - Setting next_dagrun for s3_to_snowflake_dag to 2025-03-19 23:00:00+00:00, run_after=2025-03-20 23:00:00+00:00
[2025-03-20T01:28:23.901+0000] {processor.py:208} INFO - Processing /opt/airflow/dags/4sensors.py took 0.257 seconds
[2025-03-20T01:28:54.719+0000] {processor.py:186} INFO - Started process (PID=122) to work on /opt/airflow/dags/4sensors.py
[2025-03-20T01:28:54.723+0000] {processor.py:914} INFO - Processing file /opt/airflow/dags/4sensors.py for tasks to queue
[2025-03-20T01:28:54.728+0000] {logging_mixin.py:190} INFO - [2025-03-20T01:28:54.727+0000] {dagbag.py:588} INFO - Filling up the DagBag from /opt/airflow/dags/4sensors.py
[2025-03-20T01:28:54.778+0000] {processor.py:925} INFO - DAG(s) 's3_to_snowflake_dag' retrieved from /opt/airflow/dags/4sensors.py
[2025-03-20T01:28:54.845+0000] {logging_mixin.py:190} INFO - [2025-03-20T01:28:54.844+0000] {dag.py:3239} INFO - Sync 1 DAGs
[2025-03-20T01:28:54.916+0000] {logging_mixin.py:190} INFO - [2025-03-20T01:28:54.916+0000] {dag.py:4180} INFO - Setting next_dagrun for s3_to_snowflake_dag to 2025-03-19 23:00:00+00:00, run_after=2025-03-20 23:00:00+00:00
[2025-03-20T01:28:55.063+0000] {processor.py:208} INFO - Processing /opt/airflow/dags/4sensors.py took 0.355 seconds
[2025-03-20T01:29:25.425+0000] {processor.py:186} INFO - Started process (PID=127) to work on /opt/airflow/dags/4sensors.py
[2025-03-20T01:29:25.426+0000] {processor.py:914} INFO - Processing file /opt/airflow/dags/4sensors.py for tasks to queue
[2025-03-20T01:29:25.430+0000] {logging_mixin.py:190} INFO - [2025-03-20T01:29:25.430+0000] {dagbag.py:588} INFO - Filling up the DagBag from /opt/airflow/dags/4sensors.py
[2025-03-20T01:29:25.482+0000] {processor.py:925} INFO - DAG(s) 's3_to_snowflake_dag' retrieved from /opt/airflow/dags/4sensors.py
[2025-03-20T01:29:25.541+0000] {logging_mixin.py:190} INFO - [2025-03-20T01:29:25.540+0000] {dag.py:3239} INFO - Sync 1 DAGs
[2025-03-20T01:29:25.590+0000] {logging_mixin.py:190} INFO - [2025-03-20T01:29:25.589+0000] {dag.py:4180} INFO - Setting next_dagrun for s3_to_snowflake_dag to 2025-03-19 23:00:00+00:00, run_after=2025-03-20 23:00:00+00:00
[2025-03-20T01:29:25.709+0000] {processor.py:208} INFO - Processing /opt/airflow/dags/4sensors.py took 0.292 seconds
[2025-03-20T01:29:56.358+0000] {processor.py:186} INFO - Started process (PID=132) to work on /opt/airflow/dags/4sensors.py
[2025-03-20T01:29:56.360+0000] {processor.py:914} INFO - Processing file /opt/airflow/dags/4sensors.py for tasks to queue
[2025-03-20T01:29:56.365+0000] {logging_mixin.py:190} INFO - [2025-03-20T01:29:56.364+0000] {dagbag.py:588} INFO - Filling up the DagBag from /opt/airflow/dags/4sensors.py
[2025-03-20T01:29:56.406+0000] {processor.py:925} INFO - DAG(s) 's3_to_snowflake_dag' retrieved from /opt/airflow/dags/4sensors.py
[2025-03-20T01:29:56.451+0000] {logging_mixin.py:190} INFO - [2025-03-20T01:29:56.451+0000] {dag.py:3239} INFO - Sync 1 DAGs
[2025-03-20T01:29:56.496+0000] {logging_mixin.py:190} INFO - [2025-03-20T01:29:56.495+0000] {dag.py:4180} INFO - Setting next_dagrun for s3_to_snowflake_dag to 2025-03-19 23:00:00+00:00, run_after=2025-03-20 23:00:00+00:00
[2025-03-20T01:29:56.592+0000] {processor.py:208} INFO - Processing /opt/airflow/dags/4sensors.py took 0.243 seconds
[2025-03-20T01:30:27.345+0000] {processor.py:186} INFO - Started process (PID=137) to work on /opt/airflow/dags/4sensors.py
[2025-03-20T01:30:27.347+0000] {processor.py:914} INFO - Processing file /opt/airflow/dags/4sensors.py for tasks to queue
[2025-03-20T01:30:27.352+0000] {logging_mixin.py:190} INFO - [2025-03-20T01:30:27.351+0000] {dagbag.py:588} INFO - Filling up the DagBag from /opt/airflow/dags/4sensors.py
[2025-03-20T01:30:27.411+0000] {processor.py:925} INFO - DAG(s) 's3_to_snowflake_dag' retrieved from /opt/airflow/dags/4sensors.py
[2025-03-20T01:30:27.478+0000] {logging_mixin.py:190} INFO - [2025-03-20T01:30:27.477+0000] {dag.py:3239} INFO - Sync 1 DAGs
[2025-03-20T01:30:27.538+0000] {logging_mixin.py:190} INFO - [2025-03-20T01:30:27.538+0000] {dag.py:4180} INFO - Setting next_dagrun for s3_to_snowflake_dag to 2025-03-19 23:00:00+00:00, run_after=2025-03-20 23:00:00+00:00
[2025-03-20T01:30:27.680+0000] {processor.py:208} INFO - Processing /opt/airflow/dags/4sensors.py took 0.348 seconds
[2025-03-20T01:30:58.783+0000] {processor.py:186} INFO - Started process (PID=142) to work on /opt/airflow/dags/4sensors.py
[2025-03-20T01:30:58.785+0000] {processor.py:914} INFO - Processing file /opt/airflow/dags/4sensors.py for tasks to queue
[2025-03-20T01:30:58.789+0000] {logging_mixin.py:190} INFO - [2025-03-20T01:30:58.789+0000] {dagbag.py:588} INFO - Filling up the DagBag from /opt/airflow/dags/4sensors.py
[2025-03-20T01:30:58.863+0000] {processor.py:925} INFO - DAG(s) 's3_to_snowflake_dag' retrieved from /opt/airflow/dags/4sensors.py
[2025-03-20T01:30:58.933+0000] {logging_mixin.py:190} INFO - [2025-03-20T01:30:58.933+0000] {dag.py:3239} INFO - Sync 1 DAGs
[2025-03-20T01:30:59.010+0000] {logging_mixin.py:190} INFO - [2025-03-20T01:30:59.009+0000] {dag.py:4180} INFO - Setting next_dagrun for s3_to_snowflake_dag to 2025-03-19 23:00:00+00:00, run_after=2025-03-20 23:00:00+00:00
[2025-03-20T01:30:59.179+0000] {processor.py:208} INFO - Processing /opt/airflow/dags/4sensors.py took 0.403 seconds
[2025-03-20T01:31:29.368+0000] {processor.py:186} INFO - Started process (PID=147) to work on /opt/airflow/dags/4sensors.py
[2025-03-20T01:31:29.370+0000] {processor.py:914} INFO - Processing file /opt/airflow/dags/4sensors.py for tasks to queue
[2025-03-20T01:31:29.374+0000] {logging_mixin.py:190} INFO - [2025-03-20T01:31:29.374+0000] {dagbag.py:588} INFO - Filling up the DagBag from /opt/airflow/dags/4sensors.py
[2025-03-20T01:31:29.430+0000] {processor.py:925} INFO - DAG(s) 's3_to_snowflake_dag' retrieved from /opt/airflow/dags/4sensors.py
[2025-03-20T01:31:29.496+0000] {logging_mixin.py:190} INFO - [2025-03-20T01:31:29.495+0000] {dag.py:3239} INFO - Sync 1 DAGs
[2025-03-20T01:31:29.564+0000] {logging_mixin.py:190} INFO - [2025-03-20T01:31:29.564+0000] {dag.py:4180} INFO - Setting next_dagrun for s3_to_snowflake_dag to 2025-03-19 23:00:00+00:00, run_after=2025-03-20 23:00:00+00:00
[2025-03-20T01:31:29.691+0000] {processor.py:208} INFO - Processing /opt/airflow/dags/4sensors.py took 0.330 seconds
[2025-03-20T01:32:00.510+0000] {processor.py:186} INFO - Started process (PID=152) to work on /opt/airflow/dags/4sensors.py
[2025-03-20T01:32:00.512+0000] {processor.py:914} INFO - Processing file /opt/airflow/dags/4sensors.py for tasks to queue
[2025-03-20T01:32:00.521+0000] {logging_mixin.py:190} INFO - [2025-03-20T01:32:00.520+0000] {dagbag.py:588} INFO - Filling up the DagBag from /opt/airflow/dags/4sensors.py
[2025-03-20T01:32:00.575+0000] {processor.py:925} INFO - DAG(s) 's3_to_snowflake_dag' retrieved from /opt/airflow/dags/4sensors.py
[2025-03-20T01:32:00.652+0000] {logging_mixin.py:190} INFO - [2025-03-20T01:32:00.651+0000] {dag.py:3239} INFO - Sync 1 DAGs
[2025-03-20T01:32:00.710+0000] {logging_mixin.py:190} INFO - [2025-03-20T01:32:00.710+0000] {dag.py:4180} INFO - Setting next_dagrun for s3_to_snowflake_dag to 2025-03-19 23:00:00+00:00, run_after=2025-03-20 23:00:00+00:00
[2025-03-20T01:32:00.808+0000] {processor.py:208} INFO - Processing /opt/airflow/dags/4sensors.py took 0.311 seconds
[2025-03-20T01:32:31.190+0000] {processor.py:186} INFO - Started process (PID=157) to work on /opt/airflow/dags/4sensors.py
[2025-03-20T01:32:31.192+0000] {processor.py:914} INFO - Processing file /opt/airflow/dags/4sensors.py for tasks to queue
[2025-03-20T01:32:31.197+0000] {logging_mixin.py:190} INFO - [2025-03-20T01:32:31.197+0000] {dagbag.py:588} INFO - Filling up the DagBag from /opt/airflow/dags/4sensors.py
[2025-03-20T01:32:31.241+0000] {processor.py:925} INFO - DAG(s) 's3_to_snowflake_dag' retrieved from /opt/airflow/dags/4sensors.py
[2025-03-20T01:32:31.290+0000] {logging_mixin.py:190} INFO - [2025-03-20T01:32:31.289+0000] {dag.py:3239} INFO - Sync 1 DAGs
[2025-03-20T01:32:31.340+0000] {logging_mixin.py:190} INFO - [2025-03-20T01:32:31.340+0000] {dag.py:4180} INFO - Setting next_dagrun for s3_to_snowflake_dag to 2025-03-19 23:00:00+00:00, run_after=2025-03-20 23:00:00+00:00
[2025-03-20T01:32:31.449+0000] {processor.py:208} INFO - Processing /opt/airflow/dags/4sensors.py took 0.271 seconds
[2025-03-20T01:33:01.600+0000] {processor.py:186} INFO - Started process (PID=162) to work on /opt/airflow/dags/4sensors.py
[2025-03-20T01:33:01.601+0000] {processor.py:914} INFO - Processing file /opt/airflow/dags/4sensors.py for tasks to queue
[2025-03-20T01:33:01.605+0000] {logging_mixin.py:190} INFO - [2025-03-20T01:33:01.604+0000] {dagbag.py:588} INFO - Filling up the DagBag from /opt/airflow/dags/4sensors.py
[2025-03-20T01:33:01.644+0000] {processor.py:925} INFO - DAG(s) 's3_to_snowflake_dag' retrieved from /opt/airflow/dags/4sensors.py
[2025-03-20T01:33:01.690+0000] {logging_mixin.py:190} INFO - [2025-03-20T01:33:01.689+0000] {dag.py:3239} INFO - Sync 1 DAGs
[2025-03-20T01:33:01.742+0000] {logging_mixin.py:190} INFO - [2025-03-20T01:33:01.742+0000] {dag.py:4180} INFO - Setting next_dagrun for s3_to_snowflake_dag to 2025-03-19 23:00:00+00:00, run_after=2025-03-20 23:00:00+00:00
[2025-03-20T01:33:01.835+0000] {processor.py:208} INFO - Processing /opt/airflow/dags/4sensors.py took 0.245 seconds
[2025-03-20T01:33:32.258+0000] {processor.py:186} INFO - Started process (PID=167) to work on /opt/airflow/dags/4sensors.py
[2025-03-20T01:33:32.259+0000] {processor.py:914} INFO - Processing file /opt/airflow/dags/4sensors.py for tasks to queue
[2025-03-20T01:33:32.264+0000] {logging_mixin.py:190} INFO - [2025-03-20T01:33:32.263+0000] {dagbag.py:588} INFO - Filling up the DagBag from /opt/airflow/dags/4sensors.py
[2025-03-20T01:33:32.301+0000] {processor.py:925} INFO - DAG(s) 's3_to_snowflake_dag' retrieved from /opt/airflow/dags/4sensors.py
[2025-03-20T01:33:32.342+0000] {logging_mixin.py:190} INFO - [2025-03-20T01:33:32.341+0000] {dag.py:3239} INFO - Sync 1 DAGs
[2025-03-20T01:33:32.383+0000] {logging_mixin.py:190} INFO - [2025-03-20T01:33:32.383+0000] {dag.py:4180} INFO - Setting next_dagrun for s3_to_snowflake_dag to 2025-03-19 23:00:00+00:00, run_after=2025-03-20 23:00:00+00:00
[2025-03-20T01:33:32.480+0000] {processor.py:208} INFO - Processing /opt/airflow/dags/4sensors.py took 0.230 seconds
[2025-03-20T01:34:03.628+0000] {processor.py:186} INFO - Started process (PID=172) to work on /opt/airflow/dags/4sensors.py
[2025-03-20T01:34:03.631+0000] {processor.py:914} INFO - Processing file /opt/airflow/dags/4sensors.py for tasks to queue
[2025-03-20T01:34:03.640+0000] {logging_mixin.py:190} INFO - [2025-03-20T01:34:03.639+0000] {dagbag.py:588} INFO - Filling up the DagBag from /opt/airflow/dags/4sensors.py
[2025-03-20T01:34:03.680+0000] {processor.py:925} INFO - DAG(s) 's3_to_snowflake_dag' retrieved from /opt/airflow/dags/4sensors.py
[2025-03-20T01:34:03.738+0000] {logging_mixin.py:190} INFO - [2025-03-20T01:34:03.737+0000] {dag.py:3239} INFO - Sync 1 DAGs
[2025-03-20T01:34:03.781+0000] {logging_mixin.py:190} INFO - [2025-03-20T01:34:03.780+0000] {dag.py:4180} INFO - Setting next_dagrun for s3_to_snowflake_dag to 2025-03-19 23:00:00+00:00, run_after=2025-03-20 23:00:00+00:00
[2025-03-20T01:34:03.885+0000] {processor.py:208} INFO - Processing /opt/airflow/dags/4sensors.py took 0.267 seconds
[2025-03-20T01:34:34.140+0000] {processor.py:186} INFO - Started process (PID=177) to work on /opt/airflow/dags/4sensors.py
[2025-03-20T01:34:34.142+0000] {processor.py:914} INFO - Processing file /opt/airflow/dags/4sensors.py for tasks to queue
[2025-03-20T01:34:34.148+0000] {logging_mixin.py:190} INFO - [2025-03-20T01:34:34.147+0000] {dagbag.py:588} INFO - Filling up the DagBag from /opt/airflow/dags/4sensors.py
[2025-03-20T01:34:34.195+0000] {processor.py:925} INFO - DAG(s) 's3_to_snowflake_dag' retrieved from /opt/airflow/dags/4sensors.py
[2025-03-20T01:34:34.261+0000] {logging_mixin.py:190} INFO - [2025-03-20T01:34:34.260+0000] {dag.py:3239} INFO - Sync 1 DAGs
[2025-03-20T01:34:34.424+0000] {logging_mixin.py:190} INFO - [2025-03-20T01:34:34.424+0000] {dag.py:4180} INFO - Setting next_dagrun for s3_to_snowflake_dag to 2025-03-19 23:00:00+00:00, run_after=2025-03-20 23:00:00+00:00
[2025-03-20T01:34:34.538+0000] {processor.py:208} INFO - Processing /opt/airflow/dags/4sensors.py took 0.409 seconds
[2025-03-20T01:35:05.320+0000] {processor.py:186} INFO - Started process (PID=182) to work on /opt/airflow/dags/4sensors.py
[2025-03-20T01:35:05.322+0000] {processor.py:914} INFO - Processing file /opt/airflow/dags/4sensors.py for tasks to queue
[2025-03-20T01:35:05.328+0000] {logging_mixin.py:190} INFO - [2025-03-20T01:35:05.327+0000] {dagbag.py:588} INFO - Filling up the DagBag from /opt/airflow/dags/4sensors.py
[2025-03-20T01:35:05.405+0000] {processor.py:925} INFO - DAG(s) 's3_to_snowflake_dag' retrieved from /opt/airflow/dags/4sensors.py
[2025-03-20T01:35:05.480+0000] {logging_mixin.py:190} INFO - [2025-03-20T01:35:05.480+0000] {dag.py:3239} INFO - Sync 1 DAGs
[2025-03-20T01:35:05.560+0000] {logging_mixin.py:190} INFO - [2025-03-20T01:35:05.559+0000] {dag.py:4180} INFO - Setting next_dagrun for s3_to_snowflake_dag to 2025-03-19 23:00:00+00:00, run_after=2025-03-20 23:00:00+00:00
[2025-03-20T01:35:05.719+0000] {processor.py:208} INFO - Processing /opt/airflow/dags/4sensors.py took 0.408 seconds
[2025-03-20T01:35:44.942+0000] {processor.py:186} INFO - Started process (PID=85) to work on /opt/airflow/dags/4sensors.py
[2025-03-20T01:35:44.945+0000] {processor.py:914} INFO - Processing file /opt/airflow/dags/4sensors.py for tasks to queue
[2025-03-20T01:35:44.949+0000] {logging_mixin.py:190} INFO - [2025-03-20T01:35:44.948+0000] {dagbag.py:588} INFO - Filling up the DagBag from /opt/airflow/dags/4sensors.py
[2025-03-20T01:35:45.002+0000] {processor.py:925} INFO - DAG(s) 's3_to_snowflake_dag' retrieved from /opt/airflow/dags/4sensors.py
[2025-03-20T01:35:45.057+0000] {logging_mixin.py:190} INFO - [2025-03-20T01:35:45.057+0000] {dag.py:3239} INFO - Sync 1 DAGs
[2025-03-20T01:35:45.102+0000] {logging_mixin.py:190} INFO - [2025-03-20T01:35:45.102+0000] {dag.py:4180} INFO - Setting next_dagrun for s3_to_snowflake_dag to 2025-03-19 23:00:00+00:00, run_after=2025-03-20 23:00:00+00:00
[2025-03-20T01:35:45.219+0000] {processor.py:208} INFO - Processing /opt/airflow/dags/4sensors.py took 0.288 seconds
[2025-03-20T01:36:15.730+0000] {processor.py:186} INFO - Started process (PID=118) to work on /opt/airflow/dags/4sensors.py
[2025-03-20T01:36:15.733+0000] {processor.py:914} INFO - Processing file /opt/airflow/dags/4sensors.py for tasks to queue
[2025-03-20T01:36:15.737+0000] {logging_mixin.py:190} INFO - [2025-03-20T01:36:15.736+0000] {dagbag.py:588} INFO - Filling up the DagBag from /opt/airflow/dags/4sensors.py
[2025-03-20T01:36:15.787+0000] {processor.py:925} INFO - DAG(s) 's3_to_snowflake_dag' retrieved from /opt/airflow/dags/4sensors.py
[2025-03-20T01:36:15.845+0000] {logging_mixin.py:190} INFO - [2025-03-20T01:36:15.844+0000] {dag.py:3239} INFO - Sync 1 DAGs
[2025-03-20T01:36:15.902+0000] {logging_mixin.py:190} INFO - [2025-03-20T01:36:15.901+0000] {dag.py:4180} INFO - Setting next_dagrun for s3_to_snowflake_dag to 2025-03-19 23:00:00+00:00, run_after=2025-03-20 23:00:00+00:00
[2025-03-20T01:36:16.018+0000] {processor.py:208} INFO - Processing /opt/airflow/dags/4sensors.py took 0.298 seconds
[2025-03-20T01:36:46.581+0000] {processor.py:186} INFO - Started process (PID=123) to work on /opt/airflow/dags/4sensors.py
[2025-03-20T01:36:46.584+0000] {processor.py:914} INFO - Processing file /opt/airflow/dags/4sensors.py for tasks to queue
[2025-03-20T01:36:46.589+0000] {logging_mixin.py:190} INFO - [2025-03-20T01:36:46.589+0000] {dagbag.py:588} INFO - Filling up the DagBag from /opt/airflow/dags/4sensors.py
[2025-03-20T01:36:46.667+0000] {processor.py:925} INFO - DAG(s) 's3_to_snowflake_dag' retrieved from /opt/airflow/dags/4sensors.py
[2025-03-20T01:36:46.739+0000] {logging_mixin.py:190} INFO - [2025-03-20T01:36:46.738+0000] {dag.py:3239} INFO - Sync 1 DAGs
[2025-03-20T01:36:46.808+0000] {logging_mixin.py:190} INFO - [2025-03-20T01:36:46.808+0000] {dag.py:4180} INFO - Setting next_dagrun for s3_to_snowflake_dag to 2025-03-19 23:00:00+00:00, run_after=2025-03-20 23:00:00+00:00
[2025-03-20T01:36:46.930+0000] {processor.py:208} INFO - Processing /opt/airflow/dags/4sensors.py took 0.363 seconds
[2025-03-20T01:37:17.758+0000] {processor.py:186} INFO - Started process (PID=128) to work on /opt/airflow/dags/4sensors.py
[2025-03-20T01:37:17.760+0000] {processor.py:914} INFO - Processing file /opt/airflow/dags/4sensors.py for tasks to queue
[2025-03-20T01:37:17.770+0000] {logging_mixin.py:190} INFO - [2025-03-20T01:37:17.769+0000] {dagbag.py:588} INFO - Filling up the DagBag from /opt/airflow/dags/4sensors.py
[2025-03-20T01:37:17.812+0000] {processor.py:925} INFO - DAG(s) 's3_to_snowflake_dag' retrieved from /opt/airflow/dags/4sensors.py
[2025-03-20T01:37:17.865+0000] {logging_mixin.py:190} INFO - [2025-03-20T01:37:17.864+0000] {dag.py:3239} INFO - Sync 1 DAGs
[2025-03-20T01:37:17.912+0000] {logging_mixin.py:190} INFO - [2025-03-20T01:37:17.912+0000] {dag.py:4180} INFO - Setting next_dagrun for s3_to_snowflake_dag to 2025-03-19 23:00:00+00:00, run_after=2025-03-20 23:00:00+00:00
[2025-03-20T01:37:18.058+0000] {processor.py:208} INFO - Processing /opt/airflow/dags/4sensors.py took 0.310 seconds
[2025-03-20T01:37:48.625+0000] {processor.py:186} INFO - Started process (PID=133) to work on /opt/airflow/dags/4sensors.py
[2025-03-20T01:37:48.627+0000] {processor.py:914} INFO - Processing file /opt/airflow/dags/4sensors.py for tasks to queue
[2025-03-20T01:37:48.633+0000] {logging_mixin.py:190} INFO - [2025-03-20T01:37:48.632+0000] {dagbag.py:588} INFO - Filling up the DagBag from /opt/airflow/dags/4sensors.py
[2025-03-20T01:37:48.679+0000] {processor.py:925} INFO - DAG(s) 's3_to_snowflake_dag' retrieved from /opt/airflow/dags/4sensors.py
[2025-03-20T01:37:48.763+0000] {logging_mixin.py:190} INFO - [2025-03-20T01:37:48.763+0000] {dag.py:3239} INFO - Sync 1 DAGs
[2025-03-20T01:37:48.835+0000] {logging_mixin.py:190} INFO - [2025-03-20T01:37:48.834+0000] {dag.py:4180} INFO - Setting next_dagrun for s3_to_snowflake_dag to 2025-03-19 23:00:00+00:00, run_after=2025-03-20 23:00:00+00:00
[2025-03-20T01:37:48.992+0000] {processor.py:208} INFO - Processing /opt/airflow/dags/4sensors.py took 0.376 seconds
[2025-03-20T01:38:20.137+0000] {processor.py:186} INFO - Started process (PID=138) to work on /opt/airflow/dags/4sensors.py
[2025-03-20T01:38:20.139+0000] {processor.py:914} INFO - Processing file /opt/airflow/dags/4sensors.py for tasks to queue
[2025-03-20T01:38:20.144+0000] {logging_mixin.py:190} INFO - [2025-03-20T01:38:20.144+0000] {dagbag.py:588} INFO - Filling up the DagBag from /opt/airflow/dags/4sensors.py
[2025-03-20T01:38:20.187+0000] {processor.py:925} INFO - DAG(s) 's3_to_snowflake_dag' retrieved from /opt/airflow/dags/4sensors.py
[2025-03-20T01:38:20.260+0000] {logging_mixin.py:190} INFO - [2025-03-20T01:38:20.259+0000] {dag.py:3239} INFO - Sync 1 DAGs
[2025-03-20T01:38:20.309+0000] {logging_mixin.py:190} INFO - [2025-03-20T01:38:20.308+0000] {dag.py:4180} INFO - Setting next_dagrun for s3_to_snowflake_dag to 2025-03-19 23:00:00+00:00, run_after=2025-03-20 23:00:00+00:00
[2025-03-20T01:38:20.578+0000] {processor.py:208} INFO - Processing /opt/airflow/dags/4sensors.py took 0.454 seconds
[2025-03-20T01:38:50.880+0000] {processor.py:186} INFO - Started process (PID=143) to work on /opt/airflow/dags/4sensors.py
[2025-03-20T01:38:50.882+0000] {processor.py:914} INFO - Processing file /opt/airflow/dags/4sensors.py for tasks to queue
[2025-03-20T01:38:50.886+0000] {logging_mixin.py:190} INFO - [2025-03-20T01:38:50.886+0000] {dagbag.py:588} INFO - Filling up the DagBag from /opt/airflow/dags/4sensors.py
[2025-03-20T01:38:50.937+0000] {processor.py:925} INFO - DAG(s) 's3_to_snowflake_dag' retrieved from /opt/airflow/dags/4sensors.py
[2025-03-20T01:38:51.036+0000] {logging_mixin.py:190} INFO - [2025-03-20T01:38:51.035+0000] {dag.py:3239} INFO - Sync 1 DAGs
[2025-03-20T01:38:51.097+0000] {logging_mixin.py:190} INFO - [2025-03-20T01:38:51.097+0000] {dag.py:4180} INFO - Setting next_dagrun for s3_to_snowflake_dag to 2025-03-19 23:00:00+00:00, run_after=2025-03-20 23:00:00+00:00
[2025-03-20T01:38:51.242+0000] {processor.py:208} INFO - Processing /opt/airflow/dags/4sensors.py took 0.372 seconds
[2025-03-20T01:39:22.729+0000] {processor.py:186} INFO - Started process (PID=148) to work on /opt/airflow/dags/4sensors.py
[2025-03-20T01:39:22.734+0000] {processor.py:914} INFO - Processing file /opt/airflow/dags/4sensors.py for tasks to queue
[2025-03-20T01:39:22.738+0000] {logging_mixin.py:190} INFO - [2025-03-20T01:39:22.737+0000] {dagbag.py:588} INFO - Filling up the DagBag from /opt/airflow/dags/4sensors.py
[2025-03-20T01:39:22.785+0000] {processor.py:925} INFO - DAG(s) 's3_to_snowflake_dag' retrieved from /opt/airflow/dags/4sensors.py
[2025-03-20T01:39:22.829+0000] {logging_mixin.py:190} INFO - [2025-03-20T01:39:22.829+0000] {dag.py:3239} INFO - Sync 1 DAGs
[2025-03-20T01:39:22.871+0000] {logging_mixin.py:190} INFO - [2025-03-20T01:39:22.870+0000] {dag.py:4180} INFO - Setting next_dagrun for s3_to_snowflake_dag to 2025-03-19 23:00:00+00:00, run_after=2025-03-20 23:00:00+00:00
[2025-03-20T01:39:22.992+0000] {processor.py:208} INFO - Processing /opt/airflow/dags/4sensors.py took 0.278 seconds
[2025-03-20T01:39:53.276+0000] {processor.py:186} INFO - Started process (PID=153) to work on /opt/airflow/dags/4sensors.py
[2025-03-20T01:39:53.278+0000] {processor.py:914} INFO - Processing file /opt/airflow/dags/4sensors.py for tasks to queue
[2025-03-20T01:39:53.283+0000] {logging_mixin.py:190} INFO - [2025-03-20T01:39:53.282+0000] {dagbag.py:588} INFO - Filling up the DagBag from /opt/airflow/dags/4sensors.py
[2025-03-20T01:39:53.357+0000] {processor.py:925} INFO - DAG(s) 's3_to_snowflake_dag' retrieved from /opt/airflow/dags/4sensors.py
[2025-03-20T01:39:53.412+0000] {logging_mixin.py:190} INFO - [2025-03-20T01:39:53.411+0000] {dag.py:3239} INFO - Sync 1 DAGs
[2025-03-20T01:39:53.456+0000] {logging_mixin.py:190} INFO - [2025-03-20T01:39:53.456+0000] {dag.py:4180} INFO - Setting next_dagrun for s3_to_snowflake_dag to 2025-03-19 23:00:00+00:00, run_after=2025-03-20 23:00:00+00:00
[2025-03-20T01:39:53.597+0000] {processor.py:208} INFO - Processing /opt/airflow/dags/4sensors.py took 0.333 seconds
[2025-03-20T01:40:24.465+0000] {processor.py:186} INFO - Started process (PID=158) to work on /opt/airflow/dags/4sensors.py
[2025-03-20T01:40:24.467+0000] {processor.py:914} INFO - Processing file /opt/airflow/dags/4sensors.py for tasks to queue
[2025-03-20T01:40:24.472+0000] {logging_mixin.py:190} INFO - [2025-03-20T01:40:24.471+0000] {dagbag.py:588} INFO - Filling up the DagBag from /opt/airflow/dags/4sensors.py
[2025-03-20T01:40:24.532+0000] {processor.py:925} INFO - DAG(s) 's3_to_snowflake_dag' retrieved from /opt/airflow/dags/4sensors.py
[2025-03-20T01:40:24.598+0000] {logging_mixin.py:190} INFO - [2025-03-20T01:40:24.598+0000] {dag.py:3239} INFO - Sync 1 DAGs
[2025-03-20T01:40:24.661+0000] {logging_mixin.py:190} INFO - [2025-03-20T01:40:24.660+0000] {dag.py:4180} INFO - Setting next_dagrun for s3_to_snowflake_dag to 2025-03-19 23:00:00+00:00, run_after=2025-03-20 23:00:00+00:00
[2025-03-20T01:40:24.757+0000] {processor.py:208} INFO - Processing /opt/airflow/dags/4sensors.py took 0.310 seconds
[2025-03-20T01:40:55.517+0000] {processor.py:186} INFO - Started process (PID=163) to work on /opt/airflow/dags/4sensors.py
[2025-03-20T01:40:55.519+0000] {processor.py:914} INFO - Processing file /opt/airflow/dags/4sensors.py for tasks to queue
[2025-03-20T01:40:55.522+0000] {logging_mixin.py:190} INFO - [2025-03-20T01:40:55.522+0000] {dagbag.py:588} INFO - Filling up the DagBag from /opt/airflow/dags/4sensors.py
[2025-03-20T01:40:55.567+0000] {processor.py:925} INFO - DAG(s) 's3_to_snowflake_dag' retrieved from /opt/airflow/dags/4sensors.py
[2025-03-20T01:40:55.656+0000] {logging_mixin.py:190} INFO - [2025-03-20T01:40:55.655+0000] {dag.py:3239} INFO - Sync 1 DAGs
[2025-03-20T01:40:55.720+0000] {logging_mixin.py:190} INFO - [2025-03-20T01:40:55.720+0000] {dag.py:4180} INFO - Setting next_dagrun for s3_to_snowflake_dag to 2025-03-19 23:00:00+00:00, run_after=2025-03-20 23:00:00+00:00
[2025-03-20T01:40:55.891+0000] {processor.py:208} INFO - Processing /opt/airflow/dags/4sensors.py took 0.385 seconds
[2025-03-20T01:41:26.909+0000] {processor.py:186} INFO - Started process (PID=169) to work on /opt/airflow/dags/4sensors.py
[2025-03-20T01:41:26.911+0000] {processor.py:914} INFO - Processing file /opt/airflow/dags/4sensors.py for tasks to queue
[2025-03-20T01:41:26.915+0000] {logging_mixin.py:190} INFO - [2025-03-20T01:41:26.915+0000] {dagbag.py:588} INFO - Filling up the DagBag from /opt/airflow/dags/4sensors.py
[2025-03-20T01:41:26.970+0000] {processor.py:925} INFO - DAG(s) 's3_to_snowflake_dag' retrieved from /opt/airflow/dags/4sensors.py
[2025-03-20T01:41:27.053+0000] {logging_mixin.py:190} INFO - [2025-03-20T01:41:27.052+0000] {dag.py:3239} INFO - Sync 1 DAGs
[2025-03-20T01:41:27.129+0000] {logging_mixin.py:190} INFO - [2025-03-20T01:41:27.128+0000] {dag.py:4180} INFO - Setting next_dagrun for s3_to_snowflake_dag to 2025-03-19 23:00:00+00:00, run_after=2025-03-20 23:00:00+00:00
[2025-03-20T01:41:27.243+0000] {processor.py:208} INFO - Processing /opt/airflow/dags/4sensors.py took 0.343 seconds
[2025-03-20T01:41:58.290+0000] {processor.py:186} INFO - Started process (PID=174) to work on /opt/airflow/dags/4sensors.py
[2025-03-20T01:41:58.291+0000] {processor.py:914} INFO - Processing file /opt/airflow/dags/4sensors.py for tasks to queue
[2025-03-20T01:41:58.295+0000] {logging_mixin.py:190} INFO - [2025-03-20T01:41:58.294+0000] {dagbag.py:588} INFO - Filling up the DagBag from /opt/airflow/dags/4sensors.py
[2025-03-20T01:41:58.325+0000] {processor.py:925} INFO - DAG(s) 's3_to_snowflake_dag' retrieved from /opt/airflow/dags/4sensors.py
[2025-03-20T01:41:58.366+0000] {logging_mixin.py:190} INFO - [2025-03-20T01:41:58.365+0000] {dag.py:3239} INFO - Sync 1 DAGs
[2025-03-20T01:41:58.404+0000] {logging_mixin.py:190} INFO - [2025-03-20T01:41:58.404+0000] {dag.py:4180} INFO - Setting next_dagrun for s3_to_snowflake_dag to 2025-03-19 23:00:00+00:00, run_after=2025-03-20 23:00:00+00:00
[2025-03-20T01:41:58.481+0000] {processor.py:208} INFO - Processing /opt/airflow/dags/4sensors.py took 0.198 seconds
[2025-03-20T01:42:30.060+0000] {processor.py:186} INFO - Started process (PID=179) to work on /opt/airflow/dags/4sensors.py
[2025-03-20T01:42:30.063+0000] {processor.py:914} INFO - Processing file /opt/airflow/dags/4sensors.py for tasks to queue
[2025-03-20T01:42:30.066+0000] {logging_mixin.py:190} INFO - [2025-03-20T01:42:30.066+0000] {dagbag.py:588} INFO - Filling up the DagBag from /opt/airflow/dags/4sensors.py
[2025-03-20T01:42:30.113+0000] {processor.py:925} INFO - DAG(s) 's3_to_snowflake_dag' retrieved from /opt/airflow/dags/4sensors.py
[2025-03-20T01:42:30.162+0000] {logging_mixin.py:190} INFO - [2025-03-20T01:42:30.162+0000] {dag.py:3239} INFO - Sync 1 DAGs
[2025-03-20T01:42:30.204+0000] {logging_mixin.py:190} INFO - [2025-03-20T01:42:30.204+0000] {dag.py:4180} INFO - Setting next_dagrun for s3_to_snowflake_dag to 2025-03-19 23:00:00+00:00, run_after=2025-03-20 23:00:00+00:00
[2025-03-20T01:42:30.329+0000] {processor.py:208} INFO - Processing /opt/airflow/dags/4sensors.py took 0.275 seconds
[2025-03-20T01:43:01.371+0000] {processor.py:186} INFO - Started process (PID=184) to work on /opt/airflow/dags/4sensors.py
[2025-03-20T01:43:01.373+0000] {processor.py:914} INFO - Processing file /opt/airflow/dags/4sensors.py for tasks to queue
[2025-03-20T01:43:01.377+0000] {logging_mixin.py:190} INFO - [2025-03-20T01:43:01.377+0000] {dagbag.py:588} INFO - Filling up the DagBag from /opt/airflow/dags/4sensors.py
[2025-03-20T01:43:01.416+0000] {processor.py:925} INFO - DAG(s) 's3_to_snowflake_dag' retrieved from /opt/airflow/dags/4sensors.py
[2025-03-20T01:43:01.463+0000] {logging_mixin.py:190} INFO - [2025-03-20T01:43:01.463+0000] {dag.py:3239} INFO - Sync 1 DAGs
[2025-03-20T01:43:01.510+0000] {logging_mixin.py:190} INFO - [2025-03-20T01:43:01.509+0000] {dag.py:4180} INFO - Setting next_dagrun for s3_to_snowflake_dag to 2025-03-19 23:00:00+00:00, run_after=2025-03-20 23:00:00+00:00
[2025-03-20T01:43:01.663+0000] {processor.py:208} INFO - Processing /opt/airflow/dags/4sensors.py took 0.301 seconds
[2025-03-20T01:43:32.376+0000] {processor.py:186} INFO - Started process (PID=189) to work on /opt/airflow/dags/4sensors.py
[2025-03-20T01:43:32.379+0000] {processor.py:914} INFO - Processing file /opt/airflow/dags/4sensors.py for tasks to queue
[2025-03-20T01:43:32.382+0000] {logging_mixin.py:190} INFO - [2025-03-20T01:43:32.382+0000] {dagbag.py:588} INFO - Filling up the DagBag from /opt/airflow/dags/4sensors.py
[2025-03-20T01:43:32.448+0000] {processor.py:925} INFO - DAG(s) 's3_to_snowflake_dag' retrieved from /opt/airflow/dags/4sensors.py
[2025-03-20T01:43:32.515+0000] {logging_mixin.py:190} INFO - [2025-03-20T01:43:32.515+0000] {dag.py:3239} INFO - Sync 1 DAGs
[2025-03-20T01:43:32.558+0000] {logging_mixin.py:190} INFO - [2025-03-20T01:43:32.558+0000] {dag.py:4180} INFO - Setting next_dagrun for s3_to_snowflake_dag to 2025-03-19 23:00:00+00:00, run_after=2025-03-20 23:00:00+00:00
[2025-03-20T01:43:32.692+0000] {processor.py:208} INFO - Processing /opt/airflow/dags/4sensors.py took 0.323 seconds
[2025-03-20T01:44:03.765+0000] {processor.py:186} INFO - Started process (PID=195) to work on /opt/airflow/dags/4sensors.py
[2025-03-20T01:44:03.767+0000] {processor.py:914} INFO - Processing file /opt/airflow/dags/4sensors.py for tasks to queue
[2025-03-20T01:44:03.771+0000] {logging_mixin.py:190} INFO - [2025-03-20T01:44:03.771+0000] {dagbag.py:588} INFO - Filling up the DagBag from /opt/airflow/dags/4sensors.py
[2025-03-20T01:44:03.818+0000] {processor.py:925} INFO - DAG(s) 's3_to_snowflake_dag' retrieved from /opt/airflow/dags/4sensors.py
[2025-03-20T01:44:03.883+0000] {logging_mixin.py:190} INFO - [2025-03-20T01:44:03.883+0000] {dag.py:3239} INFO - Sync 1 DAGs
[2025-03-20T01:44:03.941+0000] {logging_mixin.py:190} INFO - [2025-03-20T01:44:03.940+0000] {dag.py:4180} INFO - Setting next_dagrun for s3_to_snowflake_dag to 2025-03-19 23:00:00+00:00, run_after=2025-03-20 23:00:00+00:00
[2025-03-20T01:44:04.140+0000] {processor.py:208} INFO - Processing /opt/airflow/dags/4sensors.py took 0.386 seconds
[2025-03-20T01:44:43.173+0000] {processor.py:186} INFO - Started process (PID=243) to work on /opt/airflow/dags/4sensors.py
[2025-03-20T01:44:43.176+0000] {processor.py:914} INFO - Processing file /opt/airflow/dags/4sensors.py for tasks to queue
[2025-03-20T01:44:43.184+0000] {logging_mixin.py:190} INFO - [2025-03-20T01:44:43.183+0000] {dagbag.py:588} INFO - Filling up the DagBag from /opt/airflow/dags/4sensors.py
[2025-03-20T01:44:43.240+0000] {processor.py:925} INFO - DAG(s) 's3_to_snowflake_dag' retrieved from /opt/airflow/dags/4sensors.py
[2025-03-20T01:44:43.332+0000] {logging_mixin.py:190} INFO - [2025-03-20T01:44:43.332+0000] {dag.py:3239} INFO - Sync 1 DAGs
[2025-03-20T01:44:43.389+0000] {logging_mixin.py:190} INFO - [2025-03-20T01:44:43.388+0000] {dag.py:4180} INFO - Setting next_dagrun for s3_to_snowflake_dag to 2025-03-19 23:00:00+00:00, run_after=2025-03-20 23:00:00+00:00
[2025-03-20T01:44:43.495+0000] {processor.py:208} INFO - Processing /opt/airflow/dags/4sensors.py took 0.334 seconds
[2025-03-20T01:45:14.449+0000] {processor.py:186} INFO - Started process (PID=248) to work on /opt/airflow/dags/4sensors.py
[2025-03-20T01:45:14.452+0000] {processor.py:914} INFO - Processing file /opt/airflow/dags/4sensors.py for tasks to queue
[2025-03-20T01:45:14.457+0000] {logging_mixin.py:190} INFO - [2025-03-20T01:45:14.457+0000] {dagbag.py:588} INFO - Filling up the DagBag from /opt/airflow/dags/4sensors.py
[2025-03-20T01:45:14.550+0000] {processor.py:925} INFO - DAG(s) 's3_to_snowflake_dag' retrieved from /opt/airflow/dags/4sensors.py
[2025-03-20T01:45:14.634+0000] {logging_mixin.py:190} INFO - [2025-03-20T01:45:14.633+0000] {dag.py:3239} INFO - Sync 1 DAGs
[2025-03-20T01:45:14.701+0000] {logging_mixin.py:190} INFO - [2025-03-20T01:45:14.700+0000] {dag.py:4180} INFO - Setting next_dagrun for s3_to_snowflake_dag to 2025-03-19 23:00:00+00:00, run_after=2025-03-20 23:00:00+00:00
[2025-03-20T01:45:14.892+0000] {processor.py:208} INFO - Processing /opt/airflow/dags/4sensors.py took 0.457 seconds
[2025-03-20T01:45:45.470+0000] {processor.py:186} INFO - Started process (PID=254) to work on /opt/airflow/dags/4sensors.py
[2025-03-20T01:45:45.472+0000] {processor.py:914} INFO - Processing file /opt/airflow/dags/4sensors.py for tasks to queue
[2025-03-20T01:45:45.477+0000] {logging_mixin.py:190} INFO - [2025-03-20T01:45:45.476+0000] {dagbag.py:588} INFO - Filling up the DagBag from /opt/airflow/dags/4sensors.py
[2025-03-20T01:45:45.548+0000] {processor.py:925} INFO - DAG(s) 's3_to_snowflake_dag' retrieved from /opt/airflow/dags/4sensors.py
[2025-03-20T01:45:45.614+0000] {logging_mixin.py:190} INFO - [2025-03-20T01:45:45.613+0000] {dag.py:3239} INFO - Sync 1 DAGs
[2025-03-20T01:45:45.673+0000] {logging_mixin.py:190} INFO - [2025-03-20T01:45:45.673+0000] {dag.py:4180} INFO - Setting next_dagrun for s3_to_snowflake_dag to 2025-03-19 23:00:00+00:00, run_after=2025-03-20 23:00:00+00:00
[2025-03-20T01:45:45.810+0000] {processor.py:208} INFO - Processing /opt/airflow/dags/4sensors.py took 0.351 seconds
[2025-03-20T01:46:16.136+0000] {processor.py:186} INFO - Started process (PID=259) to work on /opt/airflow/dags/4sensors.py
[2025-03-20T01:46:16.139+0000] {processor.py:914} INFO - Processing file /opt/airflow/dags/4sensors.py for tasks to queue
[2025-03-20T01:46:16.143+0000] {logging_mixin.py:190} INFO - [2025-03-20T01:46:16.143+0000] {dagbag.py:588} INFO - Filling up the DagBag from /opt/airflow/dags/4sensors.py
[2025-03-20T01:46:16.197+0000] {processor.py:925} INFO - DAG(s) 's3_to_snowflake_dag' retrieved from /opt/airflow/dags/4sensors.py
[2025-03-20T01:46:16.246+0000] {logging_mixin.py:190} INFO - [2025-03-20T01:46:16.245+0000] {dag.py:3239} INFO - Sync 1 DAGs
[2025-03-20T01:46:16.299+0000] {logging_mixin.py:190} INFO - [2025-03-20T01:46:16.298+0000] {dag.py:4180} INFO - Setting next_dagrun for s3_to_snowflake_dag to 2025-03-19 23:00:00+00:00, run_after=2025-03-20 23:00:00+00:00
[2025-03-20T01:46:16.473+0000] {processor.py:208} INFO - Processing /opt/airflow/dags/4sensors.py took 0.349 seconds
[2025-03-20T01:46:48.070+0000] {processor.py:186} INFO - Started process (PID=264) to work on /opt/airflow/dags/4sensors.py
[2025-03-20T01:46:48.078+0000] {processor.py:914} INFO - Processing file /opt/airflow/dags/4sensors.py for tasks to queue
[2025-03-20T01:46:48.087+0000] {logging_mixin.py:190} INFO - [2025-03-20T01:46:48.087+0000] {dagbag.py:588} INFO - Filling up the DagBag from /opt/airflow/dags/4sensors.py
[2025-03-20T01:46:48.156+0000] {processor.py:925} INFO - DAG(s) 's3_to_snowflake_dag' retrieved from /opt/airflow/dags/4sensors.py
[2025-03-20T01:46:48.227+0000] {logging_mixin.py:190} INFO - [2025-03-20T01:46:48.227+0000] {dag.py:3239} INFO - Sync 1 DAGs
[2025-03-20T01:46:48.293+0000] {logging_mixin.py:190} INFO - [2025-03-20T01:46:48.293+0000] {dag.py:4180} INFO - Setting next_dagrun for s3_to_snowflake_dag to 2025-03-19 23:00:00+00:00, run_after=2025-03-20 23:00:00+00:00
[2025-03-20T01:46:48.444+0000] {processor.py:208} INFO - Processing /opt/airflow/dags/4sensors.py took 0.385 seconds
[2025-03-20T01:47:19.306+0000] {processor.py:186} INFO - Started process (PID=269) to work on /opt/airflow/dags/4sensors.py
[2025-03-20T01:47:19.308+0000] {processor.py:914} INFO - Processing file /opt/airflow/dags/4sensors.py for tasks to queue
[2025-03-20T01:47:19.313+0000] {logging_mixin.py:190} INFO - [2025-03-20T01:47:19.312+0000] {dagbag.py:588} INFO - Filling up the DagBag from /opt/airflow/dags/4sensors.py
[2025-03-20T01:47:19.393+0000] {processor.py:925} INFO - DAG(s) 's3_to_snowflake_dag' retrieved from /opt/airflow/dags/4sensors.py
[2025-03-20T01:47:19.493+0000] {logging_mixin.py:190} INFO - [2025-03-20T01:47:19.493+0000] {dag.py:3239} INFO - Sync 1 DAGs
[2025-03-20T01:47:19.556+0000] {logging_mixin.py:190} INFO - [2025-03-20T01:47:19.556+0000] {dag.py:4180} INFO - Setting next_dagrun for s3_to_snowflake_dag to 2025-03-19 23:00:00+00:00, run_after=2025-03-20 23:00:00+00:00
[2025-03-20T01:47:19.724+0000] {processor.py:208} INFO - Processing /opt/airflow/dags/4sensors.py took 0.428 seconds
[2025-03-20T01:47:50.150+0000] {processor.py:186} INFO - Started process (PID=276) to work on /opt/airflow/dags/4sensors.py
[2025-03-20T01:47:50.153+0000] {processor.py:914} INFO - Processing file /opt/airflow/dags/4sensors.py for tasks to queue
[2025-03-20T01:47:50.162+0000] {logging_mixin.py:190} INFO - [2025-03-20T01:47:50.161+0000] {dagbag.py:588} INFO - Filling up the DagBag from /opt/airflow/dags/4sensors.py
[2025-03-20T01:47:50.224+0000] {processor.py:925} INFO - DAG(s) 's3_to_snowflake_dag' retrieved from /opt/airflow/dags/4sensors.py
[2025-03-20T01:47:50.293+0000] {logging_mixin.py:190} INFO - [2025-03-20T01:47:50.293+0000] {dag.py:3239} INFO - Sync 1 DAGs
[2025-03-20T01:47:50.339+0000] {logging_mixin.py:190} INFO - [2025-03-20T01:47:50.338+0000] {dag.py:4180} INFO - Setting next_dagrun for s3_to_snowflake_dag to 2025-03-19 23:00:00+00:00, run_after=2025-03-20 23:00:00+00:00
[2025-03-20T01:47:50.439+0000] {processor.py:208} INFO - Processing /opt/airflow/dags/4sensors.py took 0.310 seconds
[2025-03-20T01:48:20.955+0000] {processor.py:186} INFO - Started process (PID=282) to work on /opt/airflow/dags/4sensors.py
[2025-03-20T01:48:20.957+0000] {processor.py:914} INFO - Processing file /opt/airflow/dags/4sensors.py for tasks to queue
[2025-03-20T01:48:20.961+0000] {logging_mixin.py:190} INFO - [2025-03-20T01:48:20.960+0000] {dagbag.py:588} INFO - Filling up the DagBag from /opt/airflow/dags/4sensors.py
[2025-03-20T01:48:21.013+0000] {processor.py:925} INFO - DAG(s) 's3_to_snowflake_dag' retrieved from /opt/airflow/dags/4sensors.py
[2025-03-20T01:48:21.060+0000] {logging_mixin.py:190} INFO - [2025-03-20T01:48:21.060+0000] {dag.py:3239} INFO - Sync 1 DAGs
[2025-03-20T01:48:21.103+0000] {logging_mixin.py:190} INFO - [2025-03-20T01:48:21.103+0000] {dag.py:4180} INFO - Setting next_dagrun for s3_to_snowflake_dag to 2025-03-19 23:00:00+00:00, run_after=2025-03-20 23:00:00+00:00
[2025-03-20T01:48:21.303+0000] {processor.py:208} INFO - Processing /opt/airflow/dags/4sensors.py took 0.357 seconds
[2025-03-20T01:48:51.511+0000] {processor.py:186} INFO - Started process (PID=288) to work on /opt/airflow/dags/4sensors.py
[2025-03-20T01:48:51.513+0000] {processor.py:914} INFO - Processing file /opt/airflow/dags/4sensors.py for tasks to queue
[2025-03-20T01:48:51.515+0000] {logging_mixin.py:190} INFO - [2025-03-20T01:48:51.515+0000] {dagbag.py:588} INFO - Filling up the DagBag from /opt/airflow/dags/4sensors.py
[2025-03-20T01:48:51.559+0000] {processor.py:925} INFO - DAG(s) 's3_to_snowflake_dag' retrieved from /opt/airflow/dags/4sensors.py
[2025-03-20T01:48:51.616+0000] {logging_mixin.py:190} INFO - [2025-03-20T01:48:51.615+0000] {dag.py:3239} INFO - Sync 1 DAGs
[2025-03-20T01:48:51.670+0000] {logging_mixin.py:190} INFO - [2025-03-20T01:48:51.670+0000] {dag.py:4180} INFO - Setting next_dagrun for s3_to_snowflake_dag to 2025-03-19 23:00:00+00:00, run_after=2025-03-20 23:00:00+00:00
[2025-03-20T01:48:51.769+0000] {processor.py:208} INFO - Processing /opt/airflow/dags/4sensors.py took 0.274 seconds
[2025-03-20T01:49:10.505+0000] {processor.py:186} INFO - Started process (PID=291) to work on /opt/airflow/dags/4sensors.py
[2025-03-20T01:49:10.507+0000] {processor.py:914} INFO - Processing file /opt/airflow/dags/4sensors.py for tasks to queue
[2025-03-20T01:49:10.509+0000] {logging_mixin.py:190} INFO - [2025-03-20T01:49:10.509+0000] {dagbag.py:588} INFO - Filling up the DagBag from /opt/airflow/dags/4sensors.py
[2025-03-20T01:49:10.600+0000] {processor.py:925} INFO - DAG(s) 'sensors_demo' retrieved from /opt/airflow/dags/4sensors.py
[2025-03-20T01:49:10.946+0000] {logging_mixin.py:190} INFO - [2025-03-20T01:49:10.941+0000] {override.py:1912} INFO - Created Permission View: can read on DAG:sensors_demo
[2025-03-20T01:49:11.023+0000] {logging_mixin.py:190} INFO - [2025-03-20T01:49:11.023+0000] {override.py:1912} INFO - Created Permission View: can edit on DAG:sensors_demo
[2025-03-20T01:49:11.076+0000] {logging_mixin.py:190} INFO - [2025-03-20T01:49:11.075+0000] {override.py:1912} INFO - Created Permission View: can delete on DAG:sensors_demo
[2025-03-20T01:49:11.170+0000] {logging_mixin.py:190} INFO - [2025-03-20T01:49:11.169+0000] {override.py:1912} INFO - Created Permission View: can read on DAG Run:sensors_demo
[2025-03-20T01:49:11.233+0000] {logging_mixin.py:190} INFO - [2025-03-20T01:49:11.232+0000] {override.py:1912} INFO - Created Permission View: can create on DAG Run:sensors_demo
[2025-03-20T01:49:11.293+0000] {logging_mixin.py:190} INFO - [2025-03-20T01:49:11.292+0000] {override.py:1912} INFO - Created Permission View: can delete on DAG Run:sensors_demo
[2025-03-20T01:49:11.362+0000] {logging_mixin.py:190} INFO - [2025-03-20T01:49:11.361+0000] {override.py:1912} INFO - Created Permission View: menu access on DAG Run:sensors_demo
[2025-03-20T01:49:11.363+0000] {logging_mixin.py:190} INFO - [2025-03-20T01:49:11.362+0000] {dag.py:3239} INFO - Sync 1 DAGs
[2025-03-20T01:49:11.401+0000] {logging_mixin.py:190} INFO - [2025-03-20T01:49:11.400+0000] {dag.py:3262} INFO - Creating ORM DAG for sensors_demo
[2025-03-20T01:49:11.426+0000] {logging_mixin.py:190} INFO - [2025-03-20T01:49:11.425+0000] {dag.py:4180} INFO - Setting next_dagrun for sensors_demo to 2025-03-19 23:00:00+00:00, run_after=2025-03-20 23:00:00+00:00
[2025-03-20T01:49:11.598+0000] {processor.py:208} INFO - Processing /opt/airflow/dags/4sensors.py took 1.110 seconds
[2025-03-20T01:49:42.491+0000] {processor.py:186} INFO - Started process (PID=296) to work on /opt/airflow/dags/4sensors.py
[2025-03-20T01:49:42.493+0000] {processor.py:914} INFO - Processing file /opt/airflow/dags/4sensors.py for tasks to queue
[2025-03-20T01:49:42.496+0000] {logging_mixin.py:190} INFO - [2025-03-20T01:49:42.495+0000] {dagbag.py:588} INFO - Filling up the DagBag from /opt/airflow/dags/4sensors.py
[2025-03-20T01:49:42.548+0000] {processor.py:925} INFO - DAG(s) 'sensors_demo' retrieved from /opt/airflow/dags/4sensors.py
[2025-03-20T01:49:42.611+0000] {logging_mixin.py:190} INFO - [2025-03-20T01:49:42.610+0000] {dag.py:3239} INFO - Sync 1 DAGs
[2025-03-20T01:49:42.669+0000] {logging_mixin.py:190} INFO - [2025-03-20T01:49:42.669+0000] {dag.py:4180} INFO - Setting next_dagrun for sensors_demo to 2025-03-19 23:00:00+00:00, run_after=2025-03-20 23:00:00+00:00
[2025-03-20T01:49:42.787+0000] {processor.py:208} INFO - Processing /opt/airflow/dags/4sensors.py took 0.306 seconds
[2025-03-20T01:50:13.820+0000] {processor.py:186} INFO - Started process (PID=301) to work on /opt/airflow/dags/4sensors.py
[2025-03-20T01:50:13.822+0000] {processor.py:914} INFO - Processing file /opt/airflow/dags/4sensors.py for tasks to queue
[2025-03-20T01:50:13.825+0000] {logging_mixin.py:190} INFO - [2025-03-20T01:50:13.824+0000] {dagbag.py:588} INFO - Filling up the DagBag from /opt/airflow/dags/4sensors.py
[2025-03-20T01:50:13.877+0000] {processor.py:925} INFO - DAG(s) 'sensors_demo' retrieved from /opt/airflow/dags/4sensors.py
[2025-03-20T01:50:13.933+0000] {logging_mixin.py:190} INFO - [2025-03-20T01:50:13.932+0000] {dag.py:3239} INFO - Sync 1 DAGs
[2025-03-20T01:50:13.986+0000] {logging_mixin.py:190} INFO - [2025-03-20T01:50:13.986+0000] {dag.py:4180} INFO - Setting next_dagrun for sensors_demo to 2025-03-19 23:00:00+00:00, run_after=2025-03-20 23:00:00+00:00
[2025-03-20T01:50:14.070+0000] {processor.py:208} INFO - Processing /opt/airflow/dags/4sensors.py took 0.261 seconds
[2025-03-20T01:50:44.715+0000] {processor.py:186} INFO - Started process (PID=306) to work on /opt/airflow/dags/4sensors.py
[2025-03-20T01:50:44.716+0000] {processor.py:914} INFO - Processing file /opt/airflow/dags/4sensors.py for tasks to queue
[2025-03-20T01:50:44.719+0000] {logging_mixin.py:190} INFO - [2025-03-20T01:50:44.718+0000] {dagbag.py:588} INFO - Filling up the DagBag from /opt/airflow/dags/4sensors.py
[2025-03-20T01:50:44.772+0000] {processor.py:925} INFO - DAG(s) 'sensors_demo' retrieved from /opt/airflow/dags/4sensors.py
[2025-03-20T01:50:44.842+0000] {logging_mixin.py:190} INFO - [2025-03-20T01:50:44.841+0000] {dag.py:3239} INFO - Sync 1 DAGs
[2025-03-20T01:50:44.902+0000] {logging_mixin.py:190} INFO - [2025-03-20T01:50:44.902+0000] {dag.py:4180} INFO - Setting next_dagrun for sensors_demo to 2025-03-19 23:00:00+00:00, run_after=2025-03-20 23:00:00+00:00
[2025-03-20T01:50:45.055+0000] {processor.py:208} INFO - Processing /opt/airflow/dags/4sensors.py took 0.350 seconds
[2025-03-20T01:51:15.467+0000] {processor.py:186} INFO - Started process (PID=311) to work on /opt/airflow/dags/4sensors.py
[2025-03-20T01:51:15.469+0000] {processor.py:914} INFO - Processing file /opt/airflow/dags/4sensors.py for tasks to queue
[2025-03-20T01:51:15.471+0000] {logging_mixin.py:190} INFO - [2025-03-20T01:51:15.471+0000] {dagbag.py:588} INFO - Filling up the DagBag from /opt/airflow/dags/4sensors.py
[2025-03-20T01:51:15.514+0000] {processor.py:925} INFO - DAG(s) 'sensors_demo' retrieved from /opt/airflow/dags/4sensors.py
[2025-03-20T01:51:15.567+0000] {logging_mixin.py:190} INFO - [2025-03-20T01:51:15.566+0000] {dag.py:3239} INFO - Sync 1 DAGs
[2025-03-20T01:51:15.739+0000] {logging_mixin.py:190} INFO - [2025-03-20T01:51:15.738+0000] {dag.py:4180} INFO - Setting next_dagrun for sensors_demo to 2025-03-19 23:00:00+00:00, run_after=2025-03-20 23:00:00+00:00
[2025-03-20T01:51:15.847+0000] {processor.py:208} INFO - Processing /opt/airflow/dags/4sensors.py took 0.389 seconds
[2025-03-20T01:51:46.541+0000] {processor.py:186} INFO - Started process (PID=316) to work on /opt/airflow/dags/4sensors.py
[2025-03-20T01:51:46.544+0000] {processor.py:914} INFO - Processing file /opt/airflow/dags/4sensors.py for tasks to queue
[2025-03-20T01:51:46.546+0000] {logging_mixin.py:190} INFO - [2025-03-20T01:51:46.545+0000] {dagbag.py:588} INFO - Filling up the DagBag from /opt/airflow/dags/4sensors.py
[2025-03-20T01:51:46.610+0000] {processor.py:925} INFO - DAG(s) 'sensors_demo' retrieved from /opt/airflow/dags/4sensors.py
[2025-03-20T01:51:46.689+0000] {logging_mixin.py:190} INFO - [2025-03-20T01:51:46.688+0000] {dag.py:3239} INFO - Sync 1 DAGs
[2025-03-20T01:51:46.753+0000] {logging_mixin.py:190} INFO - [2025-03-20T01:51:46.753+0000] {dag.py:4180} INFO - Setting next_dagrun for sensors_demo to 2025-03-19 23:00:00+00:00, run_after=2025-03-20 23:00:00+00:00
[2025-03-20T01:51:46.934+0000] {processor.py:208} INFO - Processing /opt/airflow/dags/4sensors.py took 0.404 seconds
[2025-03-20T01:52:17.141+0000] {processor.py:186} INFO - Started process (PID=321) to work on /opt/airflow/dags/4sensors.py
[2025-03-20T01:52:17.143+0000] {processor.py:914} INFO - Processing file /opt/airflow/dags/4sensors.py for tasks to queue
[2025-03-20T01:52:17.145+0000] {logging_mixin.py:190} INFO - [2025-03-20T01:52:17.145+0000] {dagbag.py:588} INFO - Filling up the DagBag from /opt/airflow/dags/4sensors.py
[2025-03-20T01:52:17.209+0000] {processor.py:925} INFO - DAG(s) 'sensors_demo' retrieved from /opt/airflow/dags/4sensors.py
[2025-03-20T01:52:17.253+0000] {logging_mixin.py:190} INFO - [2025-03-20T01:52:17.253+0000] {dag.py:3239} INFO - Sync 1 DAGs
[2025-03-20T01:52:17.319+0000] {logging_mixin.py:190} INFO - [2025-03-20T01:52:17.318+0000] {dag.py:4180} INFO - Setting next_dagrun for sensors_demo to 2025-03-19 23:00:00+00:00, run_after=2025-03-20 23:00:00+00:00
[2025-03-20T01:52:17.427+0000] {processor.py:208} INFO - Processing /opt/airflow/dags/4sensors.py took 0.299 seconds
[2025-03-20T01:52:47.770+0000] {processor.py:186} INFO - Started process (PID=326) to work on /opt/airflow/dags/4sensors.py
[2025-03-20T01:52:47.772+0000] {processor.py:914} INFO - Processing file /opt/airflow/dags/4sensors.py for tasks to queue
[2025-03-20T01:52:47.778+0000] {logging_mixin.py:190} INFO - [2025-03-20T01:52:47.777+0000] {dagbag.py:588} INFO - Filling up the DagBag from /opt/airflow/dags/4sensors.py
[2025-03-20T01:52:47.830+0000] {processor.py:925} INFO - DAG(s) 'sensors_demo' retrieved from /opt/airflow/dags/4sensors.py
[2025-03-20T01:52:47.966+0000] {logging_mixin.py:190} INFO - [2025-03-20T01:52:47.961+0000] {dag.py:3239} INFO - Sync 1 DAGs
[2025-03-20T01:52:48.023+0000] {logging_mixin.py:190} INFO - [2025-03-20T01:52:48.022+0000] {dag.py:4180} INFO - Setting next_dagrun for sensors_demo to 2025-03-19 23:00:00+00:00, run_after=2025-03-20 23:00:00+00:00
[2025-03-20T01:52:48.137+0000] {processor.py:208} INFO - Processing /opt/airflow/dags/4sensors.py took 0.379 seconds
[2025-03-20T01:53:18.424+0000] {processor.py:186} INFO - Started process (PID=331) to work on /opt/airflow/dags/4sensors.py
[2025-03-20T01:53:18.426+0000] {processor.py:914} INFO - Processing file /opt/airflow/dags/4sensors.py for tasks to queue
[2025-03-20T01:53:18.429+0000] {logging_mixin.py:190} INFO - [2025-03-20T01:53:18.428+0000] {dagbag.py:588} INFO - Filling up the DagBag from /opt/airflow/dags/4sensors.py
[2025-03-20T01:53:18.482+0000] {processor.py:925} INFO - DAG(s) 'sensors_demo' retrieved from /opt/airflow/dags/4sensors.py
[2025-03-20T01:53:18.563+0000] {logging_mixin.py:190} INFO - [2025-03-20T01:53:18.562+0000] {dag.py:3239} INFO - Sync 1 DAGs
[2025-03-20T01:53:18.611+0000] {logging_mixin.py:190} INFO - [2025-03-20T01:53:18.610+0000] {dag.py:4180} INFO - Setting next_dagrun for sensors_demo to 2025-03-19 23:00:00+00:00, run_after=2025-03-20 23:00:00+00:00
[2025-03-20T01:53:18.759+0000] {processor.py:208} INFO - Processing /opt/airflow/dags/4sensors.py took 0.346 seconds
[2025-03-20T01:53:49.199+0000] {processor.py:186} INFO - Started process (PID=336) to work on /opt/airflow/dags/4sensors.py
[2025-03-20T01:53:49.201+0000] {processor.py:914} INFO - Processing file /opt/airflow/dags/4sensors.py for tasks to queue
[2025-03-20T01:53:49.204+0000] {logging_mixin.py:190} INFO - [2025-03-20T01:53:49.204+0000] {dagbag.py:588} INFO - Filling up the DagBag from /opt/airflow/dags/4sensors.py
[2025-03-20T01:53:49.256+0000] {processor.py:925} INFO - DAG(s) 'sensors_demo' retrieved from /opt/airflow/dags/4sensors.py
[2025-03-20T01:53:49.312+0000] {logging_mixin.py:190} INFO - [2025-03-20T01:53:49.312+0000] {dag.py:3239} INFO - Sync 1 DAGs
[2025-03-20T01:53:49.379+0000] {logging_mixin.py:190} INFO - [2025-03-20T01:53:49.378+0000] {dag.py:4180} INFO - Setting next_dagrun for sensors_demo to 2025-03-19 23:00:00+00:00, run_after=2025-03-20 23:00:00+00:00
[2025-03-20T01:53:49.549+0000] {processor.py:208} INFO - Processing /opt/airflow/dags/4sensors.py took 0.363 seconds
[2025-03-20T01:54:20.905+0000] {processor.py:186} INFO - Started process (PID=341) to work on /opt/airflow/dags/4sensors.py
[2025-03-20T01:54:20.908+0000] {processor.py:914} INFO - Processing file /opt/airflow/dags/4sensors.py for tasks to queue
[2025-03-20T01:54:20.912+0000] {logging_mixin.py:190} INFO - [2025-03-20T01:54:20.911+0000] {dagbag.py:588} INFO - Filling up the DagBag from /opt/airflow/dags/4sensors.py
[2025-03-20T01:54:20.967+0000] {processor.py:925} INFO - DAG(s) 'sensors_demo' retrieved from /opt/airflow/dags/4sensors.py
[2025-03-20T01:54:21.028+0000] {logging_mixin.py:190} INFO - [2025-03-20T01:54:21.028+0000] {dag.py:3239} INFO - Sync 1 DAGs
[2025-03-20T01:54:21.087+0000] {logging_mixin.py:190} INFO - [2025-03-20T01:54:21.087+0000] {dag.py:4180} INFO - Setting next_dagrun for sensors_demo to 2025-03-19 23:00:00+00:00, run_after=2025-03-20 23:00:00+00:00
[2025-03-20T01:54:21.252+0000] {processor.py:208} INFO - Processing /opt/airflow/dags/4sensors.py took 0.356 seconds
[2025-03-20T01:54:52.814+0000] {processor.py:186} INFO - Started process (PID=346) to work on /opt/airflow/dags/4sensors.py
[2025-03-20T01:54:52.819+0000] {processor.py:914} INFO - Processing file /opt/airflow/dags/4sensors.py for tasks to queue
[2025-03-20T01:54:52.822+0000] {logging_mixin.py:190} INFO - [2025-03-20T01:54:52.821+0000] {dagbag.py:588} INFO - Filling up the DagBag from /opt/airflow/dags/4sensors.py
[2025-03-20T01:54:52.874+0000] {processor.py:925} INFO - DAG(s) 'sensors_demo' retrieved from /opt/airflow/dags/4sensors.py
[2025-03-20T01:54:52.925+0000] {logging_mixin.py:190} INFO - [2025-03-20T01:54:52.924+0000] {dag.py:3239} INFO - Sync 1 DAGs
[2025-03-20T01:54:52.982+0000] {logging_mixin.py:190} INFO - [2025-03-20T01:54:52.982+0000] {dag.py:4180} INFO - Setting next_dagrun for sensors_demo to 2025-03-19 23:00:00+00:00, run_after=2025-03-20 23:00:00+00:00
[2025-03-20T01:54:53.098+0000] {processor.py:208} INFO - Processing /opt/airflow/dags/4sensors.py took 0.296 seconds
[2025-03-20T01:55:23.439+0000] {processor.py:186} INFO - Started process (PID=351) to work on /opt/airflow/dags/4sensors.py
[2025-03-20T01:55:23.440+0000] {processor.py:914} INFO - Processing file /opt/airflow/dags/4sensors.py for tasks to queue
[2025-03-20T01:55:23.443+0000] {logging_mixin.py:190} INFO - [2025-03-20T01:55:23.442+0000] {dagbag.py:588} INFO - Filling up the DagBag from /opt/airflow/dags/4sensors.py
[2025-03-20T01:55:23.494+0000] {processor.py:925} INFO - DAG(s) 'sensors_demo' retrieved from /opt/airflow/dags/4sensors.py
[2025-03-20T01:55:23.557+0000] {logging_mixin.py:190} INFO - [2025-03-20T01:55:23.557+0000] {dag.py:3239} INFO - Sync 1 DAGs
[2025-03-20T01:55:23.623+0000] {logging_mixin.py:190} INFO - [2025-03-20T01:55:23.622+0000] {dag.py:4180} INFO - Setting next_dagrun for sensors_demo to 2025-03-19 23:00:00+00:00, run_after=2025-03-20 23:00:00+00:00
[2025-03-20T01:55:23.725+0000] {processor.py:208} INFO - Processing /opt/airflow/dags/4sensors.py took 0.296 seconds
[2025-03-20T01:55:54.094+0000] {processor.py:186} INFO - Started process (PID=357) to work on /opt/airflow/dags/4sensors.py
[2025-03-20T01:55:54.097+0000] {processor.py:914} INFO - Processing file /opt/airflow/dags/4sensors.py for tasks to queue
[2025-03-20T01:55:54.100+0000] {logging_mixin.py:190} INFO - [2025-03-20T01:55:54.099+0000] {dagbag.py:588} INFO - Filling up the DagBag from /opt/airflow/dags/4sensors.py
[2025-03-20T01:55:54.145+0000] {processor.py:925} INFO - DAG(s) 'sensors_demo' retrieved from /opt/airflow/dags/4sensors.py
[2025-03-20T01:55:54.191+0000] {logging_mixin.py:190} INFO - [2025-03-20T01:55:54.191+0000] {dag.py:3239} INFO - Sync 1 DAGs
[2025-03-20T01:55:54.240+0000] {logging_mixin.py:190} INFO - [2025-03-20T01:55:54.240+0000] {dag.py:4180} INFO - Setting next_dagrun for sensors_demo to 2025-03-19 23:00:00+00:00, run_after=2025-03-20 23:00:00+00:00
[2025-03-20T01:55:54.335+0000] {processor.py:208} INFO - Processing /opt/airflow/dags/4sensors.py took 0.252 seconds
[2025-03-20T01:56:25.018+0000] {processor.py:186} INFO - Started process (PID=363) to work on /opt/airflow/dags/4sensors.py
[2025-03-20T01:56:25.020+0000] {processor.py:914} INFO - Processing file /opt/airflow/dags/4sensors.py for tasks to queue
[2025-03-20T01:56:25.026+0000] {logging_mixin.py:190} INFO - [2025-03-20T01:56:25.022+0000] {dagbag.py:588} INFO - Filling up the DagBag from /opt/airflow/dags/4sensors.py
[2025-03-20T01:56:25.072+0000] {processor.py:925} INFO - DAG(s) 'sensors_demo' retrieved from /opt/airflow/dags/4sensors.py
[2025-03-20T01:56:25.122+0000] {logging_mixin.py:190} INFO - [2025-03-20T01:56:25.122+0000] {dag.py:3239} INFO - Sync 1 DAGs
[2025-03-20T01:56:25.170+0000] {logging_mixin.py:190} INFO - [2025-03-20T01:56:25.170+0000] {dag.py:4180} INFO - Setting next_dagrun for sensors_demo to 2025-03-19 23:00:00+00:00, run_after=2025-03-20 23:00:00+00:00
[2025-03-20T01:56:25.288+0000] {processor.py:208} INFO - Processing /opt/airflow/dags/4sensors.py took 0.281 seconds
[2025-03-20T01:56:56.636+0000] {processor.py:186} INFO - Started process (PID=369) to work on /opt/airflow/dags/4sensors.py
[2025-03-20T01:56:56.638+0000] {processor.py:914} INFO - Processing file /opt/airflow/dags/4sensors.py for tasks to queue
[2025-03-20T01:56:56.640+0000] {logging_mixin.py:190} INFO - [2025-03-20T01:56:56.640+0000] {dagbag.py:588} INFO - Filling up the DagBag from /opt/airflow/dags/4sensors.py
[2025-03-20T01:56:56.701+0000] {processor.py:925} INFO - DAG(s) 'sensors_demo' retrieved from /opt/airflow/dags/4sensors.py
[2025-03-20T01:56:56.765+0000] {logging_mixin.py:190} INFO - [2025-03-20T01:56:56.764+0000] {dag.py:3239} INFO - Sync 1 DAGs
[2025-03-20T01:56:56.814+0000] {logging_mixin.py:190} INFO - [2025-03-20T01:56:56.814+0000] {dag.py:4180} INFO - Setting next_dagrun for sensors_demo to 2025-03-19 23:00:00+00:00, run_after=2025-03-20 23:00:00+00:00
[2025-03-20T01:56:56.920+0000] {processor.py:208} INFO - Processing /opt/airflow/dags/4sensors.py took 0.294 seconds
