[2025-03-20T01:26:47.933+0000] {processor.py:186} INFO - Started process (PID=82) to work on /opt/airflow/dags/daily_run.py
[2025-03-20T01:26:47.935+0000] {processor.py:914} INFO - Processing file /opt/airflow/dags/daily_run.py for tasks to queue
[2025-03-20T01:26:47.938+0000] {logging_mixin.py:190} INFO - [2025-03-20T01:26:47.937+0000] {dagbag.py:588} INFO - Filling up the DagBag from /opt/airflow/dags/daily_run.py
[2025-03-20T01:26:47.977+0000] {logging_mixin.py:190} INFO - [2025-03-20T01:26:47.974+0000] {dagbag.py:387} ERROR - Failed to import: /opt/airflow/dags/daily_run.py
Traceback (most recent call last):
  File "/home/airflow/.local/lib/python3.12/site-packages/airflow/models/dagbag.py", line 383, in parse
    loader.exec_module(new_module)
  File "<frozen importlib._bootstrap_external>", line 995, in exec_module
  File "<frozen importlib._bootstrap_external>", line 1133, in get_code
  File "<frozen importlib._bootstrap_external>", line 1063, in source_to_code
  File "<frozen importlib._bootstrap>", line 488, in _call_with_frames_removed
  File "/opt/airflow/dags/daily_run.py", line 8
    subprocess.run(["python3", "C:\Users\hamin\Desktop\British-Airway\etl\scripts.py"], check=True)
                               ^^^^^^^^^^^^^^^^^^^^^^^^^^^^^^^^^^^^^^^^^^^^^^^^^^^^^^
SyntaxError: (unicode error) 'unicodeescape' codec can't decode bytes in position 2-3: truncated \UXXXXXXXX escape
[2025-03-20T01:26:47.979+0000] {processor.py:927} WARNING - No viable dags retrieved from /opt/airflow/dags/daily_run.py
[2025-03-20T01:26:48.044+0000] {processor.py:208} INFO - Processing /opt/airflow/dags/daily_run.py took 0.120 seconds
[2025-03-20T01:27:19.095+0000] {processor.py:186} INFO - Started process (PID=106) to work on /opt/airflow/dags/daily_run.py
[2025-03-20T01:27:19.098+0000] {processor.py:914} INFO - Processing file /opt/airflow/dags/daily_run.py for tasks to queue
[2025-03-20T01:27:19.110+0000] {logging_mixin.py:190} INFO - [2025-03-20T01:27:19.109+0000] {dagbag.py:588} INFO - Filling up the DagBag from /opt/airflow/dags/daily_run.py
[2025-03-20T01:27:19.190+0000] {logging_mixin.py:190} INFO - [2025-03-20T01:27:19.188+0000] {dagbag.py:387} ERROR - Failed to import: /opt/airflow/dags/daily_run.py
Traceback (most recent call last):
  File "/home/airflow/.local/lib/python3.12/site-packages/airflow/models/dagbag.py", line 383, in parse
    loader.exec_module(new_module)
  File "<frozen importlib._bootstrap_external>", line 995, in exec_module
  File "<frozen importlib._bootstrap_external>", line 1133, in get_code
  File "<frozen importlib._bootstrap_external>", line 1063, in source_to_code
  File "<frozen importlib._bootstrap>", line 488, in _call_with_frames_removed
  File "/opt/airflow/dags/daily_run.py", line 8
    subprocess.run(["python3", "C:\Users\hamin\Desktop\British-Airway\etl\scripts.py"], check=True)
                               ^^^^^^^^^^^^^^^^^^^^^^^^^^^^^^^^^^^^^^^^^^^^^^^^^^^^^^
SyntaxError: (unicode error) 'unicodeescape' codec can't decode bytes in position 2-3: truncated \UXXXXXXXX escape
[2025-03-20T01:27:19.192+0000] {processor.py:927} WARNING - No viable dags retrieved from /opt/airflow/dags/daily_run.py
[2025-03-20T01:27:19.283+0000] {processor.py:208} INFO - Processing /opt/airflow/dags/daily_run.py took 0.196 seconds
[2025-03-20T01:27:49.903+0000] {processor.py:186} INFO - Started process (PID=111) to work on /opt/airflow/dags/daily_run.py
[2025-03-20T01:27:49.905+0000] {processor.py:914} INFO - Processing file /opt/airflow/dags/daily_run.py for tasks to queue
[2025-03-20T01:27:49.911+0000] {logging_mixin.py:190} INFO - [2025-03-20T01:27:49.911+0000] {dagbag.py:588} INFO - Filling up the DagBag from /opt/airflow/dags/daily_run.py
[2025-03-20T01:27:49.969+0000] {logging_mixin.py:190} INFO - [2025-03-20T01:27:49.968+0000] {dagbag.py:387} ERROR - Failed to import: /opt/airflow/dags/daily_run.py
Traceback (most recent call last):
  File "/home/airflow/.local/lib/python3.12/site-packages/airflow/models/dagbag.py", line 383, in parse
    loader.exec_module(new_module)
  File "<frozen importlib._bootstrap_external>", line 995, in exec_module
  File "<frozen importlib._bootstrap_external>", line 1133, in get_code
  File "<frozen importlib._bootstrap_external>", line 1063, in source_to_code
  File "<frozen importlib._bootstrap>", line 488, in _call_with_frames_removed
  File "/opt/airflow/dags/daily_run.py", line 8
    subprocess.run(["python3", "C:\Users\hamin\Desktop\British-Airway\etl\scripts.py"], check=True)
                               ^^^^^^^^^^^^^^^^^^^^^^^^^^^^^^^^^^^^^^^^^^^^^^^^^^^^^^
SyntaxError: (unicode error) 'unicodeescape' codec can't decode bytes in position 2-3: truncated \UXXXXXXXX escape
[2025-03-20T01:27:49.972+0000] {processor.py:927} WARNING - No viable dags retrieved from /opt/airflow/dags/daily_run.py
[2025-03-20T01:27:50.070+0000] {processor.py:208} INFO - Processing /opt/airflow/dags/daily_run.py took 0.182 seconds
[2025-03-20T01:28:21.009+0000] {processor.py:186} INFO - Started process (PID=116) to work on /opt/airflow/dags/daily_run.py
[2025-03-20T01:28:21.012+0000] {processor.py:914} INFO - Processing file /opt/airflow/dags/daily_run.py for tasks to queue
[2025-03-20T01:28:21.016+0000] {logging_mixin.py:190} INFO - [2025-03-20T01:28:21.015+0000] {dagbag.py:588} INFO - Filling up the DagBag from /opt/airflow/dags/daily_run.py
[2025-03-20T01:28:21.052+0000] {logging_mixin.py:190} INFO - [2025-03-20T01:28:21.050+0000] {dagbag.py:387} ERROR - Failed to import: /opt/airflow/dags/daily_run.py
Traceback (most recent call last):
  File "/home/airflow/.local/lib/python3.12/site-packages/airflow/models/dagbag.py", line 383, in parse
    loader.exec_module(new_module)
  File "<frozen importlib._bootstrap_external>", line 995, in exec_module
  File "<frozen importlib._bootstrap_external>", line 1133, in get_code
  File "<frozen importlib._bootstrap_external>", line 1063, in source_to_code
  File "<frozen importlib._bootstrap>", line 488, in _call_with_frames_removed
  File "/opt/airflow/dags/daily_run.py", line 8
    subprocess.run(["python3", "C:\Users\hamin\Desktop\British-Airway\etl\scripts.py"], check=True)
                               ^^^^^^^^^^^^^^^^^^^^^^^^^^^^^^^^^^^^^^^^^^^^^^^^^^^^^^
SyntaxError: (unicode error) 'unicodeescape' codec can't decode bytes in position 2-3: truncated \UXXXXXXXX escape
[2025-03-20T01:28:21.053+0000] {processor.py:927} WARNING - No viable dags retrieved from /opt/airflow/dags/daily_run.py
[2025-03-20T01:28:21.109+0000] {processor.py:208} INFO - Processing /opt/airflow/dags/daily_run.py took 0.117 seconds
[2025-03-20T01:28:52.139+0000] {processor.py:186} INFO - Started process (PID=121) to work on /opt/airflow/dags/daily_run.py
[2025-03-20T01:28:52.143+0000] {processor.py:914} INFO - Processing file /opt/airflow/dags/daily_run.py for tasks to queue
[2025-03-20T01:28:52.149+0000] {logging_mixin.py:190} INFO - [2025-03-20T01:28:52.148+0000] {dagbag.py:588} INFO - Filling up the DagBag from /opt/airflow/dags/daily_run.py
[2025-03-20T01:28:52.209+0000] {logging_mixin.py:190} INFO - [2025-03-20T01:28:52.207+0000] {dagbag.py:387} ERROR - Failed to import: /opt/airflow/dags/daily_run.py
Traceback (most recent call last):
  File "/home/airflow/.local/lib/python3.12/site-packages/airflow/models/dagbag.py", line 383, in parse
    loader.exec_module(new_module)
  File "<frozen importlib._bootstrap_external>", line 995, in exec_module
  File "<frozen importlib._bootstrap_external>", line 1133, in get_code
  File "<frozen importlib._bootstrap_external>", line 1063, in source_to_code
  File "<frozen importlib._bootstrap>", line 488, in _call_with_frames_removed
  File "/opt/airflow/dags/daily_run.py", line 8
    subprocess.run(["python3", "C:\Users\hamin\Desktop\British-Airway\etl\scripts.py"], check=True)
                               ^^^^^^^^^^^^^^^^^^^^^^^^^^^^^^^^^^^^^^^^^^^^^^^^^^^^^^
SyntaxError: (unicode error) 'unicodeescape' codec can't decode bytes in position 2-3: truncated \UXXXXXXXX escape
[2025-03-20T01:28:52.211+0000] {processor.py:927} WARNING - No viable dags retrieved from /opt/airflow/dags/daily_run.py
[2025-03-20T01:28:52.285+0000] {processor.py:208} INFO - Processing /opt/airflow/dags/daily_run.py took 0.158 seconds
[2025-03-20T01:29:22.524+0000] {processor.py:186} INFO - Started process (PID=126) to work on /opt/airflow/dags/daily_run.py
[2025-03-20T01:29:22.526+0000] {processor.py:914} INFO - Processing file /opt/airflow/dags/daily_run.py for tasks to queue
[2025-03-20T01:29:22.529+0000] {logging_mixin.py:190} INFO - [2025-03-20T01:29:22.529+0000] {dagbag.py:588} INFO - Filling up the DagBag from /opt/airflow/dags/daily_run.py
[2025-03-20T01:29:22.556+0000] {logging_mixin.py:190} INFO - [2025-03-20T01:29:22.555+0000] {dagbag.py:387} ERROR - Failed to import: /opt/airflow/dags/daily_run.py
Traceback (most recent call last):
  File "/home/airflow/.local/lib/python3.12/site-packages/airflow/models/dagbag.py", line 383, in parse
    loader.exec_module(new_module)
  File "<frozen importlib._bootstrap_external>", line 995, in exec_module
  File "<frozen importlib._bootstrap_external>", line 1133, in get_code
  File "<frozen importlib._bootstrap_external>", line 1063, in source_to_code
  File "<frozen importlib._bootstrap>", line 488, in _call_with_frames_removed
  File "/opt/airflow/dags/daily_run.py", line 8
    subprocess.run(["python3", "C:\Users\hamin\Desktop\British-Airway\etl\scripts.py"], check=True)
                               ^^^^^^^^^^^^^^^^^^^^^^^^^^^^^^^^^^^^^^^^^^^^^^^^^^^^^^
SyntaxError: (unicode error) 'unicodeescape' codec can't decode bytes in position 2-3: truncated \UXXXXXXXX escape
[2025-03-20T01:29:22.558+0000] {processor.py:927} WARNING - No viable dags retrieved from /opt/airflow/dags/daily_run.py
[2025-03-20T01:29:22.817+0000] {processor.py:208} INFO - Processing /opt/airflow/dags/daily_run.py took 0.301 seconds
[2025-03-20T01:29:53.710+0000] {processor.py:186} INFO - Started process (PID=131) to work on /opt/airflow/dags/daily_run.py
[2025-03-20T01:29:53.712+0000] {processor.py:914} INFO - Processing file /opt/airflow/dags/daily_run.py for tasks to queue
[2025-03-20T01:29:53.717+0000] {logging_mixin.py:190} INFO - [2025-03-20T01:29:53.716+0000] {dagbag.py:588} INFO - Filling up the DagBag from /opt/airflow/dags/daily_run.py
[2025-03-20T01:29:53.761+0000] {logging_mixin.py:190} INFO - [2025-03-20T01:29:53.758+0000] {dagbag.py:387} ERROR - Failed to import: /opt/airflow/dags/daily_run.py
Traceback (most recent call last):
  File "/home/airflow/.local/lib/python3.12/site-packages/airflow/models/dagbag.py", line 383, in parse
    loader.exec_module(new_module)
  File "<frozen importlib._bootstrap_external>", line 995, in exec_module
  File "<frozen importlib._bootstrap_external>", line 1133, in get_code
  File "<frozen importlib._bootstrap_external>", line 1063, in source_to_code
  File "<frozen importlib._bootstrap>", line 488, in _call_with_frames_removed
  File "/opt/airflow/dags/daily_run.py", line 8
    subprocess.run(["python3", "C:\Users\hamin\Desktop\British-Airway\etl\scripts.py"], check=True)
                               ^^^^^^^^^^^^^^^^^^^^^^^^^^^^^^^^^^^^^^^^^^^^^^^^^^^^^^
SyntaxError: (unicode error) 'unicodeescape' codec can't decode bytes in position 2-3: truncated \UXXXXXXXX escape
[2025-03-20T01:29:53.762+0000] {processor.py:927} WARNING - No viable dags retrieved from /opt/airflow/dags/daily_run.py
[2025-03-20T01:29:53.857+0000] {processor.py:208} INFO - Processing /opt/airflow/dags/daily_run.py took 0.158 seconds
[2025-03-20T01:30:24.581+0000] {processor.py:186} INFO - Started process (PID=136) to work on /opt/airflow/dags/daily_run.py
[2025-03-20T01:30:24.583+0000] {processor.py:914} INFO - Processing file /opt/airflow/dags/daily_run.py for tasks to queue
[2025-03-20T01:30:24.587+0000] {logging_mixin.py:190} INFO - [2025-03-20T01:30:24.587+0000] {dagbag.py:588} INFO - Filling up the DagBag from /opt/airflow/dags/daily_run.py
[2025-03-20T01:30:24.640+0000] {logging_mixin.py:190} INFO - [2025-03-20T01:30:24.639+0000] {dagbag.py:387} ERROR - Failed to import: /opt/airflow/dags/daily_run.py
Traceback (most recent call last):
  File "/home/airflow/.local/lib/python3.12/site-packages/airflow/models/dagbag.py", line 383, in parse
    loader.exec_module(new_module)
  File "<frozen importlib._bootstrap_external>", line 995, in exec_module
  File "<frozen importlib._bootstrap_external>", line 1133, in get_code
  File "<frozen importlib._bootstrap_external>", line 1063, in source_to_code
  File "<frozen importlib._bootstrap>", line 488, in _call_with_frames_removed
  File "/opt/airflow/dags/daily_run.py", line 8
    subprocess.run(["python3", "C:\Users\hamin\Desktop\British-Airway\etl\scripts.py"], check=True)
                               ^^^^^^^^^^^^^^^^^^^^^^^^^^^^^^^^^^^^^^^^^^^^^^^^^^^^^^
SyntaxError: (unicode error) 'unicodeescape' codec can't decode bytes in position 2-3: truncated \UXXXXXXXX escape
[2025-03-20T01:30:24.642+0000] {processor.py:927} WARNING - No viable dags retrieved from /opt/airflow/dags/daily_run.py
[2025-03-20T01:30:24.736+0000] {processor.py:208} INFO - Processing /opt/airflow/dags/daily_run.py took 0.162 seconds
[2025-03-20T01:30:55.939+0000] {processor.py:186} INFO - Started process (PID=141) to work on /opt/airflow/dags/daily_run.py
[2025-03-20T01:30:55.941+0000] {processor.py:914} INFO - Processing file /opt/airflow/dags/daily_run.py for tasks to queue
[2025-03-20T01:30:55.955+0000] {logging_mixin.py:190} INFO - [2025-03-20T01:30:55.954+0000] {dagbag.py:588} INFO - Filling up the DagBag from /opt/airflow/dags/daily_run.py
[2025-03-20T01:30:56.047+0000] {logging_mixin.py:190} INFO - [2025-03-20T01:30:56.045+0000] {dagbag.py:387} ERROR - Failed to import: /opt/airflow/dags/daily_run.py
Traceback (most recent call last):
  File "/home/airflow/.local/lib/python3.12/site-packages/airflow/models/dagbag.py", line 383, in parse
    loader.exec_module(new_module)
  File "<frozen importlib._bootstrap_external>", line 995, in exec_module
  File "<frozen importlib._bootstrap_external>", line 1133, in get_code
  File "<frozen importlib._bootstrap_external>", line 1063, in source_to_code
  File "<frozen importlib._bootstrap>", line 488, in _call_with_frames_removed
  File "/opt/airflow/dags/daily_run.py", line 8
    subprocess.run(["python3", "C:\Users\hamin\Desktop\British-Airway\etl\scripts.py"], check=True)
                               ^^^^^^^^^^^^^^^^^^^^^^^^^^^^^^^^^^^^^^^^^^^^^^^^^^^^^^
SyntaxError: (unicode error) 'unicodeescape' codec can't decode bytes in position 2-3: truncated \UXXXXXXXX escape
[2025-03-20T01:30:56.049+0000] {processor.py:927} WARNING - No viable dags retrieved from /opt/airflow/dags/daily_run.py
[2025-03-20T01:30:56.144+0000] {processor.py:208} INFO - Processing /opt/airflow/dags/daily_run.py took 0.217 seconds
[2025-03-20T01:31:26.390+0000] {processor.py:186} INFO - Started process (PID=146) to work on /opt/airflow/dags/daily_run.py
[2025-03-20T01:31:26.391+0000] {processor.py:914} INFO - Processing file /opt/airflow/dags/daily_run.py for tasks to queue
[2025-03-20T01:31:26.396+0000] {logging_mixin.py:190} INFO - [2025-03-20T01:31:26.395+0000] {dagbag.py:588} INFO - Filling up the DagBag from /opt/airflow/dags/daily_run.py
[2025-03-20T01:31:26.467+0000] {logging_mixin.py:190} INFO - [2025-03-20T01:31:26.465+0000] {dagbag.py:387} ERROR - Failed to import: /opt/airflow/dags/daily_run.py
Traceback (most recent call last):
  File "/home/airflow/.local/lib/python3.12/site-packages/airflow/models/dagbag.py", line 383, in parse
    loader.exec_module(new_module)
  File "<frozen importlib._bootstrap_external>", line 995, in exec_module
  File "<frozen importlib._bootstrap_external>", line 1133, in get_code
  File "<frozen importlib._bootstrap_external>", line 1063, in source_to_code
  File "<frozen importlib._bootstrap>", line 488, in _call_with_frames_removed
  File "/opt/airflow/dags/daily_run.py", line 8
    subprocess.run(["python3", "C:\Users\hamin\Desktop\British-Airway\etl\scripts.py"], check=True)
                               ^^^^^^^^^^^^^^^^^^^^^^^^^^^^^^^^^^^^^^^^^^^^^^^^^^^^^^
SyntaxError: (unicode error) 'unicodeescape' codec can't decode bytes in position 2-3: truncated \UXXXXXXXX escape
[2025-03-20T01:31:26.470+0000] {processor.py:927} WARNING - No viable dags retrieved from /opt/airflow/dags/daily_run.py
[2025-03-20T01:31:26.580+0000] {processor.py:208} INFO - Processing /opt/airflow/dags/daily_run.py took 0.199 seconds
[2025-03-20T01:31:57.913+0000] {processor.py:186} INFO - Started process (PID=151) to work on /opt/airflow/dags/daily_run.py
[2025-03-20T01:31:57.916+0000] {processor.py:914} INFO - Processing file /opt/airflow/dags/daily_run.py for tasks to queue
[2025-03-20T01:31:57.923+0000] {logging_mixin.py:190} INFO - [2025-03-20T01:31:57.922+0000] {dagbag.py:588} INFO - Filling up the DagBag from /opt/airflow/dags/daily_run.py
[2025-03-20T01:31:57.956+0000] {logging_mixin.py:190} INFO - [2025-03-20T01:31:57.953+0000] {dagbag.py:387} ERROR - Failed to import: /opt/airflow/dags/daily_run.py
Traceback (most recent call last):
  File "/home/airflow/.local/lib/python3.12/site-packages/airflow/models/dagbag.py", line 383, in parse
    loader.exec_module(new_module)
  File "<frozen importlib._bootstrap_external>", line 995, in exec_module
  File "<frozen importlib._bootstrap_external>", line 1133, in get_code
  File "<frozen importlib._bootstrap_external>", line 1063, in source_to_code
  File "<frozen importlib._bootstrap>", line 488, in _call_with_frames_removed
  File "/opt/airflow/dags/daily_run.py", line 8
    subprocess.run(["python3", "C:\Users\hamin\Desktop\British-Airway\etl\scripts.py"], check=True)
                               ^^^^^^^^^^^^^^^^^^^^^^^^^^^^^^^^^^^^^^^^^^^^^^^^^^^^^^
SyntaxError: (unicode error) 'unicodeescape' codec can't decode bytes in position 2-3: truncated \UXXXXXXXX escape
[2025-03-20T01:31:57.957+0000] {processor.py:927} WARNING - No viable dags retrieved from /opt/airflow/dags/daily_run.py
[2025-03-20T01:31:58.026+0000] {processor.py:208} INFO - Processing /opt/airflow/dags/daily_run.py took 0.123 seconds
[2025-03-20T01:32:28.520+0000] {processor.py:186} INFO - Started process (PID=156) to work on /opt/airflow/dags/daily_run.py
[2025-03-20T01:32:28.522+0000] {processor.py:914} INFO - Processing file /opt/airflow/dags/daily_run.py for tasks to queue
[2025-03-20T01:32:28.533+0000] {logging_mixin.py:190} INFO - [2025-03-20T01:32:28.532+0000] {dagbag.py:588} INFO - Filling up the DagBag from /opt/airflow/dags/daily_run.py
[2025-03-20T01:32:28.576+0000] {logging_mixin.py:190} INFO - [2025-03-20T01:32:28.574+0000] {dagbag.py:387} ERROR - Failed to import: /opt/airflow/dags/daily_run.py
Traceback (most recent call last):
  File "/home/airflow/.local/lib/python3.12/site-packages/airflow/models/dagbag.py", line 383, in parse
    loader.exec_module(new_module)
  File "<frozen importlib._bootstrap_external>", line 995, in exec_module
  File "<frozen importlib._bootstrap_external>", line 1133, in get_code
  File "<frozen importlib._bootstrap_external>", line 1063, in source_to_code
  File "<frozen importlib._bootstrap>", line 488, in _call_with_frames_removed
  File "/opt/airflow/dags/daily_run.py", line 8
    subprocess.run(["python3", "C:\Users\hamin\Desktop\British-Airway\etl\scripts.py"], check=True)
                               ^^^^^^^^^^^^^^^^^^^^^^^^^^^^^^^^^^^^^^^^^^^^^^^^^^^^^^
SyntaxError: (unicode error) 'unicodeescape' codec can't decode bytes in position 2-3: truncated \UXXXXXXXX escape
[2025-03-20T01:32:28.578+0000] {processor.py:927} WARNING - No viable dags retrieved from /opt/airflow/dags/daily_run.py
[2025-03-20T01:32:28.672+0000] {processor.py:208} INFO - Processing /opt/airflow/dags/daily_run.py took 0.165 seconds
[2025-03-20T01:32:59.085+0000] {processor.py:186} INFO - Started process (PID=161) to work on /opt/airflow/dags/daily_run.py
[2025-03-20T01:32:59.086+0000] {processor.py:914} INFO - Processing file /opt/airflow/dags/daily_run.py for tasks to queue
[2025-03-20T01:32:59.091+0000] {logging_mixin.py:190} INFO - [2025-03-20T01:32:59.090+0000] {dagbag.py:588} INFO - Filling up the DagBag from /opt/airflow/dags/daily_run.py
[2025-03-20T01:32:59.133+0000] {logging_mixin.py:190} INFO - [2025-03-20T01:32:59.131+0000] {dagbag.py:387} ERROR - Failed to import: /opt/airflow/dags/daily_run.py
Traceback (most recent call last):
  File "/home/airflow/.local/lib/python3.12/site-packages/airflow/models/dagbag.py", line 383, in parse
    loader.exec_module(new_module)
  File "<frozen importlib._bootstrap_external>", line 995, in exec_module
  File "<frozen importlib._bootstrap_external>", line 1133, in get_code
  File "<frozen importlib._bootstrap_external>", line 1063, in source_to_code
  File "<frozen importlib._bootstrap>", line 488, in _call_with_frames_removed
  File "/opt/airflow/dags/daily_run.py", line 8
    subprocess.run(["python3", "C:\Users\hamin\Desktop\British-Airway\etl\scripts.py"], check=True)
                               ^^^^^^^^^^^^^^^^^^^^^^^^^^^^^^^^^^^^^^^^^^^^^^^^^^^^^^
SyntaxError: (unicode error) 'unicodeescape' codec can't decode bytes in position 2-3: truncated \UXXXXXXXX escape
[2025-03-20T01:32:59.135+0000] {processor.py:927} WARNING - No viable dags retrieved from /opt/airflow/dags/daily_run.py
[2025-03-20T01:32:59.208+0000] {processor.py:208} INFO - Processing /opt/airflow/dags/daily_run.py took 0.131 seconds
[2025-03-20T01:33:29.634+0000] {processor.py:186} INFO - Started process (PID=166) to work on /opt/airflow/dags/daily_run.py
[2025-03-20T01:33:29.637+0000] {processor.py:914} INFO - Processing file /opt/airflow/dags/daily_run.py for tasks to queue
[2025-03-20T01:33:29.642+0000] {logging_mixin.py:190} INFO - [2025-03-20T01:33:29.641+0000] {dagbag.py:588} INFO - Filling up the DagBag from /opt/airflow/dags/daily_run.py
[2025-03-20T01:33:29.681+0000] {logging_mixin.py:190} INFO - [2025-03-20T01:33:29.680+0000] {dagbag.py:387} ERROR - Failed to import: /opt/airflow/dags/daily_run.py
Traceback (most recent call last):
  File "/home/airflow/.local/lib/python3.12/site-packages/airflow/models/dagbag.py", line 383, in parse
    loader.exec_module(new_module)
  File "<frozen importlib._bootstrap_external>", line 995, in exec_module
  File "<frozen importlib._bootstrap_external>", line 1133, in get_code
  File "<frozen importlib._bootstrap_external>", line 1063, in source_to_code
  File "<frozen importlib._bootstrap>", line 488, in _call_with_frames_removed
  File "/opt/airflow/dags/daily_run.py", line 8
    subprocess.run(["python3", "C:\Users\hamin\Desktop\British-Airway\etl\scripts.py"], check=True)
                               ^^^^^^^^^^^^^^^^^^^^^^^^^^^^^^^^^^^^^^^^^^^^^^^^^^^^^^
SyntaxError: (unicode error) 'unicodeescape' codec can't decode bytes in position 2-3: truncated \UXXXXXXXX escape
[2025-03-20T01:33:29.683+0000] {processor.py:927} WARNING - No viable dags retrieved from /opt/airflow/dags/daily_run.py
[2025-03-20T01:33:29.759+0000] {processor.py:208} INFO - Processing /opt/airflow/dags/daily_run.py took 0.135 seconds
[2025-03-20T01:34:00.815+0000] {processor.py:186} INFO - Started process (PID=171) to work on /opt/airflow/dags/daily_run.py
[2025-03-20T01:34:00.816+0000] {processor.py:914} INFO - Processing file /opt/airflow/dags/daily_run.py for tasks to queue
[2025-03-20T01:34:00.820+0000] {logging_mixin.py:190} INFO - [2025-03-20T01:34:00.819+0000] {dagbag.py:588} INFO - Filling up the DagBag from /opt/airflow/dags/daily_run.py
[2025-03-20T01:34:00.850+0000] {logging_mixin.py:190} INFO - [2025-03-20T01:34:00.848+0000] {dagbag.py:387} ERROR - Failed to import: /opt/airflow/dags/daily_run.py
Traceback (most recent call last):
  File "/home/airflow/.local/lib/python3.12/site-packages/airflow/models/dagbag.py", line 383, in parse
    loader.exec_module(new_module)
  File "<frozen importlib._bootstrap_external>", line 995, in exec_module
  File "<frozen importlib._bootstrap_external>", line 1133, in get_code
  File "<frozen importlib._bootstrap_external>", line 1063, in source_to_code
  File "<frozen importlib._bootstrap>", line 488, in _call_with_frames_removed
  File "/opt/airflow/dags/daily_run.py", line 8
    subprocess.run(["python3", "C:\Users\hamin\Desktop\British-Airway\etl\scripts.py"], check=True)
                               ^^^^^^^^^^^^^^^^^^^^^^^^^^^^^^^^^^^^^^^^^^^^^^^^^^^^^^
SyntaxError: (unicode error) 'unicodeescape' codec can't decode bytes in position 2-3: truncated \UXXXXXXXX escape
[2025-03-20T01:34:00.851+0000] {processor.py:927} WARNING - No viable dags retrieved from /opt/airflow/dags/daily_run.py
[2025-03-20T01:34:00.909+0000] {processor.py:208} INFO - Processing /opt/airflow/dags/daily_run.py took 0.103 seconds
[2025-03-20T01:34:31.708+0000] {processor.py:186} INFO - Started process (PID=176) to work on /opt/airflow/dags/daily_run.py
[2025-03-20T01:34:31.709+0000] {processor.py:914} INFO - Processing file /opt/airflow/dags/daily_run.py for tasks to queue
[2025-03-20T01:34:31.714+0000] {logging_mixin.py:190} INFO - [2025-03-20T01:34:31.714+0000] {dagbag.py:588} INFO - Filling up the DagBag from /opt/airflow/dags/daily_run.py
[2025-03-20T01:34:31.763+0000] {logging_mixin.py:190} INFO - [2025-03-20T01:34:31.761+0000] {dagbag.py:387} ERROR - Failed to import: /opt/airflow/dags/daily_run.py
Traceback (most recent call last):
  File "/home/airflow/.local/lib/python3.12/site-packages/airflow/models/dagbag.py", line 383, in parse
    loader.exec_module(new_module)
  File "<frozen importlib._bootstrap_external>", line 995, in exec_module
  File "<frozen importlib._bootstrap_external>", line 1133, in get_code
  File "<frozen importlib._bootstrap_external>", line 1063, in source_to_code
  File "<frozen importlib._bootstrap>", line 488, in _call_with_frames_removed
  File "/opt/airflow/dags/daily_run.py", line 8
    subprocess.run(["python3", "C:\Users\hamin\Desktop\British-Airway\etl\scripts.py"], check=True)
                               ^^^^^^^^^^^^^^^^^^^^^^^^^^^^^^^^^^^^^^^^^^^^^^^^^^^^^^
SyntaxError: (unicode error) 'unicodeescape' codec can't decode bytes in position 2-3: truncated \UXXXXXXXX escape
[2025-03-20T01:34:31.764+0000] {processor.py:927} WARNING - No viable dags retrieved from /opt/airflow/dags/daily_run.py
[2025-03-20T01:34:31.837+0000] {processor.py:208} INFO - Processing /opt/airflow/dags/daily_run.py took 0.143 seconds
[2025-03-20T01:35:02.765+0000] {processor.py:186} INFO - Started process (PID=181) to work on /opt/airflow/dags/daily_run.py
[2025-03-20T01:35:02.767+0000] {processor.py:914} INFO - Processing file /opt/airflow/dags/daily_run.py for tasks to queue
[2025-03-20T01:35:02.772+0000] {logging_mixin.py:190} INFO - [2025-03-20T01:35:02.772+0000] {dagbag.py:588} INFO - Filling up the DagBag from /opt/airflow/dags/daily_run.py
[2025-03-20T01:35:02.838+0000] {logging_mixin.py:190} INFO - [2025-03-20T01:35:02.836+0000] {dagbag.py:387} ERROR - Failed to import: /opt/airflow/dags/daily_run.py
Traceback (most recent call last):
  File "/home/airflow/.local/lib/python3.12/site-packages/airflow/models/dagbag.py", line 383, in parse
    loader.exec_module(new_module)
  File "<frozen importlib._bootstrap_external>", line 995, in exec_module
  File "<frozen importlib._bootstrap_external>", line 1133, in get_code
  File "<frozen importlib._bootstrap_external>", line 1063, in source_to_code
  File "<frozen importlib._bootstrap>", line 488, in _call_with_frames_removed
  File "/opt/airflow/dags/daily_run.py", line 8
    subprocess.run(["python3", "C:\Users\hamin\Desktop\British-Airway\etl\scripts.py"], check=True)
                               ^^^^^^^^^^^^^^^^^^^^^^^^^^^^^^^^^^^^^^^^^^^^^^^^^^^^^^
SyntaxError: (unicode error) 'unicodeescape' codec can't decode bytes in position 2-3: truncated \UXXXXXXXX escape
[2025-03-20T01:35:02.840+0000] {processor.py:927} WARNING - No viable dags retrieved from /opt/airflow/dags/daily_run.py
[2025-03-20T01:35:02.965+0000] {processor.py:208} INFO - Processing /opt/airflow/dags/daily_run.py took 0.211 seconds
[2025-03-20T01:35:42.897+0000] {processor.py:186} INFO - Started process (PID=83) to work on /opt/airflow/dags/daily_run.py
[2025-03-20T01:35:42.899+0000] {processor.py:914} INFO - Processing file /opt/airflow/dags/daily_run.py for tasks to queue
[2025-03-20T01:35:42.902+0000] {logging_mixin.py:190} INFO - [2025-03-20T01:35:42.902+0000] {dagbag.py:588} INFO - Filling up the DagBag from /opt/airflow/dags/daily_run.py
[2025-03-20T01:35:42.939+0000] {logging_mixin.py:190} INFO - [2025-03-20T01:35:42.937+0000] {dagbag.py:387} ERROR - Failed to import: /opt/airflow/dags/daily_run.py
Traceback (most recent call last):
  File "/home/airflow/.local/lib/python3.12/site-packages/airflow/models/dagbag.py", line 383, in parse
    loader.exec_module(new_module)
  File "<frozen importlib._bootstrap_external>", line 995, in exec_module
  File "<frozen importlib._bootstrap_external>", line 1133, in get_code
  File "<frozen importlib._bootstrap_external>", line 1063, in source_to_code
  File "<frozen importlib._bootstrap>", line 488, in _call_with_frames_removed
  File "/opt/airflow/dags/daily_run.py", line 8
    subprocess.run(["python3", "C:\Users\hamin\Desktop\British-Airway\etl\scripts.py"], check=True)
                               ^^^^^^^^^^^^^^^^^^^^^^^^^^^^^^^^^^^^^^^^^^^^^^^^^^^^^^
SyntaxError: (unicode error) 'unicodeescape' codec can't decode bytes in position 2-3: truncated \UXXXXXXXX escape
[2025-03-20T01:35:42.941+0000] {processor.py:927} WARNING - No viable dags retrieved from /opt/airflow/dags/daily_run.py
[2025-03-20T01:35:43.008+0000] {processor.py:208} INFO - Processing /opt/airflow/dags/daily_run.py took 0.121 seconds
[2025-03-20T01:36:13.948+0000] {processor.py:186} INFO - Started process (PID=113) to work on /opt/airflow/dags/daily_run.py
[2025-03-20T01:36:13.950+0000] {processor.py:914} INFO - Processing file /opt/airflow/dags/daily_run.py for tasks to queue
[2025-03-20T01:36:13.954+0000] {logging_mixin.py:190} INFO - [2025-03-20T01:36:13.954+0000] {dagbag.py:588} INFO - Filling up the DagBag from /opt/airflow/dags/daily_run.py
[2025-03-20T01:36:13.989+0000] {logging_mixin.py:190} INFO - [2025-03-20T01:36:13.987+0000] {dagbag.py:387} ERROR - Failed to import: /opt/airflow/dags/daily_run.py
Traceback (most recent call last):
  File "/home/airflow/.local/lib/python3.12/site-packages/airflow/models/dagbag.py", line 383, in parse
    loader.exec_module(new_module)
  File "<frozen importlib._bootstrap_external>", line 995, in exec_module
  File "<frozen importlib._bootstrap_external>", line 1133, in get_code
  File "<frozen importlib._bootstrap_external>", line 1063, in source_to_code
  File "<frozen importlib._bootstrap>", line 488, in _call_with_frames_removed
  File "/opt/airflow/dags/daily_run.py", line 8
    subprocess.run(["python3", "C:\Users\hamin\Desktop\British-Airway\etl\scripts.py"], check=True)
                               ^^^^^^^^^^^^^^^^^^^^^^^^^^^^^^^^^^^^^^^^^^^^^^^^^^^^^^
SyntaxError: (unicode error) 'unicodeescape' codec can't decode bytes in position 2-3: truncated \UXXXXXXXX escape
[2025-03-20T01:36:13.990+0000] {processor.py:927} WARNING - No viable dags retrieved from /opt/airflow/dags/daily_run.py
[2025-03-20T01:36:14.073+0000] {processor.py:208} INFO - Processing /opt/airflow/dags/daily_run.py took 0.136 seconds
[2025-03-20T01:36:45.291+0000] {processor.py:186} INFO - Started process (PID=122) to work on /opt/airflow/dags/daily_run.py
[2025-03-20T01:36:45.293+0000] {processor.py:914} INFO - Processing file /opt/airflow/dags/daily_run.py for tasks to queue
[2025-03-20T01:36:45.300+0000] {logging_mixin.py:190} INFO - [2025-03-20T01:36:45.299+0000] {dagbag.py:588} INFO - Filling up the DagBag from /opt/airflow/dags/daily_run.py
[2025-03-20T01:36:45.340+0000] {logging_mixin.py:190} INFO - [2025-03-20T01:36:45.338+0000] {dagbag.py:387} ERROR - Failed to import: /opt/airflow/dags/daily_run.py
Traceback (most recent call last):
  File "/home/airflow/.local/lib/python3.12/site-packages/airflow/models/dagbag.py", line 383, in parse
    loader.exec_module(new_module)
  File "<frozen importlib._bootstrap_external>", line 995, in exec_module
  File "<frozen importlib._bootstrap_external>", line 1133, in get_code
  File "<frozen importlib._bootstrap_external>", line 1063, in source_to_code
  File "<frozen importlib._bootstrap>", line 488, in _call_with_frames_removed
  File "/opt/airflow/dags/daily_run.py", line 8
    subprocess.run(["python3", "C:\Users\hamin\Desktop\British-Airway\etl\scripts.py"], check=True)
                               ^^^^^^^^^^^^^^^^^^^^^^^^^^^^^^^^^^^^^^^^^^^^^^^^^^^^^^
SyntaxError: (unicode error) 'unicodeescape' codec can't decode bytes in position 2-3: truncated \UXXXXXXXX escape
[2025-03-20T01:36:45.342+0000] {processor.py:927} WARNING - No viable dags retrieved from /opt/airflow/dags/daily_run.py
[2025-03-20T01:36:45.420+0000] {processor.py:208} INFO - Processing /opt/airflow/dags/daily_run.py took 0.138 seconds
[2025-03-20T01:37:16.196+0000] {processor.py:186} INFO - Started process (PID=127) to work on /opt/airflow/dags/daily_run.py
[2025-03-20T01:37:16.198+0000] {processor.py:914} INFO - Processing file /opt/airflow/dags/daily_run.py for tasks to queue
[2025-03-20T01:37:16.203+0000] {logging_mixin.py:190} INFO - [2025-03-20T01:37:16.203+0000] {dagbag.py:588} INFO - Filling up the DagBag from /opt/airflow/dags/daily_run.py
[2025-03-20T01:37:16.270+0000] {logging_mixin.py:190} INFO - [2025-03-20T01:37:16.268+0000] {dagbag.py:387} ERROR - Failed to import: /opt/airflow/dags/daily_run.py
Traceback (most recent call last):
  File "/home/airflow/.local/lib/python3.12/site-packages/airflow/models/dagbag.py", line 383, in parse
    loader.exec_module(new_module)
  File "<frozen importlib._bootstrap_external>", line 995, in exec_module
  File "<frozen importlib._bootstrap_external>", line 1133, in get_code
  File "<frozen importlib._bootstrap_external>", line 1063, in source_to_code
  File "<frozen importlib._bootstrap>", line 488, in _call_with_frames_removed
  File "/opt/airflow/dags/daily_run.py", line 8
    subprocess.run(["python3", "C:\Users\hamin\Desktop\British-Airway\etl\scripts.py"], check=True)
                               ^^^^^^^^^^^^^^^^^^^^^^^^^^^^^^^^^^^^^^^^^^^^^^^^^^^^^^
SyntaxError: (unicode error) 'unicodeescape' codec can't decode bytes in position 2-3: truncated \UXXXXXXXX escape
[2025-03-20T01:37:16.271+0000] {processor.py:927} WARNING - No viable dags retrieved from /opt/airflow/dags/daily_run.py
[2025-03-20T01:37:16.367+0000] {processor.py:208} INFO - Processing /opt/airflow/dags/daily_run.py took 0.181 seconds
[2025-03-20T01:37:47.100+0000] {processor.py:186} INFO - Started process (PID=132) to work on /opt/airflow/dags/daily_run.py
[2025-03-20T01:37:47.103+0000] {processor.py:914} INFO - Processing file /opt/airflow/dags/daily_run.py for tasks to queue
[2025-03-20T01:37:47.111+0000] {logging_mixin.py:190} INFO - [2025-03-20T01:37:47.110+0000] {dagbag.py:588} INFO - Filling up the DagBag from /opt/airflow/dags/daily_run.py
[2025-03-20T01:37:47.161+0000] {logging_mixin.py:190} INFO - [2025-03-20T01:37:47.159+0000] {dagbag.py:387} ERROR - Failed to import: /opt/airflow/dags/daily_run.py
Traceback (most recent call last):
  File "/home/airflow/.local/lib/python3.12/site-packages/airflow/models/dagbag.py", line 383, in parse
    loader.exec_module(new_module)
  File "<frozen importlib._bootstrap_external>", line 995, in exec_module
  File "<frozen importlib._bootstrap_external>", line 1133, in get_code
  File "<frozen importlib._bootstrap_external>", line 1063, in source_to_code
  File "<frozen importlib._bootstrap>", line 488, in _call_with_frames_removed
  File "/opt/airflow/dags/daily_run.py", line 8
    subprocess.run(["python3", "C:\Users\hamin\Desktop\British-Airway\etl\scripts.py"], check=True)
                               ^^^^^^^^^^^^^^^^^^^^^^^^^^^^^^^^^^^^^^^^^^^^^^^^^^^^^^
SyntaxError: (unicode error) 'unicodeescape' codec can't decode bytes in position 2-3: truncated \UXXXXXXXX escape
[2025-03-20T01:37:47.162+0000] {processor.py:927} WARNING - No viable dags retrieved from /opt/airflow/dags/daily_run.py
[2025-03-20T01:37:47.264+0000] {processor.py:208} INFO - Processing /opt/airflow/dags/daily_run.py took 0.178 seconds
[2025-03-20T01:38:18.652+0000] {processor.py:186} INFO - Started process (PID=137) to work on /opt/airflow/dags/daily_run.py
[2025-03-20T01:38:18.655+0000] {processor.py:914} INFO - Processing file /opt/airflow/dags/daily_run.py for tasks to queue
[2025-03-20T01:38:18.663+0000] {logging_mixin.py:190} INFO - [2025-03-20T01:38:18.662+0000] {dagbag.py:588} INFO - Filling up the DagBag from /opt/airflow/dags/daily_run.py
[2025-03-20T01:38:18.709+0000] {logging_mixin.py:190} INFO - [2025-03-20T01:38:18.706+0000] {dagbag.py:387} ERROR - Failed to import: /opt/airflow/dags/daily_run.py
Traceback (most recent call last):
  File "/home/airflow/.local/lib/python3.12/site-packages/airflow/models/dagbag.py", line 383, in parse
    loader.exec_module(new_module)
  File "<frozen importlib._bootstrap_external>", line 995, in exec_module
  File "<frozen importlib._bootstrap_external>", line 1133, in get_code
  File "<frozen importlib._bootstrap_external>", line 1063, in source_to_code
  File "<frozen importlib._bootstrap>", line 488, in _call_with_frames_removed
  File "/opt/airflow/dags/daily_run.py", line 8
    subprocess.run(["python3", "C:\Users\hamin\Desktop\British-Airway\etl\scripts.py"], check=True)
                               ^^^^^^^^^^^^^^^^^^^^^^^^^^^^^^^^^^^^^^^^^^^^^^^^^^^^^^
SyntaxError: (unicode error) 'unicodeescape' codec can't decode bytes in position 2-3: truncated \UXXXXXXXX escape
[2025-03-20T01:38:18.711+0000] {processor.py:927} WARNING - No viable dags retrieved from /opt/airflow/dags/daily_run.py
[2025-03-20T01:38:18.768+0000] {processor.py:208} INFO - Processing /opt/airflow/dags/daily_run.py took 0.132 seconds
[2025-03-20T01:38:48.989+0000] {processor.py:186} INFO - Started process (PID=142) to work on /opt/airflow/dags/daily_run.py
[2025-03-20T01:38:48.992+0000] {processor.py:914} INFO - Processing file /opt/airflow/dags/daily_run.py for tasks to queue
[2025-03-20T01:38:48.997+0000] {logging_mixin.py:190} INFO - [2025-03-20T01:38:48.996+0000] {dagbag.py:588} INFO - Filling up the DagBag from /opt/airflow/dags/daily_run.py
[2025-03-20T01:38:49.068+0000] {logging_mixin.py:190} INFO - [2025-03-20T01:38:49.067+0000] {dagbag.py:387} ERROR - Failed to import: /opt/airflow/dags/daily_run.py
Traceback (most recent call last):
  File "/home/airflow/.local/lib/python3.12/site-packages/airflow/models/dagbag.py", line 383, in parse
    loader.exec_module(new_module)
  File "<frozen importlib._bootstrap_external>", line 995, in exec_module
  File "<frozen importlib._bootstrap_external>", line 1133, in get_code
  File "<frozen importlib._bootstrap_external>", line 1063, in source_to_code
  File "<frozen importlib._bootstrap>", line 488, in _call_with_frames_removed
  File "/opt/airflow/dags/daily_run.py", line 8
    subprocess.run(["python3", "C:\Users\hamin\Desktop\British-Airway\etl\scripts.py"], check=True)
                               ^^^^^^^^^^^^^^^^^^^^^^^^^^^^^^^^^^^^^^^^^^^^^^^^^^^^^^
SyntaxError: (unicode error) 'unicodeescape' codec can't decode bytes in position 2-3: truncated \UXXXXXXXX escape
[2025-03-20T01:38:49.069+0000] {processor.py:927} WARNING - No viable dags retrieved from /opt/airflow/dags/daily_run.py
[2025-03-20T01:38:49.162+0000] {processor.py:208} INFO - Processing /opt/airflow/dags/daily_run.py took 0.183 seconds
[2025-03-20T01:39:19.853+0000] {processor.py:186} INFO - Started process (PID=147) to work on /opt/airflow/dags/daily_run.py
[2025-03-20T01:39:19.857+0000] {processor.py:914} INFO - Processing file /opt/airflow/dags/daily_run.py for tasks to queue
[2025-03-20T01:39:19.865+0000] {logging_mixin.py:190} INFO - [2025-03-20T01:39:19.864+0000] {dagbag.py:588} INFO - Filling up the DagBag from /opt/airflow/dags/daily_run.py
[2025-03-20T01:39:19.912+0000] {logging_mixin.py:190} INFO - [2025-03-20T01:39:19.911+0000] {dagbag.py:387} ERROR - Failed to import: /opt/airflow/dags/daily_run.py
Traceback (most recent call last):
  File "/home/airflow/.local/lib/python3.12/site-packages/airflow/models/dagbag.py", line 383, in parse
    loader.exec_module(new_module)
  File "<frozen importlib._bootstrap_external>", line 995, in exec_module
  File "<frozen importlib._bootstrap_external>", line 1133, in get_code
  File "<frozen importlib._bootstrap_external>", line 1063, in source_to_code
  File "<frozen importlib._bootstrap>", line 488, in _call_with_frames_removed
  File "/opt/airflow/dags/daily_run.py", line 8
    subprocess.run(["python3", "C:\Users\hamin\Desktop\British-Airway\etl\scripts.py"], check=True)
                               ^^^^^^^^^^^^^^^^^^^^^^^^^^^^^^^^^^^^^^^^^^^^^^^^^^^^^^
SyntaxError: (unicode error) 'unicodeescape' codec can't decode bytes in position 2-3: truncated \UXXXXXXXX escape
[2025-03-20T01:39:19.914+0000] {processor.py:927} WARNING - No viable dags retrieved from /opt/airflow/dags/daily_run.py
[2025-03-20T01:39:19.988+0000] {processor.py:208} INFO - Processing /opt/airflow/dags/daily_run.py took 0.145 seconds
[2025-03-20T01:39:50.405+0000] {processor.py:186} INFO - Started process (PID=152) to work on /opt/airflow/dags/daily_run.py
[2025-03-20T01:39:50.407+0000] {processor.py:914} INFO - Processing file /opt/airflow/dags/daily_run.py for tasks to queue
[2025-03-20T01:39:50.411+0000] {logging_mixin.py:190} INFO - [2025-03-20T01:39:50.410+0000] {dagbag.py:588} INFO - Filling up the DagBag from /opt/airflow/dags/daily_run.py
[2025-03-20T01:39:50.462+0000] {logging_mixin.py:190} INFO - [2025-03-20T01:39:50.460+0000] {dagbag.py:387} ERROR - Failed to import: /opt/airflow/dags/daily_run.py
Traceback (most recent call last):
  File "/home/airflow/.local/lib/python3.12/site-packages/airflow/models/dagbag.py", line 383, in parse
    loader.exec_module(new_module)
  File "<frozen importlib._bootstrap_external>", line 995, in exec_module
  File "<frozen importlib._bootstrap_external>", line 1133, in get_code
  File "<frozen importlib._bootstrap_external>", line 1063, in source_to_code
  File "<frozen importlib._bootstrap>", line 488, in _call_with_frames_removed
  File "/opt/airflow/dags/daily_run.py", line 8
    subprocess.run(["python3", "C:\Users\hamin\Desktop\British-Airway\etl\scripts.py"], check=True)
                               ^^^^^^^^^^^^^^^^^^^^^^^^^^^^^^^^^^^^^^^^^^^^^^^^^^^^^^
SyntaxError: (unicode error) 'unicodeescape' codec can't decode bytes in position 2-3: truncated \UXXXXXXXX escape
[2025-03-20T01:39:50.464+0000] {processor.py:927} WARNING - No viable dags retrieved from /opt/airflow/dags/daily_run.py
[2025-03-20T01:39:50.584+0000] {processor.py:208} INFO - Processing /opt/airflow/dags/daily_run.py took 0.187 seconds
[2025-03-20T01:40:21.792+0000] {processor.py:186} INFO - Started process (PID=157) to work on /opt/airflow/dags/daily_run.py
[2025-03-20T01:40:21.795+0000] {processor.py:914} INFO - Processing file /opt/airflow/dags/daily_run.py for tasks to queue
[2025-03-20T01:40:21.800+0000] {logging_mixin.py:190} INFO - [2025-03-20T01:40:21.799+0000] {dagbag.py:588} INFO - Filling up the DagBag from /opt/airflow/dags/daily_run.py
[2025-03-20T01:40:21.873+0000] {logging_mixin.py:190} INFO - [2025-03-20T01:40:21.870+0000] {dagbag.py:387} ERROR - Failed to import: /opt/airflow/dags/daily_run.py
Traceback (most recent call last):
  File "/home/airflow/.local/lib/python3.12/site-packages/airflow/models/dagbag.py", line 383, in parse
    loader.exec_module(new_module)
  File "<frozen importlib._bootstrap_external>", line 995, in exec_module
  File "<frozen importlib._bootstrap_external>", line 1133, in get_code
  File "<frozen importlib._bootstrap_external>", line 1063, in source_to_code
  File "<frozen importlib._bootstrap>", line 488, in _call_with_frames_removed
  File "/opt/airflow/dags/daily_run.py", line 8
    subprocess.run(["python3", "C:\Users\hamin\Desktop\British-Airway\etl\scripts.py"], check=True)
                               ^^^^^^^^^^^^^^^^^^^^^^^^^^^^^^^^^^^^^^^^^^^^^^^^^^^^^^
SyntaxError: (unicode error) 'unicodeescape' codec can't decode bytes in position 2-3: truncated \UXXXXXXXX escape
[2025-03-20T01:40:21.874+0000] {processor.py:927} WARNING - No viable dags retrieved from /opt/airflow/dags/daily_run.py
[2025-03-20T01:40:21.953+0000] {processor.py:208} INFO - Processing /opt/airflow/dags/daily_run.py took 0.172 seconds
[2025-03-20T01:40:52.590+0000] {processor.py:186} INFO - Started process (PID=162) to work on /opt/airflow/dags/daily_run.py
[2025-03-20T01:40:52.615+0000] {processor.py:914} INFO - Processing file /opt/airflow/dags/daily_run.py for tasks to queue
[2025-03-20T01:40:52.620+0000] {logging_mixin.py:190} INFO - [2025-03-20T01:40:52.619+0000] {dagbag.py:588} INFO - Filling up the DagBag from /opt/airflow/dags/daily_run.py
[2025-03-20T01:40:52.674+0000] {logging_mixin.py:190} INFO - [2025-03-20T01:40:52.672+0000] {dagbag.py:387} ERROR - Failed to import: /opt/airflow/dags/daily_run.py
Traceback (most recent call last):
  File "/home/airflow/.local/lib/python3.12/site-packages/airflow/models/dagbag.py", line 383, in parse
    loader.exec_module(new_module)
  File "<frozen importlib._bootstrap_external>", line 995, in exec_module
  File "<frozen importlib._bootstrap_external>", line 1133, in get_code
  File "<frozen importlib._bootstrap_external>", line 1063, in source_to_code
  File "<frozen importlib._bootstrap>", line 488, in _call_with_frames_removed
  File "/opt/airflow/dags/daily_run.py", line 8
    subprocess.run(["python3", "C:\Users\hamin\Desktop\British-Airway\etl\scripts.py"], check=True)
                               ^^^^^^^^^^^^^^^^^^^^^^^^^^^^^^^^^^^^^^^^^^^^^^^^^^^^^^
SyntaxError: (unicode error) 'unicodeescape' codec can't decode bytes in position 2-3: truncated \UXXXXXXXX escape
[2025-03-20T01:40:52.676+0000] {processor.py:927} WARNING - No viable dags retrieved from /opt/airflow/dags/daily_run.py
[2025-03-20T01:40:52.790+0000] {processor.py:208} INFO - Processing /opt/airflow/dags/daily_run.py took 0.219 seconds
[2025-03-20T01:41:00.074+0000] {processor.py:186} INFO - Started process (PID=166) to work on /opt/airflow/dags/daily_run.py
[2025-03-20T01:41:00.076+0000] {processor.py:914} INFO - Processing file /opt/airflow/dags/daily_run.py for tasks to queue
[2025-03-20T01:41:00.081+0000] {logging_mixin.py:190} INFO - [2025-03-20T01:41:00.080+0000] {dagbag.py:588} INFO - Filling up the DagBag from /opt/airflow/dags/daily_run.py
[2025-03-20T01:41:00.215+0000] {processor.py:925} INFO - DAG(s) 'daily_python_script_dag' retrieved from /opt/airflow/dags/daily_run.py
[2025-03-20T01:41:00.470+0000] {logging_mixin.py:190} INFO - [2025-03-20T01:41:00.470+0000] {dag.py:3239} INFO - Sync 1 DAGs
[2025-03-20T01:41:00.516+0000] {logging_mixin.py:190} INFO - [2025-03-20T01:41:00.515+0000] {dag.py:4180} INFO - Setting next_dagrun for daily_python_script_dag to 2025-03-19 00:00:00+00:00, run_after=2025-03-20 00:00:00+00:00
[2025-03-20T01:41:00.756+0000] {processor.py:208} INFO - Processing /opt/airflow/dags/daily_run.py took 0.692 seconds
[2025-03-20T01:41:32.115+0000] {processor.py:186} INFO - Started process (PID=172) to work on /opt/airflow/dags/daily_run.py
[2025-03-20T01:41:32.117+0000] {processor.py:914} INFO - Processing file /opt/airflow/dags/daily_run.py for tasks to queue
[2025-03-20T01:41:32.122+0000] {logging_mixin.py:190} INFO - [2025-03-20T01:41:32.120+0000] {dagbag.py:588} INFO - Filling up the DagBag from /opt/airflow/dags/daily_run.py
[2025-03-20T01:41:32.179+0000] {processor.py:925} INFO - DAG(s) 'daily_python_script_dag' retrieved from /opt/airflow/dags/daily_run.py
[2025-03-20T01:41:32.271+0000] {logging_mixin.py:190} INFO - [2025-03-20T01:41:32.270+0000] {dag.py:3239} INFO - Sync 1 DAGs
[2025-03-20T01:41:32.366+0000] {logging_mixin.py:190} INFO - [2025-03-20T01:41:32.365+0000] {dag.py:4180} INFO - Setting next_dagrun for daily_python_script_dag to 2025-03-19 00:00:00+00:00, run_after=2025-03-20 00:00:00+00:00
[2025-03-20T01:41:32.479+0000] {processor.py:208} INFO - Processing /opt/airflow/dags/daily_run.py took 0.376 seconds
[2025-03-20T01:42:03.468+0000] {processor.py:186} INFO - Started process (PID=177) to work on /opt/airflow/dags/daily_run.py
[2025-03-20T01:42:03.470+0000] {processor.py:914} INFO - Processing file /opt/airflow/dags/daily_run.py for tasks to queue
[2025-03-20T01:42:03.473+0000] {logging_mixin.py:190} INFO - [2025-03-20T01:42:03.473+0000] {dagbag.py:588} INFO - Filling up the DagBag from /opt/airflow/dags/daily_run.py
[2025-03-20T01:42:03.508+0000] {processor.py:925} INFO - DAG(s) 'daily_python_script_dag' retrieved from /opt/airflow/dags/daily_run.py
[2025-03-20T01:42:03.552+0000] {logging_mixin.py:190} INFO - [2025-03-20T01:42:03.551+0000] {dag.py:3239} INFO - Sync 1 DAGs
[2025-03-20T01:42:03.595+0000] {logging_mixin.py:190} INFO - [2025-03-20T01:42:03.595+0000] {dag.py:4180} INFO - Setting next_dagrun for daily_python_script_dag to 2025-03-19 00:00:00+00:00, run_after=2025-03-20 00:00:00+00:00
[2025-03-20T01:42:03.707+0000] {processor.py:208} INFO - Processing /opt/airflow/dags/daily_run.py took 0.245 seconds
[2025-03-20T01:42:34.039+0000] {processor.py:186} INFO - Started process (PID=182) to work on /opt/airflow/dags/daily_run.py
[2025-03-20T01:42:34.040+0000] {processor.py:914} INFO - Processing file /opt/airflow/dags/daily_run.py for tasks to queue
[2025-03-20T01:42:34.050+0000] {logging_mixin.py:190} INFO - [2025-03-20T01:42:34.049+0000] {dagbag.py:588} INFO - Filling up the DagBag from /opt/airflow/dags/daily_run.py
[2025-03-20T01:42:34.105+0000] {processor.py:925} INFO - DAG(s) 'daily_python_script_dag' retrieved from /opt/airflow/dags/daily_run.py
[2025-03-20T01:42:34.162+0000] {logging_mixin.py:190} INFO - [2025-03-20T01:42:34.161+0000] {dag.py:3239} INFO - Sync 1 DAGs
[2025-03-20T01:42:34.216+0000] {logging_mixin.py:190} INFO - [2025-03-20T01:42:34.215+0000] {dag.py:4180} INFO - Setting next_dagrun for daily_python_script_dag to 2025-03-19 00:00:00+00:00, run_after=2025-03-20 00:00:00+00:00
[2025-03-20T01:42:34.337+0000] {processor.py:208} INFO - Processing /opt/airflow/dags/daily_run.py took 0.307 seconds
[2025-03-20T01:43:04.897+0000] {processor.py:186} INFO - Started process (PID=186) to work on /opt/airflow/dags/daily_run.py
[2025-03-20T01:43:04.899+0000] {processor.py:914} INFO - Processing file /opt/airflow/dags/daily_run.py for tasks to queue
[2025-03-20T01:43:04.902+0000] {logging_mixin.py:190} INFO - [2025-03-20T01:43:04.902+0000] {dagbag.py:588} INFO - Filling up the DagBag from /opt/airflow/dags/daily_run.py
[2025-03-20T01:43:04.941+0000] {processor.py:925} INFO - DAG(s) 'daily_python_script_dag' retrieved from /opt/airflow/dags/daily_run.py
[2025-03-20T01:43:04.985+0000] {logging_mixin.py:190} INFO - [2025-03-20T01:43:04.985+0000] {dag.py:3239} INFO - Sync 1 DAGs
[2025-03-20T01:43:05.026+0000] {logging_mixin.py:190} INFO - [2025-03-20T01:43:05.026+0000] {dag.py:4180} INFO - Setting next_dagrun for daily_python_script_dag to 2025-03-19 00:00:00+00:00, run_after=2025-03-20 00:00:00+00:00
[2025-03-20T01:43:05.193+0000] {processor.py:208} INFO - Processing /opt/airflow/dags/daily_run.py took 0.304 seconds
[2025-03-20T01:43:35.639+0000] {processor.py:186} INFO - Started process (PID=191) to work on /opt/airflow/dags/daily_run.py
[2025-03-20T01:43:35.641+0000] {processor.py:914} INFO - Processing file /opt/airflow/dags/daily_run.py for tasks to queue
[2025-03-20T01:43:35.645+0000] {logging_mixin.py:190} INFO - [2025-03-20T01:43:35.645+0000] {dagbag.py:588} INFO - Filling up the DagBag from /opt/airflow/dags/daily_run.py
[2025-03-20T01:43:35.694+0000] {processor.py:925} INFO - DAG(s) 'daily_python_script_dag' retrieved from /opt/airflow/dags/daily_run.py
[2025-03-20T01:43:35.740+0000] {logging_mixin.py:190} INFO - [2025-03-20T01:43:35.740+0000] {dag.py:3239} INFO - Sync 1 DAGs
[2025-03-20T01:43:35.783+0000] {logging_mixin.py:190} INFO - [2025-03-20T01:43:35.782+0000] {dag.py:4180} INFO - Setting next_dagrun for daily_python_script_dag to 2025-03-19 00:00:00+00:00, run_after=2025-03-20 00:00:00+00:00
[2025-03-20T01:43:35.901+0000] {processor.py:208} INFO - Processing /opt/airflow/dags/daily_run.py took 0.272 seconds
[2025-03-20T01:43:57.295+0000] {processor.py:186} INFO - Started process (PID=193) to work on /opt/airflow/dags/daily_run.py
[2025-03-20T01:43:57.297+0000] {processor.py:914} INFO - Processing file /opt/airflow/dags/daily_run.py for tasks to queue
[2025-03-20T01:43:57.302+0000] {logging_mixin.py:190} INFO - [2025-03-20T01:43:57.301+0000] {dagbag.py:588} INFO - Filling up the DagBag from /opt/airflow/dags/daily_run.py
[2025-03-20T01:43:57.436+0000] {processor.py:925} INFO - DAG(s) 'daily_s3_refresh' retrieved from /opt/airflow/dags/daily_run.py
[2025-03-20T01:43:57.778+0000] {logging_mixin.py:190} INFO - [2025-03-20T01:43:57.776+0000] {override.py:1912} INFO - Created Permission View: can read on DAG:daily_s3_refresh
[2025-03-20T01:43:57.901+0000] {logging_mixin.py:190} INFO - [2025-03-20T01:43:57.900+0000] {override.py:1912} INFO - Created Permission View: can edit on DAG:daily_s3_refresh
[2025-03-20T01:43:58.000+0000] {logging_mixin.py:190} INFO - [2025-03-20T01:43:57.998+0000] {override.py:1912} INFO - Created Permission View: can delete on DAG:daily_s3_refresh
[2025-03-20T01:43:58.214+0000] {logging_mixin.py:190} INFO - [2025-03-20T01:43:58.213+0000] {override.py:1912} INFO - Created Permission View: can read on DAG Run:daily_s3_refresh
[2025-03-20T01:43:58.306+0000] {logging_mixin.py:190} INFO - [2025-03-20T01:43:58.305+0000] {override.py:1912} INFO - Created Permission View: can create on DAG Run:daily_s3_refresh
[2025-03-20T01:43:58.375+0000] {logging_mixin.py:190} INFO - [2025-03-20T01:43:58.374+0000] {override.py:1912} INFO - Created Permission View: can delete on DAG Run:daily_s3_refresh
[2025-03-20T01:43:58.430+0000] {logging_mixin.py:190} INFO - [2025-03-20T01:43:58.429+0000] {override.py:1912} INFO - Created Permission View: menu access on DAG Run:daily_s3_refresh
[2025-03-20T01:43:58.435+0000] {logging_mixin.py:190} INFO - [2025-03-20T01:43:58.431+0000] {dag.py:3239} INFO - Sync 1 DAGs
[2025-03-20T01:43:58.471+0000] {logging_mixin.py:190} INFO - [2025-03-20T01:43:58.471+0000] {dag.py:3262} INFO - Creating ORM DAG for daily_s3_refresh
[2025-03-20T01:43:58.495+0000] {logging_mixin.py:190} INFO - [2025-03-20T01:43:58.495+0000] {dag.py:4180} INFO - Setting next_dagrun for daily_s3_refresh to 2025-03-19 00:00:00+00:00, run_after=2025-03-20 00:00:00+00:00
[2025-03-20T01:43:58.606+0000] {processor.py:208} INFO - Processing /opt/airflow/dags/daily_run.py took 1.319 seconds
[2025-03-20T01:44:05.593+0000] {processor.py:186} INFO - Started process (PID=196) to work on /opt/airflow/dags/daily_run.py
[2025-03-20T01:44:05.595+0000] {processor.py:914} INFO - Processing file /opt/airflow/dags/daily_run.py for tasks to queue
[2025-03-20T01:44:05.599+0000] {logging_mixin.py:190} INFO - [2025-03-20T01:44:05.598+0000] {dagbag.py:588} INFO - Filling up the DagBag from /opt/airflow/dags/daily_run.py
[2025-03-20T01:44:05.705+0000] {processor.py:925} INFO - DAG(s) 'daily_s3_refresh' retrieved from /opt/airflow/dags/daily_run.py
[2025-03-20T01:44:05.782+0000] {logging_mixin.py:190} INFO - [2025-03-20T01:44:05.781+0000] {dag.py:3239} INFO - Sync 1 DAGs
[2025-03-20T01:44:05.844+0000] {logging_mixin.py:190} INFO - [2025-03-20T01:44:05.843+0000] {dag.py:4180} INFO - Setting next_dagrun for daily_s3_refresh to 2025-03-19 00:00:00+00:00, run_after=2025-03-20 00:00:00+00:00
[2025-03-20T01:44:05.955+0000] {processor.py:208} INFO - Processing /opt/airflow/dags/daily_run.py took 0.372 seconds
[2025-03-20T01:44:39.926+0000] {processor.py:186} INFO - Started process (PID=241) to work on /opt/airflow/dags/daily_run.py
[2025-03-20T01:44:39.928+0000] {processor.py:914} INFO - Processing file /opt/airflow/dags/daily_run.py for tasks to queue
[2025-03-20T01:44:39.934+0000] {logging_mixin.py:190} INFO - [2025-03-20T01:44:39.933+0000] {dagbag.py:588} INFO - Filling up the DagBag from /opt/airflow/dags/daily_run.py
[2025-03-20T01:44:39.979+0000] {processor.py:925} INFO - DAG(s) 'daily_s3_refresh' retrieved from /opt/airflow/dags/daily_run.py
[2025-03-20T01:44:40.018+0000] {logging_mixin.py:190} INFO - [2025-03-20T01:44:40.018+0000] {dag.py:3239} INFO - Sync 1 DAGs
[2025-03-20T01:44:40.056+0000] {logging_mixin.py:190} INFO - [2025-03-20T01:44:40.055+0000] {dag.py:4180} INFO - Setting next_dagrun for daily_s3_refresh to 2025-03-20 00:00:00+00:00, run_after=2025-03-21 00:00:00+00:00
[2025-03-20T01:44:40.147+0000] {processor.py:208} INFO - Processing /opt/airflow/dags/daily_run.py took 0.229 seconds
[2025-03-20T01:45:10.308+0000] {processor.py:186} INFO - Started process (PID=246) to work on /opt/airflow/dags/daily_run.py
[2025-03-20T01:45:10.310+0000] {processor.py:914} INFO - Processing file /opt/airflow/dags/daily_run.py for tasks to queue
[2025-03-20T01:45:10.316+0000] {logging_mixin.py:190} INFO - [2025-03-20T01:45:10.316+0000] {dagbag.py:588} INFO - Filling up the DagBag from /opt/airflow/dags/daily_run.py
[2025-03-20T01:45:10.371+0000] {processor.py:925} INFO - DAG(s) 'daily_s3_refresh' retrieved from /opt/airflow/dags/daily_run.py
[2025-03-20T01:45:10.436+0000] {logging_mixin.py:190} INFO - [2025-03-20T01:45:10.436+0000] {dag.py:3239} INFO - Sync 1 DAGs
[2025-03-20T01:45:10.512+0000] {logging_mixin.py:190} INFO - [2025-03-20T01:45:10.511+0000] {dag.py:4180} INFO - Setting next_dagrun for daily_s3_refresh to 2025-03-20 00:00:00+00:00, run_after=2025-03-21 00:00:00+00:00
[2025-03-20T01:45:10.646+0000] {processor.py:208} INFO - Processing /opt/airflow/dags/daily_run.py took 0.350 seconds
[2025-03-20T01:45:22.160+0000] {processor.py:186} INFO - Started process (PID=251) to work on /opt/airflow/dags/daily_run.py
[2025-03-20T01:45:22.163+0000] {processor.py:914} INFO - Processing file /opt/airflow/dags/daily_run.py for tasks to queue
[2025-03-20T01:45:22.169+0000] {logging_mixin.py:190} INFO - [2025-03-20T01:45:22.168+0000] {dagbag.py:588} INFO - Filling up the DagBag from /opt/airflow/dags/daily_run.py
[2025-03-20T01:45:22.244+0000] {processor.py:925} INFO - DAG(s) 'daily_s3_refresh' retrieved from /opt/airflow/dags/daily_run.py
[2025-03-20T01:45:22.305+0000] {logging_mixin.py:190} INFO - [2025-03-20T01:45:22.305+0000] {dag.py:3239} INFO - Sync 1 DAGs
[2025-03-20T01:45:22.363+0000] {logging_mixin.py:190} INFO - [2025-03-20T01:45:22.362+0000] {dag.py:4180} INFO - Setting next_dagrun for daily_s3_refresh to 2025-03-20 00:00:00+00:00, run_after=2025-03-21 00:00:00+00:00
[2025-03-20T01:45:22.497+0000] {processor.py:208} INFO - Processing /opt/airflow/dags/daily_run.py took 0.350 seconds
[2025-03-20T01:45:23.950+0000] {processor.py:186} INFO - Started process (PID=252) to work on /opt/airflow/dags/daily_run.py
[2025-03-20T01:45:23.952+0000] {processor.py:914} INFO - Processing file /opt/airflow/dags/daily_run.py for tasks to queue
[2025-03-20T01:45:23.957+0000] {logging_mixin.py:190} INFO - [2025-03-20T01:45:23.956+0000] {dagbag.py:588} INFO - Filling up the DagBag from /opt/airflow/dags/daily_run.py
[2025-03-20T01:45:24.071+0000] {processor.py:925} INFO - DAG(s) 'daily_s3_refresh' retrieved from /opt/airflow/dags/daily_run.py
[2025-03-20T01:45:24.139+0000] {logging_mixin.py:190} INFO - [2025-03-20T01:45:24.138+0000] {dag.py:3239} INFO - Sync 1 DAGs
[2025-03-20T01:45:24.190+0000] {logging_mixin.py:190} INFO - [2025-03-20T01:45:24.189+0000] {dag.py:4180} INFO - Setting next_dagrun for daily_s3_refresh to 2025-03-20 00:00:00+00:00, run_after=2025-03-21 00:00:00+00:00
[2025-03-20T01:45:24.308+0000] {processor.py:208} INFO - Processing /opt/airflow/dags/daily_run.py took 0.370 seconds
[2025-03-20T01:45:55.079+0000] {processor.py:186} INFO - Started process (PID=257) to work on /opt/airflow/dags/daily_run.py
[2025-03-20T01:45:55.081+0000] {processor.py:914} INFO - Processing file /opt/airflow/dags/daily_run.py for tasks to queue
[2025-03-20T01:45:55.087+0000] {logging_mixin.py:190} INFO - [2025-03-20T01:45:55.086+0000] {dagbag.py:588} INFO - Filling up the DagBag from /opt/airflow/dags/daily_run.py
[2025-03-20T01:45:55.178+0000] {processor.py:925} INFO - DAG(s) 'daily_s3_refresh' retrieved from /opt/airflow/dags/daily_run.py
[2025-03-20T01:45:55.244+0000] {logging_mixin.py:190} INFO - [2025-03-20T01:45:55.243+0000] {dag.py:3239} INFO - Sync 1 DAGs
[2025-03-20T01:45:55.288+0000] {logging_mixin.py:190} INFO - [2025-03-20T01:45:55.288+0000] {dag.py:4180} INFO - Setting next_dagrun for daily_s3_refresh to 2025-03-20 00:00:00+00:00, run_after=2025-03-21 00:00:00+00:00
[2025-03-20T01:45:55.381+0000] {processor.py:208} INFO - Processing /opt/airflow/dags/daily_run.py took 0.312 seconds
[2025-03-20T01:46:26.110+0000] {processor.py:186} INFO - Started process (PID=262) to work on /opt/airflow/dags/daily_run.py
[2025-03-20T01:46:26.113+0000] {processor.py:914} INFO - Processing file /opt/airflow/dags/daily_run.py for tasks to queue
[2025-03-20T01:46:26.121+0000] {logging_mixin.py:190} INFO - [2025-03-20T01:46:26.120+0000] {dagbag.py:588} INFO - Filling up the DagBag from /opt/airflow/dags/daily_run.py
[2025-03-20T01:46:26.187+0000] {processor.py:925} INFO - DAG(s) 'daily_s3_refresh' retrieved from /opt/airflow/dags/daily_run.py
[2025-03-20T01:46:26.261+0000] {logging_mixin.py:190} INFO - [2025-03-20T01:46:26.261+0000] {dag.py:3239} INFO - Sync 1 DAGs
[2025-03-20T01:46:26.327+0000] {logging_mixin.py:190} INFO - [2025-03-20T01:46:26.327+0000] {dag.py:4180} INFO - Setting next_dagrun for daily_s3_refresh to 2025-03-20 00:00:00+00:00, run_after=2025-03-21 00:00:00+00:00
[2025-03-20T01:46:26.478+0000] {processor.py:208} INFO - Processing /opt/airflow/dags/daily_run.py took 0.384 seconds
[2025-03-20T01:46:57.191+0000] {processor.py:186} INFO - Started process (PID=267) to work on /opt/airflow/dags/daily_run.py
[2025-03-20T01:46:57.194+0000] {processor.py:914} INFO - Processing file /opt/airflow/dags/daily_run.py for tasks to queue
[2025-03-20T01:46:57.200+0000] {logging_mixin.py:190} INFO - [2025-03-20T01:46:57.199+0000] {dagbag.py:588} INFO - Filling up the DagBag from /opt/airflow/dags/daily_run.py
[2025-03-20T01:46:57.260+0000] {processor.py:925} INFO - DAG(s) 'daily_s3_refresh' retrieved from /opt/airflow/dags/daily_run.py
[2025-03-20T01:46:57.358+0000] {logging_mixin.py:190} INFO - [2025-03-20T01:46:57.357+0000] {dag.py:3239} INFO - Sync 1 DAGs
[2025-03-20T01:46:57.421+0000] {logging_mixin.py:190} INFO - [2025-03-20T01:46:57.420+0000] {dag.py:4180} INFO - Setting next_dagrun for daily_s3_refresh to 2025-03-20 00:00:00+00:00, run_after=2025-03-21 00:00:00+00:00
[2025-03-20T01:46:57.601+0000] {processor.py:208} INFO - Processing /opt/airflow/dags/daily_run.py took 0.422 seconds
[2025-03-20T01:47:21.658+0000] {processor.py:186} INFO - Started process (PID=270) to work on /opt/airflow/dags/daily_run.py
[2025-03-20T01:47:21.660+0000] {processor.py:914} INFO - Processing file /opt/airflow/dags/daily_run.py for tasks to queue
[2025-03-20T01:47:21.664+0000] {logging_mixin.py:190} INFO - [2025-03-20T01:47:21.664+0000] {dagbag.py:588} INFO - Filling up the DagBag from /opt/airflow/dags/daily_run.py
[2025-03-20T01:47:21.832+0000] {processor.py:925} INFO - DAG(s) 'daily_s3_refresh' retrieved from /opt/airflow/dags/daily_run.py
[2025-03-20T01:47:21.876+0000] {logging_mixin.py:190} INFO - [2025-03-20T01:47:21.876+0000] {dag.py:3239} INFO - Sync 1 DAGs
[2025-03-20T01:47:21.924+0000] {logging_mixin.py:190} INFO - [2025-03-20T01:47:21.924+0000] {dag.py:4180} INFO - Setting next_dagrun for daily_s3_refresh to 2025-03-20 00:00:00+00:00, run_after=2025-03-21 00:00:00+00:00
[2025-03-20T01:47:22.038+0000] {processor.py:208} INFO - Processing /opt/airflow/dags/daily_run.py took 0.389 seconds
[2025-03-20T01:47:33.526+0000] {processor.py:186} INFO - Started process (PID=273) to work on /opt/airflow/dags/daily_run.py
[2025-03-20T01:47:33.528+0000] {processor.py:914} INFO - Processing file /opt/airflow/dags/daily_run.py for tasks to queue
[2025-03-20T01:47:33.534+0000] {logging_mixin.py:190} INFO - [2025-03-20T01:47:33.533+0000] {dagbag.py:588} INFO - Filling up the DagBag from /opt/airflow/dags/daily_run.py
[2025-03-20T01:47:33.630+0000] {processor.py:925} INFO - DAG(s) 'daily_s3_refresh' retrieved from /opt/airflow/dags/daily_run.py
[2025-03-20T01:47:33.716+0000] {logging_mixin.py:190} INFO - [2025-03-20T01:47:33.716+0000] {dag.py:3239} INFO - Sync 1 DAGs
[2025-03-20T01:47:33.797+0000] {logging_mixin.py:190} INFO - [2025-03-20T01:47:33.796+0000] {dag.py:4180} INFO - Setting next_dagrun for daily_s3_refresh to 2025-03-20 00:00:00+00:00, run_after=2025-03-21 00:00:00+00:00
[2025-03-20T01:47:33.948+0000] {processor.py:208} INFO - Processing /opt/airflow/dags/daily_run.py took 0.433 seconds
[2025-03-20T01:47:35.263+0000] {processor.py:186} INFO - Started process (PID=274) to work on /opt/airflow/dags/daily_run.py
[2025-03-20T01:47:35.266+0000] {processor.py:914} INFO - Processing file /opt/airflow/dags/daily_run.py for tasks to queue
[2025-03-20T01:47:35.273+0000] {logging_mixin.py:190} INFO - [2025-03-20T01:47:35.272+0000] {dagbag.py:588} INFO - Filling up the DagBag from /opt/airflow/dags/daily_run.py
[2025-03-20T01:47:35.357+0000] {processor.py:925} INFO - DAG(s) 'daily_s3_refresh' retrieved from /opt/airflow/dags/daily_run.py
[2025-03-20T01:47:35.424+0000] {logging_mixin.py:190} INFO - [2025-03-20T01:47:35.423+0000] {dag.py:3239} INFO - Sync 1 DAGs
[2025-03-20T01:47:35.493+0000] {logging_mixin.py:190} INFO - [2025-03-20T01:47:35.492+0000] {dag.py:4180} INFO - Setting next_dagrun for daily_s3_refresh to 2025-03-20 00:00:00+00:00, run_after=2025-03-21 00:00:00+00:00
[2025-03-20T01:47:35.668+0000] {processor.py:208} INFO - Processing /opt/airflow/dags/daily_run.py took 0.420 seconds
[2025-03-20T01:48:06.091+0000] {processor.py:186} INFO - Started process (PID=279) to work on /opt/airflow/dags/daily_run.py
[2025-03-20T01:48:06.095+0000] {processor.py:914} INFO - Processing file /opt/airflow/dags/daily_run.py for tasks to queue
[2025-03-20T01:48:06.100+0000] {logging_mixin.py:190} INFO - [2025-03-20T01:48:06.099+0000] {dagbag.py:588} INFO - Filling up the DagBag from /opt/airflow/dags/daily_run.py
[2025-03-20T01:48:06.141+0000] {processor.py:925} INFO - DAG(s) 'daily_s3_refresh' retrieved from /opt/airflow/dags/daily_run.py
[2025-03-20T01:48:06.190+0000] {logging_mixin.py:190} INFO - [2025-03-20T01:48:06.189+0000] {dag.py:3239} INFO - Sync 1 DAGs
[2025-03-20T01:48:06.233+0000] {logging_mixin.py:190} INFO - [2025-03-20T01:48:06.232+0000] {dag.py:4180} INFO - Setting next_dagrun for daily_s3_refresh to 2025-03-20 00:00:00+00:00, run_after=2025-03-21 00:00:00+00:00
[2025-03-20T01:48:06.319+0000] {processor.py:208} INFO - Processing /opt/airflow/dags/daily_run.py took 0.239 seconds
[2025-03-20T01:48:36.925+0000] {processor.py:186} INFO - Started process (PID=285) to work on /opt/airflow/dags/daily_run.py
[2025-03-20T01:48:36.927+0000] {processor.py:914} INFO - Processing file /opt/airflow/dags/daily_run.py for tasks to queue
[2025-03-20T01:48:36.932+0000] {logging_mixin.py:190} INFO - [2025-03-20T01:48:36.931+0000] {dagbag.py:588} INFO - Filling up the DagBag from /opt/airflow/dags/daily_run.py
[2025-03-20T01:48:36.977+0000] {processor.py:925} INFO - DAG(s) 'daily_s3_refresh' retrieved from /opt/airflow/dags/daily_run.py
[2025-03-20T01:48:37.024+0000] {logging_mixin.py:190} INFO - [2025-03-20T01:48:37.024+0000] {dag.py:3239} INFO - Sync 1 DAGs
[2025-03-20T01:48:37.064+0000] {logging_mixin.py:190} INFO - [2025-03-20T01:48:37.064+0000] {dag.py:4180} INFO - Setting next_dagrun for daily_s3_refresh to 2025-03-20 00:00:00+00:00, run_after=2025-03-21 00:00:00+00:00
[2025-03-20T01:48:37.149+0000] {processor.py:208} INFO - Processing /opt/airflow/dags/daily_run.py took 0.235 seconds
[2025-03-20T01:49:07.866+0000] {processor.py:186} INFO - Started process (PID=290) to work on /opt/airflow/dags/daily_run.py
[2025-03-20T01:49:07.868+0000] {processor.py:914} INFO - Processing file /opt/airflow/dags/daily_run.py for tasks to queue
[2025-03-20T01:49:07.870+0000] {logging_mixin.py:190} INFO - [2025-03-20T01:49:07.870+0000] {dagbag.py:588} INFO - Filling up the DagBag from /opt/airflow/dags/daily_run.py
[2025-03-20T01:49:07.910+0000] {processor.py:925} INFO - DAG(s) 'daily_s3_refresh' retrieved from /opt/airflow/dags/daily_run.py
[2025-03-20T01:49:07.957+0000] {logging_mixin.py:190} INFO - [2025-03-20T01:49:07.956+0000] {dag.py:3239} INFO - Sync 1 DAGs
[2025-03-20T01:49:08.030+0000] {logging_mixin.py:190} INFO - [2025-03-20T01:49:08.029+0000] {dag.py:4180} INFO - Setting next_dagrun for daily_s3_refresh to 2025-03-20 00:00:00+00:00, run_after=2025-03-21 00:00:00+00:00
[2025-03-20T01:49:08.127+0000] {processor.py:208} INFO - Processing /opt/airflow/dags/daily_run.py took 0.271 seconds
[2025-03-20T01:49:39.168+0000] {processor.py:186} INFO - Started process (PID=295) to work on /opt/airflow/dags/daily_run.py
[2025-03-20T01:49:39.170+0000] {processor.py:914} INFO - Processing file /opt/airflow/dags/daily_run.py for tasks to queue
[2025-03-20T01:49:39.173+0000] {logging_mixin.py:190} INFO - [2025-03-20T01:49:39.172+0000] {dagbag.py:588} INFO - Filling up the DagBag from /opt/airflow/dags/daily_run.py
[2025-03-20T01:49:39.224+0000] {processor.py:925} INFO - DAG(s) 'daily_s3_refresh' retrieved from /opt/airflow/dags/daily_run.py
[2025-03-20T01:49:39.271+0000] {logging_mixin.py:190} INFO - [2025-03-20T01:49:39.270+0000] {dag.py:3239} INFO - Sync 1 DAGs
[2025-03-20T01:49:39.334+0000] {logging_mixin.py:190} INFO - [2025-03-20T01:49:39.334+0000] {dag.py:4180} INFO - Setting next_dagrun for daily_s3_refresh to 2025-03-20 00:00:00+00:00, run_after=2025-03-21 00:00:00+00:00
[2025-03-20T01:49:39.485+0000] {processor.py:208} INFO - Processing /opt/airflow/dags/daily_run.py took 0.328 seconds
[2025-03-20T01:50:10.666+0000] {processor.py:186} INFO - Started process (PID=300) to work on /opt/airflow/dags/daily_run.py
[2025-03-20T01:50:10.668+0000] {processor.py:914} INFO - Processing file /opt/airflow/dags/daily_run.py for tasks to queue
[2025-03-20T01:50:10.670+0000] {logging_mixin.py:190} INFO - [2025-03-20T01:50:10.669+0000] {dagbag.py:588} INFO - Filling up the DagBag from /opt/airflow/dags/daily_run.py
[2025-03-20T01:50:10.709+0000] {processor.py:925} INFO - DAG(s) 'daily_s3_refresh' retrieved from /opt/airflow/dags/daily_run.py
[2025-03-20T01:50:10.763+0000] {logging_mixin.py:190} INFO - [2025-03-20T01:50:10.763+0000] {dag.py:3239} INFO - Sync 1 DAGs
[2025-03-20T01:50:10.806+0000] {logging_mixin.py:190} INFO - [2025-03-20T01:50:10.806+0000] {dag.py:4180} INFO - Setting next_dagrun for daily_s3_refresh to 2025-03-20 00:00:00+00:00, run_after=2025-03-21 00:00:00+00:00
[2025-03-20T01:50:10.886+0000] {processor.py:208} INFO - Processing /opt/airflow/dags/daily_run.py took 0.230 seconds
[2025-03-20T01:50:41.580+0000] {processor.py:186} INFO - Started process (PID=305) to work on /opt/airflow/dags/daily_run.py
[2025-03-20T01:50:41.583+0000] {processor.py:914} INFO - Processing file /opt/airflow/dags/daily_run.py for tasks to queue
[2025-03-20T01:50:41.588+0000] {logging_mixin.py:190} INFO - [2025-03-20T01:50:41.586+0000] {dagbag.py:588} INFO - Filling up the DagBag from /opt/airflow/dags/daily_run.py
[2025-03-20T01:50:41.646+0000] {processor.py:925} INFO - DAG(s) 'daily_s3_refresh' retrieved from /opt/airflow/dags/daily_run.py
[2025-03-20T01:50:41.726+0000] {logging_mixin.py:190} INFO - [2025-03-20T01:50:41.726+0000] {dag.py:3239} INFO - Sync 1 DAGs
[2025-03-20T01:50:41.798+0000] {logging_mixin.py:190} INFO - [2025-03-20T01:50:41.798+0000] {dag.py:4180} INFO - Setting next_dagrun for daily_s3_refresh to 2025-03-20 00:00:00+00:00, run_after=2025-03-21 00:00:00+00:00
[2025-03-20T01:50:42.018+0000] {processor.py:208} INFO - Processing /opt/airflow/dags/daily_run.py took 0.454 seconds
[2025-03-20T01:51:12.435+0000] {processor.py:186} INFO - Started process (PID=310) to work on /opt/airflow/dags/daily_run.py
[2025-03-20T01:51:12.437+0000] {processor.py:914} INFO - Processing file /opt/airflow/dags/daily_run.py for tasks to queue
[2025-03-20T01:51:12.447+0000] {logging_mixin.py:190} INFO - [2025-03-20T01:51:12.446+0000] {dagbag.py:588} INFO - Filling up the DagBag from /opt/airflow/dags/daily_run.py
[2025-03-20T01:51:12.525+0000] {processor.py:925} INFO - DAG(s) 'daily_s3_refresh' retrieved from /opt/airflow/dags/daily_run.py
[2025-03-20T01:51:12.589+0000] {logging_mixin.py:190} INFO - [2025-03-20T01:51:12.589+0000] {dag.py:3239} INFO - Sync 1 DAGs
[2025-03-20T01:51:12.675+0000] {logging_mixin.py:190} INFO - [2025-03-20T01:51:12.674+0000] {dag.py:4180} INFO - Setting next_dagrun for daily_s3_refresh to 2025-03-20 00:00:00+00:00, run_after=2025-03-21 00:00:00+00:00
[2025-03-20T01:51:12.813+0000] {processor.py:208} INFO - Processing /opt/airflow/dags/daily_run.py took 0.388 seconds
[2025-03-20T01:51:43.842+0000] {processor.py:186} INFO - Started process (PID=315) to work on /opt/airflow/dags/daily_run.py
[2025-03-20T01:51:43.844+0000] {processor.py:914} INFO - Processing file /opt/airflow/dags/daily_run.py for tasks to queue
[2025-03-20T01:51:43.847+0000] {logging_mixin.py:190} INFO - [2025-03-20T01:51:43.847+0000] {dagbag.py:588} INFO - Filling up the DagBag from /opt/airflow/dags/daily_run.py
[2025-03-20T01:51:43.894+0000] {processor.py:925} INFO - DAG(s) 'daily_s3_refresh' retrieved from /opt/airflow/dags/daily_run.py
[2025-03-20T01:51:44.023+0000] {logging_mixin.py:190} INFO - [2025-03-20T01:51:44.023+0000] {dag.py:3239} INFO - Sync 1 DAGs
[2025-03-20T01:51:44.134+0000] {logging_mixin.py:190} INFO - [2025-03-20T01:51:44.133+0000] {dag.py:4180} INFO - Setting next_dagrun for daily_s3_refresh to 2025-03-20 00:00:00+00:00, run_after=2025-03-21 00:00:00+00:00
[2025-03-20T01:51:44.243+0000] {processor.py:208} INFO - Processing /opt/airflow/dags/daily_run.py took 0.414 seconds
[2025-03-20T01:52:15.531+0000] {processor.py:186} INFO - Started process (PID=320) to work on /opt/airflow/dags/daily_run.py
[2025-03-20T01:52:15.533+0000] {processor.py:914} INFO - Processing file /opt/airflow/dags/daily_run.py for tasks to queue
[2025-03-20T01:52:15.536+0000] {logging_mixin.py:190} INFO - [2025-03-20T01:52:15.535+0000] {dagbag.py:588} INFO - Filling up the DagBag from /opt/airflow/dags/daily_run.py
[2025-03-20T01:52:15.588+0000] {processor.py:925} INFO - DAG(s) 'daily_s3_refresh' retrieved from /opt/airflow/dags/daily_run.py
[2025-03-20T01:52:15.642+0000] {logging_mixin.py:190} INFO - [2025-03-20T01:52:15.642+0000] {dag.py:3239} INFO - Sync 1 DAGs
[2025-03-20T01:52:15.699+0000] {logging_mixin.py:190} INFO - [2025-03-20T01:52:15.698+0000] {dag.py:4180} INFO - Setting next_dagrun for daily_s3_refresh to 2025-03-20 00:00:00+00:00, run_after=2025-03-21 00:00:00+00:00
[2025-03-20T01:52:15.799+0000] {processor.py:208} INFO - Processing /opt/airflow/dags/daily_run.py took 0.280 seconds
[2025-03-20T01:52:46.064+0000] {processor.py:186} INFO - Started process (PID=325) to work on /opt/airflow/dags/daily_run.py
[2025-03-20T01:52:46.066+0000] {processor.py:914} INFO - Processing file /opt/airflow/dags/daily_run.py for tasks to queue
[2025-03-20T01:52:46.068+0000] {logging_mixin.py:190} INFO - [2025-03-20T01:52:46.067+0000] {dagbag.py:588} INFO - Filling up the DagBag from /opt/airflow/dags/daily_run.py
[2025-03-20T01:52:46.096+0000] {processor.py:925} INFO - DAG(s) 'daily_s3_refresh' retrieved from /opt/airflow/dags/daily_run.py
[2025-03-20T01:52:46.256+0000] {logging_mixin.py:190} INFO - [2025-03-20T01:52:46.256+0000] {dag.py:3239} INFO - Sync 1 DAGs
[2025-03-20T01:52:46.306+0000] {logging_mixin.py:190} INFO - [2025-03-20T01:52:46.305+0000] {dag.py:4180} INFO - Setting next_dagrun for daily_s3_refresh to 2025-03-20 00:00:00+00:00, run_after=2025-03-21 00:00:00+00:00
[2025-03-20T01:52:46.418+0000] {processor.py:208} INFO - Processing /opt/airflow/dags/daily_run.py took 0.364 seconds
[2025-03-20T01:53:16.824+0000] {processor.py:186} INFO - Started process (PID=330) to work on /opt/airflow/dags/daily_run.py
[2025-03-20T01:53:16.827+0000] {processor.py:914} INFO - Processing file /opt/airflow/dags/daily_run.py for tasks to queue
[2025-03-20T01:53:16.829+0000] {logging_mixin.py:190} INFO - [2025-03-20T01:53:16.829+0000] {dagbag.py:588} INFO - Filling up the DagBag from /opt/airflow/dags/daily_run.py
[2025-03-20T01:53:16.862+0000] {processor.py:925} INFO - DAG(s) 'daily_s3_refresh' retrieved from /opt/airflow/dags/daily_run.py
[2025-03-20T01:53:16.907+0000] {logging_mixin.py:190} INFO - [2025-03-20T01:53:16.907+0000] {dag.py:3239} INFO - Sync 1 DAGs
[2025-03-20T01:53:16.999+0000] {logging_mixin.py:190} INFO - [2025-03-20T01:53:16.999+0000] {dag.py:4180} INFO - Setting next_dagrun for daily_s3_refresh to 2025-03-20 00:00:00+00:00, run_after=2025-03-21 00:00:00+00:00
[2025-03-20T01:53:17.083+0000] {processor.py:208} INFO - Processing /opt/airflow/dags/daily_run.py took 0.273 seconds
[2025-03-20T01:53:47.533+0000] {processor.py:186} INFO - Started process (PID=335) to work on /opt/airflow/dags/daily_run.py
[2025-03-20T01:53:47.546+0000] {processor.py:914} INFO - Processing file /opt/airflow/dags/daily_run.py for tasks to queue
[2025-03-20T01:53:47.559+0000] {logging_mixin.py:190} INFO - [2025-03-20T01:53:47.558+0000] {dagbag.py:588} INFO - Filling up the DagBag from /opt/airflow/dags/daily_run.py
[2025-03-20T01:53:47.606+0000] {processor.py:925} INFO - DAG(s) 'daily_s3_refresh' retrieved from /opt/airflow/dags/daily_run.py
[2025-03-20T01:53:47.654+0000] {logging_mixin.py:190} INFO - [2025-03-20T01:53:47.653+0000] {dag.py:3239} INFO - Sync 1 DAGs
[2025-03-20T01:53:47.699+0000] {logging_mixin.py:190} INFO - [2025-03-20T01:53:47.699+0000] {dag.py:4180} INFO - Setting next_dagrun for daily_s3_refresh to 2025-03-20 00:00:00+00:00, run_after=2025-03-21 00:00:00+00:00
[2025-03-20T01:53:47.832+0000] {processor.py:208} INFO - Processing /opt/airflow/dags/daily_run.py took 0.320 seconds
[2025-03-20T01:54:19.248+0000] {processor.py:186} INFO - Started process (PID=340) to work on /opt/airflow/dags/daily_run.py
[2025-03-20T01:54:19.251+0000] {processor.py:914} INFO - Processing file /opt/airflow/dags/daily_run.py for tasks to queue
[2025-03-20T01:54:19.262+0000] {logging_mixin.py:190} INFO - [2025-03-20T01:54:19.261+0000] {dagbag.py:588} INFO - Filling up the DagBag from /opt/airflow/dags/daily_run.py
[2025-03-20T01:54:19.312+0000] {processor.py:925} INFO - DAG(s) 'daily_s3_refresh' retrieved from /opt/airflow/dags/daily_run.py
[2025-03-20T01:54:19.361+0000] {logging_mixin.py:190} INFO - [2025-03-20T01:54:19.361+0000] {dag.py:3239} INFO - Sync 1 DAGs
[2025-03-20T01:54:19.411+0000] {logging_mixin.py:190} INFO - [2025-03-20T01:54:19.410+0000] {dag.py:4180} INFO - Setting next_dagrun for daily_s3_refresh to 2025-03-20 00:00:00+00:00, run_after=2025-03-21 00:00:00+00:00
[2025-03-20T01:54:19.519+0000] {processor.py:208} INFO - Processing /opt/airflow/dags/daily_run.py took 0.280 seconds
[2025-03-20T01:54:51.159+0000] {processor.py:186} INFO - Started process (PID=345) to work on /opt/airflow/dags/daily_run.py
[2025-03-20T01:54:51.165+0000] {processor.py:914} INFO - Processing file /opt/airflow/dags/daily_run.py for tasks to queue
[2025-03-20T01:54:51.169+0000] {logging_mixin.py:190} INFO - [2025-03-20T01:54:51.168+0000] {dagbag.py:588} INFO - Filling up the DagBag from /opt/airflow/dags/daily_run.py
[2025-03-20T01:54:51.246+0000] {processor.py:925} INFO - DAG(s) 'daily_s3_refresh' retrieved from /opt/airflow/dags/daily_run.py
[2025-03-20T01:54:51.298+0000] {logging_mixin.py:190} INFO - [2025-03-20T01:54:51.297+0000] {dag.py:3239} INFO - Sync 1 DAGs
[2025-03-20T01:54:51.356+0000] {logging_mixin.py:190} INFO - [2025-03-20T01:54:51.356+0000] {dag.py:4180} INFO - Setting next_dagrun for daily_s3_refresh to 2025-03-20 00:00:00+00:00, run_after=2025-03-21 00:00:00+00:00
[2025-03-20T01:54:51.502+0000] {processor.py:208} INFO - Processing /opt/airflow/dags/daily_run.py took 0.354 seconds
[2025-03-20T01:55:21.816+0000] {processor.py:186} INFO - Started process (PID=350) to work on /opt/airflow/dags/daily_run.py
[2025-03-20T01:55:21.818+0000] {processor.py:914} INFO - Processing file /opt/airflow/dags/daily_run.py for tasks to queue
[2025-03-20T01:55:21.820+0000] {logging_mixin.py:190} INFO - [2025-03-20T01:55:21.819+0000] {dagbag.py:588} INFO - Filling up the DagBag from /opt/airflow/dags/daily_run.py
[2025-03-20T01:55:21.861+0000] {processor.py:925} INFO - DAG(s) 'daily_s3_refresh' retrieved from /opt/airflow/dags/daily_run.py
[2025-03-20T01:55:21.909+0000] {logging_mixin.py:190} INFO - [2025-03-20T01:55:21.908+0000] {dag.py:3239} INFO - Sync 1 DAGs
[2025-03-20T01:55:21.957+0000] {logging_mixin.py:190} INFO - [2025-03-20T01:55:21.956+0000] {dag.py:4180} INFO - Setting next_dagrun for daily_s3_refresh to 2025-03-20 00:00:00+00:00, run_after=2025-03-21 00:00:00+00:00
[2025-03-20T01:55:22.050+0000] {processor.py:208} INFO - Processing /opt/airflow/dags/daily_run.py took 0.243 seconds
[2025-03-20T01:55:52.586+0000] {processor.py:186} INFO - Started process (PID=356) to work on /opt/airflow/dags/daily_run.py
[2025-03-20T01:55:52.588+0000] {processor.py:914} INFO - Processing file /opt/airflow/dags/daily_run.py for tasks to queue
[2025-03-20T01:55:52.590+0000] {logging_mixin.py:190} INFO - [2025-03-20T01:55:52.590+0000] {dagbag.py:588} INFO - Filling up the DagBag from /opt/airflow/dags/daily_run.py
[2025-03-20T01:55:52.632+0000] {processor.py:925} INFO - DAG(s) 'daily_s3_refresh' retrieved from /opt/airflow/dags/daily_run.py
[2025-03-20T01:55:52.690+0000] {logging_mixin.py:190} INFO - [2025-03-20T01:55:52.689+0000] {dag.py:3239} INFO - Sync 1 DAGs
[2025-03-20T01:55:52.739+0000] {logging_mixin.py:190} INFO - [2025-03-20T01:55:52.739+0000] {dag.py:4180} INFO - Setting next_dagrun for daily_s3_refresh to 2025-03-20 00:00:00+00:00, run_after=2025-03-21 00:00:00+00:00
[2025-03-20T01:55:52.852+0000] {processor.py:208} INFO - Processing /opt/airflow/dags/daily_run.py took 0.273 seconds
[2025-03-20T01:56:23.435+0000] {processor.py:186} INFO - Started process (PID=362) to work on /opt/airflow/dags/daily_run.py
[2025-03-20T01:56:23.438+0000] {processor.py:914} INFO - Processing file /opt/airflow/dags/daily_run.py for tasks to queue
[2025-03-20T01:56:23.441+0000] {logging_mixin.py:190} INFO - [2025-03-20T01:56:23.441+0000] {dagbag.py:588} INFO - Filling up the DagBag from /opt/airflow/dags/daily_run.py
[2025-03-20T01:56:23.488+0000] {processor.py:925} INFO - DAG(s) 'daily_s3_refresh' retrieved from /opt/airflow/dags/daily_run.py
[2025-03-20T01:56:23.538+0000] {logging_mixin.py:190} INFO - [2025-03-20T01:56:23.538+0000] {dag.py:3239} INFO - Sync 1 DAGs
[2025-03-20T01:56:23.608+0000] {logging_mixin.py:190} INFO - [2025-03-20T01:56:23.607+0000] {dag.py:4180} INFO - Setting next_dagrun for daily_s3_refresh to 2025-03-20 00:00:00+00:00, run_after=2025-03-21 00:00:00+00:00
[2025-03-20T01:56:23.748+0000] {processor.py:208} INFO - Processing /opt/airflow/dags/daily_run.py took 0.325 seconds
[2025-03-20T01:56:55.157+0000] {processor.py:186} INFO - Started process (PID=368) to work on /opt/airflow/dags/daily_run.py
[2025-03-20T01:56:55.159+0000] {processor.py:914} INFO - Processing file /opt/airflow/dags/daily_run.py for tasks to queue
[2025-03-20T01:56:55.162+0000] {logging_mixin.py:190} INFO - [2025-03-20T01:56:55.161+0000] {dagbag.py:588} INFO - Filling up the DagBag from /opt/airflow/dags/daily_run.py
[2025-03-20T01:56:55.207+0000] {processor.py:925} INFO - DAG(s) 'daily_s3_refresh' retrieved from /opt/airflow/dags/daily_run.py
[2025-03-20T01:56:55.255+0000] {logging_mixin.py:190} INFO - [2025-03-20T01:56:55.254+0000] {dag.py:3239} INFO - Sync 1 DAGs
[2025-03-20T01:56:55.310+0000] {logging_mixin.py:190} INFO - [2025-03-20T01:56:55.309+0000] {dag.py:4180} INFO - Setting next_dagrun for daily_s3_refresh to 2025-03-20 00:00:00+00:00, run_after=2025-03-21 00:00:00+00:00
[2025-03-20T01:56:55.413+0000] {processor.py:208} INFO - Processing /opt/airflow/dags/daily_run.py took 0.273 seconds
[2025-03-20T01:57:26.729+0000] {processor.py:186} INFO - Started process (PID=374) to work on /opt/airflow/dags/daily_run.py
[2025-03-20T01:57:26.730+0000] {processor.py:914} INFO - Processing file /opt/airflow/dags/daily_run.py for tasks to queue
[2025-03-20T01:57:26.732+0000] {logging_mixin.py:190} INFO - [2025-03-20T01:57:26.732+0000] {dagbag.py:588} INFO - Filling up the DagBag from /opt/airflow/dags/daily_run.py
[2025-03-20T01:57:26.771+0000] {processor.py:925} INFO - DAG(s) 'daily_s3_refresh' retrieved from /opt/airflow/dags/daily_run.py
[2025-03-20T01:57:26.816+0000] {logging_mixin.py:190} INFO - [2025-03-20T01:57:26.816+0000] {dag.py:3239} INFO - Sync 1 DAGs
[2025-03-20T01:57:26.869+0000] {logging_mixin.py:190} INFO - [2025-03-20T01:57:26.869+0000] {dag.py:4180} INFO - Setting next_dagrun for daily_s3_refresh to 2025-03-20 00:00:00+00:00, run_after=2025-03-21 00:00:00+00:00
[2025-03-20T01:57:26.997+0000] {processor.py:208} INFO - Processing /opt/airflow/dags/daily_run.py took 0.277 seconds
