[2025-03-20T01:19:59.756+0000] {processor.py:186} INFO - Started process (PID=289) to work on /opt/airflow/dags/daily_commit.py
[2025-03-20T01:19:59.759+0000] {processor.py:914} INFO - Processing file /opt/airflow/dags/daily_commit.py for tasks to queue
[2025-03-20T01:19:59.762+0000] {logging_mixin.py:190} INFO - [2025-03-20T01:19:59.762+0000] {dagbag.py:588} INFO - Filling up the DagBag from /opt/airflow/dags/daily_commit.py
[2025-03-20T01:19:59.881+0000] {processor.py:925} INFO - DAG(s) 'daily_commit_dag' retrieved from /opt/airflow/dags/daily_commit.py
[2025-03-20T01:20:00.560+0000] {logging_mixin.py:190} INFO - [2025-03-20T01:20:00.559+0000] {dag.py:3239} INFO - Sync 1 DAGs
[2025-03-20T01:20:00.613+0000] {logging_mixin.py:190} INFO - [2025-03-20T01:20:00.613+0000] {dag.py:4180} INFO - Setting next_dagrun for daily_commit_dag to 2025-03-19 00:00:00+00:00, run_after=2025-03-20 00:00:00+00:00
[2025-03-20T01:20:00.825+0000] {processor.py:208} INFO - Processing /opt/airflow/dags/daily_commit.py took 1.084 seconds
[2025-03-20T01:20:31.175+0000] {processor.py:186} INFO - Started process (PID=295) to work on /opt/airflow/dags/daily_commit.py
[2025-03-20T01:20:31.177+0000] {processor.py:914} INFO - Processing file /opt/airflow/dags/daily_commit.py for tasks to queue
[2025-03-20T01:20:31.179+0000] {logging_mixin.py:190} INFO - [2025-03-20T01:20:31.179+0000] {dagbag.py:588} INFO - Filling up the DagBag from /opt/airflow/dags/daily_commit.py
[2025-03-20T01:20:31.235+0000] {processor.py:925} INFO - DAG(s) 'daily_commit_dag' retrieved from /opt/airflow/dags/daily_commit.py
[2025-03-20T01:20:31.293+0000] {logging_mixin.py:190} INFO - [2025-03-20T01:20:31.292+0000] {dag.py:3239} INFO - Sync 1 DAGs
[2025-03-20T01:20:31.353+0000] {logging_mixin.py:190} INFO - [2025-03-20T01:20:31.347+0000] {dag.py:4180} INFO - Setting next_dagrun for daily_commit_dag to 2025-03-19 00:00:00+00:00, run_after=2025-03-20 00:00:00+00:00
[2025-03-20T01:20:31.547+0000] {processor.py:208} INFO - Processing /opt/airflow/dags/daily_commit.py took 0.385 seconds
[2025-03-20T01:21:02.649+0000] {processor.py:186} INFO - Started process (PID=300) to work on /opt/airflow/dags/daily_commit.py
[2025-03-20T01:21:02.651+0000] {processor.py:914} INFO - Processing file /opt/airflow/dags/daily_commit.py for tasks to queue
[2025-03-20T01:21:02.654+0000] {logging_mixin.py:190} INFO - [2025-03-20T01:21:02.653+0000] {dagbag.py:588} INFO - Filling up the DagBag from /opt/airflow/dags/daily_commit.py
[2025-03-20T01:21:02.715+0000] {processor.py:925} INFO - DAG(s) 'daily_commit_dag' retrieved from /opt/airflow/dags/daily_commit.py
[2025-03-20T01:21:02.759+0000] {logging_mixin.py:190} INFO - [2025-03-20T01:21:02.758+0000] {dag.py:3239} INFO - Sync 1 DAGs
[2025-03-20T01:21:02.801+0000] {logging_mixin.py:190} INFO - [2025-03-20T01:21:02.801+0000] {dag.py:4180} INFO - Setting next_dagrun for daily_commit_dag to 2025-03-19 00:00:00+00:00, run_after=2025-03-20 00:00:00+00:00
[2025-03-20T01:21:02.920+0000] {processor.py:208} INFO - Processing /opt/airflow/dags/daily_commit.py took 0.281 seconds
[2025-03-20T01:21:33.564+0000] {processor.py:186} INFO - Started process (PID=305) to work on /opt/airflow/dags/daily_commit.py
[2025-03-20T01:21:33.566+0000] {processor.py:914} INFO - Processing file /opt/airflow/dags/daily_commit.py for tasks to queue
[2025-03-20T01:21:33.568+0000] {logging_mixin.py:190} INFO - [2025-03-20T01:21:33.567+0000] {dagbag.py:588} INFO - Filling up the DagBag from /opt/airflow/dags/daily_commit.py
[2025-03-20T01:21:33.613+0000] {processor.py:925} INFO - DAG(s) 'daily_commit_dag' retrieved from /opt/airflow/dags/daily_commit.py
[2025-03-20T01:21:33.672+0000] {logging_mixin.py:190} INFO - [2025-03-20T01:21:33.671+0000] {dag.py:3239} INFO - Sync 1 DAGs
[2025-03-20T01:21:33.731+0000] {logging_mixin.py:190} INFO - [2025-03-20T01:21:33.730+0000] {dag.py:4180} INFO - Setting next_dagrun for daily_commit_dag to 2025-03-19 00:00:00+00:00, run_after=2025-03-20 00:00:00+00:00
[2025-03-20T01:21:33.848+0000] {processor.py:208} INFO - Processing /opt/airflow/dags/daily_commit.py took 0.293 seconds
[2025-03-20T01:22:04.220+0000] {processor.py:186} INFO - Started process (PID=310) to work on /opt/airflow/dags/daily_commit.py
[2025-03-20T01:22:04.223+0000] {processor.py:914} INFO - Processing file /opt/airflow/dags/daily_commit.py for tasks to queue
[2025-03-20T01:22:04.226+0000] {logging_mixin.py:190} INFO - [2025-03-20T01:22:04.225+0000] {dagbag.py:588} INFO - Filling up the DagBag from /opt/airflow/dags/daily_commit.py
[2025-03-20T01:22:04.288+0000] {processor.py:925} INFO - DAG(s) 'daily_commit_dag' retrieved from /opt/airflow/dags/daily_commit.py
[2025-03-20T01:22:04.353+0000] {logging_mixin.py:190} INFO - [2025-03-20T01:22:04.353+0000] {dag.py:3239} INFO - Sync 1 DAGs
[2025-03-20T01:22:04.407+0000] {logging_mixin.py:190} INFO - [2025-03-20T01:22:04.406+0000] {dag.py:4180} INFO - Setting next_dagrun for daily_commit_dag to 2025-03-19 00:00:00+00:00, run_after=2025-03-20 00:00:00+00:00
[2025-03-20T01:22:04.531+0000] {processor.py:208} INFO - Processing /opt/airflow/dags/daily_commit.py took 0.322 seconds
[2025-03-20T01:22:35.151+0000] {processor.py:186} INFO - Started process (PID=315) to work on /opt/airflow/dags/daily_commit.py
[2025-03-20T01:22:35.154+0000] {processor.py:914} INFO - Processing file /opt/airflow/dags/daily_commit.py for tasks to queue
[2025-03-20T01:22:35.157+0000] {logging_mixin.py:190} INFO - [2025-03-20T01:22:35.156+0000] {dagbag.py:588} INFO - Filling up the DagBag from /opt/airflow/dags/daily_commit.py
[2025-03-20T01:22:35.238+0000] {processor.py:925} INFO - DAG(s) 'daily_commit_dag' retrieved from /opt/airflow/dags/daily_commit.py
[2025-03-20T01:22:35.299+0000] {logging_mixin.py:190} INFO - [2025-03-20T01:22:35.299+0000] {dag.py:3239} INFO - Sync 1 DAGs
[2025-03-20T01:22:35.343+0000] {logging_mixin.py:190} INFO - [2025-03-20T01:22:35.343+0000] {dag.py:4180} INFO - Setting next_dagrun for daily_commit_dag to 2025-03-19 00:00:00+00:00, run_after=2025-03-20 00:00:00+00:00
[2025-03-20T01:22:35.498+0000] {processor.py:208} INFO - Processing /opt/airflow/dags/daily_commit.py took 0.368 seconds
[2025-03-20T01:23:06.022+0000] {processor.py:186} INFO - Started process (PID=320) to work on /opt/airflow/dags/daily_commit.py
[2025-03-20T01:23:06.027+0000] {processor.py:914} INFO - Processing file /opt/airflow/dags/daily_commit.py for tasks to queue
[2025-03-20T01:23:06.029+0000] {logging_mixin.py:190} INFO - [2025-03-20T01:23:06.028+0000] {dagbag.py:588} INFO - Filling up the DagBag from /opt/airflow/dags/daily_commit.py
[2025-03-20T01:23:06.107+0000] {processor.py:925} INFO - DAG(s) 'daily_commit_dag' retrieved from /opt/airflow/dags/daily_commit.py
[2025-03-20T01:23:06.195+0000] {logging_mixin.py:190} INFO - [2025-03-20T01:23:06.194+0000] {dag.py:3239} INFO - Sync 1 DAGs
[2025-03-20T01:23:06.272+0000] {logging_mixin.py:190} INFO - [2025-03-20T01:23:06.271+0000] {dag.py:4180} INFO - Setting next_dagrun for daily_commit_dag to 2025-03-19 00:00:00+00:00, run_after=2025-03-20 00:00:00+00:00
[2025-03-20T01:23:06.468+0000] {processor.py:208} INFO - Processing /opt/airflow/dags/daily_commit.py took 0.459 seconds
[2025-03-20T01:23:18.060+0000] {processor.py:186} INFO - Started process (PID=325) to work on /opt/airflow/dags/daily_commit.py
[2025-03-20T01:23:18.066+0000] {processor.py:914} INFO - Processing file /opt/airflow/dags/daily_commit.py for tasks to queue
[2025-03-20T01:23:18.068+0000] {logging_mixin.py:190} INFO - [2025-03-20T01:23:18.068+0000] {dagbag.py:588} INFO - Filling up the DagBag from /opt/airflow/dags/daily_commit.py
[2025-03-20T01:23:18.143+0000] {processor.py:925} INFO - DAG(s) 'daily_python_script_dag' retrieved from /opt/airflow/dags/daily_commit.py
[2025-03-20T01:23:18.473+0000] {logging_mixin.py:190} INFO - [2025-03-20T01:23:18.470+0000] {override.py:1912} INFO - Created Permission View: can delete on DAG:daily_python_script_dag
[2025-03-20T01:23:18.567+0000] {logging_mixin.py:190} INFO - [2025-03-20T01:23:18.566+0000] {override.py:1912} INFO - Created Permission View: can edit on DAG:daily_python_script_dag
[2025-03-20T01:23:18.644+0000] {logging_mixin.py:190} INFO - [2025-03-20T01:23:18.643+0000] {override.py:1912} INFO - Created Permission View: can read on DAG:daily_python_script_dag
[2025-03-20T01:23:18.785+0000] {logging_mixin.py:190} INFO - [2025-03-20T01:23:18.784+0000] {override.py:1912} INFO - Created Permission View: can delete on DAG Run:daily_python_script_dag
[2025-03-20T01:23:18.971+0000] {logging_mixin.py:190} INFO - [2025-03-20T01:23:18.970+0000] {override.py:1912} INFO - Created Permission View: menu access on DAG Run:daily_python_script_dag
[2025-03-20T01:23:19.050+0000] {logging_mixin.py:190} INFO - [2025-03-20T01:23:19.049+0000] {override.py:1912} INFO - Created Permission View: can create on DAG Run:daily_python_script_dag
[2025-03-20T01:23:19.150+0000] {logging_mixin.py:190} INFO - [2025-03-20T01:23:19.149+0000] {override.py:1912} INFO - Created Permission View: can read on DAG Run:daily_python_script_dag
[2025-03-20T01:23:19.151+0000] {logging_mixin.py:190} INFO - [2025-03-20T01:23:19.151+0000] {dag.py:3239} INFO - Sync 1 DAGs
[2025-03-20T01:23:19.200+0000] {logging_mixin.py:190} INFO - [2025-03-20T01:23:19.200+0000] {dag.py:3262} INFO - Creating ORM DAG for daily_python_script_dag
[2025-03-20T01:23:19.231+0000] {logging_mixin.py:190} INFO - [2025-03-20T01:23:19.231+0000] {dag.py:4180} INFO - Setting next_dagrun for daily_python_script_dag to 2025-03-19 00:00:00+00:00, run_after=2025-03-20 00:00:00+00:00
[2025-03-20T01:23:19.410+0000] {processor.py:208} INFO - Processing /opt/airflow/dags/daily_commit.py took 1.361 seconds
