[2025-03-20T01:10:38.069+0000] {processor.py:186} INFO - Started process (PID=198) to work on /opt/airflow/dags/git_repo_dag.py
[2025-03-20T01:10:38.071+0000] {processor.py:914} INFO - Processing file /opt/airflow/dags/git_repo_dag.py for tasks to queue
[2025-03-20T01:10:38.076+0000] {logging_mixin.py:190} INFO - [2025-03-20T01:10:38.075+0000] {dagbag.py:588} INFO - Filling up the DagBag from /opt/airflow/dags/git_repo_dag.py
[2025-03-20T01:10:38.153+0000] {processor.py:925} INFO - DAG(s) 'git_repo_dag' retrieved from /opt/airflow/dags/git_repo_dag.py
[2025-03-20T01:10:38.436+0000] {logging_mixin.py:190} INFO - [2025-03-20T01:10:38.436+0000] {dag.py:3239} INFO - Sync 1 DAGs
[2025-03-20T01:10:38.486+0000] {logging_mixin.py:190} INFO - [2025-03-20T01:10:38.486+0000] {dag.py:4180} INFO - Setting next_dagrun for git_repo_dag to 2025-03-19 21:00:00+00:00, run_after=2025-03-20 21:00:00+00:00
[2025-03-20T01:10:38.602+0000] {processor.py:208} INFO - Processing /opt/airflow/dags/git_repo_dag.py took 0.541 seconds
[2025-03-20T01:11:09.982+0000] {processor.py:186} INFO - Started process (PID=242) to work on /opt/airflow/dags/git_repo_dag.py
[2025-03-20T01:11:09.985+0000] {processor.py:914} INFO - Processing file /opt/airflow/dags/git_repo_dag.py for tasks to queue
[2025-03-20T01:11:09.990+0000] {logging_mixin.py:190} INFO - [2025-03-20T01:11:09.989+0000] {dagbag.py:588} INFO - Filling up the DagBag from /opt/airflow/dags/git_repo_dag.py
[2025-03-20T01:11:10.041+0000] {processor.py:925} INFO - DAG(s) 'git_repo_dag' retrieved from /opt/airflow/dags/git_repo_dag.py
[2025-03-20T01:11:10.101+0000] {logging_mixin.py:190} INFO - [2025-03-20T01:11:10.101+0000] {dag.py:3239} INFO - Sync 1 DAGs
[2025-03-20T01:11:10.150+0000] {logging_mixin.py:190} INFO - [2025-03-20T01:11:10.150+0000] {dag.py:4180} INFO - Setting next_dagrun for git_repo_dag to 2025-03-19 21:00:00+00:00, run_after=2025-03-20 21:00:00+00:00
[2025-03-20T01:11:10.272+0000] {processor.py:208} INFO - Processing /opt/airflow/dags/git_repo_dag.py took 0.301 seconds
[2025-03-20T01:11:41.023+0000] {processor.py:186} INFO - Started process (PID=246) to work on /opt/airflow/dags/git_repo_dag.py
[2025-03-20T01:11:41.027+0000] {processor.py:914} INFO - Processing file /opt/airflow/dags/git_repo_dag.py for tasks to queue
[2025-03-20T01:11:41.038+0000] {logging_mixin.py:190} INFO - [2025-03-20T01:11:41.037+0000] {dagbag.py:588} INFO - Filling up the DagBag from /opt/airflow/dags/git_repo_dag.py
[2025-03-20T01:11:41.122+0000] {processor.py:925} INFO - DAG(s) 'git_repo_dag' retrieved from /opt/airflow/dags/git_repo_dag.py
[2025-03-20T01:11:41.268+0000] {logging_mixin.py:190} INFO - [2025-03-20T01:11:41.267+0000] {dag.py:3239} INFO - Sync 1 DAGs
[2025-03-20T01:11:41.411+0000] {logging_mixin.py:190} INFO - [2025-03-20T01:11:41.411+0000] {dag.py:4180} INFO - Setting next_dagrun for git_repo_dag to 2025-03-19 21:00:00+00:00, run_after=2025-03-20 21:00:00+00:00
[2025-03-20T01:11:41.768+0000] {processor.py:208} INFO - Processing /opt/airflow/dags/git_repo_dag.py took 0.764 seconds
[2025-03-20T01:12:12.402+0000] {processor.py:186} INFO - Started process (PID=250) to work on /opt/airflow/dags/git_repo_dag.py
[2025-03-20T01:12:12.404+0000] {processor.py:914} INFO - Processing file /opt/airflow/dags/git_repo_dag.py for tasks to queue
[2025-03-20T01:12:12.408+0000] {logging_mixin.py:190} INFO - [2025-03-20T01:12:12.407+0000] {dagbag.py:588} INFO - Filling up the DagBag from /opt/airflow/dags/git_repo_dag.py
[2025-03-20T01:12:12.452+0000] {processor.py:925} INFO - DAG(s) 'git_repo_dag' retrieved from /opt/airflow/dags/git_repo_dag.py
[2025-03-20T01:12:12.505+0000] {logging_mixin.py:190} INFO - [2025-03-20T01:12:12.505+0000] {dag.py:3239} INFO - Sync 1 DAGs
[2025-03-20T01:12:12.549+0000] {logging_mixin.py:190} INFO - [2025-03-20T01:12:12.549+0000] {dag.py:4180} INFO - Setting next_dagrun for git_repo_dag to 2025-03-19 21:00:00+00:00, run_after=2025-03-20 21:00:00+00:00
[2025-03-20T01:12:12.661+0000] {processor.py:208} INFO - Processing /opt/airflow/dags/git_repo_dag.py took 0.267 seconds
[2025-03-20T01:12:42.975+0000] {processor.py:186} INFO - Started process (PID=254) to work on /opt/airflow/dags/git_repo_dag.py
[2025-03-20T01:12:42.977+0000] {processor.py:914} INFO - Processing file /opt/airflow/dags/git_repo_dag.py for tasks to queue
[2025-03-20T01:12:42.982+0000] {logging_mixin.py:190} INFO - [2025-03-20T01:12:42.981+0000] {dagbag.py:588} INFO - Filling up the DagBag from /opt/airflow/dags/git_repo_dag.py
[2025-03-20T01:12:43.031+0000] {processor.py:925} INFO - DAG(s) 'git_repo_dag' retrieved from /opt/airflow/dags/git_repo_dag.py
[2025-03-20T01:12:43.082+0000] {logging_mixin.py:190} INFO - [2025-03-20T01:12:43.081+0000] {dag.py:3239} INFO - Sync 1 DAGs
[2025-03-20T01:12:43.127+0000] {logging_mixin.py:190} INFO - [2025-03-20T01:12:43.126+0000] {dag.py:4180} INFO - Setting next_dagrun for git_repo_dag to 2025-03-19 21:00:00+00:00, run_after=2025-03-20 21:00:00+00:00
[2025-03-20T01:12:43.241+0000] {processor.py:208} INFO - Processing /opt/airflow/dags/git_repo_dag.py took 0.278 seconds
[2025-03-20T01:13:13.881+0000] {processor.py:186} INFO - Started process (PID=258) to work on /opt/airflow/dags/git_repo_dag.py
[2025-03-20T01:13:13.882+0000] {processor.py:914} INFO - Processing file /opt/airflow/dags/git_repo_dag.py for tasks to queue
[2025-03-20T01:13:13.886+0000] {logging_mixin.py:190} INFO - [2025-03-20T01:13:13.885+0000] {dagbag.py:588} INFO - Filling up the DagBag from /opt/airflow/dags/git_repo_dag.py
[2025-03-20T01:13:13.956+0000] {processor.py:925} INFO - DAG(s) 'git_repo_dag' retrieved from /opt/airflow/dags/git_repo_dag.py
[2025-03-20T01:13:14.007+0000] {logging_mixin.py:190} INFO - [2025-03-20T01:13:14.007+0000] {dag.py:3239} INFO - Sync 1 DAGs
[2025-03-20T01:13:14.048+0000] {logging_mixin.py:190} INFO - [2025-03-20T01:13:14.047+0000] {dag.py:4180} INFO - Setting next_dagrun for git_repo_dag to 2025-03-19 21:00:00+00:00, run_after=2025-03-20 21:00:00+00:00
[2025-03-20T01:13:14.209+0000] {processor.py:208} INFO - Processing /opt/airflow/dags/git_repo_dag.py took 0.338 seconds
[2025-03-20T01:13:44.481+0000] {processor.py:186} INFO - Started process (PID=262) to work on /opt/airflow/dags/git_repo_dag.py
[2025-03-20T01:13:44.482+0000] {processor.py:914} INFO - Processing file /opt/airflow/dags/git_repo_dag.py for tasks to queue
[2025-03-20T01:13:44.486+0000] {logging_mixin.py:190} INFO - [2025-03-20T01:13:44.485+0000] {dagbag.py:588} INFO - Filling up the DagBag from /opt/airflow/dags/git_repo_dag.py
[2025-03-20T01:13:44.514+0000] {processor.py:925} INFO - DAG(s) 'git_repo_dag' retrieved from /opt/airflow/dags/git_repo_dag.py
[2025-03-20T01:13:44.576+0000] {logging_mixin.py:190} INFO - [2025-03-20T01:13:44.576+0000] {dag.py:3239} INFO - Sync 1 DAGs
[2025-03-20T01:13:44.628+0000] {logging_mixin.py:190} INFO - [2025-03-20T01:13:44.628+0000] {dag.py:4180} INFO - Setting next_dagrun for git_repo_dag to 2025-03-19 21:00:00+00:00, run_after=2025-03-20 21:00:00+00:00
[2025-03-20T01:13:44.712+0000] {processor.py:208} INFO - Processing /opt/airflow/dags/git_repo_dag.py took 0.238 seconds
[2025-03-20T01:14:15.445+0000] {processor.py:186} INFO - Started process (PID=266) to work on /opt/airflow/dags/git_repo_dag.py
[2025-03-20T01:14:15.447+0000] {processor.py:914} INFO - Processing file /opt/airflow/dags/git_repo_dag.py for tasks to queue
[2025-03-20T01:14:15.451+0000] {logging_mixin.py:190} INFO - [2025-03-20T01:14:15.450+0000] {dagbag.py:588} INFO - Filling up the DagBag from /opt/airflow/dags/git_repo_dag.py
[2025-03-20T01:14:15.489+0000] {processor.py:925} INFO - DAG(s) 'git_repo_dag' retrieved from /opt/airflow/dags/git_repo_dag.py
[2025-03-20T01:14:15.544+0000] {logging_mixin.py:190} INFO - [2025-03-20T01:14:15.543+0000] {dag.py:3239} INFO - Sync 1 DAGs
[2025-03-20T01:14:15.582+0000] {logging_mixin.py:190} INFO - [2025-03-20T01:14:15.581+0000] {dag.py:4180} INFO - Setting next_dagrun for git_repo_dag to 2025-03-19 21:00:00+00:00, run_after=2025-03-20 21:00:00+00:00
[2025-03-20T01:14:15.659+0000] {processor.py:208} INFO - Processing /opt/airflow/dags/git_repo_dag.py took 0.235 seconds
[2025-03-20T01:14:46.334+0000] {processor.py:186} INFO - Started process (PID=270) to work on /opt/airflow/dags/git_repo_dag.py
[2025-03-20T01:14:46.336+0000] {processor.py:914} INFO - Processing file /opt/airflow/dags/git_repo_dag.py for tasks to queue
[2025-03-20T01:14:46.340+0000] {logging_mixin.py:190} INFO - [2025-03-20T01:14:46.340+0000] {dagbag.py:588} INFO - Filling up the DagBag from /opt/airflow/dags/git_repo_dag.py
[2025-03-20T01:14:46.406+0000] {processor.py:925} INFO - DAG(s) 'git_repo_dag' retrieved from /opt/airflow/dags/git_repo_dag.py
[2025-03-20T01:14:46.483+0000] {logging_mixin.py:190} INFO - [2025-03-20T01:14:46.483+0000] {dag.py:3239} INFO - Sync 1 DAGs
[2025-03-20T01:14:46.553+0000] {logging_mixin.py:190} INFO - [2025-03-20T01:14:46.553+0000] {dag.py:4180} INFO - Setting next_dagrun for git_repo_dag to 2025-03-19 21:00:00+00:00, run_after=2025-03-20 21:00:00+00:00
[2025-03-20T01:14:46.733+0000] {processor.py:208} INFO - Processing /opt/airflow/dags/git_repo_dag.py took 0.410 seconds
[2025-03-20T01:15:16.947+0000] {processor.py:186} INFO - Started process (PID=274) to work on /opt/airflow/dags/git_repo_dag.py
[2025-03-20T01:15:16.949+0000] {processor.py:914} INFO - Processing file /opt/airflow/dags/git_repo_dag.py for tasks to queue
[2025-03-20T01:15:16.952+0000] {logging_mixin.py:190} INFO - [2025-03-20T01:15:16.952+0000] {dagbag.py:588} INFO - Filling up the DagBag from /opt/airflow/dags/git_repo_dag.py
[2025-03-20T01:15:17.021+0000] {processor.py:925} INFO - DAG(s) 'git_repo_dag' retrieved from /opt/airflow/dags/git_repo_dag.py
[2025-03-20T01:15:17.102+0000] {logging_mixin.py:190} INFO - [2025-03-20T01:15:17.101+0000] {dag.py:3239} INFO - Sync 1 DAGs
[2025-03-20T01:15:17.168+0000] {logging_mixin.py:190} INFO - [2025-03-20T01:15:17.167+0000] {dag.py:4180} INFO - Setting next_dagrun for git_repo_dag to 2025-03-19 21:00:00+00:00, run_after=2025-03-20 21:00:00+00:00
[2025-03-20T01:15:17.293+0000] {processor.py:208} INFO - Processing /opt/airflow/dags/git_repo_dag.py took 0.356 seconds
[2025-03-20T01:15:48.014+0000] {processor.py:186} INFO - Started process (PID=277) to work on /opt/airflow/dags/git_repo_dag.py
[2025-03-20T01:15:48.018+0000] {processor.py:914} INFO - Processing file /opt/airflow/dags/git_repo_dag.py for tasks to queue
[2025-03-20T01:15:48.021+0000] {logging_mixin.py:190} INFO - [2025-03-20T01:15:48.020+0000] {dagbag.py:588} INFO - Filling up the DagBag from /opt/airflow/dags/git_repo_dag.py
[2025-03-20T01:15:48.083+0000] {processor.py:925} INFO - DAG(s) 'git_repo_dag' retrieved from /opt/airflow/dags/git_repo_dag.py
[2025-03-20T01:15:48.142+0000] {logging_mixin.py:190} INFO - [2025-03-20T01:15:48.141+0000] {dag.py:3239} INFO - Sync 1 DAGs
[2025-03-20T01:15:48.201+0000] {logging_mixin.py:190} INFO - [2025-03-20T01:15:48.201+0000] {dag.py:4180} INFO - Setting next_dagrun for git_repo_dag to 2025-03-19 21:00:00+00:00, run_after=2025-03-20 21:00:00+00:00
[2025-03-20T01:15:48.341+0000] {processor.py:208} INFO - Processing /opt/airflow/dags/git_repo_dag.py took 0.341 seconds
[2025-03-20T01:16:18.918+0000] {processor.py:186} INFO - Started process (PID=280) to work on /opt/airflow/dags/git_repo_dag.py
[2025-03-20T01:16:18.921+0000] {processor.py:914} INFO - Processing file /opt/airflow/dags/git_repo_dag.py for tasks to queue
[2025-03-20T01:16:18.924+0000] {logging_mixin.py:190} INFO - [2025-03-20T01:16:18.923+0000] {dagbag.py:588} INFO - Filling up the DagBag from /opt/airflow/dags/git_repo_dag.py
[2025-03-20T01:16:18.979+0000] {processor.py:925} INFO - DAG(s) 'git_repo_dag' retrieved from /opt/airflow/dags/git_repo_dag.py
[2025-03-20T01:16:19.042+0000] {logging_mixin.py:190} INFO - [2025-03-20T01:16:19.042+0000] {dag.py:3239} INFO - Sync 1 DAGs
[2025-03-20T01:16:19.082+0000] {logging_mixin.py:190} INFO - [2025-03-20T01:16:19.082+0000] {dag.py:4180} INFO - Setting next_dagrun for git_repo_dag to 2025-03-19 21:00:00+00:00, run_after=2025-03-20 21:00:00+00:00
[2025-03-20T01:16:19.207+0000] {processor.py:208} INFO - Processing /opt/airflow/dags/git_repo_dag.py took 0.301 seconds
[2025-03-20T01:16:50.036+0000] {processor.py:186} INFO - Started process (PID=282) to work on /opt/airflow/dags/git_repo_dag.py
[2025-03-20T01:16:50.038+0000] {processor.py:914} INFO - Processing file /opt/airflow/dags/git_repo_dag.py for tasks to queue
[2025-03-20T01:16:50.042+0000] {logging_mixin.py:190} INFO - [2025-03-20T01:16:50.041+0000] {dagbag.py:588} INFO - Filling up the DagBag from /opt/airflow/dags/git_repo_dag.py
[2025-03-20T01:16:50.083+0000] {processor.py:925} INFO - DAG(s) 'git_repo_dag' retrieved from /opt/airflow/dags/git_repo_dag.py
[2025-03-20T01:16:50.140+0000] {logging_mixin.py:190} INFO - [2025-03-20T01:16:50.139+0000] {dag.py:3239} INFO - Sync 1 DAGs
[2025-03-20T01:16:50.181+0000] {logging_mixin.py:190} INFO - [2025-03-20T01:16:50.181+0000] {dag.py:4180} INFO - Setting next_dagrun for git_repo_dag to 2025-03-19 21:00:00+00:00, run_after=2025-03-20 21:00:00+00:00
[2025-03-20T01:16:50.299+0000] {processor.py:208} INFO - Processing /opt/airflow/dags/git_repo_dag.py took 0.273 seconds
[2025-03-20T01:17:20.803+0000] {processor.py:186} INFO - Started process (PID=283) to work on /opt/airflow/dags/git_repo_dag.py
[2025-03-20T01:17:20.805+0000] {processor.py:914} INFO - Processing file /opt/airflow/dags/git_repo_dag.py for tasks to queue
[2025-03-20T01:17:20.807+0000] {logging_mixin.py:190} INFO - [2025-03-20T01:17:20.807+0000] {dagbag.py:588} INFO - Filling up the DagBag from /opt/airflow/dags/git_repo_dag.py
[2025-03-20T01:17:20.847+0000] {processor.py:925} INFO - DAG(s) 'git_repo_dag' retrieved from /opt/airflow/dags/git_repo_dag.py
[2025-03-20T01:17:20.911+0000] {logging_mixin.py:190} INFO - [2025-03-20T01:17:20.911+0000] {dag.py:3239} INFO - Sync 1 DAGs
[2025-03-20T01:17:20.970+0000] {logging_mixin.py:190} INFO - [2025-03-20T01:17:20.969+0000] {dag.py:4180} INFO - Setting next_dagrun for git_repo_dag to 2025-03-19 21:00:00+00:00, run_after=2025-03-20 21:00:00+00:00
[2025-03-20T01:17:21.095+0000] {processor.py:208} INFO - Processing /opt/airflow/dags/git_repo_dag.py took 0.303 seconds
[2025-03-20T01:17:51.682+0000] {processor.py:186} INFO - Started process (PID=284) to work on /opt/airflow/dags/git_repo_dag.py
[2025-03-20T01:17:51.684+0000] {processor.py:914} INFO - Processing file /opt/airflow/dags/git_repo_dag.py for tasks to queue
[2025-03-20T01:17:51.687+0000] {logging_mixin.py:190} INFO - [2025-03-20T01:17:51.686+0000] {dagbag.py:588} INFO - Filling up the DagBag from /opt/airflow/dags/git_repo_dag.py
[2025-03-20T01:17:51.753+0000] {processor.py:925} INFO - DAG(s) 'git_repo_dag' retrieved from /opt/airflow/dags/git_repo_dag.py
[2025-03-20T01:17:51.818+0000] {logging_mixin.py:190} INFO - [2025-03-20T01:17:51.817+0000] {dag.py:3239} INFO - Sync 1 DAGs
[2025-03-20T01:17:51.890+0000] {logging_mixin.py:190} INFO - [2025-03-20T01:17:51.889+0000] {dag.py:4180} INFO - Setting next_dagrun for git_repo_dag to 2025-03-19 21:00:00+00:00, run_after=2025-03-20 21:00:00+00:00
[2025-03-20T01:17:52.009+0000] {processor.py:208} INFO - Processing /opt/airflow/dags/git_repo_dag.py took 0.337 seconds
[2025-03-20T01:18:01.694+0000] {processor.py:186} INFO - Started process (PID=285) to work on /opt/airflow/dags/git_repo_dag.py
[2025-03-20T01:18:01.697+0000] {processor.py:914} INFO - Processing file /opt/airflow/dags/git_repo_dag.py for tasks to queue
[2025-03-20T01:18:01.699+0000] {logging_mixin.py:190} INFO - [2025-03-20T01:18:01.699+0000] {dagbag.py:588} INFO - Filling up the DagBag from /opt/airflow/dags/git_repo_dag.py
[2025-03-20T01:18:01.790+0000] {processor.py:925} INFO - DAG(s) 'daily_commit_dag' retrieved from /opt/airflow/dags/git_repo_dag.py
[2025-03-20T01:18:02.137+0000] {logging_mixin.py:190} INFO - [2025-03-20T01:18:02.134+0000] {override.py:1912} INFO - Created Permission View: can delete on DAG:daily_commit_dag
[2025-03-20T01:18:02.197+0000] {logging_mixin.py:190} INFO - [2025-03-20T01:18:02.196+0000] {override.py:1912} INFO - Created Permission View: can edit on DAG:daily_commit_dag
[2025-03-20T01:18:02.246+0000] {logging_mixin.py:190} INFO - [2025-03-20T01:18:02.245+0000] {override.py:1912} INFO - Created Permission View: can read on DAG:daily_commit_dag
[2025-03-20T01:18:02.325+0000] {logging_mixin.py:190} INFO - [2025-03-20T01:18:02.324+0000] {override.py:1912} INFO - Created Permission View: can delete on DAG Run:daily_commit_dag
[2025-03-20T01:18:02.377+0000] {logging_mixin.py:190} INFO - [2025-03-20T01:18:02.376+0000] {override.py:1912} INFO - Created Permission View: menu access on DAG Run:daily_commit_dag
[2025-03-20T01:18:02.433+0000] {logging_mixin.py:190} INFO - [2025-03-20T01:18:02.432+0000] {override.py:1912} INFO - Created Permission View: can create on DAG Run:daily_commit_dag
[2025-03-20T01:18:02.527+0000] {logging_mixin.py:190} INFO - [2025-03-20T01:18:02.526+0000] {override.py:1912} INFO - Created Permission View: can read on DAG Run:daily_commit_dag
[2025-03-20T01:18:02.529+0000] {logging_mixin.py:190} INFO - [2025-03-20T01:18:02.528+0000] {dag.py:3239} INFO - Sync 1 DAGs
[2025-03-20T01:18:02.595+0000] {logging_mixin.py:190} INFO - [2025-03-20T01:18:02.595+0000] {dag.py:3262} INFO - Creating ORM DAG for daily_commit_dag
[2025-03-20T01:18:02.637+0000] {logging_mixin.py:190} INFO - [2025-03-20T01:18:02.636+0000] {dag.py:4180} INFO - Setting next_dagrun for daily_commit_dag to 2025-03-19 00:00:00+00:00, run_after=2025-03-20 00:00:00+00:00
[2025-03-20T01:18:02.841+0000] {processor.py:208} INFO - Processing /opt/airflow/dags/git_repo_dag.py took 1.158 seconds
[2025-03-20T01:18:33.221+0000] {processor.py:186} INFO - Started process (PID=286) to work on /opt/airflow/dags/git_repo_dag.py
[2025-03-20T01:18:33.229+0000] {processor.py:914} INFO - Processing file /opt/airflow/dags/git_repo_dag.py for tasks to queue
[2025-03-20T01:18:33.233+0000] {logging_mixin.py:190} INFO - [2025-03-20T01:18:33.232+0000] {dagbag.py:588} INFO - Filling up the DagBag from /opt/airflow/dags/git_repo_dag.py
[2025-03-20T01:18:33.319+0000] {processor.py:925} INFO - DAG(s) 'daily_commit_dag' retrieved from /opt/airflow/dags/git_repo_dag.py
[2025-03-20T01:18:33.402+0000] {logging_mixin.py:190} INFO - [2025-03-20T01:18:33.402+0000] {dag.py:3239} INFO - Sync 1 DAGs
[2025-03-20T01:18:33.469+0000] {logging_mixin.py:190} INFO - [2025-03-20T01:18:33.469+0000] {dag.py:4180} INFO - Setting next_dagrun for daily_commit_dag to 2025-03-19 00:00:00+00:00, run_after=2025-03-20 00:00:00+00:00
[2025-03-20T01:18:33.617+0000] {processor.py:208} INFO - Processing /opt/airflow/dags/git_repo_dag.py took 0.407 seconds
[2025-03-20T01:19:04.219+0000] {processor.py:186} INFO - Started process (PID=287) to work on /opt/airflow/dags/git_repo_dag.py
[2025-03-20T01:19:04.226+0000] {processor.py:914} INFO - Processing file /opt/airflow/dags/git_repo_dag.py for tasks to queue
[2025-03-20T01:19:04.229+0000] {logging_mixin.py:190} INFO - [2025-03-20T01:19:04.228+0000] {dagbag.py:588} INFO - Filling up the DagBag from /opt/airflow/dags/git_repo_dag.py
[2025-03-20T01:19:04.306+0000] {processor.py:925} INFO - DAG(s) 'daily_commit_dag' retrieved from /opt/airflow/dags/git_repo_dag.py
[2025-03-20T01:19:04.445+0000] {logging_mixin.py:190} INFO - [2025-03-20T01:19:04.445+0000] {dag.py:3239} INFO - Sync 1 DAGs
[2025-03-20T01:19:04.498+0000] {logging_mixin.py:190} INFO - [2025-03-20T01:19:04.498+0000] {dag.py:4180} INFO - Setting next_dagrun for daily_commit_dag to 2025-03-19 00:00:00+00:00, run_after=2025-03-20 00:00:00+00:00
[2025-03-20T01:19:04.672+0000] {processor.py:208} INFO - Processing /opt/airflow/dags/git_repo_dag.py took 0.464 seconds
[2025-03-20T01:19:32.465+0000] {processor.py:186} INFO - Started process (PID=288) to work on /opt/airflow/dags/git_repo_dag.py
[2025-03-20T01:19:32.467+0000] {processor.py:914} INFO - Processing file /opt/airflow/dags/git_repo_dag.py for tasks to queue
[2025-03-20T01:19:32.469+0000] {logging_mixin.py:190} INFO - [2025-03-20T01:19:32.468+0000] {dagbag.py:588} INFO - Filling up the DagBag from /opt/airflow/dags/git_repo_dag.py
[2025-03-20T01:19:32.588+0000] {processor.py:925} INFO - DAG(s) 'daily_commit_dag' retrieved from /opt/airflow/dags/git_repo_dag.py
[2025-03-20T01:19:32.651+0000] {logging_mixin.py:190} INFO - [2025-03-20T01:19:32.651+0000] {dag.py:3239} INFO - Sync 1 DAGs
[2025-03-20T01:19:32.707+0000] {logging_mixin.py:190} INFO - [2025-03-20T01:19:32.707+0000] {dag.py:4180} INFO - Setting next_dagrun for daily_commit_dag to 2025-03-19 00:00:00+00:00, run_after=2025-03-20 00:00:00+00:00
[2025-03-20T01:19:32.811+0000] {processor.py:208} INFO - Processing /opt/airflow/dags/git_repo_dag.py took 0.354 seconds
