[2025-03-20T01:10:56.890+0000] {processor.py:186} INFO - Started process (PID=239) to work on /opt/airflow/dags/welcome_dag.py
[2025-03-20T01:10:56.892+0000] {processor.py:914} INFO - Processing file /opt/airflow/dags/welcome_dag.py for tasks to queue
[2025-03-20T01:10:56.897+0000] {logging_mixin.py:190} INFO - [2025-03-20T01:10:56.896+0000] {dagbag.py:588} INFO - Filling up the DagBag from /opt/airflow/dags/welcome_dag.py
[2025-03-20T01:10:56.961+0000] {processor.py:925} INFO - DAG(s) 'welcome_dag' retrieved from /opt/airflow/dags/welcome_dag.py
[2025-03-20T01:10:57.291+0000] {logging_mixin.py:190} INFO - [2025-03-20T01:10:57.290+0000] {dag.py:3239} INFO - Sync 1 DAGs
[2025-03-20T01:10:57.330+0000] {logging_mixin.py:190} INFO - [2025-03-20T01:10:57.329+0000] {dag.py:4180} INFO - Setting next_dagrun for welcome_dag to 2025-03-19 23:00:00+00:00, run_after=2025-03-20 23:00:00+00:00
[2025-03-20T01:10:57.451+0000] {processor.py:208} INFO - Processing /opt/airflow/dags/welcome_dag.py took 0.569 seconds
[2025-03-20T01:11:31.335+0000] {processor.py:186} INFO - Started process (PID=244) to work on /opt/airflow/dags/welcome_dag.py
[2025-03-20T01:11:31.338+0000] {processor.py:914} INFO - Processing file /opt/airflow/dags/welcome_dag.py for tasks to queue
[2025-03-20T01:11:31.347+0000] {logging_mixin.py:190} INFO - [2025-03-20T01:11:31.346+0000] {dagbag.py:588} INFO - Filling up the DagBag from /opt/airflow/dags/welcome_dag.py
[2025-03-20T01:11:31.416+0000] {processor.py:925} INFO - DAG(s) 'welcome_dag' retrieved from /opt/airflow/dags/welcome_dag.py
[2025-03-20T01:11:31.479+0000] {logging_mixin.py:190} INFO - [2025-03-20T01:11:31.478+0000] {dag.py:3239} INFO - Sync 1 DAGs
[2025-03-20T01:11:31.531+0000] {logging_mixin.py:190} INFO - [2025-03-20T01:11:31.531+0000] {dag.py:4180} INFO - Setting next_dagrun for welcome_dag to 2025-03-19 23:00:00+00:00, run_after=2025-03-20 23:00:00+00:00
[2025-03-20T01:11:31.699+0000] {processor.py:208} INFO - Processing /opt/airflow/dags/welcome_dag.py took 0.382 seconds
[2025-03-20T01:12:02.288+0000] {processor.py:186} INFO - Started process (PID=248) to work on /opt/airflow/dags/welcome_dag.py
[2025-03-20T01:12:02.290+0000] {processor.py:914} INFO - Processing file /opt/airflow/dags/welcome_dag.py for tasks to queue
[2025-03-20T01:12:02.294+0000] {logging_mixin.py:190} INFO - [2025-03-20T01:12:02.293+0000] {dagbag.py:588} INFO - Filling up the DagBag from /opt/airflow/dags/welcome_dag.py
[2025-03-20T01:12:02.347+0000] {processor.py:925} INFO - DAG(s) 'welcome_dag' retrieved from /opt/airflow/dags/welcome_dag.py
[2025-03-20T01:12:02.412+0000] {logging_mixin.py:190} INFO - [2025-03-20T01:12:02.412+0000] {dag.py:3239} INFO - Sync 1 DAGs
[2025-03-20T01:12:02.465+0000] {logging_mixin.py:190} INFO - [2025-03-20T01:12:02.465+0000] {dag.py:4180} INFO - Setting next_dagrun for welcome_dag to 2025-03-19 23:00:00+00:00, run_after=2025-03-20 23:00:00+00:00
[2025-03-20T01:12:02.560+0000] {processor.py:208} INFO - Processing /opt/airflow/dags/welcome_dag.py took 0.290 seconds
[2025-03-20T01:12:33.994+0000] {processor.py:186} INFO - Started process (PID=252) to work on /opt/airflow/dags/welcome_dag.py
[2025-03-20T01:12:33.996+0000] {processor.py:914} INFO - Processing file /opt/airflow/dags/welcome_dag.py for tasks to queue
[2025-03-20T01:12:34.000+0000] {logging_mixin.py:190} INFO - [2025-03-20T01:12:34.000+0000] {dagbag.py:588} INFO - Filling up the DagBag from /opt/airflow/dags/welcome_dag.py
[2025-03-20T01:12:34.066+0000] {processor.py:925} INFO - DAG(s) 'welcome_dag' retrieved from /opt/airflow/dags/welcome_dag.py
[2025-03-20T01:12:34.136+0000] {logging_mixin.py:190} INFO - [2025-03-20T01:12:34.135+0000] {dag.py:3239} INFO - Sync 1 DAGs
[2025-03-20T01:12:34.179+0000] {logging_mixin.py:190} INFO - [2025-03-20T01:12:34.179+0000] {dag.py:4180} INFO - Setting next_dagrun for welcome_dag to 2025-03-19 23:00:00+00:00, run_after=2025-03-20 23:00:00+00:00
[2025-03-20T01:12:34.292+0000] {processor.py:208} INFO - Processing /opt/airflow/dags/welcome_dag.py took 0.310 seconds
[2025-03-20T01:13:04.582+0000] {processor.py:186} INFO - Started process (PID=256) to work on /opt/airflow/dags/welcome_dag.py
[2025-03-20T01:13:04.584+0000] {processor.py:914} INFO - Processing file /opt/airflow/dags/welcome_dag.py for tasks to queue
[2025-03-20T01:13:04.588+0000] {logging_mixin.py:190} INFO - [2025-03-20T01:13:04.587+0000] {dagbag.py:588} INFO - Filling up the DagBag from /opt/airflow/dags/welcome_dag.py
[2025-03-20T01:13:04.636+0000] {processor.py:925} INFO - DAG(s) 'welcome_dag' retrieved from /opt/airflow/dags/welcome_dag.py
[2025-03-20T01:13:04.685+0000] {logging_mixin.py:190} INFO - [2025-03-20T01:13:04.684+0000] {dag.py:3239} INFO - Sync 1 DAGs
[2025-03-20T01:13:04.726+0000] {logging_mixin.py:190} INFO - [2025-03-20T01:13:04.726+0000] {dag.py:4180} INFO - Setting next_dagrun for welcome_dag to 2025-03-19 23:00:00+00:00, run_after=2025-03-20 23:00:00+00:00
[2025-03-20T01:13:04.836+0000] {processor.py:208} INFO - Processing /opt/airflow/dags/welcome_dag.py took 0.262 seconds
[2025-03-20T01:13:35.340+0000] {processor.py:186} INFO - Started process (PID=260) to work on /opt/airflow/dags/welcome_dag.py
[2025-03-20T01:13:35.343+0000] {processor.py:914} INFO - Processing file /opt/airflow/dags/welcome_dag.py for tasks to queue
[2025-03-20T01:13:35.348+0000] {logging_mixin.py:190} INFO - [2025-03-20T01:13:35.346+0000] {dagbag.py:588} INFO - Filling up the DagBag from /opt/airflow/dags/welcome_dag.py
[2025-03-20T01:13:35.513+0000] {processor.py:925} INFO - DAG(s) 'welcome_dag' retrieved from /opt/airflow/dags/welcome_dag.py
[2025-03-20T01:13:35.701+0000] {logging_mixin.py:190} INFO - [2025-03-20T01:13:35.700+0000] {dag.py:3239} INFO - Sync 1 DAGs
[2025-03-20T01:13:35.757+0000] {logging_mixin.py:190} INFO - [2025-03-20T01:13:35.757+0000] {dag.py:4180} INFO - Setting next_dagrun for welcome_dag to 2025-03-19 23:00:00+00:00, run_after=2025-03-20 23:00:00+00:00
[2025-03-20T01:13:35.874+0000] {processor.py:208} INFO - Processing /opt/airflow/dags/welcome_dag.py took 0.544 seconds
[2025-03-20T01:14:06.947+0000] {processor.py:186} INFO - Started process (PID=264) to work on /opt/airflow/dags/welcome_dag.py
[2025-03-20T01:14:06.949+0000] {processor.py:914} INFO - Processing file /opt/airflow/dags/welcome_dag.py for tasks to queue
[2025-03-20T01:14:06.952+0000] {logging_mixin.py:190} INFO - [2025-03-20T01:14:06.951+0000] {dagbag.py:588} INFO - Filling up the DagBag from /opt/airflow/dags/welcome_dag.py
[2025-03-20T01:14:06.987+0000] {processor.py:925} INFO - DAG(s) 'welcome_dag' retrieved from /opt/airflow/dags/welcome_dag.py
[2025-03-20T01:14:07.026+0000] {logging_mixin.py:190} INFO - [2025-03-20T01:14:07.025+0000] {dag.py:3239} INFO - Sync 1 DAGs
[2025-03-20T01:14:07.062+0000] {logging_mixin.py:190} INFO - [2025-03-20T01:14:07.061+0000] {dag.py:4180} INFO - Setting next_dagrun for welcome_dag to 2025-03-19 23:00:00+00:00, run_after=2025-03-20 23:00:00+00:00
[2025-03-20T01:14:07.139+0000] {processor.py:208} INFO - Processing /opt/airflow/dags/welcome_dag.py took 0.199 seconds
[2025-03-20T01:14:38.543+0000] {processor.py:186} INFO - Started process (PID=268) to work on /opt/airflow/dags/welcome_dag.py
[2025-03-20T01:14:38.544+0000] {processor.py:914} INFO - Processing file /opt/airflow/dags/welcome_dag.py for tasks to queue
[2025-03-20T01:14:38.550+0000] {logging_mixin.py:190} INFO - [2025-03-20T01:14:38.549+0000] {dagbag.py:588} INFO - Filling up the DagBag from /opt/airflow/dags/welcome_dag.py
[2025-03-20T01:14:38.611+0000] {processor.py:925} INFO - DAG(s) 'welcome_dag' retrieved from /opt/airflow/dags/welcome_dag.py
[2025-03-20T01:14:38.684+0000] {logging_mixin.py:190} INFO - [2025-03-20T01:14:38.683+0000] {dag.py:3239} INFO - Sync 1 DAGs
[2025-03-20T01:14:38.748+0000] {logging_mixin.py:190} INFO - [2025-03-20T01:14:38.747+0000] {dag.py:4180} INFO - Setting next_dagrun for welcome_dag to 2025-03-19 23:00:00+00:00, run_after=2025-03-20 23:00:00+00:00
[2025-03-20T01:14:38.912+0000] {processor.py:208} INFO - Processing /opt/airflow/dags/welcome_dag.py took 0.380 seconds
[2025-03-20T01:15:09.273+0000] {processor.py:186} INFO - Started process (PID=272) to work on /opt/airflow/dags/welcome_dag.py
[2025-03-20T01:15:09.275+0000] {processor.py:914} INFO - Processing file /opt/airflow/dags/welcome_dag.py for tasks to queue
[2025-03-20T01:15:09.283+0000] {logging_mixin.py:190} INFO - [2025-03-20T01:15:09.281+0000] {dagbag.py:588} INFO - Filling up the DagBag from /opt/airflow/dags/welcome_dag.py
[2025-03-20T01:15:09.344+0000] {processor.py:925} INFO - DAG(s) 'welcome_dag' retrieved from /opt/airflow/dags/welcome_dag.py
[2025-03-20T01:15:09.429+0000] {logging_mixin.py:190} INFO - [2025-03-20T01:15:09.428+0000] {dag.py:3239} INFO - Sync 1 DAGs
[2025-03-20T01:15:09.516+0000] {logging_mixin.py:190} INFO - [2025-03-20T01:15:09.515+0000] {dag.py:4180} INFO - Setting next_dagrun for welcome_dag to 2025-03-19 23:00:00+00:00, run_after=2025-03-20 23:00:00+00:00
[2025-03-20T01:15:09.646+0000] {processor.py:208} INFO - Processing /opt/airflow/dags/welcome_dag.py took 0.383 seconds
